                 column               signif   ic regression           adf-pvalue kpss-pvalue            pp-pvalue
0            CS-Aaa-3MO             0.010000  BIC          n             0.011487        None             0.004310
1            CS-Aaa-3MO             0.050000  BIC          n             0.011487        None             0.004310
2             CS-Aa-3MO             0.010000  BIC          n             0.001192        None             0.001018
3             CS-Aa-3MO             0.050000  BIC          n             0.001192        None             0.001018
4              CS-A-3MO             0.010000  BIC          n             0.000487        None             0.000392
5              CS-A-3MO             0.050000  BIC          n             0.000487        None             0.000392
6            CS-Baa-3MO             0.010000  BIC          n             0.000013        None             0.000566
7            CS-Baa-3MO             0.050000  BIC          n             0.000013        None             0.000566
8            CS-Aaa-1YR             0.010000  BIC          n             0.007475        None             0.003386
9            CS-Aaa-1YR             0.050000  BIC          n             0.007475        None             0.003386
10            CS-Aa-1YR             0.010000  BIC          n             0.000391        None             0.000463
11            CS-Aa-1YR             0.050000  BIC          n             0.000391        None             0.000463
12             CS-A-1YR             0.010000  BIC          n             0.000142        None             0.000155
13             CS-A-1YR             0.050000  BIC          n             0.000142        None             0.000155
14           CS-Baa-1YR             0.010000  BIC          n             0.000004        None             0.000415
15           CS-Baa-1YR             0.050000  BIC          n             0.000004        None             0.000415
16           CS-Aaa-5YR             0.010000  BIC          n             0.001777        None             0.002890
17           CS-Aaa-5YR             0.050000  BIC          n             0.001777        None             0.002890
18            CS-Aa-5YR             0.010000  BIC          n             0.000925        None             0.001834
19            CS-Aa-5YR             0.050000  BIC          n             0.000925        None             0.001834
20             CS-A-5YR             0.010000  BIC          n             0.001164        None             0.002140
21             CS-A-5YR             0.050000  BIC          n             0.001164        None             0.002140
22           CS-Baa-5YR             0.010000  BIC          n             0.000105        None             0.002066
23           CS-Baa-5YR             0.050000  BIC          n             0.000105        None             0.002066
24       CS-DCF-Aaa-3MO             0.010000  BIC          n             0.978749        None             0.991251
25       CS-DCF-Aaa-3MO             0.050000  BIC          n             0.978749        None             0.991251
26        CS-DCF-Aa-3MO             0.010000  BIC          n             0.997550        None             0.996425
27        CS-DCF-Aa-3MO             0.050000  BIC          n             0.997550        None             0.996425
28         CS-DCF-A-3MO             0.010000  BIC          n             0.999033        None             0.997931
29         CS-DCF-A-3MO             0.050000  BIC          n             0.999033        None             0.997931
30       CS-DCF-Baa-3MO             0.010000  BIC          n             0.999864        None             0.992942
31       CS-DCF-Baa-3MO             0.050000  BIC          n             0.999864        None             0.992942
32       CS-DCF-Aaa-1YR             0.010000  BIC          n             0.981112        None             0.989564
33       CS-DCF-Aaa-1YR             0.050000  BIC          n             0.981112        None             0.989564
34        CS-DCF-Aa-1YR             0.010000  BIC          n             0.998556        None             0.996657
35        CS-DCF-Aa-1YR             0.050000  BIC          n             0.998556        None             0.996657
36         CS-DCF-A-1YR             0.010000  BIC          n             0.999528        None             0.998207
37         CS-DCF-A-1YR             0.050000  BIC          n             0.999528        None             0.998207
38       CS-DCF-Baa-1YR             0.010000  BIC          n             0.999890        None             0.991893
39       CS-DCF-Baa-1YR             0.050000  BIC          n             0.999890        None             0.991893
40       CS-DCF-Aaa-5YR             0.010000  BIC          n             0.940337        None             0.925636
41       CS-DCF-Aaa-5YR             0.050000  BIC          n             0.940337        None             0.925636
42        CS-DCF-Aa-5YR             0.010000  BIC          n             0.947888        None             0.924991
43        CS-DCF-Aa-5YR             0.050000  BIC          n             0.947888        None             0.924991
44         CS-DCF-A-5YR             0.010000  BIC          n             0.965867        None             0.945325
45         CS-DCF-A-5YR             0.050000  BIC          n             0.965867        None             0.945325
46       CS-DCF-Baa-5YR             0.010000  BIC          n             0.979835        None             0.930403
47       CS-DCF-Baa-5YR             0.050000  BIC          n             0.979835        None             0.930403
48      CS-Aaa-3MO-diff             0.010000  BIC          n             0.000000        None             0.000000
49      CS-Aaa-3MO-diff             0.050000  BIC          n             0.000000        None             0.000000
50       CS-Aa-3MO-diff             0.010000  BIC          n             0.000000        None             0.000000
51       CS-Aa-3MO-diff             0.050000  BIC          n             0.000000        None             0.000000
52        CS-A-3MO-diff             0.010000  BIC          n             0.000000        None             0.000000
53        CS-A-3MO-diff             0.050000  BIC          n             0.000000        None             0.000000
54      CS-Baa-3MO-diff             0.010000  BIC          n             0.000009        None             0.000000
55      CS-Baa-3MO-diff             0.050000  BIC          n             0.000009        None             0.000000
56      CS-Aaa-1YR-diff             0.010000  BIC          n             0.000000        None             0.000000
57      CS-Aaa-1YR-diff             0.050000  BIC          n             0.000000        None             0.000000
58       CS-Aa-1YR-diff             0.010000  BIC          n             0.000000        None             0.000000
59       CS-Aa-1YR-diff             0.050000  BIC          n             0.000000        None             0.000000
60        CS-A-1YR-diff             0.010000  BIC          n             0.000000        None             0.000000
61        CS-A-1YR-diff             0.050000  BIC          n             0.000000        None             0.000000
62      CS-Baa-1YR-diff             0.010000  BIC          n             0.000000        None             0.000000
63      CS-Baa-1YR-diff             0.050000  BIC          n             0.000000        None             0.000000
64      CS-Aaa-5YR-diff             0.010000  BIC          n             0.000000        None             0.000000
65      CS-Aaa-5YR-diff             0.050000  BIC          n             0.000000        None             0.000000
66       CS-Aa-5YR-diff             0.010000  BIC          n             0.000000        None             0.000000
67       CS-Aa-5YR-diff             0.050000  BIC          n             0.000000        None             0.000000
68        CS-A-5YR-diff             0.010000  BIC          n             0.000000        None             0.000000
69        CS-A-5YR-diff             0.050000  BIC          n             0.000000        None             0.000000
70      CS-Baa-5YR-diff             0.010000  BIC          n             0.000000        None             0.000000
71      CS-Baa-5YR-diff             0.050000  BIC          n             0.000000        None             0.000000
72  CS-DCF-Aaa-3MO-diff             0.010000  BIC          n             0.000000        None             0.000000
73  CS-DCF-Aaa-3MO-diff             0.050000  BIC          n             0.000000        None             0.000000
74   CS-DCF-Aa-3MO-diff             0.010000  BIC          n             0.000000        None             0.000000
75   CS-DCF-Aa-3MO-diff             0.050000  BIC          n             0.000000        None             0.000000
76    CS-DCF-A-3MO-diff             0.010000  BIC          n             0.000000        None             0.000000
77    CS-DCF-A-3MO-diff             0.050000  BIC          n             0.000000        None             0.000000
78  CS-DCF-Baa-3MO-diff             0.010000  BIC          n             0.000009        None             0.000000
79  CS-DCF-Baa-3MO-diff             0.050000  BIC          n             0.000009        None             0.000000
80  CS-DCF-Aaa-1YR-diff             0.010000  BIC          n             0.000000        None             0.000000
81  CS-DCF-Aaa-1YR-diff             0.050000  BIC          n             0.000000        None             0.000000
82   CS-DCF-Aa-1YR-diff             0.010000  BIC          n             0.000000        None             0.000000
83   CS-DCF-Aa-1YR-diff             0.050000  BIC          n             0.000000        None             0.000000
84    CS-DCF-A-1YR-diff             0.010000  BIC          n             0.000000        None             0.000000
85    CS-DCF-A-1YR-diff             0.050000  BIC          n             0.000000        None             0.000000
86  CS-DCF-Baa-1YR-diff             0.010000  BIC          n             0.000000        None             0.000000
87  CS-DCF-Baa-1YR-diff             0.050000  BIC          n             0.000000        None             0.000000
88  CS-DCF-Aaa-5YR-diff             0.010000  BIC          n             0.000000        None             0.000000
89  CS-DCF-Aaa-5YR-diff             0.050000  BIC          n             0.000000        None             0.000000
90   CS-DCF-Aa-5YR-diff             0.010000  BIC          n             0.000000        None             0.000000
91   CS-DCF-Aa-5YR-diff             0.050000  BIC          n             0.000000        None             0.000000
92    CS-DCF-A-5YR-diff             0.010000  BIC          n             0.000000        None             0.000000
93    CS-DCF-A-5YR-diff             0.050000  BIC          n             0.000000        None             0.000000
94  CS-DCF-Baa-5YR-diff             0.010000  BIC          n             0.000000        None             0.000000
95  CS-DCF-Baa-5YR-diff             0.050000  BIC          n             0.000000        None             0.000000
                 column               signif   ic regression           adf-pvalue kpss-pvalue            pp-pvalue
0            CS-Aaa-3MO             0.010000  BIC          n             0.011487        None             0.004310
1            CS-Aaa-3MO             0.050000  BIC          n             0.011487        None             0.004310
2             CS-Aa-3MO             0.010000  BIC          n             0.001192        None             0.001018
3             CS-Aa-3MO             0.050000  BIC          n             0.001192        None             0.001018
4              CS-A-3MO             0.010000  BIC          n             0.000487        None             0.000392
5              CS-A-3MO             0.050000  BIC          n             0.000487        None             0.000392
6            CS-Baa-3MO             0.010000  BIC          n             0.000013        None             0.000566
7            CS-Baa-3MO             0.050000  BIC          n             0.000013        None             0.000566
8            CS-Aaa-1YR             0.010000  BIC          n             0.007475        None             0.003386
9            CS-Aaa-1YR             0.050000  BIC          n             0.007475        None             0.003386
10            CS-Aa-1YR             0.010000  BIC          n             0.000391        None             0.000463
11            CS-Aa-1YR             0.050000  BIC          n             0.000391        None             0.000463
12             CS-A-1YR             0.010000  BIC          n             0.000142        None             0.000155
13             CS-A-1YR             0.050000  BIC          n             0.000142        None             0.000155
14           CS-Baa-1YR             0.010000  BIC          n             0.000004        None             0.000415
15           CS-Baa-1YR             0.050000  BIC          n             0.000004        None             0.000415
16           CS-Aaa-5YR             0.010000  BIC          n             0.001777        None             0.002890
17           CS-Aaa-5YR             0.050000  BIC          n             0.001777        None             0.002890
18            CS-Aa-5YR             0.010000  BIC          n             0.000925        None             0.001834
19            CS-Aa-5YR             0.050000  BIC          n             0.000925        None             0.001834
20             CS-A-5YR             0.010000  BIC          n             0.001164        None             0.002140
21             CS-A-5YR             0.050000  BIC          n             0.001164        None             0.002140
22           CS-Baa-5YR             0.010000  BIC          n             0.000105        None             0.002066
23           CS-Baa-5YR             0.050000  BIC          n             0.000105        None             0.002066
24       CS-DCF-Aaa-3MO             0.010000  BIC          n             0.978749        None             0.991251
25       CS-DCF-Aaa-3MO             0.050000  BIC          n             0.978749        None             0.991251
26        CS-DCF-Aa-3MO             0.010000  BIC          n             0.997550        None             0.996425
27        CS-DCF-Aa-3MO             0.050000  BIC          n             0.997550        None             0.996425
28         CS-DCF-A-3MO             0.010000  BIC          n             0.999033        None             0.997931
29         CS-DCF-A-3MO             0.050000  BIC          n             0.999033        None             0.997931
30       CS-DCF-Baa-3MO             0.010000  BIC          n             0.999864        None             0.992942
31       CS-DCF-Baa-3MO             0.050000  BIC          n             0.999864        None             0.992942
32       CS-DCF-Aaa-1YR             0.010000  BIC          n             0.981112        None             0.989564
33       CS-DCF-Aaa-1YR             0.050000  BIC          n             0.981112        None             0.989564
34        CS-DCF-Aa-1YR             0.010000  BIC          n             0.998556        None             0.996657
35        CS-DCF-Aa-1YR             0.050000  BIC          n             0.998556        None             0.996657
36         CS-DCF-A-1YR             0.010000  BIC          n             0.999528        None             0.998207
37         CS-DCF-A-1YR             0.050000  BIC          n             0.999528        None             0.998207
38       CS-DCF-Baa-1YR             0.010000  BIC          n             0.999890        None             0.991893
39       CS-DCF-Baa-1YR             0.050000  BIC          n             0.999890        None             0.991893
40       CS-DCF-Aaa-5YR             0.010000  BIC          n             0.940337        None             0.925636
41       CS-DCF-Aaa-5YR             0.050000  BIC          n             0.940337        None             0.925636
42        CS-DCF-Aa-5YR             0.010000  BIC          n             0.947888        None             0.924991
43        CS-DCF-Aa-5YR             0.050000  BIC          n             0.947888        None             0.924991
44         CS-DCF-A-5YR             0.010000  BIC          n             0.965867        None             0.945325
45         CS-DCF-A-5YR             0.050000  BIC          n             0.965867        None             0.945325
46       CS-DCF-Baa-5YR             0.010000  BIC          n             0.979835        None             0.930403
47       CS-DCF-Baa-5YR             0.050000  BIC          n             0.979835        None             0.930403
48      CS-Aaa-3MO-diff             0.010000  BIC          n             0.000000        None             0.000000
49      CS-Aaa-3MO-diff             0.050000  BIC          n             0.000000        None             0.000000
50       CS-Aa-3MO-diff             0.010000  BIC          n             0.000000        None             0.000000
51       CS-Aa-3MO-diff             0.050000  BIC          n             0.000000        None             0.000000
52        CS-A-3MO-diff             0.010000  BIC          n             0.000000        None             0.000000
53        CS-A-3MO-diff             0.050000  BIC          n             0.000000        None             0.000000
54      CS-Baa-3MO-diff             0.010000  BIC          n             0.000009        None             0.000000
55      CS-Baa-3MO-diff             0.050000  BIC          n             0.000009        None             0.000000
56      CS-Aaa-1YR-diff             0.010000  BIC          n             0.000000        None             0.000000
57      CS-Aaa-1YR-diff             0.050000  BIC          n             0.000000        None             0.000000
58       CS-Aa-1YR-diff             0.010000  BIC          n             0.000000        None             0.000000
59       CS-Aa-1YR-diff             0.050000  BIC          n             0.000000        None             0.000000
60        CS-A-1YR-diff             0.010000  BIC          n             0.000000        None             0.000000
61        CS-A-1YR-diff             0.050000  BIC          n             0.000000        None             0.000000
62      CS-Baa-1YR-diff             0.010000  BIC          n             0.000000        None             0.000000
63      CS-Baa-1YR-diff             0.050000  BIC          n             0.000000        None             0.000000
64      CS-Aaa-5YR-diff             0.010000  BIC          n             0.000000        None             0.000000
65      CS-Aaa-5YR-diff             0.050000  BIC          n             0.000000        None             0.000000
66       CS-Aa-5YR-diff             0.010000  BIC          n             0.000000        None             0.000000
67       CS-Aa-5YR-diff             0.050000  BIC          n             0.000000        None             0.000000
68        CS-A-5YR-diff             0.010000  BIC          n             0.000000        None             0.000000
69        CS-A-5YR-diff             0.050000  BIC          n             0.000000        None             0.000000
70      CS-Baa-5YR-diff             0.010000  BIC          n             0.000000        None             0.000000
71      CS-Baa-5YR-diff             0.050000  BIC          n             0.000000        None             0.000000
72  CS-DCF-Aaa-3MO-diff             0.010000  BIC          n             0.000000        None             0.000000
73  CS-DCF-Aaa-3MO-diff             0.050000  BIC          n             0.000000        None             0.000000
74   CS-DCF-Aa-3MO-diff             0.010000  BIC          n             0.000000        None             0.000000
75   CS-DCF-Aa-3MO-diff             0.050000  BIC          n             0.000000        None             0.000000
76    CS-DCF-A-3MO-diff             0.010000  BIC          n             0.000000        None             0.000000
77    CS-DCF-A-3MO-diff             0.050000  BIC          n             0.000000        None             0.000000
78  CS-DCF-Baa-3MO-diff             0.010000  BIC          n             0.000009        None             0.000000
79  CS-DCF-Baa-3MO-diff             0.050000  BIC          n             0.000009        None             0.000000
80  CS-DCF-Aaa-1YR-diff             0.010000  BIC          n             0.000000        None             0.000000
81  CS-DCF-Aaa-1YR-diff             0.050000  BIC          n             0.000000        None             0.000000
82   CS-DCF-Aa-1YR-diff             0.010000  BIC          n             0.000000        None             0.000000
83   CS-DCF-Aa-1YR-diff             0.050000  BIC          n             0.000000        None             0.000000
84    CS-DCF-A-1YR-diff             0.010000  BIC          n             0.000000        None             0.000000
85    CS-DCF-A-1YR-diff             0.050000  BIC          n             0.000000        None             0.000000
86  CS-DCF-Baa-1YR-diff             0.010000  BIC          n             0.000000        None             0.000000
87  CS-DCF-Baa-1YR-diff             0.050000  BIC          n             0.000000        None             0.000000
88  CS-DCF-Aaa-5YR-diff             0.010000  BIC          n             0.000000        None             0.000000
89  CS-DCF-Aaa-5YR-diff             0.050000  BIC          n             0.000000        None             0.000000
90   CS-DCF-Aa-5YR-diff             0.010000  BIC          n             0.000000        None             0.000000
91   CS-DCF-Aa-5YR-diff             0.050000  BIC          n             0.000000        None             0.000000
92    CS-DCF-A-5YR-diff             0.010000  BIC          n             0.000000        None             0.000000
93    CS-DCF-A-5YR-diff             0.050000  BIC          n             0.000000        None             0.000000
94  CS-DCF-Baa-5YR-diff             0.010000  BIC          n             0.000000        None             0.000000
95  CS-DCF-Baa-5YR-diff             0.050000  BIC          n             0.000000        None             0.000000
