                  column               signif   ic regression           adf-pvalue          kpss-pvalue
0             CS-Aaa-3MO             0.010000  BIC         ct             0.055356             0.083618
1             CS-Aaa-3MO             0.050000  BIC         ct             0.055356             0.083618
2             CS-Aaa-3MO             0.010000  BIC          c             0.059995             0.013525
3             CS-Aaa-3MO             0.050000  BIC          c             0.059995             0.013525
4              CS-Aa-3MO             0.010000  BIC         ct             0.101705             0.051889
5              CS-Aa-3MO             0.050000  BIC         ct             0.101705             0.051889
6              CS-Aa-3MO             0.010000  BIC          c             0.105538             0.010000
7              CS-Aa-3MO             0.050000  BIC          c             0.105538             0.010000
8               CS-A-3MO             0.010000  BIC         ct             0.083414             0.043495
9               CS-A-3MO             0.050000  BIC         ct             0.083414             0.043495
10              CS-A-3MO             0.010000  BIC          c             0.078786             0.010000
11              CS-A-3MO             0.050000  BIC          c             0.078786             0.010000
12            CS-Baa-3MO             0.010000  BIC         ct             0.001525             0.065826
13            CS-Baa-3MO             0.050000  BIC         ct             0.001525             0.065826
14            CS-Baa-3MO             0.010000  BIC          c             0.000501             0.010000
15            CS-Baa-3MO             0.050000  BIC          c             0.000501             0.010000
16            CS-Aaa-1YR             0.010000  BIC         ct             0.584408             0.099655
17            CS-Aaa-1YR             0.050000  BIC         ct             0.584408             0.099655
18            CS-Aaa-1YR             0.010000  BIC          c             0.038176             0.010000
19            CS-Aaa-1YR             0.050000  BIC          c             0.038176             0.010000
20             CS-Aa-1YR             0.010000  BIC         ct             0.038078             0.071938
21             CS-Aa-1YR             0.050000  BIC         ct             0.038078             0.071938
22             CS-Aa-1YR             0.010000  BIC          c             0.049194             0.010000
23             CS-Aa-1YR             0.050000  BIC          c             0.049194             0.010000
24              CS-A-1YR             0.010000  BIC         ct             0.034075             0.049580
25              CS-A-1YR             0.050000  BIC         ct             0.034075             0.049580
26              CS-A-1YR             0.010000  BIC          c             0.034726             0.010000
27              CS-A-1YR             0.050000  BIC          c             0.034726             0.010000
28            CS-Baa-1YR             0.010000  BIC         ct             0.000250             0.081901
29            CS-Baa-1YR             0.050000  BIC         ct             0.000250             0.081901
30            CS-Baa-1YR             0.010000  BIC          c             0.000097             0.010000
31            CS-Baa-1YR             0.050000  BIC          c             0.000097             0.010000
32            CS-Aaa-5YR             0.010000  BIC         ct             0.000004             0.100000
33            CS-Aaa-5YR             0.050000  BIC         ct             0.000004             0.100000
34            CS-Aaa-5YR             0.010000  BIC          c             0.000000             0.021904
35            CS-Aaa-5YR             0.050000  BIC          c             0.000000             0.021904
36             CS-Aa-5YR             0.010000  BIC         ct             0.005059             0.082708
37             CS-Aa-5YR             0.050000  BIC         ct             0.005059             0.082708
38             CS-Aa-5YR             0.010000  BIC          c             0.000290             0.010000
39             CS-Aa-5YR             0.050000  BIC          c             0.000290             0.010000
40              CS-A-5YR             0.010000  BIC         ct             0.008664             0.054044
41              CS-A-5YR             0.050000  BIC         ct             0.008664             0.054044
42              CS-A-5YR             0.010000  BIC          c             0.000834             0.010000
43              CS-A-5YR             0.050000  BIC          c             0.000834             0.010000
44            CS-Baa-5YR             0.010000  BIC         ct             0.000214             0.100000
45            CS-Baa-5YR             0.050000  BIC         ct             0.000214             0.100000
46            CS-Baa-5YR             0.010000  BIC          c             0.000003             0.010000
47            CS-Baa-5YR             0.050000  BIC          c             0.000003             0.010000
48        CS-DCF-Aaa-3MO             0.010000  BIC         ct             0.066722             0.083976
49        CS-DCF-Aaa-3MO             0.050000  BIC         ct             0.066722             0.083976
50        CS-DCF-Aaa-3MO             0.010000  BIC          c             0.071356             0.013513
51        CS-DCF-Aaa-3MO             0.050000  BIC          c             0.071356             0.013513
52         CS-DCF-Aa-3MO             0.010000  BIC         ct             0.113318             0.054115
53         CS-DCF-Aa-3MO             0.050000  BIC         ct             0.113318             0.054115
54         CS-DCF-Aa-3MO             0.010000  BIC          c             0.124269             0.010000
55         CS-DCF-Aa-3MO             0.050000  BIC          c             0.124269             0.010000
56          CS-DCF-A-3MO             0.010000  BIC         ct             0.093526             0.044731
57          CS-DCF-A-3MO             0.050000  BIC         ct             0.093526             0.044731
58          CS-DCF-A-3MO             0.010000  BIC          c             0.096806             0.010000
59          CS-DCF-A-3MO             0.050000  BIC          c             0.096806             0.010000
60        CS-DCF-Baa-3MO             0.010000  BIC         ct             0.002383             0.068289
61        CS-DCF-Baa-3MO             0.050000  BIC         ct             0.002383             0.068289
62        CS-DCF-Baa-3MO             0.010000  BIC          c             0.000977             0.010000
63        CS-DCF-Baa-3MO             0.050000  BIC          c             0.000977             0.010000
64        CS-DCF-Aaa-1YR             0.010000  BIC         ct             0.590761             0.099483
65        CS-DCF-Aaa-1YR             0.050000  BIC         ct             0.590761             0.099483
66        CS-DCF-Aaa-1YR             0.010000  BIC          c             0.050760             0.010000
67        CS-DCF-Aaa-1YR             0.050000  BIC          c             0.050760             0.010000
68         CS-DCF-Aa-1YR             0.010000  BIC         ct             0.046993             0.076179
69         CS-DCF-Aa-1YR             0.050000  BIC         ct             0.046993             0.076179
70         CS-DCF-Aa-1YR             0.010000  BIC          c             0.067038             0.010000
71         CS-DCF-Aa-1YR             0.050000  BIC          c             0.067038             0.010000
72          CS-DCF-A-1YR             0.010000  BIC         ct             0.041770             0.054587
73          CS-DCF-A-1YR             0.050000  BIC         ct             0.041770             0.054587
74          CS-DCF-A-1YR             0.010000  BIC          c             0.051119             0.010000
75          CS-DCF-A-1YR             0.050000  BIC          c             0.051119             0.010000
76        CS-DCF-Baa-1YR             0.010000  BIC         ct             0.000589             0.086824
77        CS-DCF-Baa-1YR             0.050000  BIC         ct             0.000589             0.086824
78        CS-DCF-Baa-1YR             0.010000  BIC          c             0.000327             0.010000
79        CS-DCF-Baa-1YR             0.050000  BIC          c             0.000327             0.010000
80        CS-DCF-Aaa-5YR             0.010000  BIC         ct             0.000008             0.100000
81        CS-DCF-Aaa-5YR             0.050000  BIC         ct             0.000008             0.100000
82        CS-DCF-Aaa-5YR             0.010000  BIC          c             0.000000             0.021188
83        CS-DCF-Aaa-5YR             0.050000  BIC          c             0.000000             0.021188
84         CS-DCF-Aa-5YR             0.010000  BIC         ct             0.007603             0.088466
85         CS-DCF-Aa-5YR             0.050000  BIC         ct             0.007603             0.088466
86         CS-DCF-Aa-5YR             0.010000  BIC          c             0.000532             0.010000
87         CS-DCF-Aa-5YR             0.050000  BIC          c             0.000532             0.010000
88          CS-DCF-A-5YR             0.010000  BIC         ct             0.012739             0.061769
89          CS-DCF-A-5YR             0.050000  BIC         ct             0.012739             0.061769
90          CS-DCF-A-5YR             0.010000  BIC          c             0.001652             0.010000
91          CS-DCF-A-5YR             0.050000  BIC          c             0.001652             0.010000
92        CS-DCF-Baa-5YR             0.010000  BIC         ct             0.001009             0.100000
93        CS-DCF-Baa-5YR             0.050000  BIC         ct             0.001009             0.100000
94        CS-DCF-Baa-5YR             0.010000  BIC          c             0.000032             0.010000
95        CS-DCF-Baa-5YR             0.050000  BIC          c             0.000032             0.010000
96       CS-Aaa-3MO-diff             0.010000  BIC         ct             0.000000             0.048235
97       CS-Aaa-3MO-diff             0.050000  BIC         ct             0.000000             0.048235
98       CS-Aaa-3MO-diff             0.010000  BIC          c             0.000000             0.100000
99       CS-Aaa-3MO-diff             0.050000  BIC          c             0.000000             0.100000
100       CS-Aa-3MO-diff             0.010000  BIC         ct             0.000000             0.048235
101       CS-Aa-3MO-diff             0.050000  BIC         ct             0.000000             0.048235
102       CS-Aa-3MO-diff             0.010000  BIC          c             0.000000             0.100000
103       CS-Aa-3MO-diff             0.050000  BIC          c             0.000000             0.100000
104        CS-A-3MO-diff             0.010000  BIC         ct             0.000000             0.030926
105        CS-A-3MO-diff             0.050000  BIC         ct             0.000000             0.030926
106        CS-A-3MO-diff             0.010000  BIC          c             0.000000             0.100000
107        CS-A-3MO-diff             0.050000  BIC          c             0.000000             0.100000
108      CS-Baa-3MO-diff             0.010000  BIC         ct             0.000319             0.033266
109      CS-Baa-3MO-diff             0.050000  BIC         ct             0.000319             0.033266
110      CS-Baa-3MO-diff             0.010000  BIC          c             0.000055             0.100000
111      CS-Baa-3MO-diff             0.050000  BIC          c             0.000055             0.100000
112      CS-Aaa-1YR-diff             0.010000  BIC         ct             0.000000             0.078253
113      CS-Aaa-1YR-diff             0.050000  BIC         ct             0.000000             0.078253
114      CS-Aaa-1YR-diff             0.010000  BIC          c             0.000000             0.100000
115      CS-Aaa-1YR-diff             0.050000  BIC          c             0.000000             0.100000
116       CS-Aa-1YR-diff             0.010000  BIC         ct             0.000000             0.078253
117       CS-Aa-1YR-diff             0.050000  BIC         ct             0.000000             0.078253
118       CS-Aa-1YR-diff             0.010000  BIC          c             0.000000             0.100000
119       CS-Aa-1YR-diff             0.050000  BIC          c             0.000000             0.100000
120        CS-A-1YR-diff             0.010000  BIC         ct             0.000000             0.041785
121        CS-A-1YR-diff             0.050000  BIC         ct             0.000000             0.041785
122        CS-A-1YR-diff             0.010000  BIC          c             0.000000             0.100000
123        CS-A-1YR-diff             0.050000  BIC          c             0.000000             0.100000
124      CS-Baa-1YR-diff             0.010000  BIC         ct             0.000000             0.040707
125      CS-Baa-1YR-diff             0.050000  BIC         ct             0.000000             0.040707
126      CS-Baa-1YR-diff             0.010000  BIC          c             0.000000             0.100000
127      CS-Baa-1YR-diff             0.050000  BIC          c             0.000000             0.100000
128      CS-Aaa-5YR-diff             0.010000  BIC         ct             0.000000             0.100000
129      CS-Aaa-5YR-diff             0.050000  BIC         ct             0.000000             0.100000
130      CS-Aaa-5YR-diff             0.010000  BIC          c             0.000000             0.100000
131      CS-Aaa-5YR-diff             0.050000  BIC          c             0.000000             0.100000
132       CS-Aa-5YR-diff             0.010000  BIC         ct             0.000000             0.100000
133       CS-Aa-5YR-diff             0.050000  BIC         ct             0.000000             0.100000
134       CS-Aa-5YR-diff             0.010000  BIC          c             0.000000             0.100000
135       CS-Aa-5YR-diff             0.050000  BIC          c             0.000000             0.100000
136        CS-A-5YR-diff             0.010000  BIC         ct             0.000000             0.100000
137        CS-A-5YR-diff             0.050000  BIC         ct             0.000000             0.100000
138        CS-A-5YR-diff             0.010000  BIC          c             0.000000             0.100000
139        CS-A-5YR-diff             0.050000  BIC          c             0.000000             0.100000
140      CS-Baa-5YR-diff             0.010000  BIC         ct             0.000000             0.098619
141      CS-Baa-5YR-diff             0.050000  BIC         ct             0.000000             0.098619
142      CS-Baa-5YR-diff             0.010000  BIC          c             0.000000             0.100000
143      CS-Baa-5YR-diff             0.050000  BIC          c             0.000000             0.100000
144  CS-DCF-Aaa-3MO-diff             0.010000  BIC         ct             0.000000             0.049469
145  CS-DCF-Aaa-3MO-diff             0.050000  BIC         ct             0.000000             0.049469
146  CS-DCF-Aaa-3MO-diff             0.010000  BIC          c             0.000000             0.100000
147  CS-DCF-Aaa-3MO-diff             0.050000  BIC          c             0.000000             0.100000
148   CS-DCF-Aa-3MO-diff             0.010000  BIC         ct             0.000000             0.048344
149   CS-DCF-Aa-3MO-diff             0.050000  BIC         ct             0.000000             0.048344
150   CS-DCF-Aa-3MO-diff             0.010000  BIC          c             0.000000             0.100000
151   CS-DCF-Aa-3MO-diff             0.050000  BIC          c             0.000000             0.100000
152    CS-DCF-A-3MO-diff             0.010000  BIC         ct             0.000000             0.031077
153    CS-DCF-A-3MO-diff             0.050000  BIC         ct             0.000000             0.031077
154    CS-DCF-A-3MO-diff             0.010000  BIC          c             0.000000             0.100000
155    CS-DCF-A-3MO-diff             0.050000  BIC          c             0.000000             0.100000
156  CS-DCF-Baa-3MO-diff             0.010000  BIC         ct             0.000292             0.033349
157  CS-DCF-Baa-3MO-diff             0.050000  BIC         ct             0.000292             0.033349
158  CS-DCF-Baa-3MO-diff             0.010000  BIC          c             0.000050             0.100000
159  CS-DCF-Baa-3MO-diff             0.050000  BIC          c             0.000050             0.100000
160  CS-DCF-Aaa-1YR-diff             0.010000  BIC         ct             0.000000             0.086033
161  CS-DCF-Aaa-1YR-diff             0.050000  BIC         ct             0.000000             0.086033
162  CS-DCF-Aaa-1YR-diff             0.010000  BIC          c             0.000000             0.100000
163  CS-DCF-Aaa-1YR-diff             0.050000  BIC          c             0.000000             0.100000
164   CS-DCF-Aa-1YR-diff             0.010000  BIC         ct             0.000000             0.080065
165   CS-DCF-Aa-1YR-diff             0.050000  BIC         ct             0.000000             0.080065
166   CS-DCF-Aa-1YR-diff             0.010000  BIC          c             0.000000             0.100000
167   CS-DCF-Aa-1YR-diff             0.050000  BIC          c             0.000000             0.100000
168    CS-DCF-A-1YR-diff             0.010000  BIC         ct             0.000000             0.042599
169    CS-DCF-A-1YR-diff             0.050000  BIC         ct             0.000000             0.042599
170    CS-DCF-A-1YR-diff             0.010000  BIC          c             0.000000             0.100000
171    CS-DCF-A-1YR-diff             0.050000  BIC          c             0.000000             0.100000
172  CS-DCF-Baa-1YR-diff             0.010000  BIC         ct             0.000000             0.041406
173  CS-DCF-Baa-1YR-diff             0.050000  BIC         ct             0.000000             0.041406
174  CS-DCF-Baa-1YR-diff             0.010000  BIC          c             0.000000             0.100000
175  CS-DCF-Baa-1YR-diff             0.050000  BIC          c             0.000000             0.100000
176  CS-DCF-Aaa-5YR-diff             0.010000  BIC         ct             0.000000             0.100000
177  CS-DCF-Aaa-5YR-diff             0.050000  BIC         ct             0.000000             0.100000
178  CS-DCF-Aaa-5YR-diff             0.010000  BIC          c             0.000000             0.100000
179  CS-DCF-Aaa-5YR-diff             0.050000  BIC          c             0.000000             0.100000
180   CS-DCF-Aa-5YR-diff             0.010000  BIC         ct             0.000000             0.100000
181   CS-DCF-Aa-5YR-diff             0.050000  BIC         ct             0.000000             0.100000
182   CS-DCF-Aa-5YR-diff             0.010000  BIC          c             0.000000             0.100000
183   CS-DCF-Aa-5YR-diff             0.050000  BIC          c             0.000000             0.100000
184    CS-DCF-A-5YR-diff             0.010000  BIC         ct             0.000000             0.100000
185    CS-DCF-A-5YR-diff             0.050000  BIC         ct             0.000000             0.100000
186    CS-DCF-A-5YR-diff             0.010000  BIC          c             0.000000             0.100000
187    CS-DCF-A-5YR-diff             0.050000  BIC          c             0.000000             0.100000
188  CS-DCF-Baa-5YR-diff             0.010000  BIC         ct             0.000000             0.100000
189  CS-DCF-Baa-5YR-diff             0.050000  BIC         ct             0.000000             0.100000
190  CS-DCF-Baa-5YR-diff             0.010000  BIC          c             0.000000             0.100000
191  CS-DCF-Baa-5YR-diff             0.050000  BIC          c             0.000000             0.100000
