                                     count                 mean                  std                  min                  25%                  50%                  75%                  max
Corp-Aaa_Corp                   355.000000             5.061441             1.980965             1.822678             3.185932             5.080050             6.767843             9.819380
Corp-Aa_Corp                    355.000000             5.059000             2.127372             1.776138             3.066757             5.278361             6.774815            10.719521
Corp-A_Corp                     355.000000             5.441531             1.979839             2.335005             3.604734             5.705350             6.917900            10.127358
Corp-Baa_Corp                   355.000000             6.116877             1.957055             3.076685             4.277216             6.229064             7.464710            10.833318
TB-3MO-TY                       355.000000             2.785831             2.292307             0.000000             0.270000             2.450000             5.005000             8.070000
TB-1YR-TY                       355.000000             3.050732             2.322437             0.090000             0.600000             2.730000             5.155000             8.580000
TB-5YR-TY                       355.000000             3.977887             2.145323             0.590000             1.930000             3.930000             5.795000             9.040000
Econ-UNRATE                     355.000000             5.868451             1.588880             3.600000             4.700000             5.500000             6.800000            10.000000
Econ-DSPIC96                    355.000000        10,505.067606         2,358.213206         6,770.200000         8,240.050000        10,685.500000        12,269.350000        15,021.200000
Econ-CPIAUCSL                   355.000000           193.008631            37.299517           128.000000           160.300000           191.600000           228.557000           256.294000
Econ-CPILFESL                   355.000000           199.146992            35.716660           132.700000           169.550000           198.300000           228.691500           264.180000
Econ-INDPRO                     355.000000            91.133970            13.844813            62.119000            82.542100            94.933800           102.058750           110.551600
Econ-PCE                        355.000000         8,461.066197         3,132.329844         3,728.200000         5,521.500000         8,420.600000        10,952.650000        14,682.400000
Market-SP500                    355.000000         1,252.546227           649.546488           304.000000           808.310000         1,186.689900         1,471.620000         2,980.379900
Market-SP500-change             355.000000             0.702452             4.102450           -16.942500            -1.737750             1.067400             3.258300            11.158800
Market-RMRF                     355.000000            -2.083379             4.651723           -19.679700            -4.697900            -1.680600             0.824700            10.752300
CS-Aaa-3MO                      355.000000             2.275611             1.039238            -0.023000             1.565000             2.187000             2.940500             6.609000
CS-Aa-3MO                       355.000000             2.273175             1.091364             0.060000             1.506500             2.150000             2.919000             7.150000
CS-A-3MO                        355.000000             2.655699             1.252593             0.271000             1.788000             2.610000             3.399500             8.654000
CS-Baa-3MO                      355.000000             3.331051             1.462225             0.588000             2.250500             3.335000             4.128000             9.893000
CS-Aaa-1YR                      355.000000             2.010710             0.946879             0.149000             1.269500             1.968000             2.664500             5.729000
CS-Aa-1YR                       355.000000             2.008273             1.003056             0.201000             1.249000             1.916000             2.629500             6.270000
CS-A-1YR                        355.000000             2.390797             1.186635             0.421000             1.445500             2.320000             3.003500             7.774000
CS-Baa-1YR                      355.000000             3.066149             1.410542             0.788000             1.954500             3.037000             3.841000             9.003000
CS-Aaa-5YR                      355.000000             1.083555             0.514513             0.524000             0.753500             0.999000             1.263000             4.436000
CS-Aa-5YR                       355.000000             1.081118             0.634954             0.209000             0.710500             0.961000             1.265000             5.023000
CS-A-5YR                        355.000000             1.463642             0.836899             0.654000             0.932000             1.227000             1.690000             6.448000
CS-Baa-5YR                      355.000000             2.138994             1.047133             0.920000             1.487500             1.848000             2.522500             7.973000
CS-DCF-Aaa-3MO                  355.000000           993.218049             3.050611           980.774561           991.247634           993.459087           995.300686         1,000.069777
CS-DCF-Aa-3MO                   355.000000           993.227233             3.195734           979.269827           991.310442           993.568225           995.474634           999.818071
CS-DCF-A-3MO                    355.000000           992.109820             3.639275           975.138115           989.910827           992.215015           994.638740           999.179415
CS-DCF-Baa-3MO                  355.000000           990.148276             4.204853           971.789997           987.804917           990.098210           993.271901           998.223204
CS-DCF-Aaa-1YR                  355.000000           976.504011            10.809957           935.334708           968.937239           976.884725           984.975893           998.214926
CS-DCF-Aa-1YR                   355.000000           976.545034            11.411859           929.623692           969.333784           977.482871           985.215223           997.593322
CS-DCF-A-1YR                    355.000000           972.215612            13.326979           914.077876           965.111791           972.853313           982.925621           994.971291
CS-DCF-Baa-1YR                  355.000000           964.641579            15.566740           901.724478           955.778740           964.735264           977.039948           990.625281
CS-DCF-Aaa-5YR                  355.000000           937.868818            27.014635           770.723538           927.460161           942.101200           955.958744           969.128646
CS-DCF-Aa-5YR                   355.000000           938.257744            33.293067           745.235408           927.350276           944.230748           958.410333           987.551221
CS-DCF-A-5YR                    355.000000           917.739443            42.007406           687.345294           904.337466           929.440950           945.859708           961.642766
CS-DCF-Baa-5YR                  355.000000           882.557344            49.772360           631.115709           861.162127           895.952466           915.218460           946.534720
CS-Aaa-3MO-diff                 355.000000            -0.001758             0.310799            -1.639000            -0.157500            -0.023000             0.125500             2.104000
CS-Aa-3MO-diff                  355.000000            -0.001758             0.310799            -1.639000            -0.157500            -0.023000             0.125500             2.104000
CS-A-3MO-diff                   355.000000            -0.001535             0.306542            -1.450000            -0.166000            -0.029000             0.127500             2.468000
CS-Baa-3MO-diff                 355.000000            -0.001479             0.332081            -0.899000            -0.168000            -0.033000             0.148000             2.984000
CS-Aaa-1YR-diff                 355.000000            -0.001645             0.238056            -1.348000            -0.108500            -0.025000             0.081500             1.694000
CS-Aa-1YR-diff                  355.000000            -0.001645             0.238056            -1.348000            -0.108500            -0.025000             0.081500             1.694000
CS-A-1YR-diff                   355.000000            -0.001423             0.236868            -0.820000            -0.116500            -0.017000             0.089000             2.058000
CS-Baa-1YR-diff                 355.000000            -0.001366             0.285777            -0.889000            -0.128000            -0.025000             0.091500             2.964000
CS-Aaa-5YR-diff                 355.000000            -0.000913             0.206751            -1.398000            -0.063500            -0.008000             0.064000             1.424000
CS-Aa-5YR-diff                  355.000000            -0.000913             0.206751            -1.398000            -0.063500            -0.008000             0.064000             1.424000
CS-A-5YR-diff                   355.000000            -0.000690             0.211863            -1.031000            -0.077000            -0.003000             0.067000             1.788000
CS-Baa-5YR-diff                 355.000000            -0.000634             0.270825            -1.319000            -0.095000            -0.012000             0.083500             2.704000
CS-DCF-Aaa-3MO-diff             355.000000             0.002585             0.925627            -8.058609            -0.345894             0.102345             0.461804             5.434227
CS-DCF-Aa-3MO-diff              355.000000             0.005274             0.906440            -5.974689            -0.367247             0.068573             0.460727             4.601199
CS-DCF-A-3MO-diff               355.000000             0.004592             0.883387            -6.925284            -0.376594             0.083936             0.489097             3.995856
CS-DCF-Baa-3MO-diff             355.000000             0.004392             0.945975            -8.162168            -0.428894             0.095681             0.495454             2.449877
CS-DCF-Aaa-1YR-diff             355.000000             0.008811             2.831592           -26.508254            -0.934966             0.212280             1.209195            19.636813
CS-DCF-Aa-1YR-diff              355.000000             0.019356             2.687464           -18.437306            -0.922202             0.285776             1.257831            15.498568
CS-DCF-A-1YR-diff               355.000000             0.016647             2.612518           -21.950184            -1.008694             0.195108             1.315463             8.467423
CS-DCF-Baa-1YR-diff             355.000000             0.015796             3.082586           -30.407636            -1.024249             0.275488             1.423904             8.967339
CS-DCF-Aaa-5YR-diff             355.000000             0.000949            10.283592          -104.558644            -3.180181             0.000000             3.627127            76.980210
CS-DCF-Aa-5YR-diff              355.000000             0.051326            10.625294           -68.025044            -3.563037             0.459004             3.551892            74.725761
CS-DCF-A-5YR-diff               355.000000             0.038148            10.155590           -79.182876            -3.722890             0.171845             4.119910            43.667492
CS-DCF-Baa-5YR-diff             355.000000             0.033713            12.260268          -107.592794            -4.057363             0.587020             4.957912            49.627295
TB-3MO-TY-diff                  355.000000            -0.016113             0.205662            -1.400000            -0.050000             0.000000             0.070000             0.520000
TB-1YR-TY-diff                  355.000000            -0.016225             0.216789            -1.230000            -0.100000             0.000000             0.100000             0.730000
TB-5YR-TY-diff                  355.000000            -0.016958             0.273040            -0.870000            -0.180000            -0.020000             0.140000             0.920000
Market-RMRF-diff                355.000000             0.030401             5.770363           -13.561200            -3.696700            -0.051500             3.329100            20.959300
Market-SP500-diff               355.000000             7.316563            54.254055          -253.319800           -14.510000            10.000000            40.350000           197.250000
Econ-UNRATE-diff                355.000000            -0.004789             0.154059            -0.500000            -0.100000             0.000000             0.100000             0.500000
Econ-DSPIC96-diff               355.000000            23.192676            79.766188          -749.500000             1.500000            25.100000            45.200000           551.200000
Econ-CPIAUCSL-diff              355.000000             0.362800             0.513865            -3.842000             0.170000             0.380000             0.600000             2.700000
Econ-CPILFESL-diff              355.000000             0.372056             0.165048            -0.248000             0.300000             0.400000             0.500000             0.900000
Econ-INDPRO-diff                355.000000             0.130980             0.582037            -4.368700            -0.156350             0.172000             0.484150             1.782400
Econ-PCE-diff                   355.000000            30.849859            34.102445          -139.500000            14.550000            30.600000            48.000000           195.600000
Market-SP500-pc-delta           355.000000             0.007024             0.041024            -0.169425            -0.017377             0.010674             0.032583             0.111588


