                               SARIMAX Results                                
==============================================================================
Dep. Variable:             CS-Aaa-3MO   No. Observations:                  127
Model:                 ARIMA(2, 1, 0)   Log Likelihood                   4.964
Date:                Fri, 09 Oct 2020   AIC                             -3.927
Time:                        22:04:56   BIC                              4.582
Sample:                    01-31-2009   HQIC                            -0.470
                         - 07-31-2019                                         
Covariance Type:                  opg                                         
==============================================================================
                 coef    std err          z      P>|z|      [0.025      0.975]
------------------------------------------------------------------------------
ar.L1         -0.2439      0.058     -4.202      0.000      -0.358      -0.130
ar.L2          0.3571      0.054      6.665      0.000       0.252       0.462
sigma2         0.0539      0.004     13.066      0.000       0.046       0.062
===================================================================================
Ljung-Box (Q):                       25.52   Jarque-Bera (JB):               911.01
Prob(Q):                              0.96   Prob(JB):                         0.00
Heteroskedasticity (H):               0.16   Skew:                            -1.54
Prob(H) (two-sided):                  0.00   Kurtosis:                        15.81
===================================================================================

Warnings:
[1] Covariance matrix calculated using the outer product of gradients (complex-step).
                               SARIMAX Results                                
==============================================================================
Dep. Variable:             CS-Aaa-1YR   No. Observations:                  127
Model:                 ARIMA(2, 1, 0)   Log Likelihood                  18.386
Date:                Fri, 09 Oct 2020   AIC                            -30.771
Time:                        22:04:56   BIC                            -22.263
Sample:                    01-31-2009   HQIC                           -27.315
                         - 07-31-2019                                         
Covariance Type:                  opg                                         
==============================================================================
                 coef    std err          z      P>|z|      [0.025      0.975]
------------------------------------------------------------------------------
ar.L1         -0.2017      0.068     -2.970      0.003      -0.335      -0.069
ar.L2          0.4068      0.043      9.559      0.000       0.323       0.490
sigma2         0.0436      0.003     14.260      0.000       0.038       0.050
===================================================================================
Ljung-Box (Q):                       26.55   Jarque-Bera (JB):              1817.19
Prob(Q):                              0.95   Prob(JB):                         0.00
Heteroskedasticity (H):               0.13   Skew:                            -2.09
Prob(H) (two-sided):                  0.00   Kurtosis:                        21.13
===================================================================================

Warnings:
[1] Covariance matrix calculated using the outer product of gradients (complex-step).
                               SARIMAX Results                                
==============================================================================
Dep. Variable:             CS-Aaa-5YR   No. Observations:                  127
Model:                 ARIMA(2, 1, 1)   Log Likelihood                  37.218
Date:                Fri, 09 Oct 2020   AIC                            -66.435
Time:                        22:04:56   BIC                            -55.090
Sample:                    01-31-2009   HQIC                           -61.826
                         - 07-31-2019                                         
Covariance Type:                  opg                                         
==============================================================================
                 coef    std err          z      P>|z|      [0.025      0.975]
------------------------------------------------------------------------------
ar.L1          0.2834      0.055      5.172      0.000       0.176       0.391
ar.L2          0.6252      0.049     12.823      0.000       0.530       0.721
ma.L1         -0.5777      0.092     -6.272      0.000      -0.758      -0.397
sigma2         0.0321      0.003     10.202      0.000       0.026       0.038
===================================================================================
Ljung-Box (Q):                       40.81   Jarque-Bera (JB):              1193.44
Prob(Q):                              0.43   Prob(JB):                         0.00
Heteroskedasticity (H):               0.15   Skew:                            -2.24
Prob(H) (two-sided):                  0.00   Kurtosis:                        17.40
===================================================================================

Warnings:
[1] Covariance matrix calculated using the outer product of gradients (complex-step).
                               SARIMAX Results                                
==============================================================================
Dep. Variable:              CS-Aa-3MO   No. Observations:                  127
Model:                 ARIMA(2, 1, 2)   Log Likelihood                  47.305
Date:                Fri, 09 Oct 2020   AIC                            -84.610
Time:                        22:04:57   BIC                            -70.428
Sample:                    01-31-2009   HQIC                           -78.848
                         - 07-31-2019                                         
Covariance Type:                  opg                                         
==============================================================================
                 coef    std err          z      P>|z|      [0.025      0.975]
------------------------------------------------------------------------------
ar.L1          0.9919      0.104      9.513      0.000       0.788       1.196
ar.L2         -0.6851      0.102     -6.721      0.000      -0.885      -0.485
ma.L1         -0.9537      0.085    -11.218      0.000      -1.120      -0.787
ma.L2          0.8850      0.081     10.951      0.000       0.727       1.043
sigma2         0.0274      0.003      7.976      0.000       0.021       0.034
===================================================================================
Ljung-Box (Q):                       70.63   Jarque-Bera (JB):                 1.43
Prob(Q):                              0.00   Prob(JB):                         0.49
Heteroskedasticity (H):               0.24   Skew:                            -0.26
Prob(H) (two-sided):                  0.00   Kurtosis:                         2.91
===================================================================================

Warnings:
[1] Covariance matrix calculated using the outer product of gradients (complex-step).
                               SARIMAX Results                                
==============================================================================
Dep. Variable:              CS-Aa-1YR   No. Observations:                  127
Model:                 ARIMA(1, 1, 0)   Log Likelihood                  58.300
Date:                Fri, 09 Oct 2020   AIC                           -112.600
Time:                        22:04:57   BIC                           -106.928
Sample:                    01-31-2009   HQIC                          -110.296
                         - 07-31-2019                                         
Covariance Type:                  opg                                         
==============================================================================
                 coef    std err          z      P>|z|      [0.025      0.975]
------------------------------------------------------------------------------
ar.L1          0.1492      0.058      2.576      0.010       0.036       0.263
sigma2         0.0232      0.003      8.814      0.000       0.018       0.028
===================================================================================
Ljung-Box (Q):                       65.94   Jarque-Bera (JB):                 1.43
Prob(Q):                              0.01   Prob(JB):                         0.49
Heteroskedasticity (H):               0.19   Skew:                            -0.19
Prob(H) (two-sided):                  0.00   Kurtosis:                         3.36
===================================================================================

Warnings:
[1] Covariance matrix calculated using the outer product of gradients (complex-step).
                               SARIMAX Results                                
==============================================================================
Dep. Variable:              CS-Aa-5YR   No. Observations:                  127
Model:                 ARIMA(1, 1, 0)   Log Likelihood                  39.466
Date:                Fri, 09 Oct 2020   AIC                            -74.931
Time:                        22:04:58   BIC                            -69.259
Sample:                    01-31-2009   HQIC                           -72.627
                         - 07-31-2019                                         
Covariance Type:                  opg                                         
==============================================================================
                 coef    std err          z      P>|z|      [0.025      0.975]
------------------------------------------------------------------------------
ar.L1          0.2282      0.041      5.541      0.000       0.147       0.309
sigma2         0.0313      0.002     16.933      0.000       0.028       0.035
===================================================================================
Ljung-Box (Q):                       42.18   Jarque-Bera (JB):               295.69
Prob(Q):                              0.38   Prob(JB):                         0.00
Heteroskedasticity (H):               0.12   Skew:                            -1.03
Prob(H) (two-sided):                  0.00   Kurtosis:                        10.22
===================================================================================

Warnings:
[1] Covariance matrix calculated using the outer product of gradients (complex-step).
                               SARIMAX Results                                
==============================================================================
Dep. Variable:               CS-A-3MO   No. Observations:                  127
Model:                 ARIMA(1, 1, 0)   Log Likelihood                  31.141
Date:                Fri, 09 Oct 2020   AIC                            -58.282
Time:                        22:04:58   BIC                            -52.610
Sample:                    01-31-2009   HQIC                           -55.978
                         - 07-31-2019                                         
Covariance Type:                  opg                                         
==============================================================================
                 coef    std err          z      P>|z|      [0.025      0.975]
------------------------------------------------------------------------------
ar.L1          0.1881      0.071      2.655      0.008       0.049       0.327
sigma2         0.0357      0.004      9.120      0.000       0.028       0.043
===================================================================================
Ljung-Box (Q):                       79.52   Jarque-Bera (JB):                 3.23
Prob(Q):                              0.00   Prob(JB):                         0.20
Heteroskedasticity (H):               0.21   Skew:                            -0.16
Prob(H) (two-sided):                  0.00   Kurtosis:                         3.72
===================================================================================

Warnings:
[1] Covariance matrix calculated using the outer product of gradients (complex-step).
                               SARIMAX Results                                
==============================================================================
Dep. Variable:               CS-A-1YR   No. Observations:                  127
Model:                 ARIMA(1, 1, 0)   Log Likelihood                  49.862
Date:                Fri, 09 Oct 2020   AIC                            -95.723
Time:                        22:04:58   BIC                            -90.051
Sample:                    01-31-2009   HQIC                           -93.419
                         - 07-31-2019                                         
Covariance Type:                  opg                                         
==============================================================================
                 coef    std err          z      P>|z|      [0.025      0.975]
------------------------------------------------------------------------------
ar.L1          0.2798      0.058      4.804      0.000       0.166       0.394
sigma2         0.0265      0.002     10.750      0.000       0.022       0.031
===================================================================================
Ljung-Box (Q):                       76.84   Jarque-Bera (JB):                15.02
Prob(Q):                              0.00   Prob(JB):                         0.00
Heteroskedasticity (H):               0.20   Skew:                            -0.35
Prob(H) (two-sided):                  0.00   Kurtosis:                         4.54
===================================================================================

Warnings:
[1] Covariance matrix calculated using the outer product of gradients (complex-step).
                               SARIMAX Results                                
==============================================================================
Dep. Variable:               CS-A-5YR   No. Observations:                  127
Model:                 ARIMA(1, 1, 1)   Log Likelihood                  28.220
Date:                Fri, 09 Oct 2020   AIC                            -50.441
Time:                        22:04:58   BIC                            -41.932
Sample:                    01-31-2009   HQIC                           -46.984
                         - 07-31-2019                                         
Covariance Type:                  opg                                         
==============================================================================
                 coef    std err          z      P>|z|      [0.025      0.975]
------------------------------------------------------------------------------
ar.L1         -0.2771      0.152     -1.828      0.068      -0.574       0.020
ma.L1          0.6269      0.159      3.953      0.000       0.316       0.938
sigma2         0.0373      0.003     14.373      0.000       0.032       0.042
===================================================================================
Ljung-Box (Q):                       48.41   Jarque-Bera (JB):               292.73
Prob(Q):                              0.17   Prob(JB):                         0.00
Heteroskedasticity (H):               0.12   Skew:                            -1.26
Prob(H) (two-sided):                  0.00   Kurtosis:                        10.03
===================================================================================

Warnings:
[1] Covariance matrix calculated using the outer product of gradients (complex-step).
                               SARIMAX Results                                
==============================================================================
Dep. Variable:             CS-Baa-3MO   No. Observations:                  127
Model:                 ARIMA(4, 1, 0)   Log Likelihood                  27.011
Date:                Fri, 09 Oct 2020   AIC                            -44.023
Time:                        22:04:59   BIC                            -29.841
Sample:                    01-31-2009   HQIC                           -38.261
                         - 07-31-2019                                         
Covariance Type:                  opg                                         
==============================================================================
                 coef    std err          z      P>|z|      [0.025      0.975]
------------------------------------------------------------------------------
ar.L1          0.2474      0.057      4.335      0.000       0.136       0.359
ar.L2          0.2320      0.100      2.329      0.020       0.037       0.427
ar.L3          0.2177      0.089      2.453      0.014       0.044       0.392
ar.L4         -0.2933      0.080     -3.674      0.000      -0.450      -0.137
sigma2         0.0379      0.003     11.462      0.000       0.031       0.044
===================================================================================
Ljung-Box (Q):                       60.18   Jarque-Bera (JB):                66.04
Prob(Q):                              0.02   Prob(JB):                         0.00
Heteroskedasticity (H):               0.24   Skew:                            -0.70
Prob(H) (two-sided):                  0.00   Kurtosis:                         6.26
===================================================================================

Warnings:
[1] Covariance matrix calculated using the outer product of gradients (complex-step).
                               SARIMAX Results                                
==============================================================================
Dep. Variable:             CS-Baa-1YR   No. Observations:                  127
Model:                 ARIMA(4, 1, 0)   Log Likelihood                  34.906
Date:                Fri, 09 Oct 2020   AIC                            -59.813
Time:                        22:04:59   BIC                            -45.632
Sample:                    01-31-2009   HQIC                           -54.051
                         - 07-31-2019                                         
Covariance Type:                  opg                                         
==============================================================================
                 coef    std err          z      P>|z|      [0.025      0.975]
------------------------------------------------------------------------------
ar.L1          0.2978      0.052      5.729      0.000       0.196       0.400
ar.L2          0.1377      0.085      1.614      0.106      -0.029       0.305
ar.L3          0.2058      0.108      1.911      0.056      -0.005       0.417
ar.L4         -0.1977      0.102     -1.929      0.054      -0.399       0.003
sigma2         0.0335      0.003     12.321      0.000       0.028       0.039
===================================================================================
Ljung-Box (Q):                       49.75   Jarque-Bera (JB):               104.35
Prob(Q):                              0.14   Prob(JB):                         0.00
Heteroskedasticity (H):               0.30   Skew:                            -0.80
Prob(H) (two-sided):                  0.00   Kurtosis:                         7.16
===================================================================================

Warnings:
[1] Covariance matrix calculated using the outer product of gradients (complex-step).
                               SARIMAX Results                                
==============================================================================
Dep. Variable:             CS-Baa-5YR   No. Observations:                  127
Model:                 ARIMA(4, 1, 0)   Log Likelihood                   9.302
Date:                Fri, 09 Oct 2020   AIC                             -8.605
Time:                        22:04:59   BIC                              5.577
Sample:                    01-31-2009   HQIC                            -2.843
                         - 07-31-2019                                         
Covariance Type:                  opg                                         
==============================================================================
                 coef    std err          z      P>|z|      [0.025      0.975]
------------------------------------------------------------------------------
ar.L1          0.3861      0.055      7.057      0.000       0.279       0.493
ar.L2         -0.0809      0.070     -1.159      0.247      -0.218       0.056
ar.L3          0.2150      0.106      2.027      0.043       0.007       0.423
ar.L4         -0.0614      0.139     -0.441      0.659      -0.335       0.212
sigma2         0.0504      0.003     17.700      0.000       0.045       0.056
===================================================================================
Ljung-Box (Q):                       43.75   Jarque-Bera (JB):               785.54
Prob(Q):                              0.32   Prob(JB):                         0.00
Heteroskedasticity (H):               0.21   Skew:                            -1.93
Prob(H) (two-sided):                  0.00   Kurtosis:                        14.61
===================================================================================

Warnings:
[1] Covariance matrix calculated using the outer product of gradients (complex-step).
