***** Acf and Pacf Plot started *****
***** Acf and Pacf Plot started *****
Unexpected error: <class 'ValueError'> Integer subplot specification must be a three-digit number, not 50
***** Acf and Pacf Plot started *****
Unexpected error: <class 'ValueError'> Integer subplot specification must be a three-digit number, not 50
***** Acf and Pacf Plot started *****
Unexpected error: <class 'ValueError'> Number of columns must be > 0, not 0
***** Acf and Pacf Plot started *****
Unexpected error: <class 'ValueError'> Number of columns must be > 0, not 0
***** Acf and Pacf Plot started *****
***** Acf and Pacf Plot started *****
plots/CS-Aaa-3MO-corr-plot-lag-40.png saved
plots/CS-Aa-3MO-corr-plot-lag-40.png saved
plots/CS-A-3MO-corr-plot-lag-40.png saved
plots/CS-Baa-3MO-corr-plot-lag-40.png saved
plots/CS-Aaa-1YR-corr-plot-lag-40.png saved
plots/CS-Aa-1YR-corr-plot-lag-40.png saved
plots/CS-A-1YR-corr-plot-lag-40.png saved
plots/CS-Baa-1YR-corr-plot-lag-40.png saved
plots/CS-Aaa-5YR-corr-plot-lag-40.png saved
plots/CS-Aa-5YR-corr-plot-lag-40.png saved
plots/CS-A-5YR-corr-plot-lag-40.png saved
plots/CS-Baa-5YR-corr-plot-lag-40.png saved
***** Acf and Pacf done *****
***** Acf and Pacf Plot started *****
plots/CS-Aaa-3MO-corr-plot-lag-40.png saved
plots/CS-Aa-3MO-corr-plot-lag-40.png saved
plots/CS-A-3MO-corr-plot-lag-40.png saved
plots/CS-Baa-3MO-corr-plot-lag-40.png saved
plots/CS-Aaa-1YR-corr-plot-lag-40.png saved
plots/CS-Aa-1YR-corr-plot-lag-40.png saved
plots/CS-A-1YR-corr-plot-lag-40.png saved
plots/CS-Baa-1YR-corr-plot-lag-40.png saved
plots/CS-Aaa-5YR-corr-plot-lag-40.png saved
plots/CS-Aa-5YR-corr-plot-lag-40.png saved
plots/CS-A-5YR-corr-plot-lag-40.png saved
plots/CS-Baa-5YR-corr-plot-lag-40.png saved
***** Acf and Pacf done *****
***** Acf and Pacf Plot started *****
plots/CS-Aaa-3MO-corr-plot-lag-40.png saved
plots/CS-Aa-3MO-corr-plot-lag-40.png saved
plots/CS-A-3MO-corr-plot-lag-40.png saved
plots/CS-Baa-3MO-corr-plot-lag-40.png saved
plots/CS-Aaa-1YR-corr-plot-lag-40.png saved
plots/CS-Aa-1YR-corr-plot-lag-40.png saved
plots/CS-A-1YR-corr-plot-lag-40.png saved
plots/CS-Baa-1YR-corr-plot-lag-40.png saved
plots/CS-Aaa-5YR-corr-plot-lag-40.png saved
plots/CS-Aa-5YR-corr-plot-lag-40.png saved
plots/CS-A-5YR-corr-plot-lag-40.png saved
plots/CS-Baa-5YR-corr-plot-lag-40.png saved
***** Acf and Pacf done *****
***** Acf and Pacf Plot started *****
plots/CS-Aaa-3MO-corr-plot-lag-40.png saved
plots/CS-Aa-3MO-corr-plot-lag-40.png saved
plots/CS-A-3MO-corr-plot-lag-40.png saved
plots/CS-Baa-3MO-corr-plot-lag-40.png saved
plots/CS-Aaa-1YR-corr-plot-lag-40.png saved
plots/CS-Aa-1YR-corr-plot-lag-40.png saved
plots/CS-A-1YR-corr-plot-lag-40.png saved
plots/CS-Baa-1YR-corr-plot-lag-40.png saved
plots/CS-Aaa-5YR-corr-plot-lag-40.png saved
plots/CS-Aa-5YR-corr-plot-lag-40.png saved
plots/CS-A-5YR-corr-plot-lag-40.png saved
plots/CS-Baa-5YR-corr-plot-lag-40.png saved
***** Acf and Pacf done *****
***** Acf and Pacf Plot started *****
plots/CS-Aaa-3MO-corr-plot-lag-40.png saved
plots/CS-Aa-3MO-corr-plot-lag-40.png saved
plots/CS-A-3MO-corr-plot-lag-40.png saved
plots/CS-Baa-3MO-corr-plot-lag-40.png saved
plots/CS-Aaa-1YR-corr-plot-lag-40.png saved
plots/CS-Aa-1YR-corr-plot-lag-40.png saved
plots/CS-A-1YR-corr-plot-lag-40.png saved
plots/CS-Baa-1YR-corr-plot-lag-40.png saved
plots/CS-Aaa-5YR-corr-plot-lag-40.png saved
plots/CS-Aa-5YR-corr-plot-lag-40.png saved
plots/CS-A-5YR-corr-plot-lag-40.png saved
plots/CS-Baa-5YR-corr-plot-lag-40.png saved
***** Acf and Pacf done *****
***** Acf and Pacf Plot started *****
plots/CS-Aaa-3MO-corr-plot-lag-40.png saved
plots/CS-Aa-3MO-corr-plot-lag-40.png saved
plots/CS-A-3MO-corr-plot-lag-40.png saved
plots/CS-Baa-3MO-corr-plot-lag-40.png saved
plots/CS-Aaa-1YR-corr-plot-lag-40.png saved
plots/CS-Aa-1YR-corr-plot-lag-40.png saved
plots/CS-A-1YR-corr-plot-lag-40.png saved
plots/CS-Baa-1YR-corr-plot-lag-40.png saved
plots/CS-Aaa-5YR-corr-plot-lag-40.png saved
plots/CS-Aa-5YR-corr-plot-lag-40.png saved
plots/CS-A-5YR-corr-plot-lag-40.png saved
plots/CS-Baa-5YR-corr-plot-lag-40.png saved
***** Acf and Pacf done *****
***** Acf and Pacf Plot started *****
plots/CS-Aaa-3MO-corr-plot-lag-40.png saved
plots/CS-Aa-3MO-corr-plot-lag-40.png saved
plots/CS-A-3MO-corr-plot-lag-40.png saved
plots/CS-Baa-3MO-corr-plot-lag-40.png saved
plots/CS-Aaa-1YR-corr-plot-lag-40.png saved
plots/CS-Aa-1YR-corr-plot-lag-40.png saved
plots/CS-A-1YR-corr-plot-lag-40.png saved
plots/CS-Baa-1YR-corr-plot-lag-40.png saved
plots/CS-Aaa-5YR-corr-plot-lag-40.png saved
plots/CS-Aa-5YR-corr-plot-lag-40.png saved
plots/CS-A-5YR-corr-plot-lag-40.png saved
plots/CS-Baa-5YR-corr-plot-lag-40.png saved
***** Acf and Pacf done *****
***** Acf and Pacf Plot started *****
plots/CS-Aaa-3MO-corr-plot-lag-40.png saved
plots/CS-Aa-3MO-corr-plot-lag-40.png saved
plots/CS-A-3MO-corr-plot-lag-40.png saved
plots/CS-Baa-3MO-corr-plot-lag-40.png saved
plots/CS-Aaa-1YR-corr-plot-lag-40.png saved
plots/CS-Aa-1YR-corr-plot-lag-40.png saved
plots/CS-A-1YR-corr-plot-lag-40.png saved
plots/CS-Baa-1YR-corr-plot-lag-40.png saved
plots/CS-Aaa-5YR-corr-plot-lag-40.png saved
plots/CS-Aa-5YR-corr-plot-lag-40.png saved
plots/CS-A-5YR-corr-plot-lag-40.png saved
plots/CS-Baa-5YR-corr-plot-lag-40.png saved
***** Acf and Pacf done *****
***** Acf and Pacf Plot started *****
plots/CS-Aaa-3MO-corr-plot-lag-40.png saved
plots/CS-Aa-3MO-corr-plot-lag-40.png saved
plots/CS-A-3MO-corr-plot-lag-40.png saved
plots/CS-Baa-3MO-corr-plot-lag-40.png saved
plots/CS-Aaa-1YR-corr-plot-lag-40.png saved
plots/CS-Aa-1YR-corr-plot-lag-40.png saved
plots/CS-A-1YR-corr-plot-lag-40.png saved
plots/CS-Baa-1YR-corr-plot-lag-40.png saved
plots/CS-Aaa-5YR-corr-plot-lag-40.png saved
plots/CS-Aa-5YR-corr-plot-lag-40.png saved
plots/CS-A-5YR-corr-plot-lag-40.png saved
plots/CS-Baa-5YR-corr-plot-lag-40.png saved
***** Acf and Pacf done *****
***** Acf and Pacf Plot started *****
plots/CS-Aaa-3MO-corr-plot-lag-40.png saved
plots/CS-Aa-3MO-corr-plot-lag-40.png saved
plots/CS-A-3MO-corr-plot-lag-40.png saved
plots/CS-Baa-3MO-corr-plot-lag-40.png saved
plots/CS-Aaa-1YR-corr-plot-lag-40.png saved
plots/CS-Aa-1YR-corr-plot-lag-40.png saved
plots/CS-A-1YR-corr-plot-lag-40.png saved
plots/CS-Baa-1YR-corr-plot-lag-40.png saved
plots/CS-Aaa-5YR-corr-plot-lag-40.png saved
plots/CS-Aa-5YR-corr-plot-lag-40.png saved
plots/CS-A-5YR-corr-plot-lag-40.png saved
plots/CS-Baa-5YR-corr-plot-lag-40.png saved
***** Acf and Pacf done *****
***** Acf and Pacf Plot started *****
plots/CS-Aaa-3MO-corr-plot-lag-40.png saved
plots/CS-Aa-3MO-corr-plot-lag-40.png saved
plots/CS-A-3MO-corr-plot-lag-40.png saved
plots/CS-Baa-3MO-corr-plot-lag-40.png saved
plots/CS-Aaa-1YR-corr-plot-lag-40.png saved
plots/CS-Aa-1YR-corr-plot-lag-40.png saved
plots/CS-A-1YR-corr-plot-lag-40.png saved
plots/CS-Baa-1YR-corr-plot-lag-40.png saved
plots/CS-Aaa-5YR-corr-plot-lag-40.png saved
plots/CS-Aa-5YR-corr-plot-lag-40.png saved
plots/CS-A-5YR-corr-plot-lag-40.png saved
plots/CS-Baa-5YR-corr-plot-lag-40.png saved
***** Acf and Pacf done *****
***** Acf and Pacf Plot started *****
plots/CS-Aaa-3MO-corr-plot-lag-40.png saved
plots/CS-Aa-3MO-corr-plot-lag-40.png saved
plots/CS-A-3MO-corr-plot-lag-40.png saved
plots/CS-Baa-3MO-corr-plot-lag-40.png saved
plots/CS-Aaa-1YR-corr-plot-lag-40.png saved
plots/CS-Aa-1YR-corr-plot-lag-40.png saved
plots/CS-A-1YR-corr-plot-lag-40.png saved
plots/CS-Baa-1YR-corr-plot-lag-40.png saved
plots/CS-Aaa-5YR-corr-plot-lag-40.png saved
plots/CS-Aa-5YR-corr-plot-lag-40.png saved
plots/CS-A-5YR-corr-plot-lag-40.png saved
plots/CS-Baa-5YR-corr-plot-lag-40.png saved
***** Acf and Pacf done *****
***** Acf and Pacf Plot started *****
plots/CS-Aaa-3MO-corr-plot-lag-40.png saved
plots/CS-Aa-3MO-corr-plot-lag-40.png saved
plots/CS-A-3MO-corr-plot-lag-40.png saved
plots/CS-Baa-3MO-corr-plot-lag-40.png saved
plots/CS-Aaa-1YR-corr-plot-lag-40.png saved
plots/CS-Aa-1YR-corr-plot-lag-40.png saved
plots/CS-A-1YR-corr-plot-lag-40.png saved
plots/CS-Baa-1YR-corr-plot-lag-40.png saved
plots/CS-Aaa-5YR-corr-plot-lag-40.png saved
plots/CS-Aa-5YR-corr-plot-lag-40.png saved
plots/CS-A-5YR-corr-plot-lag-40.png saved
plots/CS-Baa-5YR-corr-plot-lag-40.png saved
***** Acf and Pacf done *****
***** Acf and Pacf Plot started *****
plots/CS-Aaa-3MO-corr-plot-lag-40.png saved
plots/CS-Aa-3MO-corr-plot-lag-40.png saved
plots/CS-A-3MO-corr-plot-lag-40.png saved
plots/CS-Baa-3MO-corr-plot-lag-40.png saved
plots/CS-Aaa-1YR-corr-plot-lag-40.png saved
plots/CS-Aa-1YR-corr-plot-lag-40.png saved
plots/CS-A-1YR-corr-plot-lag-40.png saved
plots/CS-Baa-1YR-corr-plot-lag-40.png saved
plots/CS-Aaa-5YR-corr-plot-lag-40.png saved
plots/CS-Aa-5YR-corr-plot-lag-40.png saved
plots/CS-A-5YR-corr-plot-lag-40.png saved
plots/CS-Baa-5YR-corr-plot-lag-40.png saved
***** Acf and Pacf done *****
***** Acf and Pacf Plot started *****
plots/CS-Aaa-3MO-corr-plot-lag-40.png saved
plots/CS-Aa-3MO-corr-plot-lag-40.png saved
plots/CS-A-3MO-corr-plot-lag-40.png saved
plots/CS-Baa-3MO-corr-plot-lag-40.png saved
plots/CS-Aaa-1YR-corr-plot-lag-40.png saved
plots/CS-Aa-1YR-corr-plot-lag-40.png saved
plots/CS-A-1YR-corr-plot-lag-40.png saved
plots/CS-Baa-1YR-corr-plot-lag-40.png saved
plots/CS-Aaa-5YR-corr-plot-lag-40.png saved
plots/CS-Aa-5YR-corr-plot-lag-40.png saved
plots/CS-A-5YR-corr-plot-lag-40.png saved
plots/CS-Baa-5YR-corr-plot-lag-40.png saved
***** Acf and Pacf done *****
***** Acf and Pacf Plot started *****
plots/CS-Aaa-3MO-corr-plot-lag-40.png saved
plots/CS-Aa-3MO-corr-plot-lag-40.png saved
plots/CS-A-3MO-corr-plot-lag-40.png saved
plots/CS-Baa-3MO-corr-plot-lag-40.png saved
plots/CS-Aaa-1YR-corr-plot-lag-40.png saved
plots/CS-Aa-1YR-corr-plot-lag-40.png saved
plots/CS-A-1YR-corr-plot-lag-40.png saved
plots/CS-Baa-1YR-corr-plot-lag-40.png saved
plots/CS-Aaa-5YR-corr-plot-lag-40.png saved
plots/CS-Aa-5YR-corr-plot-lag-40.png saved
plots/CS-A-5YR-corr-plot-lag-40.png saved
plots/CS-Baa-5YR-corr-plot-lag-40.png saved
***** Acf and Pacf done *****
***** Acf and Pacf Plot started *****
plots/CS-Aaa-3MO-corr-plot-lag-40.png saved
plots/CS-Aa-3MO-corr-plot-lag-40.png saved
plots/CS-A-3MO-corr-plot-lag-40.png saved
plots/CS-Baa-3MO-corr-plot-lag-40.png saved
plots/CS-Aaa-1YR-corr-plot-lag-40.png saved
plots/CS-Aa-1YR-corr-plot-lag-40.png saved
plots/CS-A-1YR-corr-plot-lag-40.png saved
plots/CS-Baa-1YR-corr-plot-lag-40.png saved
plots/CS-Aaa-5YR-corr-plot-lag-40.png saved
plots/CS-Aa-5YR-corr-plot-lag-40.png saved
plots/CS-A-5YR-corr-plot-lag-40.png saved
plots/CS-Baa-5YR-corr-plot-lag-40.png saved
***** Acf and Pacf done *****
***** Acf and Pacf Plot started *****
plots/CS-Aaa-3MO-corr-plot-lag-40.png saved
plots/CS-Aa-3MO-corr-plot-lag-40.png saved
plots/CS-A-3MO-corr-plot-lag-40.png saved
plots/CS-Baa-3MO-corr-plot-lag-40.png saved
plots/CS-Aaa-1YR-corr-plot-lag-40.png saved
plots/CS-Aa-1YR-corr-plot-lag-40.png saved
plots/CS-A-1YR-corr-plot-lag-40.png saved
plots/CS-Baa-1YR-corr-plot-lag-40.png saved
plots/CS-Aaa-5YR-corr-plot-lag-40.png saved
plots/CS-Aa-5YR-corr-plot-lag-40.png saved
plots/CS-A-5YR-corr-plot-lag-40.png saved
plots/CS-Baa-5YR-corr-plot-lag-40.png saved
***** Acf and Pacf done *****
***** Acf and Pacf Plot started *****
plots/CS-Aaa-3MO-corr-plot-lag-40.png saved
plots/CS-Aa-3MO-corr-plot-lag-40.png saved
plots/CS-A-3MO-corr-plot-lag-40.png saved
plots/CS-Baa-3MO-corr-plot-lag-40.png saved
plots/CS-Aaa-1YR-corr-plot-lag-40.png saved
plots/CS-Aa-1YR-corr-plot-lag-40.png saved
plots/CS-A-1YR-corr-plot-lag-40.png saved
plots/CS-Baa-1YR-corr-plot-lag-40.png saved
plots/CS-Aaa-5YR-corr-plot-lag-40.png saved
plots/CS-Aa-5YR-corr-plot-lag-40.png saved
plots/CS-A-5YR-corr-plot-lag-40.png saved
plots/CS-Baa-5YR-corr-plot-lag-40.png saved
***** Acf and Pacf done *****
taking first difference and drop na n.b. previous run files will be overwritten
***** PacfPlot started *****
***** PacfPlot done *****
***** Acf and Pacf Plot started *****
plots/CS-Aaa-3MO-corr-plot-lag-40.png saved
plots/CS-Aa-3MO-corr-plot-lag-40.png saved
plots/CS-A-3MO-corr-plot-lag-40.png saved
plots/CS-Baa-3MO-corr-plot-lag-40.png saved
plots/CS-Aaa-1YR-corr-plot-lag-40.png saved
plots/CS-Aa-1YR-corr-plot-lag-40.png saved
plots/CS-A-1YR-corr-plot-lag-40.png saved
plots/CS-Baa-1YR-corr-plot-lag-40.png saved
plots/CS-Aaa-5YR-corr-plot-lag-40.png saved
plots/CS-Aa-5YR-corr-plot-lag-40.png saved
plots/CS-A-5YR-corr-plot-lag-40.png saved
plots/CS-Baa-5YR-corr-plot-lag-40.png saved
***** Acf and Pacf done *****
taking first difference and drop na n.b. previous run files will be overwritten
***** PacfPlot started *****
***** PacfPlot done *****
***** Acf and Pacf Plot started *****
plots/CS-Aaa-3MO-corr-plot-lag-40.png saved
plots/CS-Aa-3MO-corr-plot-lag-40.png saved
plots/CS-A-3MO-corr-plot-lag-40.png saved
plots/CS-Baa-3MO-corr-plot-lag-40.png saved
plots/CS-Aaa-1YR-corr-plot-lag-40.png saved
plots/CS-Aa-1YR-corr-plot-lag-40.png saved
plots/CS-A-1YR-corr-plot-lag-40.png saved
plots/CS-Baa-1YR-corr-plot-lag-40.png saved
plots/CS-Aaa-5YR-corr-plot-lag-40.png saved
plots/CS-Aa-5YR-corr-plot-lag-40.png saved
plots/CS-A-5YR-corr-plot-lag-40.png saved
plots/CS-Baa-5YR-corr-plot-lag-40.png saved
***** Acf and Pacf done *****
***** Acf and Pacf Plot started *****
plots/CS-Aaa-3MO-corr-plot-lag-40.png saved
plots/CS-Aa-3MO-corr-plot-lag-40.png saved
plots/CS-A-3MO-corr-plot-lag-40.png saved
plots/CS-Baa-3MO-corr-plot-lag-40.png saved
plots/CS-Aaa-1YR-corr-plot-lag-40.png saved
plots/CS-Aa-1YR-corr-plot-lag-40.png saved
plots/CS-A-1YR-corr-plot-lag-40.png saved
plots/CS-Baa-1YR-corr-plot-lag-40.png saved
plots/CS-Aaa-5YR-corr-plot-lag-40.png saved
plots/CS-Aa-5YR-corr-plot-lag-40.png saved
plots/CS-A-5YR-corr-plot-lag-40.png saved
plots/CS-Baa-5YR-corr-plot-lag-40.png saved
***** Acf and Pacf done *****
