********** ARIMA-CS-V2-X-TB-5YR-c **********
                               SARIMAX Results                                
==============================================================================
Dep. Variable:             CS-Aaa-3MO   No. Observations:                  127
Model:                 ARIMA(3, 1, 0)   Log Likelihood                  18.227
Date:                Sat, 12 Sep 2020   AIC                            -24.454
Time:                        16:36:34   BIC                             -7.437
Sample:                    01-31-2009   HQIC                           -17.541
                         - 07-31-2019                                         
Covariance Type:                  opg                                         
===================================================================================
                      coef    std err          z      P>|z|      [0.025      0.975]
-----------------------------------------------------------------------------------
const            7.591e-08   2.05e-08      3.707      0.000    3.58e-08    1.16e-07
TB-5YR-TY-delta     0.3124      0.102      3.077      0.002       0.113       0.511
ar.L1              -0.2229      0.082     -2.703      0.007      -0.385      -0.061
ar.L2               0.3948      0.092      4.307      0.000       0.215       0.574
ar.L3               0.1591      0.176      0.902      0.367      -0.187       0.505
sigma2              0.0437      0.004     10.751      0.000       0.036       0.052
===================================================================================
Ljung-Box (Q):                       30.18   Jarque-Bera (JB):              1465.54
Prob(Q):                              0.87   Prob(JB):                         0.00
Heteroskedasticity (H):               0.19   Skew:                            -1.89
Prob(H) (two-sided):                  0.00   Kurtosis:                        19.27
===================================================================================

Warnings:
[1] Covariance matrix calculated using the outer product of gradients (complex-step).
[2] Covariance matrix is singular or near-singular, with condition number 1.15e+23. Standard errors may be unstable.
                               SARIMAX Results                                
==============================================================================
Dep. Variable:              CS-Aa-5YR   No. Observations:                  127
Model:                 ARIMA(1, 1, 1)   Log Likelihood                  44.483
Date:                Sat, 12 Sep 2020   AIC                            -76.965
Time:                        16:36:35   BIC                            -59.948
Sample:                    01-31-2009   HQIC                           -70.052
                         - 07-31-2019                                         
Covariance Type:                  opg                                         
======================================================================================
                         coef    std err          z      P>|z|      [0.025      0.975]
--------------------------------------------------------------------------------------
const              -1.772e-10   3.02e-10     -0.586      0.558    -7.7e-10    4.16e-10
Market-RMRF-delta      0.0030      0.002      1.485      0.138      -0.001       0.007
Market-SP500-delta     0.0001      0.000      0.517      0.605      -0.000       0.001
ar.L1                  0.4574      0.221      2.066      0.039       0.023       0.891
ma.L1                 -0.2381      0.218     -1.091      0.275      -0.666       0.190
sigma2                 0.0290      0.002     16.166      0.000       0.025       0.032
===================================================================================
Ljung-Box (Q):                       37.18   Jarque-Bera (JB):               406.17
Prob(Q):                              0.60   Prob(JB):                         0.00
Heteroskedasticity (H):               0.10   Skew:                            -1.12
Prob(H) (two-sided):                  0.00   Kurtosis:                        11.51
===================================================================================

Warnings:
[1] Covariance matrix calculated using the outer product of gradients (complex-step).
[2] Covariance matrix is singular or near-singular, with condition number 1.03e+25. Standard errors may be unstable.
                               SARIMAX Results                                
==============================================================================
Dep. Variable:               CS-A-5YR   No. Observations:                  127
Model:                 ARIMA(2, 1, 0)   Log Likelihood                  34.624
Date:                Sat, 12 Sep 2020   AIC                            -57.248
Time:                        16:36:36   BIC                            -40.230
Sample:                    01-31-2009   HQIC                           -50.334
                         - 07-31-2019                                         
Covariance Type:                  opg                                         
======================================================================================
                         coef    std err          z      P>|z|      [0.025      0.975]
--------------------------------------------------------------------------------------
const              -4.683e-13   1.44e-12     -0.326      0.744   -3.28e-12    2.35e-12
Market-RMRF-delta      0.0042      0.002      1.830      0.067      -0.000       0.009
Market-SP500-delta     0.0001      0.000      0.520      0.603      -0.000       0.001
ar.L1                  0.3067      0.038      8.029      0.000       0.232       0.382
ar.L2                 -0.0297      0.055     -0.538      0.590      -0.138       0.078
sigma2                 0.0326      0.002     17.468      0.000       0.029       0.036
===================================================================================
Ljung-Box (Q):                       38.62   Jarque-Bera (JB):               720.32
Prob(Q):                              0.53   Prob(JB):                         0.00
Heteroskedasticity (H):               0.11   Skew:                            -1.85
Prob(H) (two-sided):                  0.00   Kurtosis:                        14.12
===================================================================================

Warnings:
[1] Covariance matrix calculated using the outer product of gradients (complex-step).
[2] Covariance matrix is singular or near-singular, with condition number 5.83e+26. Standard errors may be unstable.
                               SARIMAX Results                                
==============================================================================
Dep. Variable:             CS-Baa-5YR   No. Observations:                  127
Model:                 ARIMA(3, 1, 2)   Log Likelihood                  16.505
Date:                Sat, 12 Sep 2020   AIC                            -15.009
Time:                        16:36:37   BIC                             10.518
Sample:                    01-31-2009   HQIC                            -4.638
                         - 07-31-2019                                         
Covariance Type:                  opg                                         
======================================================================================
                         coef    std err          z      P>|z|      [0.025      0.975]
--------------------------------------------------------------------------------------
const               1.002e-09   3.47e-08      0.029      0.977    -6.7e-08     6.9e-08
Market-RMRF-delta      0.0011      0.003      0.323      0.747      -0.006       0.008
Market-SP500-delta     0.0005      0.000      1.391      0.164      -0.000       0.001
ar.L1                  0.1950      0.872      0.223      0.823      -1.515       1.905
ar.L2                  0.1336      0.678      0.197      0.844      -1.195       1.462
ar.L3                  0.1424      0.303      0.470      0.638      -0.451       0.736
ma.L1                  0.1996      0.894      0.223      0.823      -1.553       1.952
ma.L2                 -0.0641      0.650     -0.099      0.922      -1.338       1.210
sigma2                 0.0449      0.003     16.375      0.000       0.040       0.050
===================================================================================
Ljung-Box (Q):                       38.40   Jarque-Bera (JB):              1321.69
Prob(Q):                              0.54   Prob(JB):                         0.00
Heteroskedasticity (H):               0.18   Skew:                            -2.29
Prob(H) (two-sided):                  0.00   Kurtosis:                        18.19
===================================================================================

Warnings:
[1] Covariance matrix calculated using the outer product of gradients (complex-step).
[2] Covariance matrix is singular or near-singular, with condition number 4.49e+22. Standard errors may be unstable.
           cs      order                  aic                  bic                 hqic            jb_pvalue               dw_res                  llf                  mse                 rmse                 mean                 mape
0  CS-Aaa-3MO  (3, 1, 0)           -24.454444            -7.436753           -17.540690             0.115075             1.544102            18.227222             0.012333             0.111055            -0.028563             0.064441
1   CS-Aa-5YR  (1, 1, 1)           -76.965436           -59.947745           -70.051681             0.284081             2.243584            44.482718             0.007456             0.086347            -0.002448             0.099814
2    CS-A-5YR  (2, 1, 0)           -57.247604           -40.229912           -50.333849             0.152307             2.434771            34.623802             0.009058             0.095171            -0.003138             0.070784
3  CS-Baa-5YR  (3, 1, 2)           -15.009026            10.517511            -4.638394             0.037989             2.251687            16.504513             0.015981             0.126416            -0.001742             0.060256
