********** ARIMA-CS-V2-X-TB-1YR-c **********
                               SARIMAX Results                                
==============================================================================
Dep. Variable:             CS-Aaa-1YR   No. Observations:                  127
Model:                 ARIMA(3, 1, 0)   Log Likelihood                  23.528
Date:                Sat, 12 Sep 2020   AIC                            -35.055
Time:                        16:36:28   BIC                            -18.038
Sample:                    01-31-2009   HQIC                           -28.142
                         - 07-31-2019                                         
Covariance Type:                  opg                                         
===================================================================================
                      coef    std err          z      P>|z|      [0.025      0.975]
-----------------------------------------------------------------------------------
const            6.437e-08   3.81e-09     16.901      0.000    5.69e-08    7.18e-08
TB-1YR-TY-delta     0.4842      0.184      2.630      0.009       0.123       0.845
ar.L1              -0.2391      0.095     -2.513      0.012      -0.426      -0.053
ar.L2               0.3321      0.095      3.502      0.000       0.146       0.518
ar.L3               0.2533      0.155      1.637      0.102      -0.050       0.557
sigma2              0.0402      0.005      8.605      0.000       0.031       0.049
===================================================================================
Ljung-Box (Q):                       22.12   Jarque-Bera (JB):              1582.07
Prob(Q):                              0.99   Prob(JB):                         0.00
Heteroskedasticity (H):               0.23   Skew:                            -2.09
Prob(H) (two-sided):                  0.00   Kurtosis:                        19.85
===================================================================================

Warnings:
[1] Covariance matrix calculated using the outer product of gradients (complex-step).
[2] Covariance matrix is singular or near-singular, with condition number 1.25e+23. Standard errors may be unstable.
                               SARIMAX Results                                
==============================================================================
Dep. Variable:              CS-Aa-1YR   No. Observations:                  127
Model:                 ARIMA(1, 1, 1)   Log Likelihood                  60.591
Date:                Sat, 12 Sep 2020   AIC                           -109.182
Time:                        16:36:30   BIC                            -92.164
Sample:                    01-31-2009   HQIC                          -102.268
                         - 07-31-2019                                         
Covariance Type:                  opg                                         
======================================================================================
                         coef    std err          z      P>|z|      [0.025      0.975]
--------------------------------------------------------------------------------------
const              -2.926e-08   1.14e-10   -256.761      0.000   -2.95e-08    -2.9e-08
Market-RMRF-delta      0.0043      0.002      2.147      0.032       0.000       0.008
Market-SP500-delta    -0.0003      0.000     -1.441      0.150      -0.001       0.000
ar.L1                  0.9389      0.078     11.995      0.000       0.785       1.092
ma.L1                 -0.8663      0.110     -7.905      0.000      -1.081      -0.652
sigma2                 0.0223      0.002      8.967      0.000       0.017       0.027
===================================================================================
Ljung-Box (Q):                       63.17   Jarque-Bera (JB):                 2.95
Prob(Q):                              0.01   Prob(JB):                         0.23
Heteroskedasticity (H):               0.18   Skew:                            -0.23
Prob(H) (two-sided):                  0.00   Kurtosis:                         3.59
===================================================================================

Warnings:
[1] Covariance matrix calculated using the outer product of gradients (complex-step).
[2] Covariance matrix is singular or near-singular, with condition number 2.41e+25. Standard errors may be unstable.
                               SARIMAX Results                                
==============================================================================
Dep. Variable:               CS-A-1YR   No. Observations:                  127
Model:                 ARIMA(2, 1, 0)   Log Likelihood                  54.250
Date:                Sat, 12 Sep 2020   AIC                            -96.501
Time:                        16:36:31   BIC                            -79.483
Sample:                    01-31-2009   HQIC                           -89.587
                         - 07-31-2019                                         
Covariance Type:                  opg                                         
======================================================================================
                         coef    std err          z      P>|z|      [0.025      0.975]
--------------------------------------------------------------------------------------
const              -4.146e-12   4.18e-11     -0.099      0.921   -8.61e-11    7.78e-11
Market-RMRF-delta      0.0058      0.002      2.707      0.007       0.002       0.010
Market-SP500-delta    -0.0003      0.000     -1.354      0.176      -0.001       0.000
ar.L1                  0.2414      0.052      4.670      0.000       0.140       0.343
ar.L2                  0.0956      0.072      1.328      0.184      -0.046       0.237
sigma2                 0.0244      0.002     10.769      0.000       0.020       0.029
===================================================================================
Ljung-Box (Q):                       65.87   Jarque-Bera (JB):                32.79
Prob(Q):                              0.01   Prob(JB):                         0.00
Heteroskedasticity (H):               0.20   Skew:                            -0.56
Prob(H) (two-sided):                  0.00   Kurtosis:                         5.23
===================================================================================

Warnings:
[1] Covariance matrix calculated using the outer product of gradients (complex-step).
[2] Covariance matrix is singular or near-singular, with condition number 5.04e+25. Standard errors may be unstable.
                               SARIMAX Results                                
==============================================================================
Dep. Variable:             CS-Baa-1YR   No. Observations:                  127
Model:                 ARIMA(3, 1, 2)   Log Likelihood                  36.588
Date:                Sat, 12 Sep 2020   AIC                            -55.177
Time:                        16:36:33   BIC                            -29.650
Sample:                    01-31-2009   HQIC                           -44.806
                         - 07-31-2019                                         
Covariance Type:                  opg                                         
======================================================================================
                         coef    std err          z      P>|z|      [0.025      0.975]
--------------------------------------------------------------------------------------
const               5.282e-10   1.65e-08      0.032      0.975   -3.19e-08     3.3e-08
Market-RMRF-delta      0.0029      0.003      0.946      0.344      -0.003       0.009
Market-SP500-delta -1.231e-05      0.000     -0.042      0.967      -0.001       0.001
ar.L1                 -0.0802      0.612     -0.131      0.896      -1.279       1.119
ar.L2                 -0.0212      0.504     -0.042      0.966      -1.008       0.966
ar.L3                  0.3045      0.151      2.013      0.044       0.008       0.601
ma.L1                  0.3457      0.617      0.561      0.575      -0.863       1.555
ma.L2                  0.3183      0.494      0.644      0.519      -0.650       1.287
sigma2                 0.0328      0.003     12.679      0.000       0.028       0.038
===================================================================================
Ljung-Box (Q):                       49.41   Jarque-Bera (JB):               130.44
Prob(Q):                              0.15   Prob(JB):                         0.00
Heteroskedasticity (H):               0.29   Skew:                            -0.94
Prob(H) (two-sided):                  0.00   Kurtosis:                         7.61
===================================================================================

Warnings:
[1] Covariance matrix calculated using the outer product of gradients (complex-step).
[2] Covariance matrix is singular or near-singular, with condition number 2.98e+23. Standard errors may be unstable.
           cs      order                  aic                  bic                 hqic            jb_pvalue               dw_res                  llf                  mse                 rmse                 mean                 mape
0  CS-Aaa-1YR  (3, 1, 0)           -35.055399           -18.037708           -28.141645             0.560697             1.559436            23.527700             0.010721             0.103543            -0.018772             0.081603
1   CS-Aa-1YR  (1, 1, 1)          -109.182153           -92.164461          -102.268398             0.406067             1.826108            60.591076             0.004928             0.070197            -0.012168             0.068948
2    CS-A-1YR  (2, 1, 0)           -96.500880           -79.483188           -89.587125             0.746238             2.012202            54.250440             0.006211             0.078813            -0.020271             0.051692
3  CS-Baa-1YR  (3, 1, 2)           -55.176646           -29.650109           -44.806014             0.610183             1.962869            36.588323             0.009369             0.096795            -0.011336             0.041201
