********** ARIMA-CS-V2-c **********
                               SARIMAX Results                                
==============================================================================
Dep. Variable:             CS-Aaa-3MO   No. Observations:                  127
Model:                 ARIMA(3, 1, 0)   Log Likelihood                   6.912
Date:                Sat, 12 Sep 2020   AIC                             -3.824
Time:                        16:35:24   BIC                             10.357
Sample:                    01-31-2009   HQIC                             1.938
                         - 07-31-2019                                         
Covariance Type:                  opg                                         
==============================================================================
                 coef    std err          z      P>|z|      [0.025      0.975]
------------------------------------------------------------------------------
const       6.201e-08   8.02e-09      7.735      0.000    4.63e-08    7.77e-08
ar.L1         -0.2885      0.071     -4.082      0.000      -0.427      -0.150
ar.L2          0.3485      0.087      3.984      0.000       0.177       0.520
ar.L3          0.2459      0.141      1.745      0.081      -0.030       0.522
sigma2         0.0523      0.005     10.089      0.000       0.042       0.062
===================================================================================
Ljung-Box (Q):                       20.47   Jarque-Bera (JB):              1284.58
Prob(Q):                              1.00   Prob(JB):                         0.00
Heteroskedasticity (H):               0.18   Skew:                            -1.81
Prob(H) (two-sided):                  0.00   Kurtosis:                        18.22
===================================================================================

Warnings:
[1] Covariance matrix calculated using the outer product of gradients (complex-step).
[2] Covariance matrix is singular or near-singular, with condition number 1.44e+23. Standard errors may be unstable.
                               SARIMAX Results                                
==============================================================================
Dep. Variable:              CS-Aa-3MO   No. Observations:                  127
Model:                 ARIMA(1, 1, 1)   Log Likelihood                  41.164
Date:                Sat, 12 Sep 2020   AIC                            -74.327
Time:                        16:35:25   BIC                            -62.982
Sample:                    01-31-2009   HQIC                           -69.718
                         - 07-31-2019                                         
Covariance Type:                  opg                                         
==============================================================================
                 coef    std err          z      P>|z|      [0.025      0.975]
------------------------------------------------------------------------------
const      -2.649e-08   6.15e-10    -43.031      0.000   -2.77e-08   -2.53e-08
ar.L1          0.7206      0.300      2.401      0.016       0.132       1.309
ma.L1         -0.6142      0.334     -1.836      0.066      -1.270       0.041
sigma2         0.0305      0.004      7.771      0.000       0.023       0.038
===================================================================================
Ljung-Box (Q):                       84.38   Jarque-Bera (JB):                 0.92
Prob(Q):                              0.00   Prob(JB):                         0.63
Heteroskedasticity (H):               0.22   Skew:                            -0.20
Prob(H) (two-sided):                  0.00   Kurtosis:                         2.85
===================================================================================

Warnings:
[1] Covariance matrix calculated using the outer product of gradients (complex-step).
[2] Covariance matrix is singular or near-singular, with condition number 4.35e+24. Standard errors may be unstable.
                               SARIMAX Results                                
==============================================================================
Dep. Variable:               CS-A-3MO   No. Observations:                  127
Model:                 ARIMA(2, 1, 0)   Log Likelihood                  32.026
Date:                Sat, 12 Sep 2020   AIC                            -56.052
Time:                        16:35:26   BIC                            -44.707
Sample:                    01-31-2009   HQIC                           -51.443
                         - 07-31-2019                                         
Covariance Type:                  opg                                         
==============================================================================
                 coef    std err          z      P>|z|      [0.025      0.975]
------------------------------------------------------------------------------
const      -3.055e-09   8.67e-11    -35.225      0.000   -3.23e-09   -2.89e-09
ar.L1          0.1670      0.072      2.312      0.021       0.025       0.309
ar.L2          0.1208      0.069      1.762      0.078      -0.014       0.255
sigma2         0.0352      0.004      9.004      0.000       0.028       0.043
===================================================================================
Ljung-Box (Q):                       90.21   Jarque-Bera (JB):                 7.82
Prob(Q):                              0.00   Prob(JB):                         0.02
Heteroskedasticity (H):               0.20   Skew:                            -0.29
Prob(H) (two-sided):                  0.00   Kurtosis:                         4.07
===================================================================================

Warnings:
[1] Covariance matrix calculated using the outer product of gradients (complex-step).
[2] Covariance matrix is singular or near-singular, with condition number 2.18e+24. Standard errors may be unstable.
                               SARIMAX Results                                
==============================================================================
Dep. Variable:             CS-Baa-3MO   No. Observations:                  127
Model:                 ARIMA(3, 1, 2)   Log Likelihood                  32.241
Date:                Sat, 12 Sep 2020   AIC                            -50.481
Time:                        16:35:27   BIC                            -30.627
Sample:                    01-31-2009   HQIC                           -42.415
                         - 07-31-2019                                         
Covariance Type:                  opg                                         
==============================================================================
                 coef    std err          z      P>|z|      [0.025      0.975]
------------------------------------------------------------------------------
const      -3.573e-08   4.78e-09     -7.480      0.000   -4.51e-08   -2.64e-08
ar.L1         -0.4312      0.070     -6.136      0.000      -0.569      -0.293
ar.L2         -0.4398      0.090     -4.874      0.000      -0.617      -0.263
ar.L3          0.4773      0.073      6.554      0.000       0.335       0.620
ma.L1          0.7502      0.057     13.216      0.000       0.639       0.861
ma.L2          0.9013      0.078     11.549      0.000       0.748       1.054
sigma2         0.0345      0.003     10.244      0.000       0.028       0.041
===================================================================================
Ljung-Box (Q):                       36.37   Jarque-Bera (JB):                46.76
Prob(Q):                              0.63   Prob(JB):                         0.00
Heteroskedasticity (H):               0.27   Skew:                            -0.72
Prob(H) (two-sided):                  0.00   Kurtosis:                         5.62
===================================================================================

Warnings:
[1] Covariance matrix calculated using the outer product of gradients (complex-step).
[2] Covariance matrix is singular or near-singular, with condition number 1.1e+25. Standard errors may be unstable.
                               SARIMAX Results                                
==============================================================================
Dep. Variable:             CS-Aaa-1YR   No. Observations:                  127
Model:                 ARIMA(4, 1, 2)   Log Likelihood                  21.016
Date:                Sat, 12 Sep 2020   AIC                            -26.031
Time:                        16:35:29   BIC                             -3.341
Sample:                    01-31-2009   HQIC                           -16.813
                         - 07-31-2019                                         
Covariance Type:                  opg                                         
==============================================================================
                 coef    std err          z      P>|z|      [0.025      0.975]
------------------------------------------------------------------------------
const       6.618e-06   5.65e-08    117.238      0.000    6.51e-06    6.73e-06
ar.L1         -1.7655      0.105    -16.849      0.000      -1.971      -1.560
ar.L2         -0.7680      0.196     -3.913      0.000      -1.153      -0.383
ar.L3          0.5800      0.174      3.334      0.001       0.239       0.921
ar.L4          0.4719      0.081      5.857      0.000       0.314       0.630
ma.L1          1.5712      0.101     15.587      0.000       1.374       1.769
ma.L2          0.8576      0.110      7.785      0.000       0.642       1.073
sigma2         0.0414      0.005      8.749      0.000       0.032       0.051
===================================================================================
Ljung-Box (Q):                       26.40   Jarque-Bera (JB):              1426.03
Prob(Q):                              0.95   Prob(JB):                         0.00
Heteroskedasticity (H):               0.16   Skew:                            -2.02
Prob(H) (two-sided):                  0.00   Kurtosis:                        18.98
===================================================================================

Warnings:
[1] Covariance matrix calculated using the outer product of gradients (complex-step).
[2] Covariance matrix is singular or near-singular, with condition number 3.57e+22. Standard errors may be unstable.
                               SARIMAX Results                                
==============================================================================
Dep. Variable:              CS-Aa-1YR   No. Observations:                  127
Model:                 ARIMA(4, 1, 5)   Log Likelihood                  65.119
Date:                Sat, 12 Sep 2020   AIC                           -108.238
Time:                        16:35:31   BIC                            -77.039
Sample:                    01-31-2009   HQIC                           -95.563
                         - 07-31-2019                                         
Covariance Type:                  opg                                         
==============================================================================
                 coef    std err          z      P>|z|      [0.025      0.975]
------------------------------------------------------------------------------
const      -8.393e-08   1.49e-06     -0.056      0.955      -3e-06    2.83e-06
ar.L1         -0.5395      0.857     -0.629      0.529      -2.220       1.141
ar.L2         -0.0867      1.143     -0.076      0.939      -2.326       2.153
ar.L3          0.0600      0.846      0.071      0.943      -1.599       1.719
ar.L4          0.5027      0.558      0.901      0.367      -0.590       1.596
ma.L1          0.6770      0.871      0.777      0.437      -1.031       2.385
ma.L2          0.3195      1.276      0.250      0.802      -2.181       2.820
ma.L3          0.2790      1.119      0.249      0.803      -1.915       2.473
ma.L4         -0.4942      1.042     -0.474      0.635      -2.536       1.547
ma.L5         -0.1406      0.333     -0.422      0.673      -0.793       0.512
sigma2         0.0206      0.004      4.941      0.000       0.012       0.029
===================================================================================
Ljung-Box (Q):                       41.77   Jarque-Bera (JB):                 2.12
Prob(Q):                              0.39   Prob(JB):                         0.35
Heteroskedasticity (H):               0.27   Skew:                            -0.25
Prob(H) (two-sided):                  0.00   Kurtosis:                         3.38
===================================================================================

Warnings:
[1] Covariance matrix calculated using the outer product of gradients (complex-step).
[2] Covariance matrix is singular or near-singular, with condition number 7.89e+21. Standard errors may be unstable.
                               SARIMAX Results                                
==============================================================================
Dep. Variable:               CS-A-1YR   No. Observations:                  127
Model:                 ARIMA(4, 1, 5)   Log Likelihood                  56.985
Date:                Sat, 12 Sep 2020   AIC                            -91.970
Time:                        16:35:32   BIC                            -60.771
Sample:                    01-31-2009   HQIC                           -79.295
                         - 07-31-2019                                         
Covariance Type:                  opg                                         
==============================================================================
                 coef    std err          z      P>|z|      [0.025      0.975]
------------------------------------------------------------------------------
const      -8.755e-08   9.29e-07     -0.094      0.925   -1.91e-06    1.73e-06
ar.L1         -0.2326      0.587     -0.397      0.692      -1.383       0.917
ar.L2         -0.0850      0.686     -0.124      0.901      -1.430       1.261
ar.L3          0.1619      0.546      0.297      0.767      -0.908       1.231
ar.L4          0.5508      0.396      1.391      0.164      -0.225       1.327
ma.L1          0.5032      0.597      0.842      0.400      -0.668       1.674
ma.L2          0.2831      0.825      0.343      0.731      -1.334       1.900
ma.L3          0.1087      0.814      0.133      0.894      -1.487       1.705
ma.L4         -0.7119      0.738     -0.964      0.335      -2.159       0.735
ma.L5         -0.1775      0.276     -0.643      0.520      -0.719       0.364
sigma2         0.0233      0.003      8.252      0.000       0.018       0.029
===================================================================================
Ljung-Box (Q):                       37.72   Jarque-Bera (JB):                14.13
Prob(Q):                              0.57   Prob(JB):                         0.00
Heteroskedasticity (H):               0.29   Skew:                            -0.43
Prob(H) (two-sided):                  0.00   Kurtosis:                         4.39
===================================================================================

Warnings:
[1] Covariance matrix calculated using the outer product of gradients (complex-step).
[2] Covariance matrix is singular or near-singular, with condition number 4.76e+21. Standard errors may be unstable.
                               SARIMAX Results                                
==============================================================================
Dep. Variable:             CS-Baa-1YR   No. Observations:                  127
Model:                 ARIMA(4, 1, 5)   Log Likelihood                  42.072
Date:                Sat, 12 Sep 2020   AIC                            -62.144
Time:                        16:35:34   BIC                            -30.945
Sample:                    01-31-2009   HQIC                           -49.469
                         - 07-31-2019                                         
Covariance Type:                  opg                                         
==============================================================================
                 coef    std err          z      P>|z|      [0.025      0.975]
------------------------------------------------------------------------------
const       1.099e-07   4.54e-06      0.024      0.981   -8.79e-06    9.01e-06
ar.L1         -1.0236      0.378     -2.706      0.007      -1.765      -0.282
ar.L2         -0.6368      0.611     -1.042      0.297      -1.835       0.561
ar.L3          0.1885      0.578      0.326      0.744      -0.943       1.320
ar.L4          0.4153      0.284      1.463      0.144      -0.141       0.972
ma.L1          1.4318      0.623      2.299      0.021       0.211       2.652
ma.L2          1.2833      0.801      1.602      0.109      -0.287       2.854
ma.L3          0.6137      0.920      0.667      0.505      -1.190       2.417
ma.L4         -0.1218      0.631     -0.193      0.847      -1.359       1.116
ma.L5          0.1125      0.202      0.558      0.577      -0.283       0.508
sigma2         0.0290      0.015      1.962      0.050    2.96e-05       0.058
===================================================================================
Ljung-Box (Q):                       33.69   Jarque-Bera (JB):               119.71
Prob(Q):                              0.75   Prob(JB):                         0.00
Heteroskedasticity (H):               0.33   Skew:                            -0.92
Prob(H) (two-sided):                  0.00   Kurtosis:                         7.40
===================================================================================

Warnings:
[1] Covariance matrix calculated using the outer product of gradients (complex-step).
[2] Covariance matrix is singular or near-singular, with condition number 2.46e+23. Standard errors may be unstable.
                               SARIMAX Results                                
==============================================================================
Dep. Variable:             CS-Aaa-5YR   No. Observations:                  127
Model:                 ARIMA(3, 1, 5)   Log Likelihood                  40.773
Date:                Sat, 12 Sep 2020   AIC                            -61.546
Time:                        16:35:36   BIC                            -33.183
Sample:                    01-31-2009   HQIC                           -50.023
                         - 07-31-2019                                         
Covariance Type:                  opg                                         
==============================================================================
                 coef    std err          z      P>|z|      [0.025      0.975]
------------------------------------------------------------------------------
const       2.059e-06   9.39e-07      2.193      0.028    2.19e-07     3.9e-06
ar.L1          0.8124      0.190      4.268      0.000       0.439       1.185
ar.L2         -0.6934      0.242     -2.867      0.004      -1.167      -0.219
ar.L3          0.8602      0.173      4.970      0.000       0.521       1.200
ma.L1         -1.1229      0.216     -5.198      0.000      -1.546      -0.699
ma.L2          1.4780      0.306      4.828      0.000       0.878       2.078
ma.L3         -1.3663      0.296     -4.610      0.000      -1.947      -0.785
ma.L4          0.7484      0.172      4.344      0.000       0.411       1.086
ma.L5         -0.4119      0.123     -3.349      0.001      -0.653      -0.171
sigma2         0.0300      0.003      8.778      0.000       0.023       0.037
===================================================================================
Ljung-Box (Q):                       22.16   Jarque-Bera (JB):              1742.59
Prob(Q):                              0.99   Prob(JB):                         0.00
Heteroskedasticity (H):               0.20   Skew:                            -2.46
Prob(H) (two-sided):                  0.00   Kurtosis:                        20.54
===================================================================================

Warnings:
[1] Covariance matrix calculated using the outer product of gradients (complex-step).
[2] Covariance matrix is singular or near-singular, with condition number 2.39e+21. Standard errors may be unstable.
                               SARIMAX Results                                
==============================================================================
Dep. Variable:              CS-Aa-5YR   No. Observations:                  127
Model:                 ARIMA(3, 1, 6)   Log Likelihood                  49.874
Date:                Sat, 12 Sep 2020   AIC                            -77.747
Time:                        16:35:38   BIC                            -46.548
Sample:                    01-31-2009   HQIC                           -65.072
                         - 07-31-2019                                         
Covariance Type:                  opg                                         
==============================================================================
                 coef    std err          z      P>|z|      [0.025      0.975]
------------------------------------------------------------------------------
const      -1.223e-08   1.21e+04  -1.01e-12      1.000   -2.38e+04    2.38e+04
ar.L1          0.3400      0.077      4.390      0.000       0.188       0.492
ar.L2          0.3814      0.063      6.019      0.000       0.257       0.506
ar.L3         -0.9409      0.076    -12.302      0.000      -1.091      -0.791
ma.L1          0.0202      0.135      0.150      0.881      -0.245       0.285
ma.L2         -0.5980      0.119     -5.022      0.000      -0.831      -0.365
ma.L3          1.1491      0.141      8.168      0.000       0.873       1.425
ma.L4          0.2396      0.122      1.960      0.050    1.92e-06       0.479
ma.L5         -0.3123      0.088     -3.551      0.000      -0.485      -0.140
ma.L6          0.3410      0.109      3.142      0.002       0.128       0.554
sigma2         0.0258      0.004      6.617      0.000       0.018       0.033
===================================================================================
Ljung-Box (Q):                       36.43   Jarque-Bera (JB):               156.91
Prob(Q):                              0.63   Prob(JB):                         0.00
Heteroskedasticity (H):               0.21   Skew:                            -0.84
Prob(H) (two-sided):                  0.00   Kurtosis:                         8.20
===================================================================================

Warnings:
[1] Covariance matrix calculated using the outer product of gradients (complex-step).
                               SARIMAX Results                                
==============================================================================
Dep. Variable:               CS-A-5YR   No. Observations:                  127
Model:                 ARIMA(3, 1, 0)   Log Likelihood                  28.059
Date:                Sat, 12 Sep 2020   AIC                            -46.118
Time:                        16:35:39   BIC                            -31.937
Sample:                    01-31-2009   HQIC                           -40.357
                         - 07-31-2019                                         
Covariance Type:                  opg                                         
==============================================================================
                 coef    std err          z      P>|z|      [0.025      0.975]
------------------------------------------------------------------------------
const       3.743e-09    2.2e-10     16.995      0.000    3.31e-09    4.17e-09
ar.L1          0.3304      0.049      6.774      0.000       0.235       0.426
ar.L2         -0.1591      0.063     -2.539      0.011      -0.282      -0.036
ar.L3          0.1737      0.074      2.356      0.018       0.029       0.318
sigma2         0.0374      0.003     14.285      0.000       0.032       0.043
===================================================================================
Ljung-Box (Q):                       43.73   Jarque-Bera (JB):               323.93
Prob(Q):                              0.32   Prob(JB):                         0.00
Heteroskedasticity (H):               0.13   Skew:                            -1.39
Prob(H) (two-sided):                  0.00   Kurtosis:                        10.35
===================================================================================

Warnings:
[1] Covariance matrix calculated using the outer product of gradients (complex-step).
[2] Covariance matrix is singular or near-singular, with condition number 2.84e+24. Standard errors may be unstable.
                               SARIMAX Results                                
==============================================================================
Dep. Variable:             CS-Baa-5YR   No. Observations:                  127
Model:                 ARIMA(1, 1, 2)   Log Likelihood                   8.398
Date:                Sat, 12 Sep 2020   AIC                             -6.797
Time:                        16:35:39   BIC                              7.384
Sample:                    01-31-2009   HQIC                            -1.035
                         - 07-31-2019                                         
Covariance Type:                  opg                                         
==============================================================================
                 coef    std err          z      P>|z|      [0.025      0.975]
------------------------------------------------------------------------------
const       1.844e-07   4.91e-10    375.787      0.000    1.83e-07    1.85e-07
ar.L1          0.8534      0.168      5.073      0.000       0.524       1.183
ma.L1         -0.4526      0.186     -2.439      0.015      -0.816      -0.089
ma.L2         -0.2339      0.116     -2.018      0.044      -0.461      -0.007
sigma2         0.0512      0.003     19.927      0.000       0.046       0.056
===================================================================================
Ljung-Box (Q):                       42.02   Jarque-Bera (JB):               869.51
Prob(Q):                              0.38   Prob(JB):                         0.00
Heteroskedasticity (H):               0.20   Skew:                            -1.92
Prob(H) (two-sided):                  0.00   Kurtosis:                        15.28
===================================================================================

Warnings:
[1] Covariance matrix calculated using the outer product of gradients (complex-step).
[2] Covariance matrix is singular or near-singular, with condition number 2.26e+24. Standard errors may be unstable.
            cs      order                  aic                  bic                 hqic            jb_pvalue               dw_res                  llf                  mse                 rmse                 mean                 mape
0   CS-Aaa-3MO  (3, 1, 0)            -3.823931            10.357478             1.937531             0.117239             1.628684             6.911966             0.014260             0.119413            -0.026447             0.075287
1    CS-Aa-3MO  (1, 1, 1)           -74.327235           -62.982107           -69.718065             0.573103             2.044379            41.163618             0.012335             0.111064            -0.026663             0.086190
2     CS-A-3MO  (2, 1, 0)           -56.052454           -44.707326           -51.443284             0.655546             2.071616            32.026227             0.012975             0.113908            -0.026905             0.062992
3   CS-Baa-3MO  (3, 1, 2)           -50.481463           -30.627489           -42.415416             0.716243             2.255622            32.240731             0.014111             0.118788            -0.015800             0.044406
4   CS-Aaa-1YR  (4, 1, 2)           -26.031150            -3.340895           -16.812811             0.711404             1.817927            21.015575             0.009219             0.096013            -0.022720             0.064883
5    CS-Aa-1YR  (4, 1, 5)          -108.237851           -77.038750           -95.562634             0.786312             1.946806            65.118926             0.009443             0.097177            -0.017352             0.092875
6     CS-A-1YR  (4, 1, 5)           -91.970484           -60.771383           -79.295267             0.653837             2.058703            56.985242             0.009890             0.099450            -0.019409             0.067961
7   CS-Baa-1YR  (4, 1, 5)           -62.143802           -30.944702           -49.468586             0.684172             2.084926            42.071901             0.009770             0.098845            -0.012983             0.046121
8   CS-Aaa-5YR  (3, 1, 5)           -61.545943           -33.183124           -50.023019             0.481501             1.522996            40.772972             0.012973             0.113899             0.000088             0.112433
9    CS-Aa-5YR  (3, 1, 6)           -77.747113           -46.548012           -65.071896             0.791929             2.438421            49.873557             0.010011             0.100054            -0.000234             0.117695
10    CS-A-5YR  (3, 1, 0)           -46.118331           -31.936922           -40.356869             0.829214             2.558588            28.059166             0.012234             0.110609            -0.002492             0.086396
11  CS-Baa-5YR  (1, 1, 2)            -6.796915             7.384494            -1.035453             0.734690             2.576861             8.398458             0.022765             0.150879            -0.001214             0.079607
