********** ARIMA-CS-V2-X-Market-c **********
                               SARIMAX Results                                
==============================================================================
Dep. Variable:             CS-Aaa-3MO   No. Observations:                  127
Model:                 ARIMA(3, 1, 0)   Log Likelihood                  12.878
Date:                Sat, 12 Sep 2020   AIC                            -11.756
Time:                        16:36:04   BIC                              8.097
Sample:                    01-31-2009   HQIC                            -3.690
                         - 07-31-2019                                         
Covariance Type:                  opg                                         
======================================================================================
                         coef    std err          z      P>|z|      [0.025      0.975]
--------------------------------------------------------------------------------------
const               3.581e-09   2.28e-09      1.569      0.117   -8.93e-10    8.05e-09
Market-RMRF-delta      0.0104      0.004      2.896      0.004       0.003       0.017
Market-SP500-delta    -0.0010      0.000     -2.692      0.007      -0.002      -0.000
ar.L1                 -0.2534      0.092     -2.765      0.006      -0.433      -0.074
ar.L2                  0.3661      0.096      3.803      0.000       0.177       0.555
ar.L3                  0.2538      0.159      1.592      0.111      -0.059       0.566
sigma2                 0.0473      0.005      9.234      0.000       0.037       0.057
===================================================================================
Ljung-Box (Q):                       21.68   Jarque-Bera (JB):               823.53
Prob(Q):                              0.99   Prob(JB):                         0.00
Heteroskedasticity (H):               0.16   Skew:                            -1.38
Prob(H) (two-sided):                  0.00   Kurtosis:                        15.22
===================================================================================

Warnings:
[1] Covariance matrix calculated using the outer product of gradients (complex-step).
[2] Covariance matrix is singular or near-singular, with condition number 2.21e+23. Standard errors may be unstable.
                               SARIMAX Results                                
==============================================================================
Dep. Variable:              CS-Aa-3MO   No. Observations:                  127
Model:                 ARIMA(1, 1, 1)   Log Likelihood                  42.735
Date:                Sat, 12 Sep 2020   AIC                            -73.470
Time:                        16:36:05   BIC                            -56.453
Sample:                    01-31-2009   HQIC                           -66.557
                         - 07-31-2019                                         
Covariance Type:                  opg                                         
======================================================================================
                         coef    std err          z      P>|z|      [0.025      0.975]
--------------------------------------------------------------------------------------
const              -2.128e-13   3.12e-08  -6.83e-06      1.000   -6.11e-08    6.11e-08
Market-RMRF-delta      0.0065      0.003      2.495      0.013       0.001       0.012
Market-SP500-delta    -0.0006      0.000     -2.137      0.033      -0.001   -4.89e-05
ar.L1                  0.0013     27.938   4.71e-05      1.000     -54.757      54.760
ma.L1                  0.0013     27.946   4.71e-05      1.000     -54.772      54.774
sigma2                 0.0297      0.004      7.615      0.000       0.022       0.037
===================================================================================
Ljung-Box (Q):                       79.96   Jarque-Bera (JB):                 1.28
Prob(Q):                              0.00   Prob(JB):                         0.53
Heteroskedasticity (H):               0.21   Skew:                            -0.25
Prob(H) (two-sided):                  0.00   Kurtosis:                         3.03
===================================================================================

Warnings:
[1] Covariance matrix calculated using the outer product of gradients (complex-step).
[2] Covariance matrix is singular or near-singular, with condition number 2.33e+24. Standard errors may be unstable.
                               SARIMAX Results                                
==============================================================================
Dep. Variable:               CS-A-3MO   No. Observations:                  127
Model:                 ARIMA(2, 1, 0)   Log Likelihood                  37.066
Date:                Sat, 12 Sep 2020   AIC                            -62.133
Time:                        16:36:05   BIC                            -45.115
Sample:                    01-31-2009   HQIC                           -55.219
                         - 07-31-2019                                         
Covariance Type:                  opg                                         
======================================================================================
                         coef    std err          z      P>|z|      [0.025      0.975]
--------------------------------------------------------------------------------------
const              -2.946e-15   8.53e-11  -3.45e-05      1.000   -1.67e-10    1.67e-10
Market-RMRF-delta      0.0082      0.003      3.018      0.003       0.003       0.014
Market-SP500-delta    -0.0006      0.000     -2.014      0.044      -0.001   -1.51e-05
ar.L1                  0.1508      0.062      2.420      0.016       0.029       0.273
ar.L2                  0.1476      0.075      1.957      0.050      -0.000       0.295
sigma2                 0.0312      0.003      9.468      0.000       0.025       0.038
===================================================================================
Ljung-Box (Q):                       87.91   Jarque-Bera (JB):                13.75
Prob(Q):                              0.00   Prob(JB):                         0.00
Heteroskedasticity (H):               0.20   Skew:                            -0.47
Prob(H) (two-sided):                  0.00   Kurtosis:                         4.32
===================================================================================

Warnings:
[1] Covariance matrix calculated using the outer product of gradients (complex-step).
[2] Covariance matrix is singular or near-singular, with condition number 2.94e+24. Standard errors may be unstable.
                               SARIMAX Results                                
==============================================================================
Dep. Variable:             CS-Baa-3MO   No. Observations:                  127
Model:                 ARIMA(3, 1, 2)   Log Likelihood                  30.032
Date:                Sat, 12 Sep 2020   AIC                            -42.064
Time:                        16:36:07   BIC                            -16.537
Sample:                    01-31-2009   HQIC                           -31.693
                         - 07-31-2019                                         
Covariance Type:                  opg                                         
======================================================================================
                         coef    std err          z      P>|z|      [0.025      0.975]
--------------------------------------------------------------------------------------
const               7.151e-11   1.53e-08      0.005      0.996   -2.99e-08       3e-08
Market-RMRF-delta      0.0052      0.004      1.451      0.147      -0.002       0.012
Market-SP500-delta    -0.0003      0.000     -0.826      0.409      -0.001       0.000
ar.L1                 -0.1191      0.306     -0.389      0.697      -0.719       0.481
ar.L2                 -0.0730      0.280     -0.260      0.795      -0.623       0.477
ar.L3                  0.3691      0.147      2.508      0.012       0.081       0.658
ma.L1                  0.3185      0.322      0.990      0.322      -0.312       0.949
ma.L2                  0.4856      0.277      1.754      0.079      -0.057       1.028
sigma2                 0.0363      0.003     10.829      0.000       0.030       0.043
===================================================================================
Ljung-Box (Q):                       55.97   Jarque-Bera (JB):               123.50
Prob(Q):                              0.05   Prob(JB):                         0.00
Heteroskedasticity (H):               0.24   Skew:                            -1.03
Prob(H) (two-sided):                  0.00   Kurtosis:                         7.39
===================================================================================

Warnings:
[1] Covariance matrix calculated using the outer product of gradients (complex-step).
[2] Covariance matrix is singular or near-singular, with condition number 2.16e+23. Standard errors may be unstable.
                               SARIMAX Results                                
==============================================================================
Dep. Variable:             CS-Aaa-1YR   No. Observations:                  127
Model:                 ARIMA(4, 1, 2)   Log Likelihood                  24.428
Date:                Sat, 12 Sep 2020   AIC                            -28.857
Time:                        16:36:09   BIC                             -0.494
Sample:                    01-31-2009   HQIC                           -17.334
                         - 07-31-2019                                         
Covariance Type:                  opg                                         
======================================================================================
                         coef    std err          z      P>|z|      [0.025      0.975]
--------------------------------------------------------------------------------------
const               2.815e-09   7.18e-07      0.004      0.997   -1.41e-06    1.41e-06
Market-RMRF-delta      0.0085      0.003      2.444      0.015       0.002       0.015
Market-SP500-delta    -0.0007      0.000     -1.935      0.053      -0.001    9.24e-06
ar.L1                 -0.1156      2.804     -0.041      0.967      -5.612       5.381
ar.L2                  0.2071      1.420      0.146      0.884      -2.575       2.990
ar.L3                  0.1335      0.912      0.146      0.884      -1.654       1.921
ar.L4                 -0.0158      0.844     -0.019      0.985      -1.670       1.639
ma.L1                 -0.1136      2.773     -0.041      0.967      -5.548       5.321
ma.L2                  0.1944      0.906      0.214      0.830      -1.582       1.971
sigma2                 0.0396      0.004      9.730      0.000       0.032       0.048
===================================================================================
Ljung-Box (Q):                       23.10   Jarque-Bera (JB):              1785.77
Prob(Q):                              0.99   Prob(JB):                         0.00
Heteroskedasticity (H):               0.13   Skew:                            -2.12
Prob(H) (two-sided):                  0.00   Kurtosis:                        20.95
===================================================================================

Warnings:
[1] Covariance matrix calculated using the outer product of gradients (complex-step).
[2] Covariance matrix is singular or near-singular, with condition number 7.7e+22. Standard errors may be unstable.
                               SARIMAX Results                                
==============================================================================
Dep. Variable:              CS-Aa-1YR   No. Observations:                  127
Model:                 ARIMA(4, 1, 5)   Log Likelihood                  64.336
Date:                Sat, 12 Sep 2020   AIC                           -102.672
Time:                        16:36:10   BIC                            -65.800
Sample:                    01-31-2009   HQIC                           -87.692
                         - 07-31-2019                                         
Covariance Type:                  opg                                         
======================================================================================
                         coef    std err          z      P>|z|      [0.025      0.975]
--------------------------------------------------------------------------------------
const              -1.462e-09   2.11e-06     -0.001      0.999   -4.14e-06    4.14e-06
Market-RMRF-delta      0.0033      0.002      1.526      0.127      -0.001       0.008
Market-SP500-delta    -0.0003      0.000     -1.269      0.204      -0.001       0.000
ar.L1                 -0.6699      6.672     -0.100      0.920     -13.747      12.407
ar.L2                  0.2185      7.560      0.029      0.977     -14.600      15.037
ar.L3                  0.3544      2.924      0.121      0.904      -5.377       6.085
ar.L4                  0.0194      0.671      0.029      0.977      -1.295       1.334
ma.L1                  0.7494      6.672      0.112      0.911     -12.328      13.827
ma.L2                  0.0545      8.073      0.007      0.995     -15.767      15.876
ma.L3                  0.0114      4.946      0.002      0.998      -9.683       9.705
ma.L4                 -0.0699      3.012     -0.023      0.981      -5.973       5.834
ma.L5                 -0.1489      1.515     -0.098      0.922      -3.119       2.821
sigma2                 0.0210      0.003      8.142      0.000       0.016       0.026
===================================================================================
Ljung-Box (Q):                       61.26   Jarque-Bera (JB):                 4.39
Prob(Q):                              0.02   Prob(JB):                         0.11
Heteroskedasticity (H):               0.22   Skew:                            -0.20
Prob(H) (two-sided):                  0.00   Kurtosis:                         3.82
===================================================================================

Warnings:
[1] Covariance matrix calculated using the outer product of gradients (complex-step).
[2] Covariance matrix is singular or near-singular, with condition number 2.19e+22. Standard errors may be unstable.
                               SARIMAX Results                                
==============================================================================
Dep. Variable:               CS-A-1YR   No. Observations:                  127
Model:                 ARIMA(4, 1, 5)   Log Likelihood                  57.737
Date:                Sat, 12 Sep 2020   AIC                            -89.475
Time:                        16:36:12   BIC                            -52.603
Sample:                    01-31-2009   HQIC                           -74.495
                         - 07-31-2019                                         
Covariance Type:                  opg                                         
======================================================================================
                         coef    std err          z      P>|z|      [0.025      0.975]
--------------------------------------------------------------------------------------
const              -1.007e-09   2.06e-05  -4.88e-05      1.000   -4.04e-05    4.04e-05
Market-RMRF-delta      0.0048      0.002      2.029      0.042       0.000       0.009
Market-SP500-delta    -0.0003      0.000     -1.211      0.226      -0.001       0.000
ar.L1                 -0.3721      7.331     -0.051      0.960     -14.740      13.996
ar.L2                 -0.1614      6.616     -0.024      0.981     -13.129      12.806
ar.L3                  0.3432      5.160      0.067      0.947      -9.770      10.456
ar.L4                  0.0979      0.794      0.123      0.902      -1.458       1.654
ma.L1                  0.6363      7.321      0.087      0.931     -13.713      14.986
ma.L2                  0.4594      8.523      0.054      0.957     -16.244      17.163
ma.L3                 -0.0444      8.344     -0.005      0.996     -16.398      16.309
ma.L4                 -0.1818      4.500     -0.040      0.968      -9.001       8.638
ma.L5                 -0.1426      1.654     -0.086      0.931      -3.384       3.098
sigma2                 0.0233      0.003      8.022      0.000       0.018       0.029
===================================================================================
Ljung-Box (Q):                       42.25   Jarque-Bera (JB):                30.46
Prob(Q):                              0.37   Prob(JB):                         0.00
Heteroskedasticity (H):               0.26   Skew:                            -0.47
Prob(H) (two-sided):                  0.00   Kurtosis:                         5.22
===================================================================================

Warnings:
[1] Covariance matrix calculated using the outer product of gradients (complex-step).
[2] Covariance matrix is singular or near-singular, with condition number 7.78e+22. Standard errors may be unstable.
                               SARIMAX Results                                
==============================================================================
Dep. Variable:             CS-Baa-1YR   No. Observations:                  127
Model:                 ARIMA(4, 1, 5)   Log Likelihood                  37.398
Date:                Sat, 12 Sep 2020   AIC                            -48.796
Time:                        16:36:15   BIC                            -11.924
Sample:                    01-31-2009   HQIC                           -33.816
                         - 07-31-2019                                         
Covariance Type:                  opg                                         
======================================================================================
                         coef    std err          z      P>|z|      [0.025      0.975]
--------------------------------------------------------------------------------------
const              -8.697e-10   6.52e-06     -0.000      1.000   -1.28e-05    1.28e-05
Market-RMRF-delta      0.0022      0.003      0.720      0.471      -0.004       0.008
Market-SP500-delta  3.563e-05      0.000      0.127      0.899      -0.001       0.001
ar.L1                 -0.5290     17.926     -0.030      0.976     -35.664      34.606
ar.L2                 -0.3021      4.698     -0.064      0.949      -9.509       8.905
ar.L3                  0.2337      3.223      0.073      0.942      -6.084       6.551
ar.L4                  0.0657      5.414      0.012      0.990     -10.546      10.677
ma.L1                  0.8105     17.937      0.045      0.964     -34.345      35.966
ma.L2                  0.7434      9.680      0.077      0.939     -18.229      19.716
ma.L3                  0.3123      9.765      0.032      0.974     -18.826      19.451
ma.L4                  0.0809      2.453      0.033      0.974      -4.727       4.889
ma.L5                  0.0245      0.495      0.049      0.961      -0.946       0.995
sigma2                 0.0320      0.003     11.425      0.000       0.027       0.038
===================================================================================
Ljung-Box (Q):                       46.13   Jarque-Bera (JB):               110.68
Prob(Q):                              0.23   Prob(JB):                         0.00
Heteroskedasticity (H):               0.32   Skew:                            -0.86
Prob(H) (two-sided):                  0.00   Kurtosis:                         7.26
===================================================================================

Warnings:
[1] Covariance matrix calculated using the outer product of gradients (complex-step).
[2] Covariance matrix is singular or near-singular, with condition number 1.15e+23. Standard errors may be unstable.
                               SARIMAX Results                                
==============================================================================
Dep. Variable:             CS-Aaa-5YR   No. Observations:                  127
Model:                 ARIMA(3, 1, 5)   Log Likelihood                  51.123
Date:                Sat, 12 Sep 2020   AIC                            -78.246
Time:                        16:36:17   BIC                            -44.211
Sample:                    01-31-2009   HQIC                           -64.418
                         - 07-31-2019                                         
Covariance Type:                  opg                                         
======================================================================================
                         coef    std err          z      P>|z|      [0.025      0.975]
--------------------------------------------------------------------------------------
const               6.105e-09      5e-07      0.012      0.990   -9.73e-07    9.85e-07
Market-RMRF-delta      0.0110      0.003      3.692      0.000       0.005       0.017
Market-SP500-delta    -0.0002      0.000     -0.683      0.495      -0.001       0.000
ar.L1                 -0.5602      0.996     -0.562      0.574      -2.513       1.393
ar.L2                 -0.9346      0.370     -2.529      0.011      -1.659      -0.210
ar.L3                 -0.2729      0.645     -0.423      0.672      -1.537       0.991
ma.L1                  0.2422      1.002      0.242      0.809      -1.722       2.207
ma.L2                  1.2159      0.417      2.913      0.004       0.398       2.034
ma.L3                  0.5027      1.047      0.480      0.631      -1.550       2.555
ma.L4                  0.4786      0.242      1.977      0.048       0.004       0.953
ma.L5                  0.3181      0.373      0.854      0.393      -0.412       1.048
sigma2                 0.0257      0.003      9.926      0.000       0.021       0.031
===================================================================================
Ljung-Box (Q):                       27.91   Jarque-Bera (JB):              2048.66
Prob(Q):                              0.93   Prob(JB):                         0.00
Heteroskedasticity (H):               0.17   Skew:                            -2.83
Prob(H) (two-sided):                  0.00   Kurtosis:                        21.92
===================================================================================

Warnings:
[1] Covariance matrix calculated using the outer product of gradients (complex-step).
[2] Covariance matrix is singular or near-singular, with condition number 8.01e+22. Standard errors may be unstable.
                               SARIMAX Results                                
==============================================================================
Dep. Variable:              CS-Aa-5YR   No. Observations:                  127
Model:                 ARIMA(3, 1, 6)   Log Likelihood                  46.256
Date:                Sat, 12 Sep 2020   AIC                            -66.512
Time:                        16:36:20   BIC                            -29.640
Sample:                    01-31-2009   HQIC                           -51.532
                         - 07-31-2019                                         
Covariance Type:                  opg                                         
======================================================================================
                         coef    std err          z      P>|z|      [0.025      0.975]
--------------------------------------------------------------------------------------
const               1.776e-10   2.33e-05   7.61e-06      1.000   -4.57e-05    4.57e-05
Market-RMRF-delta      0.0023      0.002      0.978      0.328      -0.002       0.007
Market-SP500-delta     0.0002      0.000      0.621      0.535      -0.000       0.001
ar.L1                  0.1172     12.813      0.009      0.993     -24.996      25.230
ar.L2                 -0.0042      1.830     -0.002      0.998      -3.592       3.583
ar.L3                  0.0849      1.071      0.079      0.937      -2.015       2.184
ma.L1                  0.1244     12.806      0.010      0.992     -24.974      25.223
ma.L2                  0.0030      4.785      0.001      1.000      -9.375       9.381
ma.L3                  0.0934      1.685      0.055      0.956      -3.209       3.396
ma.L4                 -0.0141      2.555     -0.006      0.996      -5.022       4.993
ma.L5                 -0.1185      0.691     -0.171      0.864      -1.473       1.236
ma.L6                  0.0092      1.273      0.007      0.994      -2.486       2.504
sigma2                 0.0286      0.002     13.656      0.000       0.024       0.033
===================================================================================
Ljung-Box (Q):                       40.42   Jarque-Bera (JB):               349.10
Prob(Q):                              0.45   Prob(JB):                         0.00
Heteroskedasticity (H):               0.11   Skew:                            -1.19
Prob(H) (two-sided):                  0.00   Kurtosis:                        10.80
===================================================================================

Warnings:
[1] Covariance matrix calculated using the outer product of gradients (complex-step).
[2] Covariance matrix is singular or near-singular, with condition number 4.26e+21. Standard errors may be unstable.
                               SARIMAX Results                                
==============================================================================
Dep. Variable:               CS-A-5YR   No. Observations:                  127
Model:                 ARIMA(3, 1, 0)   Log Likelihood                  35.857
Date:                Sat, 12 Sep 2020   AIC                            -57.715
Time:                        16:36:21   BIC                            -37.861
Sample:                    01-31-2009   HQIC                           -49.649
                         - 07-31-2019                                         
Covariance Type:                  opg                                         
======================================================================================
                         coef    std err          z      P>|z|      [0.025      0.975]
--------------------------------------------------------------------------------------
const              -1.145e-10   8.93e-11     -1.282      0.200    -2.9e-10    6.06e-11
Market-RMRF-delta      0.0033      0.003      1.275      0.202      -0.002       0.008
Market-SP500-delta     0.0002      0.000      0.622      0.534      -0.000       0.001
ar.L1                  0.3674      0.045      8.085      0.000       0.278       0.456
ar.L2                 -0.1475      0.059     -2.521      0.012      -0.262      -0.033
ar.L3                  0.1708      0.078      2.180      0.029       0.017       0.324
sigma2                 0.0330      0.002     15.074      0.000       0.029       0.037
===================================================================================
Ljung-Box (Q):                       44.09   Jarque-Bera (JB):               671.18
Prob(Q):                              0.30   Prob(JB):                         0.00
Heteroskedasticity (H):               0.11   Skew:                            -1.85
Prob(H) (two-sided):                  0.00   Kurtosis:                        13.68
===================================================================================

Warnings:
[1] Covariance matrix calculated using the outer product of gradients (complex-step).
[2] Covariance matrix is singular or near-singular, with condition number 9.53e+24. Standard errors may be unstable.
                               SARIMAX Results                                
==============================================================================
Dep. Variable:             CS-Baa-5YR   No. Observations:                  127
Model:                 ARIMA(1, 1, 2)   Log Likelihood                  15.578
Date:                Sat, 12 Sep 2020   AIC                            -17.156
Time:                        16:36:23   BIC                              2.698
Sample:                    01-31-2009   HQIC                            -9.090
                         - 07-31-2019                                         
Covariance Type:                  opg                                         
======================================================================================
                         coef    std err          z      P>|z|      [0.025      0.975]
--------------------------------------------------------------------------------------
const               5.988e-10   9.34e-10      0.641      0.521   -1.23e-09    2.43e-09
Market-RMRF-delta      0.0017      0.003      0.583      0.560      -0.004       0.007
Market-SP500-delta     0.0004      0.000      1.383      0.167      -0.000       0.001
ar.L1                  0.7036      0.308      2.286      0.022       0.100       1.307
ma.L1                 -0.2864      0.316     -0.907      0.364      -0.905       0.332
ma.L2                 -0.1324      0.159     -0.833      0.405      -0.444       0.179
sigma2                 0.0456      0.002     19.188      0.000       0.041       0.050
===================================================================================
Ljung-Box (Q):                       36.50   Jarque-Bera (JB):              1419.98
Prob(Q):                              0.63   Prob(JB):                         0.00
Heteroskedasticity (H):               0.17   Skew:                            -2.28
Prob(H) (two-sided):                  0.00   Kurtosis:                        18.80
===================================================================================

Warnings:
[1] Covariance matrix calculated using the outer product of gradients (complex-step).
[2] Covariance matrix is singular or near-singular, with condition number 1.26e+24. Standard errors may be unstable.
            cs      order                  aic                  bic                 hqic            jb_pvalue               dw_res                  llf                  mse                 rmse                 mean                 mape
0   CS-Aaa-3MO  (3, 1, 0)           -11.756489             8.097485            -3.690441             0.832759             1.944507            12.878244             0.009730             0.098639            -0.022795             0.067908
1    CS-Aa-3MO  (1, 1, 1)           -73.470268           -56.452577           -66.556514             0.914653             1.600657            42.735134             0.009480             0.097364            -0.042185             0.076195
2     CS-A-3MO  (2, 1, 0)           -62.132890           -45.115199           -55.219136             0.518328             2.046648            37.066445             0.010104             0.100518            -0.027179             0.053650
3   CS-Baa-3MO  (3, 1, 2)           -42.063900           -16.537363           -31.693268             0.402081             1.997168            30.031950             0.013235             0.115041            -0.011432             0.043837
4   CS-Aaa-1YR  (4, 1, 2)           -28.856803            -0.493984           -17.333879             0.333410             1.942106            24.428402             0.006941             0.083312            -0.023201             0.068614
5    CS-Aa-1YR  (4, 1, 5)          -102.671699           -65.800034           -87.691897             0.675404             1.813095            64.335849             0.006642             0.081499            -0.019583             0.077807
6     CS-A-1YR  (4, 1, 5)           -89.474915           -52.603250           -74.495113             0.915071             2.102402            57.737457             0.007610             0.087233            -0.018686             0.057045
7   CS-Baa-1YR  (4, 1, 5)           -48.795604           -11.923939           -33.815802             0.592033             2.021871            37.397802             0.009748             0.098733            -0.012944             0.042813
8   CS-Aaa-5YR  (3, 1, 5)           -78.245904           -44.210521           -64.418395             0.403270             1.821320            51.122952             0.006891             0.083013            -0.007928             0.072485
9    CS-Aa-5YR  (3, 1, 6)           -66.511678           -29.640014           -51.531876             0.518428             2.115696            46.255839             0.007312             0.085511            -0.002872             0.103811
10    CS-A-5YR  (3, 1, 0)           -57.714885           -37.860911           -49.648837             0.455004             2.366793            35.857442             0.008652             0.093017            -0.002673             0.073283
11  CS-Baa-5YR  (1, 1, 2)           -17.156428             2.697545            -9.090381             0.020643             2.395957            15.578214             0.016552             0.128653            -0.001571             0.059894
