********** ARIMA-CS-V1-ct **********
                               SARIMAX Results                                
==============================================================================
Dep. Variable:             CS-Aaa-3MO   No. Observations:                  127
Model:                 ARIMA(3, 1, 3)   Log Likelihood                   8.881
Date:                Sat, 12 Sep 2020   AIC                              0.237
Time:                        16:34:45   BIC                             25.764
Sample:                    01-31-2009   HQIC                            10.608
                         - 07-31-2019                                         
Covariance Type:                  opg                                         
==============================================================================
                 coef    std err          z      P>|z|      [0.025      0.975]
------------------------------------------------------------------------------
const       2.397e-06   1.06e-07     22.626      0.000    2.19e-06     2.6e-06
x1            -0.0429      0.026     -1.629      0.103      -0.095       0.009
ar.L1         -0.1135      1.764     -0.064      0.949      -3.572       3.345
ar.L2          0.0164      0.348      0.047      0.962      -0.666       0.699
ar.L3          0.1473      0.354      0.416      0.677      -0.546       0.841
ma.L1         -0.1917      1.768     -0.108      0.914      -3.658       3.274
ma.L2          0.3896      0.492      0.792      0.428      -0.575       1.354
ma.L3         -0.0941      0.971     -0.097      0.923      -1.997       1.808
sigma2         0.0507      0.005      9.804      0.000       0.041       0.061
===================================================================================
Ljung-Box (Q):                       21.31   Jarque-Bera (JB):              1173.59
Prob(Q):                              0.99   Prob(JB):                         0.00
Heteroskedasticity (H):               0.18   Skew:                            -1.76
Prob(H) (two-sided):                  0.00   Kurtosis:                        17.53
===================================================================================

Warnings:
[1] Covariance matrix calculated using the outer product of gradients (complex-step).
[2] Covariance matrix is singular or near-singular, with condition number 7.25e+22. Standard errors may be unstable.
                               SARIMAX Results                                
==============================================================================
Dep. Variable:              CS-Aa-3MO   No. Observations:                  127
Model:                 ARIMA(1, 1, 3)   Log Likelihood                  50.177
Date:                Sat, 12 Sep 2020   AIC                            -86.354
Time:                        16:34:46   BIC                            -66.500
Sample:                    01-31-2009   HQIC                           -78.288
                         - 07-31-2019                                         
Covariance Type:                  opg                                         
==============================================================================
                 coef    std err          z      P>|z|      [0.025      0.975]
------------------------------------------------------------------------------
const      -9.411e-09      1e-09     -9.379      0.000   -1.14e-08   -7.44e-09
x1            -0.0350      0.022     -1.604      0.109      -0.078       0.008
ar.L1         -0.3837      0.238     -1.610      0.107      -0.851       0.083
ma.L1          0.4412      0.233      1.892      0.059      -0.016       0.898
ma.L2          0.2205      0.093      2.379      0.017       0.039       0.402
ma.L3          0.3762      0.092      4.099      0.000       0.196       0.556
sigma2         0.0263      0.003      7.932      0.000       0.020       0.033
===================================================================================
Ljung-Box (Q):                       49.21   Jarque-Bera (JB):                 1.46
Prob(Q):                              0.15   Prob(JB):                         0.48
Heteroskedasticity (H):               0.28   Skew:                            -0.23
Prob(H) (two-sided):                  0.00   Kurtosis:                         3.26
===================================================================================

Warnings:
[1] Covariance matrix calculated using the outer product of gradients (complex-step).
[2] Covariance matrix is singular or near-singular, with condition number 2.67e+25. Standard errors may be unstable.
                               SARIMAX Results                                
==============================================================================
Dep. Variable:               CS-A-3MO   No. Observations:                  127
Model:                 ARIMA(2, 1, 2)   Log Likelihood                  38.233
Date:                Sat, 12 Sep 2020   AIC                            -62.466
Time:                        16:34:47   BIC                            -42.612
Sample:                    01-31-2009   HQIC                           -54.399
                         - 07-31-2019                                         
Covariance Type:                  opg                                         
==============================================================================
                 coef    std err          z      P>|z|      [0.025      0.975]
------------------------------------------------------------------------------
const      -5.386e-07   4.47e-09   -120.473      0.000   -5.47e-07    -5.3e-07
x1            -0.0421      0.019     -2.179      0.029      -0.080      -0.004
ar.L1          0.0783      0.060      1.301      0.193      -0.040       0.196
ar.L2         -0.7137      0.080     -8.975      0.000      -0.870      -0.558
ma.L1         -0.0217      0.033     -0.666      0.506      -0.086       0.042
ma.L2          0.9888      0.128      7.728      0.000       0.738       1.240
sigma2         0.0310      0.005      6.829      0.000       0.022       0.040
===================================================================================
Ljung-Box (Q):                       58.23   Jarque-Bera (JB):                10.02
Prob(Q):                              0.03   Prob(JB):                         0.01
Heteroskedasticity (H):               0.25   Skew:                            -0.37
Prob(H) (two-sided):                  0.00   Kurtosis:                         4.17
===================================================================================

Warnings:
[1] Covariance matrix calculated using the outer product of gradients (complex-step).
[2] Covariance matrix is singular or near-singular, with condition number 1.69e+23. Standard errors may be unstable.
                               SARIMAX Results                                
==============================================================================
Dep. Variable:             CS-Baa-3MO   No. Observations:                  127
Model:                 ARIMA(3, 1, 4)   Log Likelihood                  30.950
Date:                Sat, 12 Sep 2020   AIC                            -41.901
Time:                        16:34:49   BIC                            -13.538
Sample:                    01-31-2009   HQIC                           -30.378
                         - 07-31-2019                                         
Covariance Type:                  opg                                         
==============================================================================
                 coef    std err          z      P>|z|      [0.025      0.975]
------------------------------------------------------------------------------
const      -6.522e-07   1.39e-06     -0.470      0.638   -3.37e-06    2.07e-06
x1            -0.0536      0.031     -1.702      0.089      -0.115       0.008
ar.L1         -0.2028      4.268     -0.048      0.962      -8.568       8.163
ar.L2         -0.1496      2.293     -0.065      0.948      -4.644       4.344
ar.L3          0.1459      1.362      0.107      0.915      -2.523       2.815
ma.L1          0.4289      4.265      0.101      0.920      -7.930       8.788
ma.L2          0.4902      3.260      0.150      0.880      -5.898       6.879
ma.L3          0.2444      3.127      0.078      0.938      -5.884       6.372
ma.L4         -0.1641      2.216     -0.074      0.941      -4.507       4.179
sigma2         0.0356      0.004      9.819      0.000       0.028       0.043
===================================================================================
Ljung-Box (Q):                       41.01   Jarque-Bera (JB):                57.21
Prob(Q):                              0.43   Prob(JB):                         0.00
Heteroskedasticity (H):               0.28   Skew:                            -0.70
Prob(H) (two-sided):                  0.00   Kurtosis:                         5.99
===================================================================================

Warnings:
[1] Covariance matrix calculated using the outer product of gradients (complex-step).
[2] Covariance matrix is singular or near-singular, with condition number 3.08e+22. Standard errors may be unstable.
                               SARIMAX Results                                
==============================================================================
Dep. Variable:             CS-Aaa-1YR   No. Observations:                  127
Model:                 ARIMA(4, 1, 3)   Log Likelihood                  21.585
Date:                Sat, 12 Sep 2020   AIC                            -23.171
Time:                        16:34:51   BIC                              5.192
Sample:                    01-31-2009   HQIC                           -11.648
                         - 07-31-2019                                         
Covariance Type:                  opg                                         
==============================================================================
                 coef    std err          z      P>|z|      [0.025      0.975]
------------------------------------------------------------------------------
const       2.395e-06   4.37e-07      5.487      0.000    1.54e-06    3.25e-06
x1            -0.0384      0.027     -1.434      0.152      -0.091       0.014
ar.L1          0.3449      1.671      0.206      0.837      -2.931       3.620
ar.L2          0.4363      0.927      0.471      0.638      -1.380       2.253
ar.L3          0.0720      0.322      0.223      0.823      -0.560       0.704
ar.L4         -0.1971      0.384     -0.513      0.608      -0.950       0.556
ma.L1         -0.5990      1.685     -0.355      0.722      -3.902       2.704
ma.L2          0.0920      0.936      0.098      0.922      -1.742       1.926
ma.L3         -0.1185      0.894     -0.133      0.895      -1.871       1.634
sigma2         0.0414      0.004      9.749      0.000       0.033       0.050
===================================================================================
Ljung-Box (Q):                       21.45   Jarque-Bera (JB):              2453.18
Prob(Q):                              0.99   Prob(JB):                         0.00
Heteroskedasticity (H):               0.14   Skew:                            -2.51
Prob(H) (two-sided):                  0.00   Kurtosis:                        24.02
===================================================================================

Warnings:
[1] Covariance matrix calculated using the outer product of gradients (complex-step).
[2] Covariance matrix is singular or near-singular, with condition number 1.38e+22. Standard errors may be unstable.
                               SARIMAX Results                                
==============================================================================
Dep. Variable:              CS-Aa-1YR   No. Observations:                  127
Model:                 ARIMA(4, 1, 5)   Log Likelihood                  66.948
Date:                Sat, 12 Sep 2020   AIC                           -109.896
Time:                        16:34:53   BIC                            -75.861
Sample:                    01-31-2009   HQIC                           -96.069
                         - 07-31-2019                                         
Covariance Type:                  opg                                         
==============================================================================
                 coef    std err          z      P>|z|      [0.025      0.975]
------------------------------------------------------------------------------
const      -9.039e-08   9.82e-07     -0.092      0.927   -2.01e-06    1.83e-06
x1            -0.0308      0.013     -2.348      0.019      -0.057      -0.005
ar.L1         -0.3559      2.496     -0.143      0.887      -5.248       4.536
ar.L2          0.3501      1.295      0.270      0.787      -2.188       2.888
ar.L3          0.2812      0.331      0.850      0.396      -0.367       0.930
ar.L4          0.3559      0.901      0.395      0.693      -1.410       2.122
ma.L1          0.4513      2.485      0.182      0.856      -4.419       5.321
ma.L2         -0.1980      1.060     -0.187      0.852      -2.275       1.879
ma.L3         -0.0811      0.412     -0.197      0.844      -0.889       0.727
ma.L4         -0.5765      0.572     -1.008      0.313      -1.697       0.544
ma.L5         -0.3017      0.854     -0.353      0.724      -1.976       1.372
sigma2         0.0201      0.003      7.664      0.000       0.015       0.025
===================================================================================
Ljung-Box (Q):                       42.27   Jarque-Bera (JB):                 1.26
Prob(Q):                              0.37   Prob(JB):                         0.53
Heteroskedasticity (H):               0.25   Skew:                            -0.20
Prob(H) (two-sided):                  0.00   Kurtosis:                         3.29
===================================================================================

Warnings:
[1] Covariance matrix calculated using the outer product of gradients (complex-step).
[2] Covariance matrix is singular or near-singular, with condition number 5.41e+22. Standard errors may be unstable.
                               SARIMAX Results                                
==============================================================================
Dep. Variable:               CS-A-1YR   No. Observations:                  127
Model:                 ARIMA(4, 1, 5)   Log Likelihood                  59.500
Date:                Sat, 12 Sep 2020   AIC                            -95.000
Time:                        16:34:55   BIC                            -60.964
Sample:                    01-31-2009   HQIC                           -81.172
                         - 07-31-2019                                         
Covariance Type:                  opg                                         
==============================================================================
                 coef    std err          z      P>|z|      [0.025      0.975]
------------------------------------------------------------------------------
const      -2.363e-07   9.15e-08     -2.582      0.010   -4.16e-07   -5.69e-08
x1            -0.0387      0.016     -2.383      0.017      -0.071      -0.007
ar.L1         -0.1629      0.317     -0.513      0.608      -0.785       0.459
ar.L2          0.0374      0.229      0.163      0.870      -0.412       0.487
ar.L3          0.2379      0.227      1.049      0.294      -0.207       0.683
ar.L4          0.6391      0.212      3.012      0.003       0.223       1.055
ma.L1          0.4091      0.318      1.286      0.198      -0.214       1.033
ma.L2          0.0830      0.261      0.318      0.751      -0.429       0.595
ma.L3         -0.0747      0.257     -0.290      0.772      -0.579       0.430
ma.L4         -0.9287      0.250     -3.712      0.000      -1.419      -0.438
ma.L5         -0.2561      0.162     -1.583      0.113      -0.573       0.061
sigma2         0.0224      0.003      7.613      0.000       0.017       0.028
===================================================================================
Ljung-Box (Q):                       34.91   Jarque-Bera (JB):                 8.92
Prob(Q):                              0.70   Prob(JB):                         0.01
Heteroskedasticity (H):               0.29   Skew:                            -0.37
Prob(H) (two-sided):                  0.00   Kurtosis:                         4.07
===================================================================================

Warnings:
[1] Covariance matrix calculated using the outer product of gradients (complex-step).
[2] Covariance matrix is singular or near-singular, with condition number 3.24e+22. Standard errors may be unstable.
                               SARIMAX Results                                
==============================================================================
Dep. Variable:             CS-Baa-1YR   No. Observations:                  127
Model:                 ARIMA(4, 1, 5)   Log Likelihood                  42.577
Date:                Sat, 12 Sep 2020   AIC                            -61.154
Time:                        16:34:57   BIC                            -27.118
Sample:                    01-31-2009   HQIC                           -47.326
                         - 07-31-2019                                         
Covariance Type:                  opg                                         
==============================================================================
                 coef    std err          z      P>|z|      [0.025      0.975]
------------------------------------------------------------------------------
const      -2.233e-08   1.91e-08     -1.166      0.244   -5.99e-08    1.52e-08
x1            -0.0566      0.036     -1.593      0.111      -0.126       0.013
ar.L1         -0.2123      0.382     -0.555      0.579      -0.961       0.537
ar.L2         -0.2622      0.441     -0.595      0.552      -1.126       0.601
ar.L3          0.1025      0.373      0.274      0.784      -0.630       0.834
ar.L4          0.4842      0.274      1.768      0.077      -0.053       1.021
ma.L1          0.5551      0.404      1.374      0.169      -0.236       1.347
ma.L2          0.4854      0.649      0.748      0.454      -0.786       1.757
ma.L3          0.3536      0.571      0.619      0.536      -0.765       1.473
ma.L4         -0.5534      0.503     -1.100      0.271      -1.540       0.433
ma.L5         -0.0066      0.239     -0.028      0.978      -0.476       0.463
sigma2         0.0286      0.006      4.460      0.000       0.016       0.041
===================================================================================
Ljung-Box (Q):                       37.14   Jarque-Bera (JB):               109.14
Prob(Q):                              0.60   Prob(JB):                         0.00
Heteroskedasticity (H):               0.33   Skew:                            -1.05
Prob(H) (two-sided):                  0.00   Kurtosis:                         7.04
===================================================================================

Warnings:
[1] Covariance matrix calculated using the outer product of gradients (complex-step).
[2] Covariance matrix is singular or near-singular, with condition number 1.62e+24. Standard errors may be unstable.
                               SARIMAX Results                                
==============================================================================
Dep. Variable:             CS-Aaa-5YR   No. Observations:                  127
Model:                 ARIMA(3, 1, 5)   Log Likelihood                  41.433
Date:                Sat, 12 Sep 2020   AIC                            -60.867
Time:                        16:34:59   BIC                            -29.668
Sample:                    01-31-2009   HQIC                           -48.191
                         - 07-31-2019                                         
Covariance Type:                  opg                                         
==============================================================================
                 coef    std err          z      P>|z|      [0.025      0.975]
------------------------------------------------------------------------------
const       1.425e-06   6.85e-07      2.080      0.038    8.24e-08    2.77e-06
x1            -0.0335      0.030     -1.100      0.271      -0.093       0.026
ar.L1         -0.3348      0.408     -0.820      0.412      -1.135       0.465
ar.L2          0.0623      0.369      0.169      0.866      -0.660       0.785
ar.L3          0.4879      0.247      1.976      0.048       0.004       0.972
ma.L1          0.0688      0.577      0.119      0.905      -1.061       1.199
ma.L2          0.3795      0.279      1.362      0.173      -0.167       0.926
ma.L3         -0.2659      0.473     -0.562      0.574      -1.193       0.661
ma.L4          0.5582      0.511      1.092      0.275      -0.443       1.560
ma.L5         -0.3288      0.346     -0.951      0.342      -1.006       0.349
sigma2         0.0289      0.017      1.714      0.087      -0.004       0.062
===================================================================================
Ljung-Box (Q):                       41.35   Jarque-Bera (JB):              1291.50
Prob(Q):                              0.41   Prob(JB):                         0.00
Heteroskedasticity (H):               0.18   Skew:                            -2.37
Prob(H) (two-sided):                  0.00   Kurtosis:                        17.95
===================================================================================

Warnings:
[1] Covariance matrix calculated using the outer product of gradients (complex-step).
[2] Covariance matrix is singular or near-singular, with condition number 6.51e+21. Standard errors may be unstable.
                               SARIMAX Results                                
==============================================================================
Dep. Variable:              CS-Aa-5YR   No. Observations:                  127
Model:                 ARIMA(3, 1, 6)   Log Likelihood                  46.659
Date:                Sat, 12 Sep 2020   AIC                            -69.319
Time:                        16:35:01   BIC                            -35.284
Sample:                    01-31-2009   HQIC                           -55.491
                         - 07-31-2019                                         
Covariance Type:                  opg                                         
==============================================================================
                 coef    std err          z      P>|z|      [0.025      0.975]
------------------------------------------------------------------------------
const      -1.102e-07      2e-08     -5.516      0.000   -1.49e-07   -7.11e-08
x1            -0.0134      0.006     -2.240      0.025      -0.025      -0.002
ar.L1          0.4622      0.186      2.483      0.013       0.097       0.827
ar.L2          0.6927      0.088      7.870      0.000       0.520       0.865
ar.L3         -0.6517      0.127     -5.138      0.000      -0.900      -0.403
ma.L1         -0.1662      0.204     -0.815      0.415      -0.566       0.233
ma.L2         -0.9207      0.142     -6.488      0.000      -1.199      -0.643
ma.L3          0.8964      0.164      5.469      0.000       0.575       1.218
ma.L4         -0.1094      0.153     -0.715      0.474      -0.409       0.190
ma.L5         -0.7490      0.108     -6.907      0.000      -0.962      -0.536
ma.L6          0.1692      0.182      0.928      0.353      -0.188       0.526
sigma2         0.0273      0.003      9.553      0.000       0.022       0.033
===================================================================================
Ljung-Box (Q):                       51.35   Jarque-Bera (JB):               105.50
Prob(Q):                              0.11   Prob(JB):                         0.00
Heteroskedasticity (H):               0.31   Skew:                            -0.71
Prob(H) (two-sided):                  0.00   Kurtosis:                         7.25
===================================================================================

Warnings:
[1] Covariance matrix calculated using the outer product of gradients (complex-step).
[2] Covariance matrix is singular or near-singular, with condition number 1.57e+23. Standard errors may be unstable.
                               SARIMAX Results                                
==============================================================================
Dep. Variable:               CS-A-5YR   No. Observations:                  127
Model:                 ARIMA(3, 1, 3)   Log Likelihood                  32.013
Date:                Sat, 12 Sep 2020   AIC                            -46.026
Time:                        16:35:03   BIC                            -20.499
Sample:                    01-31-2009   HQIC                           -35.655
                         - 07-31-2019                                         
Covariance Type:                  opg                                         
==============================================================================
                 coef    std err          z      P>|z|      [0.025      0.975]
------------------------------------------------------------------------------
const       5.991e-07   1.44e-07      4.168      0.000    3.17e-07    8.81e-07
x1            -0.0421      0.026     -1.641      0.101      -0.092       0.008
ar.L1         -0.3710      0.198     -1.869      0.062      -0.760       0.018
ar.L2         -0.9813      0.070    -14.046      0.000      -1.118      -0.844
ar.L3         -0.1457      0.208     -0.700      0.484      -0.554       0.262
ma.L1          0.6808      0.209      3.260      0.001       0.271       1.090
ma.L2          1.0315      0.112      9.179      0.000       0.811       1.252
ma.L3          0.5246      0.225      2.334      0.020       0.084       0.965
sigma2         0.0355      0.004      9.176      0.000       0.028       0.043
===================================================================================
Ljung-Box (Q):                       43.31   Jarque-Bera (JB):               246.43
Prob(Q):                              0.33   Prob(JB):                         0.00
Heteroskedasticity (H):               0.14   Skew:                            -1.40
Prob(H) (two-sided):                  0.00   Kurtosis:                         9.25
===================================================================================

Warnings:
[1] Covariance matrix calculated using the outer product of gradients (complex-step).
[2] Covariance matrix is singular or near-singular, with condition number 7.94e+21. Standard errors may be unstable.
                               SARIMAX Results                                
==============================================================================
Dep. Variable:             CS-Baa-5YR   No. Observations:                  127
Model:                 ARIMA(3, 1, 4)   Log Likelihood                  13.214
Date:                Sat, 12 Sep 2020   AIC                             -6.429
Time:                        16:35:05   BIC                             21.934
Sample:                    01-31-2009   HQIC                             5.094
                         - 07-31-2019                                         
Covariance Type:                  opg                                         
==============================================================================
                 coef    std err          z      P>|z|      [0.025      0.975]
------------------------------------------------------------------------------
const       5.343e-07   1.86e-08     28.673      0.000    4.98e-07    5.71e-07
x1            -0.0409      0.040     -1.012      0.312      -0.120       0.038
ar.L1         -0.0845      0.104     -0.809      0.419      -0.289       0.120
ar.L2          0.1212      0.092      1.312      0.190      -0.060       0.302
ar.L3         -0.7857      0.105     -7.501      0.000      -0.991      -0.580
ma.L1          0.5260      0.146      3.610      0.000       0.240       0.812
ma.L2          0.0024      0.090      0.026      0.979      -0.174       0.179
ma.L3          0.9630      0.147      6.567      0.000       0.676       1.250
ma.L4          0.5171      0.098      5.267      0.000       0.325       0.710
sigma2         0.0462      0.005      9.935      0.000       0.037       0.055
===================================================================================
Ljung-Box (Q):                       43.99   Jarque-Bera (JB):               757.07
Prob(Q):                              0.31   Prob(JB):                         0.00
Heteroskedasticity (H):               0.27   Skew:                            -1.86
Prob(H) (two-sided):                  0.00   Kurtosis:                        14.42
===================================================================================

Warnings:
[1] Covariance matrix calculated using the outer product of gradients (complex-step).
[2] Covariance matrix is singular or near-singular, with condition number 7.39e+22. Standard errors may be unstable.
            cs      order                  aic                  bic                 hqic            jb_pvalue               dw_res                  llf                  mse                 rmse                 mean                 mape
0   CS-Aaa-3MO  (3, 1, 3)             0.237113            25.763650            10.607745             0.218919             1.744888             8.881444             0.014608             0.120864            -0.000750             0.077648
1    CS-Aa-3MO  (1, 1, 3)           -86.353942           -66.499969           -78.287895             0.285644             1.876431            50.176971             0.013408             0.115792            -0.000893             0.089249
2     CS-A-3MO  (2, 1, 2)           -62.465543           -42.611570           -54.399496             0.276814             1.940644            38.232772             0.013531             0.116324             0.002856             0.070941
3   CS-Baa-3MO  (3, 1, 4)           -41.900889           -13.538069           -30.377964             0.800689             2.022881            30.950444             0.015844             0.125874             0.012578             0.048967
4   CS-Aaa-1YR  (4, 1, 3)           -23.170840             5.191979           -11.647915             0.900219             1.743696            21.585420             0.008672             0.093121             0.002574             0.063744
5    CS-Aa-1YR  (4, 1, 5)          -109.896109           -75.860726           -96.068600             0.850052             2.028092            66.948055             0.008250             0.090827             0.002045             0.083756
6     CS-A-1YR  (4, 1, 5)           -94.999721           -60.964338           -81.172212             0.582838             2.126484            59.499861             0.009702             0.098500             0.005980             0.068513
7   CS-Baa-1YR  (4, 1, 5)           -61.153674           -27.118291           -47.326164             0.554722             2.195210            42.576837             0.008974             0.094732             0.012056             0.043518
8   CS-Aaa-5YR  (3, 1, 5)           -60.866702           -29.667601           -48.191485             0.321020             1.412052            41.433351             0.010502             0.102481             0.012615             0.094518
9    CS-Aa-5YR  (3, 1, 6)           -69.318990           -35.283608           -55.491481             0.816685             1.945578            46.659495             0.011640             0.107890             0.029079             0.122543
10    CS-A-5YR  (3, 1, 3)           -46.025613           -20.499076           -35.654981             0.847336             2.406404            32.012807             0.011896             0.109068             0.029107             0.082208
11  CS-Baa-5YR  (3, 1, 4)            -6.428969            21.933850             5.093955             0.823241             2.721889            13.214485             0.028043             0.167461             0.026611             0.082443
********** ARIMA-CS-V1-ct **********
                               SARIMAX Results                                
==============================================================================
Dep. Variable:             CS-Aaa-3MO   No. Observations:                  127
Model:                 ARIMA(3, 1, 3)   Log Likelihood                   8.881
Date:                Sun, 13 Sep 2020   AIC                              0.237
Time:                        00:24:20   BIC                             25.764
Sample:                    01-31-2009   HQIC                            10.608
                         - 07-31-2019                                         
Covariance Type:                  opg                                         
==============================================================================
                 coef    std err          z      P>|z|      [0.025      0.975]
------------------------------------------------------------------------------
const       2.397e-06   1.06e-07     22.626      0.000    2.19e-06     2.6e-06
x1            -0.0429      0.026     -1.629      0.103      -0.095       0.009
ar.L1         -0.1135      1.764     -0.064      0.949      -3.572       3.345
ar.L2          0.0164      0.348      0.047      0.962      -0.666       0.699
ar.L3          0.1473      0.354      0.416      0.677      -0.546       0.841
ma.L1         -0.1917      1.768     -0.108      0.914      -3.658       3.274
ma.L2          0.3896      0.492      0.792      0.428      -0.575       1.354
ma.L3         -0.0941      0.971     -0.097      0.923      -1.997       1.808
sigma2         0.0507      0.005      9.804      0.000       0.041       0.061
===================================================================================
Ljung-Box (Q):                       21.31   Jarque-Bera (JB):              1173.59
Prob(Q):                              0.99   Prob(JB):                         0.00
Heteroskedasticity (H):               0.18   Skew:                            -1.76
Prob(H) (two-sided):                  0.00   Kurtosis:                        17.53
===================================================================================

Warnings:
[1] Covariance matrix calculated using the outer product of gradients (complex-step).
[2] Covariance matrix is singular or near-singular, with condition number 7.25e+22. Standard errors may be unstable.
