********** ARIMA-CS-V1-c **********
                               SARIMAX Results                                
==============================================================================
Dep. Variable:             CS-Aaa-3MO   No. Observations:                  127
Model:                 ARIMA(3, 1, 3)   Log Likelihood                   7.352
Date:                Sat, 12 Sep 2020   AIC                              1.296
Time:                        16:35:06   BIC                             23.986
Sample:                    01-31-2009   HQIC                            10.514
                         - 07-31-2019                                         
Covariance Type:                  opg                                         
==============================================================================
                 coef    std err          z      P>|z|      [0.025      0.975]
------------------------------------------------------------------------------
const       1.791e-06    1.8e-07      9.946      0.000    1.44e-06    2.14e-06
ar.L1          0.0178      1.254      0.014      0.989      -2.440       2.475
ar.L2          0.0966      0.236      0.409      0.683      -0.367       0.560
ar.L3          0.1938      0.262      0.741      0.459      -0.319       0.706
ma.L1         -0.2984      1.254     -0.238      0.812      -2.756       2.159
ma.L2          0.3696      0.499      0.741      0.459      -0.609       1.348
ma.L3         -0.1465      0.686     -0.214      0.831      -1.492       1.199
sigma2         0.0519      0.005      9.612      0.000       0.041       0.062
===================================================================================
Ljung-Box (Q):                       22.50   Jarque-Bera (JB):              1255.56
Prob(Q):                              0.99   Prob(JB):                         0.00
Heteroskedasticity (H):               0.19   Skew:                            -1.82
Prob(H) (two-sided):                  0.00   Kurtosis:                        18.03
===================================================================================

Warnings:
[1] Covariance matrix calculated using the outer product of gradients (complex-step).
[2] Covariance matrix is singular or near-singular, with condition number 3.48e+22. Standard errors may be unstable.
                               SARIMAX Results                                
==============================================================================
Dep. Variable:              CS-Aa-3MO   No. Observations:                  127
Model:                 ARIMA(1, 1, 3)   Log Likelihood                  48.882
Date:                Sat, 12 Sep 2020   AIC                            -85.764
Time:                        16:35:07   BIC                            -68.747
Sample:                    01-31-2009   HQIC                           -78.851
                         - 07-31-2019                                         
Covariance Type:                  opg                                         
==============================================================================
                 coef    std err          z      P>|z|      [0.025      0.975]
------------------------------------------------------------------------------
const      -1.074e-08   1.02e-09    -10.499      0.000   -1.27e-08   -8.73e-09
ar.L1         -0.3551      0.228     -1.560      0.119      -0.801       0.091
ma.L1          0.4340      0.224      1.934      0.053      -0.006       0.874
ma.L2          0.2439      0.090      2.702      0.007       0.067       0.421
ma.L3          0.3916      0.093      4.219      0.000       0.210       0.573
sigma2         0.0268      0.003      8.161      0.000       0.020       0.033
===================================================================================
Ljung-Box (Q):                       49.38   Jarque-Bera (JB):                 1.26
Prob(Q):                              0.15   Prob(JB):                         0.53
Heteroskedasticity (H):               0.29   Skew:                            -0.22
Prob(H) (two-sided):                  0.00   Kurtosis:                         3.21
===================================================================================

Warnings:
[1] Covariance matrix calculated using the outer product of gradients (complex-step).
[2] Covariance matrix is singular or near-singular, with condition number 3.02e+24. Standard errors may be unstable.
                               SARIMAX Results                                
==============================================================================
Dep. Variable:               CS-A-3MO   No. Observations:                  127
Model:                 ARIMA(2, 1, 2)   Log Likelihood                  35.862
Date:                Sat, 12 Sep 2020   AIC                            -59.723
Time:                        16:35:08   BIC                            -42.705
Sample:                    01-31-2009   HQIC                           -52.809
                         - 07-31-2019                                         
Covariance Type:                  opg                                         
==============================================================================
                 coef    std err          z      P>|z|      [0.025      0.975]
------------------------------------------------------------------------------
const      -1.536e-06   1.98e-08    -77.573      0.000   -1.57e-06    -1.5e-06
ar.L1          0.0948      0.059      1.595      0.111      -0.022       0.211
ar.L2         -0.6912      0.079     -8.738      0.000      -0.846      -0.536
ma.L1         -0.0222      0.032     -0.702      0.483      -0.084       0.040
ma.L2          0.9937      0.209      4.759      0.000       0.584       1.403
sigma2         0.0320      0.007      4.735      0.000       0.019       0.045
===================================================================================
Ljung-Box (Q):                       60.58   Jarque-Bera (JB):                 9.05
Prob(Q):                              0.02   Prob(JB):                         0.01
Heteroskedasticity (H):               0.27   Skew:                            -0.37
Prob(H) (two-sided):                  0.00   Kurtosis:                         4.08
===================================================================================

Warnings:
[1] Covariance matrix calculated using the outer product of gradients (complex-step).
[2] Covariance matrix is singular or near-singular, with condition number 4.85e+22. Standard errors may be unstable.
                               SARIMAX Results                                
==============================================================================
Dep. Variable:             CS-Baa-3MO   No. Observations:                  127
Model:                 ARIMA(3, 1, 4)   Log Likelihood                  29.337
Date:                Sat, 12 Sep 2020   AIC                            -40.673
Time:                        16:35:10   BIC                            -15.147
Sample:                    01-31-2009   HQIC                           -30.303
                         - 07-31-2019                                         
Covariance Type:                  opg                                         
==============================================================================
                 coef    std err          z      P>|z|      [0.025      0.975]
------------------------------------------------------------------------------
const      -3.345e-07   2.86e-07     -1.171      0.241   -8.94e-07    2.25e-07
ar.L1         -0.0420      1.150     -0.037      0.971      -2.297       2.212
ar.L2         -0.0531      0.576     -0.092      0.927      -1.182       1.075
ar.L3          0.2361      0.279      0.847      0.397      -0.310       0.783
ma.L1          0.2961      1.152      0.257      0.797      -1.962       2.554
ma.L2          0.4006      0.864      0.463      0.643      -1.294       2.095
ma.L3          0.1364      0.767      0.178      0.859      -1.367       1.640
ma.L4         -0.2118      0.625     -0.339      0.735      -1.436       1.013
sigma2         0.0365      0.004     10.140      0.000       0.029       0.044
===================================================================================
Ljung-Box (Q):                       42.89   Jarque-Bera (JB):                59.92
Prob(Q):                              0.35   Prob(JB):                         0.00
Heteroskedasticity (H):               0.29   Skew:                            -0.70
Prob(H) (two-sided):                  0.00   Kurtosis:                         6.08
===================================================================================

Warnings:
[1] Covariance matrix calculated using the outer product of gradients (complex-step).
[2] Covariance matrix is singular or near-singular, with condition number 2.06e+22. Standard errors may be unstable.
                               SARIMAX Results                                
==============================================================================
Dep. Variable:             CS-Aaa-1YR   No. Observations:                  127
Model:                 ARIMA(4, 1, 3)   Log Likelihood                  21.027
Date:                Sat, 12 Sep 2020   AIC                            -24.053
Time:                        16:35:11   BIC                              1.473
Sample:                    01-31-2009   HQIC                           -13.683
                         - 07-31-2019                                         
Covariance Type:                  opg                                         
==============================================================================
                 coef    std err          z      P>|z|      [0.025      0.975]
------------------------------------------------------------------------------
const       1.415e-05    2.4e-07     58.957      0.000    1.37e-05    1.46e-05
ar.L1         -1.6345      0.247     -6.623      0.000      -2.118      -1.151
ar.L2         -0.5432      0.468     -1.161      0.245      -1.460       0.373
ar.L3          0.6818      0.400      1.705      0.088      -0.102       1.466
ar.L4          0.4910      0.126      3.900      0.000       0.244       0.738
ma.L1          1.4205      0.289      4.915      0.000       0.854       1.987
ma.L2          0.6477      0.448      1.447      0.148      -0.229       1.525
ma.L3         -0.0333      0.267     -0.125      0.901      -0.557       0.490
sigma2         0.0415      0.005      8.262      0.000       0.032       0.051
===================================================================================
Ljung-Box (Q):                       27.04   Jarque-Bera (JB):              1642.51
Prob(Q):                              0.94   Prob(JB):                         0.00
Heteroskedasticity (H):               0.15   Skew:                            -2.08
Prob(H) (two-sided):                  0.00   Kurtosis:                        20.19
===================================================================================

Warnings:
[1] Covariance matrix calculated using the outer product of gradients (complex-step).
[2] Covariance matrix is singular or near-singular, with condition number 1.79e+22. Standard errors may be unstable.
                               SARIMAX Results                                
==============================================================================
Dep. Variable:              CS-Aa-1YR   No. Observations:                  127
Model:                 ARIMA(4, 1, 5)   Log Likelihood                  65.119
Date:                Sat, 12 Sep 2020   AIC                           -108.238
Time:                        16:35:13   BIC                            -77.039
Sample:                    01-31-2009   HQIC                           -95.563
                         - 07-31-2019                                         
Covariance Type:                  opg                                         
==============================================================================
                 coef    std err          z      P>|z|      [0.025      0.975]
------------------------------------------------------------------------------
const      -8.393e-08   1.49e-06     -0.056      0.955      -3e-06    2.83e-06
ar.L1         -0.5395      0.857     -0.629      0.529      -2.220       1.141
ar.L2         -0.0867      1.143     -0.076      0.939      -2.326       2.153
ar.L3          0.0600      0.846      0.071      0.943      -1.599       1.719
ar.L4          0.5027      0.558      0.901      0.367      -0.590       1.596
ma.L1          0.6770      0.871      0.777      0.437      -1.031       2.385
ma.L2          0.3195      1.276      0.250      0.802      -2.181       2.820
ma.L3          0.2790      1.119      0.249      0.803      -1.915       2.473
ma.L4         -0.4942      1.042     -0.474      0.635      -2.536       1.547
ma.L5         -0.1406      0.333     -0.422      0.673      -0.793       0.512
sigma2         0.0206      0.004      4.941      0.000       0.012       0.029
===================================================================================
Ljung-Box (Q):                       41.77   Jarque-Bera (JB):                 2.12
Prob(Q):                              0.39   Prob(JB):                         0.35
Heteroskedasticity (H):               0.27   Skew:                            -0.25
Prob(H) (two-sided):                  0.00   Kurtosis:                         3.38
===================================================================================

Warnings:
[1] Covariance matrix calculated using the outer product of gradients (complex-step).
[2] Covariance matrix is singular or near-singular, with condition number 7.89e+21. Standard errors may be unstable.
                               SARIMAX Results                                
==============================================================================
Dep. Variable:               CS-A-1YR   No. Observations:                  127
Model:                 ARIMA(4, 1, 5)   Log Likelihood                  56.985
Date:                Sat, 12 Sep 2020   AIC                            -91.970
Time:                        16:35:15   BIC                            -60.771
Sample:                    01-31-2009   HQIC                           -79.295
                         - 07-31-2019                                         
Covariance Type:                  opg                                         
==============================================================================
                 coef    std err          z      P>|z|      [0.025      0.975]
------------------------------------------------------------------------------
const      -8.755e-08   9.29e-07     -0.094      0.925   -1.91e-06    1.73e-06
ar.L1         -0.2326      0.587     -0.397      0.692      -1.383       0.917
ar.L2         -0.0850      0.686     -0.124      0.901      -1.430       1.261
ar.L3          0.1619      0.546      0.297      0.767      -0.908       1.231
ar.L4          0.5508      0.396      1.391      0.164      -0.225       1.327
ma.L1          0.5032      0.597      0.842      0.400      -0.668       1.674
ma.L2          0.2831      0.825      0.343      0.731      -1.334       1.900
ma.L3          0.1087      0.814      0.133      0.894      -1.487       1.705
ma.L4         -0.7119      0.738     -0.964      0.335      -2.159       0.735
ma.L5         -0.1775      0.276     -0.643      0.520      -0.719       0.364
sigma2         0.0233      0.003      8.252      0.000       0.018       0.029
===================================================================================
Ljung-Box (Q):                       37.72   Jarque-Bera (JB):                14.13
Prob(Q):                              0.57   Prob(JB):                         0.00
Heteroskedasticity (H):               0.29   Skew:                            -0.43
Prob(H) (two-sided):                  0.00   Kurtosis:                         4.39
===================================================================================

Warnings:
[1] Covariance matrix calculated using the outer product of gradients (complex-step).
[2] Covariance matrix is singular or near-singular, with condition number 4.76e+21. Standard errors may be unstable.
                               SARIMAX Results                                
==============================================================================
Dep. Variable:             CS-Baa-1YR   No. Observations:                  127
Model:                 ARIMA(4, 1, 5)   Log Likelihood                  42.072
Date:                Sat, 12 Sep 2020   AIC                            -62.144
Time:                        16:35:17   BIC                            -30.945
Sample:                    01-31-2009   HQIC                           -49.469
                         - 07-31-2019                                         
Covariance Type:                  opg                                         
==============================================================================
                 coef    std err          z      P>|z|      [0.025      0.975]
------------------------------------------------------------------------------
const       1.099e-07   4.54e-06      0.024      0.981   -8.79e-06    9.01e-06
ar.L1         -1.0236      0.378     -2.706      0.007      -1.765      -0.282
ar.L2         -0.6368      0.611     -1.042      0.297      -1.835       0.561
ar.L3          0.1885      0.578      0.326      0.744      -0.943       1.320
ar.L4          0.4153      0.284      1.463      0.144      -0.141       0.972
ma.L1          1.4318      0.623      2.299      0.021       0.211       2.652
ma.L2          1.2833      0.801      1.602      0.109      -0.287       2.854
ma.L3          0.6137      0.920      0.667      0.505      -1.190       2.417
ma.L4         -0.1218      0.631     -0.193      0.847      -1.359       1.116
ma.L5          0.1125      0.202      0.558      0.577      -0.283       0.508
sigma2         0.0290      0.015      1.962      0.050    2.96e-05       0.058
===================================================================================
Ljung-Box (Q):                       33.69   Jarque-Bera (JB):               119.71
Prob(Q):                              0.75   Prob(JB):                         0.00
Heteroskedasticity (H):               0.33   Skew:                            -0.92
Prob(H) (two-sided):                  0.00   Kurtosis:                         7.40
===================================================================================

Warnings:
[1] Covariance matrix calculated using the outer product of gradients (complex-step).
[2] Covariance matrix is singular or near-singular, with condition number 2.46e+23. Standard errors may be unstable.
                               SARIMAX Results                                
==============================================================================
Dep. Variable:             CS-Aaa-5YR   No. Observations:                  127
Model:                 ARIMA(3, 1, 5)   Log Likelihood                  40.773
Date:                Sat, 12 Sep 2020   AIC                            -61.546
Time:                        16:35:19   BIC                            -33.183
Sample:                    01-31-2009   HQIC                           -50.023
                         - 07-31-2019                                         
Covariance Type:                  opg                                         
==============================================================================
                 coef    std err          z      P>|z|      [0.025      0.975]
------------------------------------------------------------------------------
const       2.059e-06   9.39e-07      2.193      0.028    2.19e-07     3.9e-06
ar.L1          0.8124      0.190      4.268      0.000       0.439       1.185
ar.L2         -0.6934      0.242     -2.867      0.004      -1.167      -0.219
ar.L3          0.8602      0.173      4.970      0.000       0.521       1.200
ma.L1         -1.1229      0.216     -5.198      0.000      -1.546      -0.699
ma.L2          1.4780      0.306      4.828      0.000       0.878       2.078
ma.L3         -1.3663      0.296     -4.610      0.000      -1.947      -0.785
ma.L4          0.7484      0.172      4.344      0.000       0.411       1.086
ma.L5         -0.4119      0.123     -3.349      0.001      -0.653      -0.171
sigma2         0.0300      0.003      8.778      0.000       0.023       0.037
===================================================================================
Ljung-Box (Q):                       22.16   Jarque-Bera (JB):              1742.59
Prob(Q):                              0.99   Prob(JB):                         0.00
Heteroskedasticity (H):               0.20   Skew:                            -2.46
Prob(H) (two-sided):                  0.00   Kurtosis:                        20.54
===================================================================================

Warnings:
[1] Covariance matrix calculated using the outer product of gradients (complex-step).
[2] Covariance matrix is singular or near-singular, with condition number 2.39e+21. Standard errors may be unstable.
                               SARIMAX Results                                
==============================================================================
Dep. Variable:              CS-Aa-5YR   No. Observations:                  127
Model:                 ARIMA(3, 1, 6)   Log Likelihood                  49.874
Date:                Sat, 12 Sep 2020   AIC                            -77.747
Time:                        16:35:21   BIC                            -46.548
Sample:                    01-31-2009   HQIC                           -65.072
                         - 07-31-2019                                         
Covariance Type:                  opg                                         
==============================================================================
                 coef    std err          z      P>|z|      [0.025      0.975]
------------------------------------------------------------------------------
const      -1.223e-08   1.21e+04  -1.01e-12      1.000   -2.38e+04    2.38e+04
ar.L1          0.3400      0.077      4.390      0.000       0.188       0.492
ar.L2          0.3814      0.063      6.019      0.000       0.257       0.506
ar.L3         -0.9409      0.076    -12.302      0.000      -1.091      -0.791
ma.L1          0.0202      0.135      0.150      0.881      -0.245       0.285
ma.L2         -0.5980      0.119     -5.022      0.000      -0.831      -0.365
ma.L3          1.1491      0.141      8.168      0.000       0.873       1.425
ma.L4          0.2396      0.122      1.960      0.050    1.92e-06       0.479
ma.L5         -0.3123      0.088     -3.551      0.000      -0.485      -0.140
ma.L6          0.3410      0.109      3.142      0.002       0.128       0.554
sigma2         0.0258      0.004      6.617      0.000       0.018       0.033
===================================================================================
Ljung-Box (Q):                       36.43   Jarque-Bera (JB):               156.91
Prob(Q):                              0.63   Prob(JB):                         0.00
Heteroskedasticity (H):               0.21   Skew:                            -0.84
Prob(H) (two-sided):                  0.00   Kurtosis:                         8.20
===================================================================================

Warnings:
[1] Covariance matrix calculated using the outer product of gradients (complex-step).
                               SARIMAX Results                                
==============================================================================
Dep. Variable:               CS-A-5YR   No. Observations:                  127
Model:                 ARIMA(3, 1, 3)   Log Likelihood                  31.834
Date:                Sat, 12 Sep 2020   AIC                            -47.668
Time:                        16:35:22   BIC                            -24.978
Sample:                    01-31-2009   HQIC                           -38.450
                         - 07-31-2019                                         
Covariance Type:                  opg                                         
==============================================================================
                 coef    std err          z      P>|z|      [0.025      0.975]
------------------------------------------------------------------------------
const        1.37e-06   6.37e+04   2.15e-11      1.000   -1.25e+05    1.25e+05
ar.L1         -0.2913      0.202     -1.439      0.150      -0.688       0.105
ar.L2         -0.9846      0.065    -15.058      0.000      -1.113      -0.856
ar.L3         -0.0604      0.208     -0.290      0.772      -0.469       0.348
ma.L1          0.6413      0.206      3.113      0.002       0.238       1.045
ma.L2          1.0495      0.188      5.572      0.000       0.680       1.419
ma.L3          0.4950      0.223      2.218      0.027       0.058       0.932
sigma2         0.0345      0.007      4.796      0.000       0.020       0.049
===================================================================================
Ljung-Box (Q):                       47.41   Jarque-Bera (JB):               185.53
Prob(Q):                              0.20   Prob(JB):                         0.00
Heteroskedasticity (H):               0.14   Skew:                            -1.29
Prob(H) (two-sided):                  0.00   Kurtosis:                         8.35
===================================================================================

Warnings:
[1] Covariance matrix calculated using the outer product of gradients (complex-step).
[2] Covariance matrix is singular or near-singular, with condition number 9.21e+14. Standard errors may be unstable.
                               SARIMAX Results                                
==============================================================================
Dep. Variable:             CS-Baa-5YR   No. Observations:                  127
Model:                 ARIMA(3, 1, 4)   Log Likelihood                  11.989
Date:                Sat, 12 Sep 2020   AIC                             -5.979
Time:                        16:35:24   BIC                             19.548
Sample:                    01-31-2009   HQIC                             4.392
                         - 07-31-2019                                         
Covariance Type:                  opg                                         
==============================================================================
                 coef    std err          z      P>|z|      [0.025      0.975]
------------------------------------------------------------------------------
const       1.018e-06   1.72e-09    591.321      0.000    1.01e-06    1.02e-06
ar.L1         -0.0480      0.114     -0.422      0.673      -0.271       0.175
ar.L2          0.0944      0.103      0.913      0.361      -0.108       0.297
ar.L3         -0.7855      0.122     -6.456      0.000      -1.024      -0.547
ma.L1          0.5060      0.174      2.906      0.004       0.165       0.847
ma.L2          0.0166      0.108      0.154      0.878      -0.195       0.228
ma.L3          0.9520      0.246      3.875      0.000       0.470       1.433
ma.L4          0.5312      0.121      4.398      0.000       0.294       0.768
sigma2         0.0466      0.007      6.267      0.000       0.032       0.061
===================================================================================
Ljung-Box (Q):                       49.28   Jarque-Bera (JB):               818.76
Prob(Q):                              0.15   Prob(JB):                         0.00
Heteroskedasticity (H):               0.25   Skew:                            -1.91
Prob(H) (two-sided):                  0.00   Kurtosis:                        14.89
===================================================================================

Warnings:
[1] Covariance matrix calculated using the outer product of gradients (complex-step).
[2] Covariance matrix is singular or near-singular, with condition number 1.84e+24. Standard errors may be unstable.
            cs      order                  aic                  bic                 hqic            jb_pvalue               dw_res                  llf                  mse                 rmse                 mean                 mape
0   CS-Aaa-3MO  (3, 1, 3)             1.296097            23.986353            10.514437             0.205899             1.641841             7.351951             0.015878             0.126010            -0.030285             0.082392
1    CS-Aa-3MO  (1, 1, 3)           -85.764265           -68.746573           -78.850510             0.314193             1.818550            48.882132             0.014408             0.120035            -0.023463             0.090380
2     CS-A-3MO  (2, 1, 2)           -59.723014           -42.705323           -52.809260             0.299405             1.832625            35.861507             0.014900             0.122066            -0.031071             0.073900
3   CS-Baa-3MO  (3, 1, 4)           -40.673191           -15.146654           -30.302559             0.763321             2.018400            29.336595             0.016488             0.128405            -0.015612             0.050757
4   CS-Aaa-1YR  (4, 1, 3)           -24.053390             1.473147           -13.682758             0.957636             1.679848            21.026695             0.009021             0.094977            -0.019194             0.065281
5    CS-Aa-1YR  (4, 1, 5)          -108.237851           -77.038750           -95.562634             0.786312             1.946806            65.118926             0.009443             0.097177            -0.017352             0.092875
6     CS-A-1YR  (4, 1, 5)           -91.970484           -60.771383           -79.295267             0.653837             2.058703            56.985242             0.009890             0.099450            -0.019409             0.067961
7   CS-Baa-1YR  (4, 1, 5)           -62.143802           -30.944702           -49.468586             0.684172             2.084926            42.071901             0.009770             0.098845            -0.012983             0.046121
8   CS-Aaa-5YR  (3, 1, 5)           -61.545943           -33.183124           -50.023019             0.481501             1.522996            40.772972             0.012973             0.113899             0.000088             0.112433
9    CS-Aa-5YR  (3, 1, 6)           -77.747113           -46.548012           -65.071896             0.791929             2.438421            49.873557             0.010011             0.100054            -0.000234             0.117695
10    CS-A-5YR  (3, 1, 3)           -47.668002           -24.977747           -38.449662             0.855075             2.652599            31.834001             0.011521             0.107334            -0.003239             0.081343
11  CS-Baa-5YR  (3, 1, 4)            -5.978863            19.547674             4.391769             0.915371             2.768944            11.989432             0.025226             0.158826             0.002904             0.076514
