********** ARIMA-CS-V2-X-Econ-c **********
                               SARIMAX Results                                
==============================================================================
Dep. Variable:             CS-Aaa-3MO   No. Observations:                  127
Model:                 ARIMA(3, 1, 0)   Log Likelihood                  12.764
Date:                Sat, 12 Sep 2020   AIC                             -3.528
Time:                        16:35:41   BIC                             27.672
Sample:                    01-31-2009   HQIC                             9.148
                         - 07-31-2019                                         
Covariance Type:                  opg                                         
=======================================================================================
                          coef    std err          z      P>|z|      [0.025      0.975]
---------------------------------------------------------------------------------------
const                5.818e-09   2.16e-08      0.269      0.788   -3.66e-08    4.82e-08
Econ-UNRATE-delta      -0.0644      0.118     -0.548      0.584      -0.295       0.166
Econ-DSPIC96-delta     -0.0004      0.000     -1.777      0.076      -0.001    3.88e-05
Econ-CPIAUCSL-delta     0.0206      0.050      0.414      0.679      -0.077       0.118
Econ-CPILFESL-delta     0.0430      0.131      0.328      0.743      -0.214       0.300
Econ-INDPRO-delta       0.0614      0.040      1.554      0.120      -0.016       0.139
Econ-PCE-delta         -0.0010      0.001     -1.696      0.090      -0.002       0.000
ar.L1                  -0.3542      0.090     -3.951      0.000      -0.530      -0.178
ar.L2                   0.4763      0.079      6.036      0.000       0.322       0.631
ar.L3                   0.2874      0.158      1.823      0.068      -0.022       0.596
sigma2                  0.0483      0.007      7.305      0.000       0.035       0.061
===================================================================================
Ljung-Box (Q):                       26.12   Jarque-Bera (JB):               594.29
Prob(Q):                              0.96   Prob(JB):                         0.00
Heteroskedasticity (H):               0.22   Skew:                            -1.17
Prob(H) (two-sided):                  0.00   Kurtosis:                        13.38
===================================================================================

Warnings:
[1] Covariance matrix calculated using the outer product of gradients (complex-step).
[2] Covariance matrix is singular or near-singular, with condition number 4.92e+22. Standard errors may be unstable.
                               SARIMAX Results                                
==============================================================================
Dep. Variable:              CS-Aa-3MO   No. Observations:                  127
Model:                 ARIMA(1, 1, 1)   Log Likelihood                  41.451
Date:                Sat, 12 Sep 2020   AIC                            -62.902
Time:                        16:35:42   BIC                            -34.539
Sample:                    01-31-2009   HQIC                           -51.379
                         - 07-31-2019                                         
Covariance Type:                  opg                                         
=======================================================================================
                          coef    std err          z      P>|z|      [0.025      0.975]
---------------------------------------------------------------------------------------
const               -5.191e-14   4.44e-08  -1.17e-06      1.000    -8.7e-08     8.7e-08
Econ-UNRATE-delta      -0.0047      0.086     -0.055      0.956      -0.172       0.163
Econ-DSPIC96-delta  -1.442e-05      0.000     -0.111      0.912      -0.000       0.000
Econ-CPIAUCSL-delta    -0.0456      0.024     -1.865      0.062      -0.094       0.002
Econ-CPILFESL-delta    -0.0169      0.101     -0.168      0.867      -0.214       0.181
Econ-INDPRO-delta       0.0166      0.025      0.667      0.505      -0.032       0.065
Econ-PCE-delta         -0.0001      0.000     -0.511      0.609      -0.001       0.000
ar.L1                   0.0012     36.644   3.27e-05      1.000     -71.820      71.823
ma.L1                   0.0012     36.658   3.27e-05      1.000     -71.848      71.850
sigma2                  0.0304      0.005      6.627      0.000       0.021       0.039
===================================================================================
Ljung-Box (Q):                       72.52   Jarque-Bera (JB):                 0.89
Prob(Q):                              0.00   Prob(JB):                         0.64
Heteroskedasticity (H):               0.22   Skew:                            -0.14
Prob(H) (two-sided):                  0.00   Kurtosis:                         2.71
===================================================================================

Warnings:
[1] Covariance matrix calculated using the outer product of gradients (complex-step).
[2] Covariance matrix is singular or near-singular, with condition number 1.26e+25. Standard errors may be unstable.
                               SARIMAX Results                                
==============================================================================
Dep. Variable:               CS-A-3MO   No. Observations:                  127
Model:                 ARIMA(2, 1, 0)   Log Likelihood                  34.992
Date:                Sat, 12 Sep 2020   AIC                            -49.984
Time:                        16:35:43   BIC                            -21.621
Sample:                    01-31-2009   HQIC                           -38.461
                         - 07-31-2019                                         
Covariance Type:                  opg                                         
=======================================================================================
                          coef    std err          z      P>|z|      [0.025      0.975]
---------------------------------------------------------------------------------------
const               -1.347e-11   1.91e-10     -0.071      0.944   -3.88e-10    3.61e-10
Econ-UNRATE-delta      -0.0212      0.089     -0.237      0.812      -0.196       0.154
Econ-DSPIC96-delta   1.256e-05      0.000      0.088      0.930      -0.000       0.000
Econ-CPIAUCSL-delta    -0.0555      0.029     -1.945      0.052      -0.111       0.000
Econ-CPILFESL-delta     0.0398      0.109      0.365      0.715      -0.174       0.253
Econ-INDPRO-delta       0.0135      0.024      0.562      0.574      -0.034       0.061
Econ-PCE-delta         -0.0003      0.000     -0.679      0.497      -0.001       0.000
ar.L1                   0.1475      0.078      1.894      0.058      -0.005       0.300
ar.L2                   0.1350      0.083      1.636      0.102      -0.027       0.297
sigma2                  0.0338      0.004      7.564      0.000       0.025       0.042
===================================================================================
Ljung-Box (Q):                       91.93   Jarque-Bera (JB):                 3.13
Prob(Q):                              0.00   Prob(JB):                         0.21
Heteroskedasticity (H):               0.21   Skew:                            -0.19
Prob(H) (two-sided):                  0.00   Kurtosis:                         3.67
===================================================================================

Warnings:
[1] Covariance matrix calculated using the outer product of gradients (complex-step).
[2] Covariance matrix is singular or near-singular, with condition number 3.93e+24. Standard errors may be unstable.
                               SARIMAX Results                                
==============================================================================
Dep. Variable:             CS-Baa-3MO   No. Observations:                  127
Model:                 ARIMA(3, 1, 2)   Log Likelihood                  30.131
Date:                Sat, 12 Sep 2020   AIC                            -34.262
Time:                        16:35:45   BIC                              2.610
Sample:                    01-31-2009   HQIC                           -19.282
                         - 07-31-2019                                         
Covariance Type:                  opg                                         
=======================================================================================
                          coef    std err          z      P>|z|      [0.025      0.975]
---------------------------------------------------------------------------------------
const                3.862e-10   7.05e-09      0.055      0.956   -1.34e-08    1.42e-08
Econ-UNRATE-delta      -0.0153      0.101     -0.151      0.880      -0.214       0.183
Econ-DSPIC96-delta      0.0001      0.000      0.866      0.387      -0.000       0.000
Econ-CPIAUCSL-delta    -0.0298      0.029     -1.024      0.306      -0.087       0.027
Econ-CPILFESL-delta     0.0498      0.100      0.499      0.618      -0.146       0.246
Econ-INDPRO-delta       0.0165      0.029      0.576      0.565      -0.040       0.073
Econ-PCE-delta         -0.0002      0.000     -0.434      0.664      -0.001       0.001
ar.L1                  -0.1265      0.282     -0.449      0.654      -0.679       0.426
ar.L2                  -0.1637      0.287     -0.571      0.568      -0.726       0.398
ar.L3                   0.3848      0.108      3.565      0.000       0.173       0.596
ma.L1                   0.3147      0.314      1.001      0.317      -0.301       0.931
ma.L2                   0.4434      0.309      1.436      0.151      -0.162       1.049
sigma2                  0.0361      0.004      9.905      0.000       0.029       0.043
===================================================================================
Ljung-Box (Q):                       49.37   Jarque-Bera (JB):                67.93
Prob(Q):                              0.15   Prob(JB):                         0.00
Heteroskedasticity (H):               0.25   Skew:                            -0.77
Prob(H) (two-sided):                  0.00   Kurtosis:                         6.25
===================================================================================

Warnings:
[1] Covariance matrix calculated using the outer product of gradients (complex-step).
[2] Covariance matrix is singular or near-singular, with condition number 1.5e+23. Standard errors may be unstable.
                               SARIMAX Results                                
==============================================================================
Dep. Variable:             CS-Aaa-1YR   No. Observations:                  127
Model:                 ARIMA(4, 1, 2)   Log Likelihood                  21.884
Date:                Sat, 12 Sep 2020   AIC                            -15.767
Time:                        16:35:46   BIC                             23.941
Sample:                    01-31-2009   HQIC                             0.365
                         - 07-31-2019                                         
Covariance Type:                  opg                                         
=======================================================================================
                          coef    std err          z      P>|z|      [0.025      0.975]
---------------------------------------------------------------------------------------
const                4.152e-09   7.77e-06      0.001      1.000   -1.52e-05    1.52e-05
Econ-UNRATE-delta      -0.0126      0.127     -0.099      0.921      -0.262       0.237
Econ-DSPIC96-delta     -0.0003      0.000     -1.254      0.210      -0.001       0.000
Econ-CPIAUCSL-delta     0.0081      0.049      0.167      0.868      -0.087       0.103
Econ-CPILFESL-delta     0.0306      0.147      0.209      0.834      -0.257       0.318
Econ-INDPRO-delta       0.0359      0.042      0.862      0.389      -0.046       0.118
Econ-PCE-delta         -0.0007      0.001     -1.034      0.301      -0.002       0.001
ar.L1                  -1.1282      7.482     -0.151      0.880     -15.794      13.537
ar.L2                  -0.0543      3.573     -0.015      0.988      -7.056       6.948
ar.L3                   0.4273      1.574      0.271      0.786      -2.658       3.513
ar.L4                   0.1826      2.047      0.089      0.929      -3.830       4.195
ma.L1                   0.8334      7.486      0.111      0.911     -13.839      15.505
ma.L2                   0.0666      1.416      0.047      0.962      -2.708       2.842
sigma2                  0.0408      0.006      6.615      0.000       0.029       0.053
===================================================================================
Ljung-Box (Q):                       18.19   Jarque-Bera (JB):              2544.56
Prob(Q):                              1.00   Prob(JB):                         0.00
Heteroskedasticity (H):               0.16   Skew:                            -2.48
Prob(H) (two-sided):                  0.00   Kurtosis:                        24.45
===================================================================================

Warnings:
[1] Covariance matrix calculated using the outer product of gradients (complex-step).
[2] Covariance matrix is singular or near-singular, with condition number 2.34e+23. Standard errors may be unstable.
                               SARIMAX Results                                
==============================================================================
Dep. Variable:              CS-Aa-1YR   No. Observations:                  127
Model:                 ARIMA(4, 1, 5)   Log Likelihood                  62.741
Date:                Sat, 12 Sep 2020   AIC                            -91.481
Time:                        16:35:49   BIC                            -43.264
Sample:                    01-31-2009   HQIC                           -71.892
                         - 07-31-2019                                         
Covariance Type:                  opg                                         
=======================================================================================
                          coef    std err          z      P>|z|      [0.025      0.975]
---------------------------------------------------------------------------------------
const                -1.04e-11   5.51e-05  -1.89e-07      1.000      -0.000       0.000
Econ-UNRATE-delta       0.0042      0.080      0.053      0.958      -0.152       0.160
Econ-DSPIC96-delta   2.144e-05   9.84e-05      0.218      0.828      -0.000       0.000
Econ-CPIAUCSL-delta    -0.0206      0.023     -0.898      0.369      -0.065       0.024
Econ-CPILFESL-delta     0.0313      0.093      0.337      0.736      -0.151       0.213
Econ-INDPRO-delta       0.0188      0.023      0.814      0.416      -0.026       0.064
Econ-PCE-delta       6.405e-05      0.000      0.223      0.824      -0.000       0.001
ar.L1                  -0.8250     12.903     -0.064      0.949     -26.114      24.464
ar.L2                  -0.0650     18.350     -0.004      0.997     -36.030      35.900
ar.L3                   0.2486     11.481      0.022      0.983     -22.254      22.751
ar.L4                   0.1123      3.305      0.034      0.973      -6.366       6.590
ma.L1                   0.8460     12.899      0.066      0.948     -24.435      26.127
ma.L2                   0.1933     18.626      0.010      0.992     -36.314      36.700
ma.L3                   0.0023     13.298      0.000      1.000     -26.061      26.066
ma.L4                  -0.0896      7.589     -0.012      0.991     -14.964      14.785
ma.L5                  -0.1288      2.842     -0.045      0.964      -5.700       5.442
sigma2                  0.0216      0.003      7.158      0.000       0.016       0.028
===================================================================================
Ljung-Box (Q):                       53.56   Jarque-Bera (JB):                 1.21
Prob(Q):                              0.07   Prob(JB):                         0.55
Heteroskedasticity (H):               0.21   Skew:                            -0.17
Prob(H) (two-sided):                  0.00   Kurtosis:                         3.34
===================================================================================

Warnings:
[1] Covariance matrix calculated using the outer product of gradients (complex-step).
[2] Covariance matrix is singular or near-singular, with condition number 5.75e+22. Standard errors may be unstable.
                               SARIMAX Results                                
==============================================================================
Dep. Variable:               CS-A-1YR   No. Observations:                  127
Model:                 ARIMA(4, 1, 5)   Log Likelihood                  57.619
Date:                Sat, 12 Sep 2020   AIC                            -81.239
Time:                        16:35:51   BIC                            -33.022
Sample:                    01-31-2009   HQIC                           -61.650
                         - 07-31-2019                                         
Covariance Type:                  opg                                         
=======================================================================================
                          coef    std err          z      P>|z|      [0.025      0.975]
---------------------------------------------------------------------------------------
const               -1.871e-10   6.79e-06  -2.76e-05      1.000   -1.33e-05    1.33e-05
Econ-UNRATE-delta      -0.0016      0.083     -0.019      0.985      -0.164       0.161
Econ-DSPIC96-delta      0.0001      0.000      1.026      0.305   -9.42e-05       0.000
Econ-CPIAUCSL-delta    -0.0385      0.022     -1.749      0.080      -0.082       0.005
Econ-CPILFESL-delta     0.0741      0.099      0.750      0.453      -0.119       0.268
Econ-INDPRO-delta       0.0094      0.021      0.444      0.657      -0.032       0.051
Econ-PCE-delta       4.345e-05      0.000      0.149      0.881      -0.001       0.001
ar.L1                  -0.3735      8.585     -0.044      0.965     -17.201      16.454
ar.L2                  -0.3399      4.288     -0.079      0.937      -8.744       8.065
ar.L3                   0.2511      4.692      0.054      0.957      -8.944       9.447
ar.L4                   0.0803      1.453      0.055      0.956      -2.767       2.927
ma.L1                   0.6760      8.563      0.079      0.937     -16.107      17.459
ma.L2                   0.5884      6.782      0.087      0.931     -12.704      13.881
ma.L3                   0.1118      7.095      0.016      0.987     -13.794      14.017
ma.L4                  -0.1076      2.881     -0.037      0.970      -5.754       5.539
ma.L5                  -0.0685      0.746     -0.092      0.927      -1.530       1.393
sigma2                  0.0231      0.003      7.719      0.000       0.017       0.029
===================================================================================
Ljung-Box (Q):                       44.33   Jarque-Bera (JB):                12.36
Prob(Q):                              0.29   Prob(JB):                         0.00
Heteroskedasticity (H):               0.25   Skew:                            -0.22
Prob(H) (two-sided):                  0.00   Kurtosis:                         4.47
===================================================================================

Warnings:
[1] Covariance matrix calculated using the outer product of gradients (complex-step).
[2] Covariance matrix is singular or near-singular, with condition number 1.16e+22. Standard errors may be unstable.
                               SARIMAX Results                                
==============================================================================
Dep. Variable:             CS-Baa-1YR   No. Observations:                  127
Model:                 ARIMA(4, 1, 5)   Log Likelihood                  37.571
Date:                Sat, 12 Sep 2020   AIC                            -41.142
Time:                        16:35:54   BIC                              7.075
Sample:                    01-31-2009   HQIC                           -21.553
                         - 07-31-2019                                         
Covariance Type:                  opg                                         
=======================================================================================
                          coef    std err          z      P>|z|      [0.025      0.975]
---------------------------------------------------------------------------------------
const               -5.701e-11   6.11e-05  -9.33e-07      1.000      -0.000       0.000
Econ-UNRATE-delta       0.0272      0.094      0.289      0.773      -0.158       0.212
Econ-DSPIC96-delta      0.0001      0.000      0.982      0.326      -0.000       0.000
Econ-CPIAUCSL-delta    -0.0247      0.027     -0.917      0.359      -0.077       0.028
Econ-CPILFESL-delta     0.0688      0.108      0.637      0.524      -0.143       0.281
Econ-INDPRO-delta      -0.0043      0.025     -0.175      0.861      -0.053       0.044
Econ-PCE-delta          0.0002      0.000      0.425      0.671      -0.001       0.001
ar.L1                  -0.5957      9.605     -0.062      0.951     -19.422      18.230
ar.L2                  -0.4795      4.256     -0.113      0.910      -8.821       7.862
ar.L3                   0.1759      3.357      0.052      0.958      -6.403       6.755
ar.L4                   0.0001      2.420    4.3e-05      1.000      -4.743       4.743
ma.L1                   0.9349      9.633      0.097      0.923     -17.946      19.816
ma.L2                   0.9374      7.484      0.125      0.900     -13.731      15.606
ma.L3                   0.4206      7.253      0.058      0.954     -13.796      14.637
ma.L4                   0.2257      2.617      0.086      0.931      -4.904       5.355
ma.L5                   0.0465      1.275      0.036      0.971      -2.452       2.545
sigma2                  0.0321      0.003     11.088      0.000       0.026       0.038
===================================================================================
Ljung-Box (Q):                       54.94   Jarque-Bera (JB):               106.71
Prob(Q):                              0.06   Prob(JB):                         0.00
Heteroskedasticity (H):               0.30   Skew:                            -0.81
Prob(H) (two-sided):                  0.00   Kurtosis:                         7.21
===================================================================================

Warnings:
[1] Covariance matrix calculated using the outer product of gradients (complex-step).
[2] Covariance matrix is singular or near-singular, with condition number 7.09e+21. Standard errors may be unstable.
                               SARIMAX Results                                
==============================================================================
Dep. Variable:             CS-Aaa-5YR   No. Observations:                  127
Model:                 ARIMA(3, 1, 5)   Log Likelihood                  41.072
Date:                Sat, 12 Sep 2020   AIC                            -50.145
Time:                        16:35:56   BIC                             -4.764
Sample:                    01-31-2009   HQIC                           -31.708
                         - 07-31-2019                                         
Covariance Type:                  opg                                         
=======================================================================================
                          coef    std err          z      P>|z|      [0.025      0.975]
---------------------------------------------------------------------------------------
const               -3.192e-13   2.12e-06  -1.51e-07      1.000   -4.15e-06    4.15e-06
Econ-UNRATE-delta       0.0928      0.105      0.883      0.377      -0.113       0.299
Econ-DSPIC96-delta     -0.0002      0.000     -1.558      0.119      -0.001    5.93e-05
Econ-CPIAUCSL-delta    -0.0852      0.034     -2.482      0.013      -0.153      -0.018
Econ-CPILFESL-delta     0.1011      0.125      0.806      0.420      -0.145       0.347
Econ-INDPRO-delta      -0.0341      0.034     -1.011      0.312      -0.100       0.032
Econ-PCE-delta         -0.0001      0.001     -0.200      0.841      -0.001       0.001
ar.L1                  -0.5994      1.889     -0.317      0.751      -4.302       3.103
ar.L2                  -0.8046      1.068     -0.754      0.451      -2.897       1.288
ar.L3                  -0.1335      0.791     -0.169      0.866      -1.683       1.416
ma.L1                   0.3293      1.884      0.175      0.861      -3.363       4.022
ma.L2                   0.8620      0.782      1.102      0.270      -0.671       2.395
ma.L3                   0.4238      0.921      0.460      0.646      -1.382       2.230
ma.L4                   0.2807      0.722      0.389      0.698      -1.135       1.697
ma.L5                   0.2214      0.539      0.410      0.682      -0.836       1.279
sigma2                  0.0283      0.003      8.941      0.000       0.022       0.034
===================================================================================
Ljung-Box (Q):                       18.30   Jarque-Bera (JB):              2658.05
Prob(Q):                              1.00   Prob(JB):                         0.00
Heteroskedasticity (H):               0.12   Skew:                            -3.12
Prob(H) (two-sided):                  0.00   Kurtosis:                        24.62
===================================================================================

Warnings:
[1] Covariance matrix calculated using the outer product of gradients (complex-step).
[2] Covariance matrix is singular or near-singular, with condition number 1.31e+22. Standard errors may be unstable.
                               SARIMAX Results                                
==============================================================================
Dep. Variable:              CS-Aa-5YR   No. Observations:                  127
Model:                 ARIMA(3, 1, 6)   Log Likelihood                  44.867
Date:                Sat, 12 Sep 2020   AIC                            -55.733
Time:                        16:35:59   BIC                             -7.516
Sample:                    01-31-2009   HQIC                           -36.144
                         - 07-31-2019                                         
Covariance Type:                  opg                                         
=======================================================================================
                          coef    std err          z      P>|z|      [0.025      0.975]
---------------------------------------------------------------------------------------
const                2.324e-11   2.77e-05    8.4e-07      1.000   -5.43e-05    5.43e-05
Econ-UNRATE-delta       0.0458      0.116      0.393      0.694      -0.182       0.274
Econ-DSPIC96-delta      0.0001      0.000      0.752      0.452      -0.000       0.000
Econ-CPIAUCSL-delta    -0.0406      0.037     -1.100      0.271      -0.113       0.032
Econ-CPILFESL-delta     0.1047      0.115      0.910      0.363      -0.121       0.330
Econ-INDPRO-delta      -0.0261      0.027     -0.980      0.327      -0.078       0.026
Econ-PCE-delta          0.0004      0.000      0.779      0.436      -0.001       0.001
ar.L1                   0.1073     18.672      0.006      0.995     -36.490      36.705
ar.L2                   0.0268      5.921      0.005      0.996     -11.579      11.632
ar.L3                   0.0756      7.404      0.010      0.992     -14.436      14.587
ma.L1                   0.1219     18.662      0.007      0.995     -36.456      36.699
ma.L2                   0.0430      5.382      0.008      0.994     -10.505      10.591
ma.L3                   0.0734      8.523      0.009      0.993     -16.632      16.779
ma.L4                  -0.0027      4.465     -0.001      1.000      -8.754       8.749
ma.L5                  -0.0261      1.212     -0.022      0.983      -2.401       2.348
ma.L6                  -0.0297      0.972     -0.031      0.976      -1.935       1.875
sigma2                  0.0285      0.002     12.564      0.000       0.024       0.033
===================================================================================
Ljung-Box (Q):                       37.19   Jarque-Bera (JB):               350.05
Prob(Q):                              0.60   Prob(JB):                         0.00
Heteroskedasticity (H):               0.15   Skew:                            -1.18
Prob(H) (two-sided):                  0.00   Kurtosis:                        10.82
===================================================================================

Warnings:
[1] Covariance matrix calculated using the outer product of gradients (complex-step).
[2] Covariance matrix is singular or near-singular, with condition number 2.28e+21. Standard errors may be unstable.
                               SARIMAX Results                                
==============================================================================
Dep. Variable:               CS-A-5YR   No. Observations:                  127
Model:                 ARIMA(3, 1, 0)   Log Likelihood                  31.643
Date:                Sat, 12 Sep 2020   AIC                            -41.285
Time:                        16:36:01   BIC                            -10.086
Sample:                    01-31-2009   HQIC                           -28.610
                         - 07-31-2019                                         
Covariance Type:                  opg                                         
=======================================================================================
                          coef    std err          z      P>|z|      [0.025      0.975]
---------------------------------------------------------------------------------------
const                1.313e-11   1.56e-10      0.084      0.933   -2.93e-10    3.19e-10
Econ-UNRATE-delta       0.0266      0.103      0.257      0.797      -0.176       0.229
Econ-DSPIC96-delta      0.0002      0.000      0.965      0.335      -0.000       0.001
Econ-CPIAUCSL-delta    -0.0480      0.035     -1.383      0.167      -0.116       0.020
Econ-CPILFESL-delta     0.1598      0.089      1.787      0.074      -0.015       0.335
Econ-INDPRO-delta      -0.0198      0.024     -0.841      0.400      -0.066       0.026
Econ-PCE-delta          0.0002      0.000      0.455      0.649      -0.001       0.001
ar.L1                   0.3531      0.076      4.617      0.000       0.203       0.503
ar.L2                  -0.0218      0.091     -0.239      0.811      -0.201       0.157
ar.L3                   0.1119      0.092      1.211      0.226      -0.069       0.293
sigma2                  0.0353      0.003     13.899      0.000       0.030       0.040
===================================================================================
Ljung-Box (Q):                       39.09   Jarque-Bera (JB):               570.67
Prob(Q):                              0.51   Prob(JB):                         0.00
Heteroskedasticity (H):               0.15   Skew:                            -1.66
Prob(H) (two-sided):                  0.00   Kurtosis:                        12.88
===================================================================================

Warnings:
[1] Covariance matrix calculated using the outer product of gradients (complex-step).
[2] Covariance matrix is singular or near-singular, with condition number 5.5e+24. Standard errors may be unstable.
                               SARIMAX Results                                
==============================================================================
Dep. Variable:             CS-Baa-5YR   No. Observations:                  127
Model:                 ARIMA(1, 1, 2)   Log Likelihood                  11.510
Date:                Sat, 12 Sep 2020   AIC                             -1.019
Time:                        16:36:02   BIC                             30.180
Sample:                    01-31-2009   HQIC                            11.656
                         - 07-31-2019                                         
Covariance Type:                  opg                                         
=======================================================================================
                          coef    std err          z      P>|z|      [0.025      0.975]
---------------------------------------------------------------------------------------
const               -4.178e-10   2.18e-09     -0.191      0.848    -4.7e-09    3.86e-09
Econ-UNRATE-delta       0.0477      0.130      0.366      0.714      -0.208       0.303
Econ-DSPIC96-delta      0.0002      0.000      0.936      0.349      -0.000       0.001
Econ-CPIAUCSL-delta    -0.0318      0.042     -0.760      0.447      -0.114       0.050
Econ-CPILFESL-delta     0.1498      0.113      1.323      0.186      -0.072       0.372
Econ-INDPRO-delta      -0.0422      0.029     -1.441      0.150      -0.100       0.015
Econ-PCE-delta          0.0003      0.000      0.768      0.443      -0.001       0.001
ar.L1                   0.6946      0.429      1.619      0.105      -0.146       1.535
ma.L1                  -0.3754      0.426     -0.880      0.379      -1.211       0.460
ma.L2                  -0.0771      0.200     -0.386      0.700      -0.469       0.315
sigma2                  0.0479      0.003     17.178      0.000       0.042       0.053
===================================================================================
Ljung-Box (Q):                       32.61   Jarque-Bera (JB):               921.15
Prob(Q):                              0.79   Prob(JB):                         0.00
Heteroskedasticity (H):               0.21   Skew:                            -2.04
Prob(H) (two-sided):                  0.00   Kurtosis:                        15.60
===================================================================================

Warnings:
[1] Covariance matrix calculated using the outer product of gradients (complex-step).
[2] Covariance matrix is singular or near-singular, with condition number 4.49e+24. Standard errors may be unstable.
            cs      order                  aic                  bic                 hqic            jb_pvalue               dw_res                  llf                  mse                 rmse                 mean                 mape
0   CS-Aaa-3MO  (3, 1, 0)            -3.527591            27.671510             9.147626             0.567771             1.933666            12.763796             0.015252             0.123500            -0.020758             0.084430
1    CS-Aa-3MO  (1, 1, 1)           -62.901797           -34.538978           -51.378872             0.582990             1.842335            41.450898             0.011054             0.105139            -0.041523             0.079469
2     CS-A-3MO  (2, 1, 0)           -49.983616           -21.620797           -38.460692             0.775752             2.191606            34.991808             0.011310             0.106348            -0.028210             0.060234
3   CS-Baa-3MO  (3, 1, 2)           -34.261602             2.610062           -19.281800             0.476289             2.159368            30.130801             0.012467             0.111654            -0.015501             0.043697
4   CS-Aaa-1YR  (4, 1, 2)           -15.767343            23.940604             0.364752             0.519788             1.848209            21.883671             0.009685             0.098414            -0.027449             0.077210
5    CS-Aa-1YR  (4, 1, 5)           -91.481038           -43.264246           -71.892067             0.871871             1.666506            62.740519             0.006189             0.078668            -0.025616             0.073325
6     CS-A-1YR  (4, 1, 5)           -81.238800           -33.022007           -61.649828             0.833931             2.076667            57.619400             0.007041             0.083911            -0.019622             0.057322
7   CS-Baa-1YR  (4, 1, 5)           -41.142161             7.074631           -21.553189             0.853459             1.923326            37.571081             0.008474             0.092055            -0.014566             0.039673
8   CS-Aaa-5YR  (3, 1, 5)           -50.144876            -4.764366           -31.708197             0.767196             1.662628            41.072438             0.007801             0.088324            -0.006579             0.078082
9    CS-Aa-5YR  (3, 1, 6)           -55.733004            -7.516212           -36.144033             0.648073             2.296134            44.866502             0.009191             0.095868            -0.003532             0.114642
10    CS-A-5YR  (3, 1, 0)           -41.285195           -10.086094           -28.609978             0.741234             2.572703            31.642598             0.011615             0.107774            -0.004126             0.085815
11  CS-Baa-5YR  (1, 1, 2)            -1.019236            30.179865            11.655981             0.486890             2.370293            11.509618             0.019624             0.140084            -0.003213             0.073190
