start
CS-Aaa-3MO Econ-UNRATE-delta c aic: 0,1,2 bic: 0,1,2 hqic: 0,1,2
CS-Aaa-3MO Econ-UNRATE-delta ct aic: 0,1,2 bic: 0,1,2 hqic: 0,1,2
CS-Aaa-3MO Econ-UNRATE-delta None aic: 0,1,2 bic: 0,1,2 hqic: 0,1,2
CS-Aaa-3MO Econ-DSPIC96-delta c aic: 0,1,2 bic: 0,1,2 hqic: 0,1,2
CS-Aaa-3MO Econ-DSPIC96-delta ct aic: 0,1,2 bic: 0,1,2 hqic: 0,1,2
CS-Aaa-3MO Econ-DSPIC96-delta None aic: 0,1,2 bic: 0,1,2 hqic: 0,1,2
CS-Aaa-3MO Econ-CPIAUCSL-delta c aic: 0,1,2 bic: 0,1,2 hqic: 0,1,2
CS-Aaa-3MO Econ-CPIAUCSL-delta ct aic: 0,1,2 bic: 0,1,2 hqic: 0,1,2
CS-Aaa-3MO Econ-CPIAUCSL-delta None aic: 0,1,2 bic: 0,1,2 hqic: 0,1,2
CS-Aaa-3MO Econ-CPILFESL-delta c aic: 0,1,2 bic: 0,1,2 hqic: 0,1,2
CS-Aaa-3MO Econ-CPILFESL-delta ct aic: 0,1,2 bic: 0,1,2 hqic: 0,1,2
CS-Aaa-3MO Econ-CPILFESL-delta None aic: 0,1,2 bic: 0,1,2 hqic: 0,1,2
CS-Aaa-3MO Econ-INDPRO-delta c aic: 0,1,2 bic: 0,1,2 hqic: 0,1,2
CS-Aaa-3MO Econ-INDPRO-delta ct aic: 0,1,2 bic: 0,1,2 hqic: 0,1,2
CS-Aaa-3MO Econ-INDPRO-delta None aic: 0,1,2 bic: 0,1,2 hqic: 0,1,2
CS-Aaa-3MO Econ-PCE-delta c aic: 0,1,2 bic: 0,1,2 hqic: 0,1,2
CS-Aaa-3MO Econ-PCE-delta ct aic: 0,1,2 bic: 0,1,2 hqic: 0,1,2
CS-Aaa-3MO Econ-PCE-delta None aic: 0,1,2 bic: 0,1,2 hqic: 0,1,2
CS-Aaa-3MO Market-RMRF-delta c aic: 0,1,2 bic: 0,1,2 hqic: 0,1,2
CS-Aaa-3MO Market-RMRF-delta ct aic: 0,1,2 bic: 0,1,2 hqic: 0,1,2
CS-Aaa-3MO Market-RMRF-delta None aic: 0,1,2 bic: 0,1,2 hqic: 0,1,2
CS-Aaa-3MO Market-SP500-delta c aic: 0,1,2 bic: 0,1,2 hqic: 0,1,2
CS-Aaa-3MO Market-SP500-delta ct aic: 0,1,2 bic: 0,1,2 hqic: 0,1,2
CS-Aaa-3MO Market-SP500-delta None aic: 0,1,2 bic: 0,1,2 hqic: 0,1,2
CS-Aa-3MO Econ-UNRATE-delta c aic: 4,1,4 bic: 0,1,3 hqic: 0,1,3
CS-Aa-3MO Econ-UNRATE-delta ct aic: 3,1,2 bic: 0,1,0 hqic: 0,1,4
CS-Aa-3MO Econ-UNRATE-delta None aic: 2,1,5 bic: 0,1,3 hqic: 0,1,3
CS-Aa-3MO Econ-DSPIC96-delta c aic: 0,1,4 bic: 0,1,3 hqic: 0,1,4
CS-Aa-3MO Econ-DSPIC96-delta ct aic: 0,1,4 bic: 0,1,0 hqic: 0,1,4
CS-Aa-3MO Econ-DSPIC96-delta None aic: 0,1,4 bic: 0,1,3 hqic: 0,1,3
CS-Aa-3MO Econ-CPIAUCSL-delta c aic: 2,1,6 bic: 0,1,3 hqic: 0,1,3
CS-Aa-3MO Econ-CPIAUCSL-delta ct aic: 0,1,4 bic: 0,1,0 hqic: 0,1,4
CS-Aa-3MO Econ-CPIAUCSL-delta None aic: 2,1,6 bic: 0,1,3 hqic: 0,1,3
CS-Aa-3MO Econ-CPILFESL-delta c aic: 2,1,5 bic: 0,1,3 hqic: 0,1,3
CS-Aa-3MO Econ-CPILFESL-delta ct aic: 3,1,2 bic: 0,1,0 hqic: 0,1,4
CS-Aa-3MO Econ-CPILFESL-delta None aic: 2,1,5 bic: 0,1,3 hqic: 0,1,3
CS-Aa-3MO Econ-INDPRO-delta c aic: 2,1,5 bic: 0,1,3 hqic: 0,1,4
CS-Aa-3MO Econ-INDPRO-delta ct aic: 0,1,4 bic: 0,1,4 hqic: 0,1,4
CS-Aa-3MO Econ-INDPRO-delta None aic: 2,1,5 bic: 0,1,3 hqic: 0,1,4
CS-Aa-3MO Econ-PCE-delta c aic: 0,1,4 bic: 0,1,3 hqic: 0,1,3
CS-Aa-3MO Econ-PCE-delta ct aic: 0,1,4 bic: 0,1,0 hqic: 0,1,4
CS-Aa-3MO Econ-PCE-delta None aic: 0,1,4 bic: 0,1,3 hqic: 0,1,3
CS-Aa-3MO Market-RMRF-delta c aic: 3,1,6 bic: 0,1,3 hqic: 0,1,3
CS-Aa-3MO Market-RMRF-delta ct aic: 3,1,6 bic: 0,1,0 hqic: 0,1,4
CS-Aa-3MO Market-RMRF-delta None aic: 0,1,4 bic: 0,1,3 hqic: 0,1,3
CS-Aa-3MO Market-SP500-delta c aic: 0,1,4 bic: 0,1,3 hqic: 0,1,3
CS-Aa-3MO Market-SP500-delta ct aic: 0,1,4 bic: 0,1,0 hqic: 0,1,4
CS-Aa-3MO Market-SP500-delta None aic: 0,1,4 bic: 0,1,3 hqic: 0,1,3
CS-A-3MO Econ-UNRATE-delta c aic: 3,1,2 bic: 3,1,2 hqic: 3,1,2
CS-A-3MO Econ-UNRATE-delta ct aic: 3,1,2 bic: 0,1,0 hqic: 3,1,2
CS-A-3MO Econ-UNRATE-delta None aic: 3,1,2 bic: 3,1,2 hqic: 3,1,2
CS-A-3MO Econ-DSPIC96-delta c aic: 3,1,3 bic: 0,1,3 hqic: 3,1,3
CS-A-3MO Econ-DSPIC96-delta ct aic: 3,1,3 bic: 0,1,0 hqic: 0,1,4
CS-A-3MO Econ-DSPIC96-delta None aic: 3,1,3 bic: 0,1,3 hqic: 3,1,3
CS-A-3MO Econ-CPIAUCSL-delta c aic: 2,1,6 bic: 3,1,2 hqic: 3,1,2
CS-A-3MO Econ-CPIAUCSL-delta ct aic: 4,1,4 bic: 0,1,0 hqic: 3,1,2
CS-A-3MO Econ-CPIAUCSL-delta None aic: 3,1,2 bic: 3,1,2 hqic: 3,1,2
CS-A-3MO Econ-CPILFESL-delta c aic: 3,1,2 bic: 3,1,2 hqic: 3,1,2
CS-A-3MO Econ-CPILFESL-delta ct aic: 3,1,2 bic: 0,1,0 hqic: 3,1,2
CS-A-3MO Econ-CPILFESL-delta None aic: 3,1,2 bic: 3,1,2 hqic: 3,1,2
CS-A-3MO Econ-INDPRO-delta c aic: 3,1,2 bic: 0,1,4 hqic: 3,1,2
CS-A-3MO Econ-INDPRO-delta ct aic: 3,1,2 bic: 0,1,4 hqic: 3,1,2
CS-A-3MO Econ-INDPRO-delta None aic: 3,1,2 bic: 0,1,4 hqic: 3,1,2
CS-A-3MO Econ-PCE-delta c aic: 3,1,3 bic: 0,1,3 hqic: 0,1,4
CS-A-3MO Econ-PCE-delta ct aic: 0,1,4 bic: 0,1,0 hqic: 0,1,4
CS-A-3MO Econ-PCE-delta None aic: 3,1,3 bic: 0,1,3 hqic: 0,1,4
CS-A-3MO Market-RMRF-delta c aic: 3,1,2 bic: 3,1,2 hqic: 3,1,2
CS-A-3MO Market-RMRF-delta ct aic: 3,1,3 bic: 0,1,0 hqic: 0,1,4
CS-A-3MO Market-RMRF-delta None aic: 3,1,2 bic: 3,1,2 hqic: 3,1,2
CS-A-3MO Market-SP500-delta c aic: 3,1,3 bic: 0,1,0 hqic: 3,1,3
CS-A-3MO Market-SP500-delta ct aic: 3,1,3 bic: 0,1,0 hqic: 0,1,4
CS-A-3MO Market-SP500-delta None aic: 3,1,3 bic: 0,1,0 hqic: 3,1,3
CS-Baa-3MO Econ-UNRATE-delta c aic: 3,1,5 bic: 3,1,2 hqic: 2,1,5
CS-Baa-3MO Econ-UNRATE-delta ct aic: 2,1,5 bic: 3,1,2 hqic: 3,1,2
CS-Baa-3MO Econ-UNRATE-delta None aic: 3,1,5 bic: 3,1,2 hqic: 3,1,5
CS-Baa-3MO Econ-DSPIC96-delta c aic: 3,1,3 bic: 0,1,3 hqic: 1,1,3
CS-Baa-3MO Econ-DSPIC96-delta ct aic: 3,1,3 bic: 0,1,3 hqic: 3,1,3
CS-Baa-3MO Econ-DSPIC96-delta None aic: 3,1,3 bic: 0,1,3 hqic: 0,1,4
CS-Baa-3MO Econ-CPIAUCSL-delta c aic: 2,1,5 bic: 0,1,3 hqic: 2,1,5
CS-Baa-3MO Econ-CPIAUCSL-delta ct aic: 2,1,7 bic: 3,1,2 hqic: 3,1,2
CS-Baa-3MO Econ-CPIAUCSL-delta None aic: 2,1,5 bic: 0,1,3 hqic: 2,1,5
CS-Baa-3MO Econ-CPILFESL-delta c aic: 4,1,5 bic: 3,1,2 hqic: 3,1,2
CS-Baa-3MO Econ-CPILFESL-delta ct aic: 2,1,7 bic: 3,1,2 hqic: 3,1,2
CS-Baa-3MO Econ-CPILFESL-delta None aic: 2,1,5 bic: 3,1,2 hqic: 3,1,2
CS-Baa-3MO Econ-INDPRO-delta c aic: 3,1,5 bic: 0,1,3 hqic: 3,1,5
CS-Baa-3MO Econ-INDPRO-delta ct aic: 3,1,5 bic: 0,1,4 hqic: 3,1,2
CS-Baa-3MO Econ-INDPRO-delta None aic: 3,1,5 bic: 0,1,3 hqic: 3,1,5
CS-Baa-3MO Econ-PCE-delta c aic: 3,1,3 bic: 0,1,3 hqic: 0,1,3
CS-Baa-3MO Econ-PCE-delta ct aic: 3,1,3 bic: 0,1,3 hqic: 0,1,4
CS-Baa-3MO Econ-PCE-delta None aic: 3,1,3 bic: 0,1,3 hqic: 0,1,3
CS-Baa-3MO Market-RMRF-delta c aic: 4,1,7 bic: 3,1,2 hqic: 3,1,2
CS-Baa-3MO Market-RMRF-delta ct aic: 3,1,3 bic: 1,1,3 hqic: 3,1,3
CS-Baa-3MO Market-RMRF-delta None aic: 3,1,2 bic: 3,1,2 hqic: 3,1,2
CS-Baa-3MO Market-SP500-delta c aic: 3,1,3 bic: 0,1,3 hqic: 3,1,3
CS-Baa-3MO Market-SP500-delta ct aic: 3,1,3 bic: 0,1,4 hqic: 0,1,4
CS-Baa-3MO Market-SP500-delta None aic: 3,1,3 bic: 0,1,3 hqic: 3,1,3
