***** AcfPlot started *****
***** PacfPlot started *****
***** PacfPlot done *****
***** Acf and Pacf Plot started *****
plots/CS-Aaa-3MO-corr-plot-lag-40.png saved
plots/CS-Aa-3MO-corr-plot-lag-40.png saved
plots/CS-A-3MO-corr-plot-lag-40.png saved
***** Acf and Pacf Plot started *****
plots/CS-Aaa-3MO-corr-plot-lag-40.png saved
plots/CS-Aa-3MO-corr-plot-lag-40.png saved
plots/CS-A-3MO-corr-plot-lag-40.png saved
plots/CS-Baa-3MO-corr-plot-lag-40.png saved
plots/CS-Aaa-1YR-corr-plot-lag-40.png saved
plots/CS-Aa-1YR-corr-plot-lag-40.png saved
plots/CS-A-1YR-corr-plot-lag-40.png saved
plots/CS-Baa-1YR-corr-plot-lag-40.png saved
plots/CS-Aaa-5YR-corr-plot-lag-40.png saved
plots/CS-Aa-5YR-corr-plot-lag-40.png saved
plots/CS-A-5YR-corr-plot-lag-40.png saved
plots/CS-Baa-5YR-corr-plot-lag-40.png saved
plots/CS-Price-Aaa-3MO-corr-plot-lag-40.png saved
plots/CS-Price-Aa-3MO-corr-plot-lag-40.png saved
plots/CS-Price-A-3MO-corr-plot-lag-40.png saved
plots/CS-Price-Baa-3MO-corr-plot-lag-40.png saved
plots/CS-Price-Aaa-1YR-corr-plot-lag-40.png saved
plots/CS-Price-Aa-1YR-corr-plot-lag-40.png saved
plots/CS-Price-A-1YR-corr-plot-lag-40.png saved
plots/CS-Price-Baa-1YR-corr-plot-lag-40.png saved
plots/CS-Price-Aaa-5YR-corr-plot-lag-40.png saved
plots/CS-Price-Aa-5YR-corr-plot-lag-40.png saved
plots/CS-Price-A-5YR-corr-plot-lag-40.png saved
plots/CS-Price-Baa-5YR-corr-plot-lag-40.png saved
plots/CS-Aaa-3MO-diff-corr-plot-lag-40.png saved
plots/CS-Aa-3MO-diff-corr-plot-lag-40.png saved
plots/CS-A-3MO-diff-corr-plot-lag-40.png saved
plots/CS-Baa-3MO-diff-corr-plot-lag-40.png saved
plots/CS-Price-Aaa-3MO-diff-corr-plot-lag-40.png saved
plots/CS-Price-Aa-3MO-diff-corr-plot-lag-40.png saved
plots/CS-Price-A-3MO-diff-corr-plot-lag-40.png saved
plots/CS-Price-Baa-3MO-diff-corr-plot-lag-40.png saved
plots/CS-Price-Aaa-1YR-diff-corr-plot-lag-40.png saved
plots/CS-Price-Aa-1YR-diff-corr-plot-lag-40.png saved
plots/CS-Price-A-1YR-diff-corr-plot-lag-40.png saved
plots/CS-Price-Baa-1YR-diff-corr-plot-lag-40.png saved
plots/CS-Price-Aaa-5YR-diff-corr-plot-lag-40.png saved
plots/CS-Price-Aa-5YR-diff-corr-plot-lag-40.png saved
plots/CS-Price-A-5YR-diff-corr-plot-lag-40.png saved
plots/CS-Price-Baa-5YR-diff-corr-plot-lag-40.png saved
***** Acf and Pacf done *****
***** Acf and Pacf Plot started *****
plots/CS-Aaa-3MO-corr-plot-lag-40.png saved
plots/CS-Aa-3MO-corr-plot-lag-40.png saved
plots/CS-A-3MO-corr-plot-lag-40.png saved
plots/CS-Baa-3MO-corr-plot-lag-40.png saved
plots/CS-Aaa-1YR-corr-plot-lag-40.png saved
plots/CS-Aa-1YR-corr-plot-lag-40.png saved
plots/CS-A-1YR-corr-plot-lag-40.png saved
plots/CS-Baa-1YR-corr-plot-lag-40.png saved
plots/CS-Aaa-5YR-corr-plot-lag-40.png saved
plots/CS-Aa-5YR-corr-plot-lag-40.png saved
plots/CS-A-5YR-corr-plot-lag-40.png saved
plots/CS-Baa-5YR-corr-plot-lag-40.png saved
plots/CS-Aaa-3MO-diff-corr-plot-lag-40.png saved
plots/CS-Aa-3MO-diff-corr-plot-lag-40.png saved
plots/CS-A-3MO-diff-corr-plot-lag-40.png saved
plots/CS-Baa-3MO-diff-corr-plot-lag-40.png saved
plots/CS-Aaa-1YR-diff-corr-plot-lag-40.png saved
plots/CS-Aa-1YR-diff-corr-plot-lag-40.png saved
plots/CS-A-1YR-diff-corr-plot-lag-40.png saved
plots/CS-Baa-1YR-diff-corr-plot-lag-40.png saved
plots/CS-Aaa-5YR-diff-corr-plot-lag-40.png saved
plots/CS-Aa-5YR-diff-corr-plot-lag-40.png saved
plots/CS-A-5YR-diff-corr-plot-lag-40.png saved
plots/CS-Baa-5YR-diff-corr-plot-lag-40.png saved
***** Acf and Pacf done *****
