********** ARIMA-CS-V1-ct **********
                               SARIMAX Results                                
==============================================================================
Dep. Variable:             CS-Aaa-3MO   No. Observations:                  127
Model:                 ARIMA(3, 1, 3)   Log Likelihood                   8.881
Date:                Thu, 17 Sep 2020   AIC                              0.237
Time:                        14:22:05   BIC                             25.764
Sample:                    01-31-2009   HQIC                            10.608
                         - 07-31-2019                                         
Covariance Type:                  opg                                         
==============================================================================
                 coef    std err          z      P>|z|      [0.025      0.975]
------------------------------------------------------------------------------
const       2.388e-06   1.75e-08    136.165      0.000    2.35e-06    2.42e-06
x1            -0.0430      0.026     -1.635      0.102      -0.095       0.009
ar.L1         -0.1173      1.762     -0.067      0.947      -3.572       3.337
ar.L2          0.0148      0.350      0.042      0.966      -0.671       0.700
ar.L3          0.1472      0.356      0.414      0.679      -0.550       0.844
ma.L1         -0.1879      1.766     -0.106      0.915      -3.650       3.274
ma.L2          0.3895      0.491      0.793      0.428      -0.573       1.352
ma.L3         -0.0924      0.972     -0.095      0.924      -1.998       1.813
sigma2         0.0506      0.005      9.804      0.000       0.041       0.061
===================================================================================
Ljung-Box (L1) (Q):                   0.12   Jarque-Bera (JB):              1175.33
Prob(Q):                              0.73   Prob(JB):                         0.00
Heteroskedasticity (H):               0.18   Skew:                            -1.76
Prob(H) (two-sided):                  0.00   Kurtosis:                        17.54
===================================================================================

Warnings:
[1] Covariance matrix calculated using the outer product of gradients (complex-step).
[2] Covariance matrix is singular or near-singular, with condition number 2.18e+24. Standard errors may be unstable.
                               SARIMAX Results                                
==============================================================================
Dep. Variable:              CS-Aa-3MO   No. Observations:                  127
Model:                 ARIMA(1, 1, 3)   Log Likelihood                  50.177
Date:                Thu, 17 Sep 2020   AIC                            -86.354
Time:                        14:22:06   BIC                            -66.500
Sample:                    01-31-2009   HQIC                           -78.288
                         - 07-31-2019                                         
Covariance Type:                  opg                                         
==============================================================================
                 coef    std err          z      P>|z|      [0.025      0.975]
------------------------------------------------------------------------------
const      -8.061e-09      1e-09     -8.036      0.000      -1e-08    -6.1e-09
x1            -0.0350      0.022     -1.604      0.109      -0.078       0.008
ar.L1         -0.3837      0.238     -1.611      0.107      -0.851       0.083
ma.L1          0.4412      0.233      1.892      0.059      -0.016       0.898
ma.L2          0.2206      0.093      2.379      0.017       0.039       0.402
ma.L3          0.3762      0.092      4.099      0.000       0.196       0.556
sigma2         0.0263      0.003      7.933      0.000       0.020       0.033
===================================================================================
Ljung-Box (L1) (Q):                   0.04   Jarque-Bera (JB):                 1.46
Prob(Q):                              0.85   Prob(JB):                         0.48
Heteroskedasticity (H):               0.28   Skew:                            -0.23
Prob(H) (two-sided):                  0.00   Kurtosis:                         3.26
===================================================================================

Warnings:
[1] Covariance matrix calculated using the outer product of gradients (complex-step).
[2] Covariance matrix is singular or near-singular, with condition number 4.49e+24. Standard errors may be unstable.
                               SARIMAX Results                                
==============================================================================
Dep. Variable:               CS-A-3MO   No. Observations:                  127
Model:                 ARIMA(2, 1, 2)   Log Likelihood                  38.237
Date:                Thu, 17 Sep 2020   AIC                            -62.474
Time:                        14:22:08   BIC                            -42.620
Sample:                    01-31-2009   HQIC                           -54.408
                         - 07-31-2019                                         
Covariance Type:                  opg                                         
==============================================================================
                 coef    std err          z      P>|z|      [0.025      0.975]
------------------------------------------------------------------------------
const      -8.936e-07   1.26e-08    -71.062      0.000   -9.18e-07   -8.69e-07
x1            -0.0420      0.019     -2.172      0.030      -0.080      -0.004
ar.L1          0.0792      0.059      1.331      0.183      -0.037       0.196
ar.L2         -0.7149      0.079     -9.015      0.000      -0.870      -0.559
ma.L1         -0.0224      0.032     -0.710      0.478      -0.084       0.040
ma.L2          0.9955      0.300      3.320      0.001       0.408       1.583
sigma2         0.0308      0.009      3.398      0.001       0.013       0.049
===================================================================================
Ljung-Box (L1) (Q):                   0.34   Jarque-Bera (JB):                 9.95
Prob(Q):                              0.56   Prob(JB):                         0.01
Heteroskedasticity (H):               0.25   Skew:                            -0.37
Prob(H) (two-sided):                  0.00   Kurtosis:                         4.16
===================================================================================

Warnings:
[1] Covariance matrix calculated using the outer product of gradients (complex-step).
[2] Covariance matrix is singular or near-singular, with condition number 1.22e+23. Standard errors may be unstable.
                               SARIMAX Results                                
==============================================================================
Dep. Variable:             CS-Baa-3MO   No. Observations:                  127
Model:                 ARIMA(3, 1, 4)   Log Likelihood                  30.950
Date:                Thu, 17 Sep 2020   AIC                            -41.901
Time:                        14:22:09   BIC                            -13.538
Sample:                    01-31-2009   HQIC                           -30.378
                         - 07-31-2019                                         
Covariance Type:                  opg                                         
==============================================================================
                 coef    std err          z      P>|z|      [0.025      0.975]
------------------------------------------------------------------------------
const        -6.9e-07    8.4e-06     -0.082      0.935   -1.72e-05    1.58e-05
x1            -0.0536      0.031     -1.704      0.088      -0.115       0.008
ar.L1         -0.1919      4.357     -0.044      0.965      -8.732       8.348
ar.L2         -0.1429      2.341     -0.061      0.951      -4.731       4.445
ar.L3          0.1483      1.386      0.107      0.915      -2.568       2.864
ma.L1          0.4179      4.354      0.096      0.924      -8.116       8.952
ma.L2          0.4809      3.328      0.144      0.885      -6.042       7.003
ma.L3          0.2371      3.187      0.074      0.941      -6.010       6.484
ma.L4         -0.1700      2.262     -0.075      0.940      -4.603       4.262
sigma2         0.0356      0.004      9.827      0.000       0.028       0.043
===================================================================================
Ljung-Box (L1) (Q):                   0.02   Jarque-Bera (JB):                57.26
Prob(Q):                              0.88   Prob(JB):                         0.00
Heteroskedasticity (H):               0.28   Skew:                            -0.70
Prob(H) (two-sided):                  0.00   Kurtosis:                         5.99
===================================================================================

Warnings:
[1] Covariance matrix calculated using the outer product of gradients (complex-step).
[2] Covariance matrix is singular or near-singular, with condition number 5.35e+21. Standard errors may be unstable.
                               SARIMAX Results                                
==============================================================================
Dep. Variable:             CS-Aaa-1YR   No. Observations:                  127
Model:                 ARIMA(4, 1, 3)   Log Likelihood                  21.585
Date:                Thu, 17 Sep 2020   AIC                            -23.170
Time:                        14:22:11   BIC                              5.193
Sample:                    01-31-2009   HQIC                           -11.647
                         - 07-31-2019                                         
Covariance Type:                  opg                                         
==============================================================================
                 coef    std err          z      P>|z|      [0.025      0.975]
------------------------------------------------------------------------------
const       2.089e-06   9.03e-08     23.145      0.000    1.91e-06    2.27e-06
x1            -0.0386      0.027     -1.434      0.152      -0.091       0.014
ar.L1          0.3378      1.781      0.190      0.850      -3.152       3.828
ar.L2          0.4333      0.926      0.468      0.640      -1.382       2.249
ar.L3          0.0653      0.321      0.203      0.839      -0.564       0.695
ar.L4         -0.1949      0.383     -0.508      0.611      -0.946       0.556
ma.L1         -0.5926      1.794     -0.330      0.741      -4.109       2.924
ma.L2          0.0931      0.943      0.099      0.921      -1.756       1.942
ma.L3         -0.1080      0.931     -0.116      0.908      -1.932       1.716
sigma2         0.0414      0.004      9.814      0.000       0.033       0.050
===================================================================================
Ljung-Box (L1) (Q):                   0.05   Jarque-Bera (JB):              2456.63
Prob(Q):                              0.83   Prob(JB):                         0.00
Heteroskedasticity (H):               0.14   Skew:                            -2.51
Prob(H) (two-sided):                  0.00   Kurtosis:                        24.04
===================================================================================

Warnings:
[1] Covariance matrix calculated using the outer product of gradients (complex-step).
[2] Covariance matrix is singular or near-singular, with condition number  2e+23. Standard errors may be unstable.
                               SARIMAX Results                                
==============================================================================
Dep. Variable:              CS-Aa-1YR   No. Observations:                  127
Model:                 ARIMA(4, 1, 5)   Log Likelihood                  66.950
Date:                Thu, 17 Sep 2020   AIC                           -109.899
Time:                        14:22:12   BIC                            -75.864
Sample:                    01-31-2009   HQIC                           -96.072
                         - 07-31-2019                                         
Covariance Type:                  opg                                         
==============================================================================
                 coef    std err          z      P>|z|      [0.025      0.975]
------------------------------------------------------------------------------
const      -9.272e-08   7.91e-07     -0.117      0.907   -1.64e-06    1.46e-06
x1            -0.0310      0.014     -2.292      0.022      -0.058      -0.004
ar.L1         -0.3512      1.923     -0.183      0.855      -4.121       3.418
ar.L2          0.3532      1.001      0.353      0.724      -1.608       2.315
ar.L3          0.2801      0.316      0.887      0.375      -0.339       0.899
ar.L4          0.3550      0.678      0.524      0.600      -0.973       1.683
ma.L1          0.4481      1.913      0.234      0.815      -3.301       4.197
ma.L2         -0.1988      0.821     -0.242      0.809      -1.808       1.410
ma.L3         -0.0783      0.349     -0.225      0.822      -0.761       0.605
ma.L4         -0.5726      0.441     -1.299      0.194      -1.437       0.291
ma.L5         -0.2969      0.651     -0.456      0.649      -1.573       0.980
sigma2         0.0201      0.003      7.701      0.000       0.015       0.025
===================================================================================
Ljung-Box (L1) (Q):                   0.00   Jarque-Bera (JB):                 1.28
Prob(Q):                              0.99   Prob(JB):                         0.53
Heteroskedasticity (H):               0.25   Skew:                            -0.20
Prob(H) (two-sided):                  0.00   Kurtosis:                         3.30
===================================================================================

Warnings:
[1] Covariance matrix calculated using the outer product of gradients (complex-step).
[2] Covariance matrix is singular or near-singular, with condition number 5.23e+21. Standard errors may be unstable.
                               SARIMAX Results                                
==============================================================================
Dep. Variable:               CS-A-1YR   No. Observations:                  127
Model:                 ARIMA(4, 1, 5)   Log Likelihood                  59.461
Date:                Thu, 17 Sep 2020   AIC                            -94.921
Time:                        14:22:14   BIC                            -60.886
Sample:                    01-31-2009   HQIC                           -81.094
                         - 07-31-2019                                         
Covariance Type:                  opg                                         
==============================================================================
                 coef    std err          z      P>|z|      [0.025      0.975]
------------------------------------------------------------------------------
const      -2.223e-07   1.56e-07     -1.421      0.155   -5.29e-07    8.44e-08
x1            -0.0379      0.016     -2.331      0.020      -0.070      -0.006
ar.L1         -0.1806      0.327     -0.552      0.581      -0.822       0.461
ar.L2          0.0669      0.235      0.285      0.776      -0.393       0.527
ar.L3          0.2292      0.215      1.064      0.287      -0.193       0.651
ar.L4          0.6343      0.221      2.864      0.004       0.200       1.068
ma.L1          0.4376      0.328      1.335      0.182      -0.205       1.080
ma.L2          0.0891      0.250      0.356      0.722      -0.401       0.580
ma.L3         -0.0740      0.247     -0.300      0.764      -0.558       0.410
ma.L4         -0.9268      0.250     -3.714      0.000      -1.416      -0.438
ma.L5         -0.2940      0.173     -1.701      0.089      -0.633       0.045
sigma2         0.0223      0.003      7.730      0.000       0.017       0.028
===================================================================================
Ljung-Box (L1) (Q):                   0.00   Jarque-Bera (JB):                 8.62
Prob(Q):                              0.99   Prob(JB):                         0.01
Heteroskedasticity (H):               0.30   Skew:                            -0.36
Prob(H) (two-sided):                  0.00   Kurtosis:                         4.05
===================================================================================

Warnings:
[1] Covariance matrix calculated using the outer product of gradients (complex-step).
[2] Covariance matrix is singular or near-singular, with condition number 1.33e+22. Standard errors may be unstable.
                               SARIMAX Results                                
==============================================================================
Dep. Variable:             CS-Baa-1YR   No. Observations:                  127
Model:                 ARIMA(4, 1, 5)   Log Likelihood                  42.587
Date:                Thu, 17 Sep 2020   AIC                            -61.175
Time:                        14:22:16   BIC                            -27.140
Sample:                    01-31-2009   HQIC                           -47.347
                         - 07-31-2019                                         
Covariance Type:                  opg                                         
==============================================================================
                 coef    std err          z      P>|z|      [0.025      0.975]
------------------------------------------------------------------------------
const      -2.344e-08   2.23e-07     -0.105      0.916   -4.61e-07    4.14e-07
x1            -0.0569      0.036     -1.592      0.111      -0.127       0.013
ar.L1         -0.2076      0.371     -0.560      0.576      -0.935       0.519
ar.L2         -0.2552      0.428     -0.597      0.551      -1.093       0.583
ar.L3          0.1067      0.362      0.295      0.768      -0.602       0.816
ar.L4          0.4900      0.267      1.835      0.066      -0.033       1.013
ma.L1          0.5509      0.399      1.381      0.167      -0.231       1.333
ma.L2          0.4781      0.659      0.726      0.468      -0.813       1.769
ma.L3          0.3473      0.561      0.619      0.536      -0.752       1.447
ma.L4         -0.5624      0.492     -1.143      0.253      -1.527       0.402
ma.L5         -0.0086      0.237     -0.036      0.971      -0.473       0.456
sigma2         0.0285      0.007      3.839      0.000       0.014       0.043
===================================================================================
Ljung-Box (L1) (Q):                   0.02   Jarque-Bera (JB):               109.44
Prob(Q):                              0.88   Prob(JB):                         0.00
Heteroskedasticity (H):               0.33   Skew:                            -1.05
Prob(H) (two-sided):                  0.00   Kurtosis:                         7.05
===================================================================================

Warnings:
[1] Covariance matrix calculated using the outer product of gradients (complex-step).
[2] Covariance matrix is singular or near-singular, with condition number 2.85e+22. Standard errors may be unstable.
                               SARIMAX Results                                
==============================================================================
Dep. Variable:             CS-Aaa-5YR   No. Observations:                  127
Model:                 ARIMA(3, 1, 5)   Log Likelihood                  41.512
Date:                Thu, 17 Sep 2020   AIC                            -61.023
Time:                        14:22:18   BIC                            -29.824
Sample:                    01-31-2009   HQIC                           -48.348
                         - 07-31-2019                                         
Covariance Type:                  opg                                         
==============================================================================
                 coef    std err          z      P>|z|      [0.025      0.975]
------------------------------------------------------------------------------
const       1.807e-06    3.7e-06      0.489      0.625   -5.44e-06    9.06e-06
x1            -0.0337      0.033     -1.014      0.311      -0.099       0.031
ar.L1         -0.1699      0.256     -0.664      0.507      -0.671       0.332
ar.L2          0.2105      0.196      1.076      0.282      -0.173       0.594
ar.L3          0.5497      0.162      3.397      0.001       0.233       0.867
ma.L1         -0.1040      0.796     -0.131      0.896      -1.663       1.455
ma.L2          0.2944      0.165      1.783      0.075      -0.029       0.618
ma.L3         -0.3887      0.790     -0.492      0.623      -1.937       1.159
ma.L4          0.5260      0.975      0.540      0.589      -1.385       2.437
ma.L5         -0.4645      0.564     -0.824      0.410      -1.569       0.640
sigma2         0.0288      0.033      0.880      0.379      -0.035       0.093
===================================================================================
Ljung-Box (L1) (Q):                   0.40   Jarque-Bera (JB):              1064.08
Prob(Q):                              0.53   Prob(JB):                         0.00
Heteroskedasticity (H):               0.18   Skew:                            -2.21
Prob(H) (two-sided):                  0.00   Kurtosis:                        16.53
===================================================================================

Warnings:
[1] Covariance matrix calculated using the outer product of gradients (complex-step).
[2] Covariance matrix is singular or near-singular, with condition number 1.55e+21. Standard errors may be unstable.
                               SARIMAX Results                                
==============================================================================
Dep. Variable:              CS-Aa-5YR   No. Observations:                  127
Model:                 ARIMA(3, 1, 6)   Log Likelihood                  47.378
Date:                Thu, 17 Sep 2020   AIC                            -70.756
Time:                        14:22:19   BIC                            -36.721
Sample:                    01-31-2009   HQIC                           -56.929
                         - 07-31-2019                                         
Covariance Type:                  opg                                         
==============================================================================
                 coef    std err          z      P>|z|      [0.025      0.975]
------------------------------------------------------------------------------
const      -1.289e-07   1.05e-07     -1.233      0.218   -3.34e-07    7.61e-08
x1            -0.0125      0.008     -1.553      0.120      -0.028       0.003
ar.L1          0.6226      0.148      4.194      0.000       0.332       0.914
ar.L2          0.7677      0.056     13.763      0.000       0.658       0.877
ar.L3         -0.7845      0.104     -7.527      0.000      -0.989      -0.580
ma.L1         -0.2855      0.178     -1.601      0.109      -0.635       0.064
ma.L2         -1.0914      0.126     -8.689      0.000      -1.338      -0.845
ma.L3          0.9102      0.152      5.994      0.000       0.613       1.208
ma.L4          0.0282      0.170      0.166      0.868      -0.304       0.361
ma.L5         -0.6163      0.109     -5.649      0.000      -0.830      -0.402
ma.L6          0.2000      0.161      1.239      0.215      -0.116       0.516
sigma2         0.0269      0.003     10.301      0.000       0.022       0.032
===================================================================================
Ljung-Box (L1) (Q):                   0.03   Jarque-Bera (JB):               186.71
Prob(Q):                              0.86   Prob(JB):                         0.00
Heteroskedasticity (H):               0.23   Skew:                            -0.96
Prob(H) (two-sided):                  0.00   Kurtosis:                         8.64
===================================================================================

Warnings:
[1] Covariance matrix calculated using the outer product of gradients (complex-step).
[2] Covariance matrix is singular or near-singular, with condition number 3.13e+22. Standard errors may be unstable.
                               SARIMAX Results                                
==============================================================================
Dep. Variable:               CS-A-5YR   No. Observations:                  127
Model:                 ARIMA(3, 1, 3)   Log Likelihood                  31.115
Date:                Thu, 17 Sep 2020   AIC                            -44.230
Time:                        14:22:21   BIC                            -18.703
Sample:                    01-31-2009   HQIC                           -33.859
                         - 07-31-2019                                         
Covariance Type:                  opg                                         
==============================================================================
                 coef    std err          z      P>|z|      [0.025      0.975]
------------------------------------------------------------------------------
const       4.225e-07   1.52e-08     27.878      0.000    3.93e-07    4.52e-07
x1            -0.0324      0.026     -1.227      0.220      -0.084       0.019
ar.L1         -0.3585      0.191     -1.882      0.060      -0.732       0.015
ar.L2         -0.9419      0.101     -9.300      0.000      -1.140      -0.743
ar.L3         -0.1247      0.191     -0.654      0.513      -0.499       0.249
ma.L1          0.7242      0.192      3.780      0.000       0.349       1.100
ma.L2          0.9630      0.144      6.702      0.000       0.681       1.245
ma.L3          0.5685      0.190      2.989      0.003       0.196       0.941
sigma2         0.0356      0.004      9.644      0.000       0.028       0.043
===================================================================================
Ljung-Box (L1) (Q):                   0.12   Jarque-Bera (JB):               173.14
Prob(Q):                              0.73   Prob(JB):                         0.00
Heteroskedasticity (H):               0.15   Skew:                            -1.23
Prob(H) (two-sided):                  0.00   Kurtosis:                         8.19
===================================================================================

Warnings:
[1] Covariance matrix calculated using the outer product of gradients (complex-step).
[2] Covariance matrix is singular or near-singular, with condition number 1.06e+23. Standard errors may be unstable.
                               SARIMAX Results                                
==============================================================================
Dep. Variable:             CS-Baa-5YR   No. Observations:                  127
Model:                 ARIMA(3, 1, 4)   Log Likelihood                  13.215
Date:                Thu, 17 Sep 2020   AIC                             -6.431
Time:                        14:22:22   BIC                             21.932
Sample:                    01-31-2009   HQIC                             5.092
                         - 07-31-2019                                         
Covariance Type:                  opg                                         
==============================================================================
                 coef    std err          z      P>|z|      [0.025      0.975]
------------------------------------------------------------------------------
const       5.458e-07   5.86e-08      9.306      0.000    4.31e-07    6.61e-07
x1            -0.0414      0.040     -1.024      0.306      -0.121       0.038
ar.L1         -0.0834      0.104     -0.799      0.425      -0.288       0.121
ar.L2          0.1227      0.092      1.335      0.182      -0.058       0.303
ar.L3         -0.7859      0.104     -7.554      0.000      -0.990      -0.582
ma.L1          0.5222      0.147      3.550      0.000       0.234       0.810
ma.L2          0.0018      0.090      0.020      0.984      -0.174       0.177
ma.L3          0.9645      0.150      6.411      0.000       0.670       1.259
ma.L4          0.5145      0.099      5.180      0.000       0.320       0.709
sigma2         0.0462      0.005      9.649      0.000       0.037       0.056
===================================================================================
Ljung-Box (L1) (Q):                   0.33   Jarque-Bera (JB):               754.00
Prob(Q):                              0.56   Prob(JB):                         0.00
Heteroskedasticity (H):               0.27   Skew:                            -1.86
Prob(H) (two-sided):                  0.00   Kurtosis:                        14.39
===================================================================================

Warnings:
[1] Covariance matrix calculated using the outer product of gradients (complex-step).
[2] Covariance matrix is singular or near-singular, with condition number 7.51e+23. Standard errors may be unstable.
            cs      order                  aic                  bic                 hqic            jb_pvalue               dw_res                  llf                  mse                 rmse                 mean                 mape
0   CS-Aaa-3MO  (3, 1, 3)             0.237196            25.763733            10.607828             0.218938             1.744896             8.881402             0.014606             0.120857            -0.000651             0.077632
1    CS-Aa-3MO  (1, 1, 3)           -86.353942           -66.499969           -78.287895             0.285644             1.876420            50.176971             0.013408             0.115792            -0.000894             0.089249
2     CS-A-3MO  (2, 1, 2)           -62.474389           -42.620416           -54.408342             0.275558             1.940803            38.237195             0.013378             0.115665             0.002725             0.070625
3   CS-Baa-3MO  (3, 1, 4)           -41.900758           -13.537939           -30.377833             0.800725             2.022304            30.950379             0.015837             0.125846             0.012590             0.048959
4   CS-Aaa-1YR  (4, 1, 3)           -23.169510             5.193309           -11.646586             0.904999             1.738514            21.584755             0.008673             0.093130             0.002744             0.063759
5    CS-Aa-1YR  (4, 1, 5)          -109.899220           -75.863837           -96.071710             0.851840             2.026301            66.949610             0.008228             0.090706             0.002092             0.083689
6     CS-A-1YR  (4, 1, 5)           -94.921255           -60.885873           -81.093746             0.594389             2.128002            59.460628             0.010370             0.101834             0.005296             0.070486
7   CS-Baa-1YR  (4, 1, 5)           -61.174996           -27.139614           -47.347487             0.551980             2.190917            42.587498             0.008960             0.094657             0.012140             0.043507
8   CS-Aaa-5YR  (3, 1, 5)           -61.023442           -29.824341           -48.348225             0.336700             1.428059            41.511721             0.010506             0.102500             0.011222             0.094039
9    CS-Aa-5YR  (3, 1, 6)           -70.756252           -36.720869           -56.928743             0.987582             2.184792            47.378126             0.011648             0.107924             0.018106             0.121305
10    CS-A-5YR  (3, 1, 3)           -44.229949           -18.703411           -33.859316             0.949926             2.602167            31.114974             0.012287             0.110846             0.021528             0.083320
11  CS-Baa-5YR  (3, 1, 4)            -6.430848            21.931971             5.092076             0.818802             2.715938            13.215424             0.028074             0.167554             0.026903             0.082645
