********** ARIMA-CS-V1-None **********
                               SARIMAX Results                                
==============================================================================
Dep. Variable:             CS-Aaa-3MO   No. Observations:                  127
Model:                 ARIMA(3, 1, 3)   Log Likelihood                   7.352
Date:                Thu, 17 Sep 2020   AIC                             -0.704
Time:                        15:32:35   BIC                             19.150
Sample:                    01-31-2009   HQIC                             7.362
                         - 07-31-2019                                         
Covariance Type:                  opg                                         
==============================================================================
                 coef    std err          z      P>|z|      [0.025      0.975]
------------------------------------------------------------------------------
ar.L1          0.0179      1.254      0.014      0.989      -2.440       2.475
ar.L2          0.0966      0.236      0.409      0.683      -0.367       0.560
ar.L3          0.1937      0.262      0.741      0.459      -0.319       0.706
ma.L1         -0.2985      1.254     -0.238      0.812      -2.756       2.159
ma.L2          0.3697      0.499      0.741      0.459      -0.608       1.348
ma.L3         -0.1466      0.686     -0.214      0.831      -1.492       1.199
sigma2         0.0519      0.005      9.612      0.000       0.041       0.062
===================================================================================
Ljung-Box (L1) (Q):                   0.03   Jarque-Bera (JB):              1255.56
Prob(Q):                              0.87   Prob(JB):                         0.00
Heteroskedasticity (H):               0.19   Skew:                            -1.82
Prob(H) (two-sided):                  0.00   Kurtosis:                        18.03
===================================================================================

Warnings:
[1] Covariance matrix calculated using the outer product of gradients (complex-step).
                               SARIMAX Results                                
==============================================================================
Dep. Variable:              CS-Aa-3MO   No. Observations:                  127
Model:                 ARIMA(1, 1, 3)   Log Likelihood                  48.882
Date:                Thu, 17 Sep 2020   AIC                            -87.764
Time:                        15:32:36   BIC                            -73.583
Sample:                    01-31-2009   HQIC                           -82.003
                         - 07-31-2019                                         
Covariance Type:                  opg                                         
==============================================================================
                 coef    std err          z      P>|z|      [0.025      0.975]
------------------------------------------------------------------------------
ar.L1         -0.3553      0.228     -1.562      0.118      -0.801       0.091
ma.L1          0.4343      0.224      1.935      0.053      -0.006       0.874
ma.L2          0.2439      0.090      2.702      0.007       0.067       0.421
ma.L3          0.3916      0.093      4.220      0.000       0.210       0.573
sigma2         0.0268      0.003      8.161      0.000       0.020       0.033
===================================================================================
Ljung-Box (L1) (Q):                   0.18   Jarque-Bera (JB):                 1.26
Prob(Q):                              0.67   Prob(JB):                         0.53
Heteroskedasticity (H):               0.29   Skew:                            -0.22
Prob(H) (two-sided):                  0.00   Kurtosis:                         3.21
===================================================================================

Warnings:
[1] Covariance matrix calculated using the outer product of gradients (complex-step).
                               SARIMAX Results                                
==============================================================================
Dep. Variable:               CS-A-3MO   No. Observations:                  127
Model:                 ARIMA(2, 1, 2)   Log Likelihood                  35.863
Date:                Thu, 17 Sep 2020   AIC                            -61.726
Time:                        15:32:37   BIC                            -47.544
Sample:                    01-31-2009   HQIC                           -55.964
                         - 07-31-2019                                         
Covariance Type:                  opg                                         
==============================================================================
                 coef    std err          z      P>|z|      [0.025      0.975]
------------------------------------------------------------------------------
ar.L1          0.0951      0.059      1.607      0.108      -0.021       0.211
ar.L2         -0.6922      0.079     -8.749      0.000      -0.847      -0.537
ma.L1         -0.0225      0.032     -0.702      0.483      -0.085       0.040
ma.L2          0.9981      0.666      1.499      0.134      -0.307       2.303
sigma2         0.0319      0.021      1.538      0.124      -0.009       0.072
===================================================================================
Ljung-Box (L1) (Q):                   0.15   Jarque-Bera (JB):                 9.03
Prob(Q):                              0.70   Prob(JB):                         0.01
Heteroskedasticity (H):               0.27   Skew:                            -0.37
Prob(H) (two-sided):                  0.00   Kurtosis:                         4.08
===================================================================================

Warnings:
[1] Covariance matrix calculated using the outer product of gradients (complex-step).
                               SARIMAX Results                                
==============================================================================
Dep. Variable:             CS-Baa-3MO   No. Observations:                  127
Model:                 ARIMA(3, 1, 4)   Log Likelihood                  29.337
Date:                Thu, 17 Sep 2020   AIC                            -42.673
Time:                        15:32:39   BIC                            -19.983
Sample:                    01-31-2009   HQIC                           -33.455
                         - 07-31-2019                                         
Covariance Type:                  opg                                         
==============================================================================
                 coef    std err          z      P>|z|      [0.025      0.975]
------------------------------------------------------------------------------
ar.L1         -0.0445      1.152     -0.039      0.969      -2.302       2.213
ar.L2         -0.0539      0.577     -0.093      0.926      -1.185       1.077
ar.L3          0.2355      0.280      0.843      0.399      -0.312       0.783
ma.L1          0.2987      1.153      0.259      0.796      -1.962       2.559
ma.L2          0.4022      0.866      0.464      0.642      -1.295       2.099
ma.L3          0.1382      0.769      0.180      0.857      -1.369       1.645
ma.L4         -0.2107      0.626     -0.337      0.736      -1.437       1.016
sigma2         0.0365      0.004     10.138      0.000       0.029       0.044
===================================================================================
Ljung-Box (L1) (Q):                   0.20   Jarque-Bera (JB):                59.87
Prob(Q):                              0.66   Prob(JB):                         0.00
Heteroskedasticity (H):               0.29   Skew:                            -0.70
Prob(H) (two-sided):                  0.00   Kurtosis:                         6.08
===================================================================================

Warnings:
[1] Covariance matrix calculated using the outer product of gradients (complex-step).
                               SARIMAX Results                                
==============================================================================
Dep. Variable:             CS-Aaa-1YR   No. Observations:                  127
Model:                 ARIMA(4, 1, 3)   Log Likelihood                  21.016
Date:                Thu, 17 Sep 2020   AIC                            -26.032
Time:                        15:32:40   BIC                             -3.342
Sample:                    01-31-2009   HQIC                           -16.813
                         - 07-31-2019                                         
Covariance Type:                  opg                                         
==============================================================================
                 coef    std err          z      P>|z|      [0.025      0.975]
------------------------------------------------------------------------------
ar.L1         -1.5932      0.252     -6.311      0.000      -2.088      -1.098
ar.L2         -0.5034      0.460     -1.094      0.274      -1.405       0.398
ar.L3          0.6977      0.388      1.798      0.072      -0.063       1.458
ar.L4          0.4870      0.119      4.079      0.000       0.253       0.721
ma.L1          1.3785      0.294      4.688      0.000       0.802       1.955
ma.L2          0.6109      0.442      1.383      0.167      -0.255       1.477
ma.L3         -0.0590      0.269     -0.219      0.827      -0.587       0.469
sigma2         0.0419      0.005      8.232      0.000       0.032       0.052
===================================================================================
Ljung-Box (L1) (Q):                   0.00   Jarque-Bera (JB):              1771.86
Prob(Q):                              0.95   Prob(JB):                         0.00
Heteroskedasticity (H):               0.15   Skew:                            -2.15
Prob(H) (two-sided):                  0.00   Kurtosis:                        20.86
===================================================================================

Warnings:
[1] Covariance matrix calculated using the outer product of gradients (complex-step).
                               SARIMAX Results                                
==============================================================================
Dep. Variable:              CS-Aa-1YR   No. Observations:                  127
Model:                 ARIMA(4, 1, 5)   Log Likelihood                  65.057
Date:                Thu, 17 Sep 2020   AIC                           -110.113
Time:                        15:32:41   BIC                            -81.751
Sample:                    01-31-2009   HQIC                           -98.591
                         - 07-31-2019                                         
Covariance Type:                  opg                                         
==============================================================================
                 coef    std err          z      P>|z|      [0.025      0.975]
------------------------------------------------------------------------------
ar.L1         -0.5646      0.937     -0.603      0.547      -2.400       1.271
ar.L2         -0.0917      1.245     -0.074      0.941      -2.532       2.348
ar.L3          0.0609      0.920      0.066      0.947      -1.742       1.864
ar.L4          0.4946      0.609      0.812      0.417      -0.699       1.688
ma.L1          0.6991      0.943      0.742      0.458      -1.148       2.547
ma.L2          0.3078      1.382      0.223      0.824      -2.401       3.017
ma.L3          0.2814      1.200      0.235      0.815      -2.070       2.633
ma.L4         -0.4666      1.116     -0.418      0.676      -2.654       1.720
ma.L5         -0.1520      0.360     -0.422      0.673      -0.858       0.554
sigma2         0.0207      0.003      6.199      0.000       0.014       0.027
===================================================================================
Ljung-Box (L1) (Q):                   0.03   Jarque-Bera (JB):                 1.93
Prob(Q):                              0.85   Prob(JB):                         0.38
Heteroskedasticity (H):               0.26   Skew:                            -0.24
Prob(H) (two-sided):                  0.00   Kurtosis:                         3.38
===================================================================================

Warnings:
[1] Covariance matrix calculated using the outer product of gradients (complex-step).
                               SARIMAX Results                                
==============================================================================
Dep. Variable:               CS-A-1YR   No. Observations:                  127
Model:                 ARIMA(4, 1, 5)   Log Likelihood                  56.968
Date:                Thu, 17 Sep 2020   AIC                            -93.936
Time:                        15:32:43   BIC                            -65.573
Sample:                    01-31-2009   HQIC                           -82.413
                         - 07-31-2019                                         
Covariance Type:                  opg                                         
==============================================================================
                 coef    std err          z      P>|z|      [0.025      0.975]
------------------------------------------------------------------------------
ar.L1         -0.2412      0.881     -0.274      0.784      -1.968       1.486
ar.L2         -0.0925      1.019     -0.091      0.928      -2.090       1.905
ar.L3          0.1497      0.842      0.178      0.859      -1.501       1.801
ar.L4          0.5325      0.582      0.915      0.360      -0.608       1.673
ma.L1          0.5144      0.891      0.577      0.564      -1.232       2.261
ma.L2          0.2853      1.248      0.229      0.819      -2.161       2.732
ma.L3          0.1194      1.241      0.096      0.923      -2.313       2.552
ma.L4         -0.7020      1.120     -0.627      0.531      -2.898       1.493
ma.L5         -0.1934      0.353     -0.548      0.584      -0.885       0.498
sigma2         0.0228      0.003      8.457      0.000       0.017       0.028
===================================================================================
Ljung-Box (L1) (Q):                   0.01   Jarque-Bera (JB):                12.32
Prob(Q):                              0.93   Prob(JB):                         0.00
Heteroskedasticity (H):               0.30   Skew:                            -0.40
Prob(H) (two-sided):                  0.00   Kurtosis:                         4.30
===================================================================================

Warnings:
[1] Covariance matrix calculated using the outer product of gradients (complex-step).
                               SARIMAX Results                                
==============================================================================
Dep. Variable:             CS-Baa-1YR   No. Observations:                  127
Model:                 ARIMA(4, 1, 5)   Log Likelihood                  42.096
Date:                Thu, 17 Sep 2020   AIC                            -64.192
Time:                        15:32:44   BIC                            -35.829
Sample:                    01-31-2009   HQIC                           -52.669
                         - 07-31-2019                                         
Covariance Type:                  opg                                         
==============================================================================
                 coef    std err          z      P>|z|      [0.025      0.975]
------------------------------------------------------------------------------
ar.L1         -1.0394      0.356     -2.917      0.004      -1.738      -0.341
ar.L2         -0.7004      0.574     -1.219      0.223      -1.826       0.425
ar.L3          0.1297      0.548      0.237      0.813      -0.944       1.204
ar.L4          0.3707      0.271      1.370      0.171      -0.160       0.901
ma.L1          1.4478      0.793      1.825      0.068      -0.107       3.002
ma.L2          1.3720      0.779      1.760      0.078      -0.156       2.900
ma.L3          0.7484      0.983      0.762      0.446      -1.177       2.674
ma.L4         -0.0003      0.591     -0.001      1.000      -1.159       1.159
ma.L5          0.1730      0.219      0.790      0.430      -0.256       0.602
sigma2         0.0287      0.021      1.396      0.163      -0.012       0.069
===================================================================================
Ljung-Box (L1) (Q):                   0.04   Jarque-Bera (JB):               119.27
Prob(Q):                              0.85   Prob(JB):                         0.00
Heteroskedasticity (H):               0.34   Skew:                            -0.93
Prob(H) (two-sided):                  0.00   Kurtosis:                         7.39
===================================================================================

Warnings:
[1] Covariance matrix calculated using the outer product of gradients (complex-step).
                               SARIMAX Results                                
==============================================================================
Dep. Variable:             CS-Aaa-5YR   No. Observations:                  127
Model:                 ARIMA(3, 1, 5)   Log Likelihood                  40.718
Date:                Thu, 17 Sep 2020   AIC                            -63.436
Time:                        15:32:46   BIC                            -37.909
Sample:                    01-31-2009   HQIC                           -53.065
                         - 07-31-2019                                         
Covariance Type:                  opg                                         
==============================================================================
                 coef    std err          z      P>|z|      [0.025      0.975]
------------------------------------------------------------------------------
ar.L1          0.8143      0.226      3.611      0.000       0.372       1.256
ar.L2         -0.6705      0.284     -2.358      0.018      -1.228      -0.113
ar.L3          0.8190      0.208      3.929      0.000       0.410       1.228
ma.L1         -1.1255      0.252     -4.465      0.000      -1.620      -0.631
ma.L2          1.4587      0.345      4.226      0.000       0.782       2.135
ma.L3         -1.3266      0.334     -3.976      0.000      -1.981      -0.673
ma.L4          0.7402      0.186      3.978      0.000       0.376       1.105
ma.L5         -0.4105      0.129     -3.188      0.001      -0.663      -0.158
sigma2         0.0301      0.003      8.840      0.000       0.023       0.037
===================================================================================
Ljung-Box (L1) (Q):                   2.01   Jarque-Bera (JB):              1772.59
Prob(Q):                              0.16   Prob(JB):                         0.00
Heteroskedasticity (H):               0.20   Skew:                            -2.48
Prob(H) (two-sided):                  0.00   Kurtosis:                        20.69
===================================================================================

Warnings:
[1] Covariance matrix calculated using the outer product of gradients (complex-step).
                               SARIMAX Results                                
==============================================================================
Dep. Variable:              CS-Aa-5YR   No. Observations:                  127
Model:                 ARIMA(3, 1, 6)   Log Likelihood                  49.585
Date:                Thu, 17 Sep 2020   AIC                            -79.170
Time:                        15:32:48   BIC                            -50.807
Sample:                    01-31-2009   HQIC                           -67.647
                         - 07-31-2019                                         
Covariance Type:                  opg                                         
==============================================================================
                 coef    std err          z      P>|z|      [0.025      0.975]
------------------------------------------------------------------------------
ar.L1          0.5624      0.054     10.413      0.000       0.457       0.668
ar.L2          0.6002      0.038     15.898      0.000       0.526       0.674
ar.L3         -0.9445      0.055    -17.309      0.000      -1.051      -0.838
ma.L1         -0.2554      0.111     -2.305      0.021      -0.473      -0.038
ma.L2         -0.8972      0.129     -6.980      0.000      -1.149      -0.645
ma.L3          1.1680      0.129      9.079      0.000       0.916       1.420
ma.L4          0.1253      0.141      0.891      0.373      -0.150       0.401
ma.L5         -0.3710      0.106     -3.508      0.000      -0.578      -0.164
ma.L6          0.4466      0.100      4.467      0.000       0.251       0.643
sigma2         0.0261      0.003      9.456      0.000       0.021       0.032
===================================================================================
Ljung-Box (L1) (Q):                   0.47   Jarque-Bera (JB):               198.58
Prob(Q):                              0.49   Prob(JB):                         0.00
Heteroskedasticity (H):               0.19   Skew:                            -0.70
Prob(H) (two-sided):                  0.00   Kurtosis:                         8.99
===================================================================================

Warnings:
[1] Covariance matrix calculated using the outer product of gradients (complex-step).
                               SARIMAX Results                                
==============================================================================
Dep. Variable:               CS-A-5YR   No. Observations:                  127
Model:                 ARIMA(3, 1, 3)   Log Likelihood                  31.820
Date:                Thu, 17 Sep 2020   AIC                            -49.640
Time:                        15:32:49   BIC                            -29.786
Sample:                    01-31-2009   HQIC                           -41.574
                         - 07-31-2019                                         
Covariance Type:                  opg                                         
==============================================================================
                 coef    std err          z      P>|z|      [0.025      0.975]
------------------------------------------------------------------------------
ar.L1         -0.2903      0.195     -1.486      0.137      -0.673       0.093
ar.L2         -0.9850      0.052    -18.857      0.000      -1.087      -0.883
ar.L3         -0.0590      0.200     -0.295      0.768      -0.451       0.333
ma.L1          0.6423      0.202      3.187      0.001       0.247       1.037
ma.L2          1.0488      0.158      6.632      0.000       0.739       1.359
ma.L3          0.4970      0.221      2.244      0.025       0.063       0.931
sigma2         0.0344      0.005      6.824      0.000       0.025       0.044
===================================================================================
Ljung-Box (L1) (Q):                   0.02   Jarque-Bera (JB):               176.92
Prob(Q):                              0.88   Prob(JB):                         0.00
Heteroskedasticity (H):               0.14   Skew:                            -1.27
Prob(H) (two-sided):                  0.00   Kurtosis:                         8.22
===================================================================================

Warnings:
[1] Covariance matrix calculated using the outer product of gradients (complex-step).
                               SARIMAX Results                                
==============================================================================
Dep. Variable:             CS-Baa-5YR   No. Observations:                  127
Model:                 ARIMA(3, 1, 4)   Log Likelihood                  12.092
Date:                Thu, 17 Sep 2020   AIC                             -8.183
Time:                        15:32:51   BIC                             14.507
Sample:                    01-31-2009   HQIC                             1.035
                         - 07-31-2019                                         
Covariance Type:                  opg                                         
==============================================================================
                 coef    std err          z      P>|z|      [0.025      0.975]
------------------------------------------------------------------------------
ar.L1         -0.0335      0.114     -0.293      0.769      -0.258       0.191
ar.L2          0.1155      0.102      1.132      0.258      -0.084       0.315
ar.L3         -0.7959      0.121     -6.552      0.000      -1.034      -0.558
ma.L1          0.5158      0.185      2.788      0.005       0.153       0.878
ma.L2          0.0068      0.111      0.061      0.951      -0.210       0.224
ma.L3          0.9586      0.289      3.315      0.001       0.392       1.525
ma.L4          0.5395      0.140      3.860      0.000       0.266       0.813
sigma2         0.0481      0.009      5.182      0.000       0.030       0.066
===================================================================================
Ljung-Box (L1) (Q):                   1.45   Jarque-Bera (JB):               860.44
Prob(Q):                              0.23   Prob(JB):                         0.00
Heteroskedasticity (H):               0.25   Skew:                            -1.92
Prob(H) (two-sided):                  0.00   Kurtosis:                        15.21
===================================================================================

Warnings:
[1] Covariance matrix calculated using the outer product of gradients (complex-step).
            cs      order                  aic                  bic                 hqic            jb_pvalue               dw_res                  llf                  mse                 rmse                 mean                 mape
0   CS-Aaa-3MO  (3, 1, 3)            -0.703902            19.150071             7.362145             0.205942             1.641852             7.351951             0.015879             0.126011            -0.030285             0.082394
1    CS-Aa-3MO  (1, 1, 3)           -87.764266           -73.582857           -82.002804             0.314163             1.818493            48.882133             0.014408             0.120035            -0.023464             0.090383
2     CS-A-3MO  (2, 1, 2)           -61.725605           -47.544195           -55.964143             0.298539             1.832177            35.862802             0.014832             0.121785            -0.031093             0.073743
3   CS-Baa-3MO  (3, 1, 4)           -42.673214           -19.982959           -33.454874             0.763840             2.018377            29.336607             0.016490             0.128411            -0.015618             0.050756
4   CS-Aaa-1YR  (4, 1, 3)           -26.031807            -3.341552           -16.813467             0.937850             1.694618            21.015904             0.009079             0.095286            -0.018651             0.065169
5    CS-Aa-1YR  (4, 1, 5)          -110.113457           -81.750638           -98.590532             0.815128             1.943816            65.056728             0.009256             0.096207            -0.017629             0.091600
6     CS-A-1YR  (4, 1, 5)           -93.935597           -65.572778           -82.412672             0.636404             2.067223            56.967798             0.010442             0.102185            -0.020670             0.070452
7   CS-Baa-1YR  (4, 1, 5)           -64.191855           -35.829036           -52.668930             0.698381             2.067519            42.095927             0.009900             0.099497            -0.013093             0.046418
8   CS-Aaa-5YR  (3, 1, 5)           -63.435666           -37.909128           -53.065033             0.470592             1.530069            40.717833             0.013172             0.114769            -0.000660             0.113845
9    CS-Aa-5YR  (3, 1, 6)           -79.169981           -50.807162           -67.647057             0.711174             2.478563            49.584991             0.009107             0.095431             0.000077             0.111548
10    CS-A-5YR  (3, 1, 3)           -49.639741           -29.785768           -41.573694             0.856350             2.656626            31.819871             0.011556             0.107499            -0.003224             0.081407
11  CS-Baa-5YR  (3, 1, 4)            -8.183438            14.506817             1.034902             0.882206             2.807277            12.091719             0.025855             0.160795             0.002473             0.077818
********** ARIMA-CS-V1-None **********
********** ARIMA-CS-V1-None **********
                               SARIMAX Results                                
==============================================================================
Dep. Variable:         CS-DCF-Aaa-3MO   No. Observations:                  127
Model:                 ARIMA(3, 1, 3)   Log Likelihood                -126.349
Date:                Thu, 17 Sep 2020   AIC                            266.697
Time:                        15:34:55   BIC                            286.551
Sample:                    01-31-2009   HQIC                           274.763
                         - 07-31-2019                                         
Covariance Type:                  opg                                         
==============================================================================
                 coef    std err          z      P>|z|      [0.025      0.975]
------------------------------------------------------------------------------
ar.L1          0.0057      1.273      0.004      0.996      -2.490       2.501
ar.L2          0.0841      0.246      0.342      0.733      -0.398       0.567
ar.L3          0.1957      0.271      0.721      0.471      -0.336       0.728
ma.L1         -0.2757      1.274     -0.216      0.829      -2.773       2.221
ma.L2          0.3663      0.498      0.736      0.462      -0.610       1.342
ma.L3         -0.1423      0.696     -0.205      0.838      -1.506       1.222
sigma2         0.4333      0.046      9.514      0.000       0.344       0.523
===================================================================================
Ljung-Box (L1) (Q):                   0.02   Jarque-Bera (JB):              1164.35
Prob(Q):                              0.88   Prob(JB):                         0.00
Heteroskedasticity (H):               0.19   Skew:                             1.76
Prob(H) (two-sided):                  0.00   Kurtosis:                        17.47
===================================================================================

Warnings:
[1] Covariance matrix calculated using the outer product of gradients (complex-step).
                               SARIMAX Results                                
==============================================================================
Dep. Variable:         CS-DCF-Aaa-3MO   No. Observations:                  127
Model:                 ARIMA(3, 1, 3)   Log Likelihood                -126.349
Date:                Thu, 17 Sep 2020   AIC                            266.697
Time:                        15:34:55   BIC                            286.551
Sample:                    01-31-2009   HQIC                           274.763
                         - 07-31-2019                                         
Covariance Type:                  opg                                         
==============================================================================
                 coef    std err          z      P>|z|      [0.025      0.975]
------------------------------------------------------------------------------
ar.L1          0.0057      1.273      0.004      0.996      -2.490       2.501
ar.L2          0.0841      0.246      0.342      0.733      -0.398       0.567
ar.L3          0.1957      0.271      0.721      0.471      -0.336       0.728
ma.L1         -0.2757      1.274     -0.216      0.829      -2.773       2.221
ma.L2          0.3663      0.498      0.736      0.462      -0.610       1.342
ma.L3         -0.1423      0.696     -0.205      0.838      -1.506       1.222
sigma2         0.4333      0.046      9.514      0.000       0.344       0.523
===================================================================================
Ljung-Box (L1) (Q):                   0.02   Jarque-Bera (JB):              1164.35
Prob(Q):                              0.88   Prob(JB):                         0.00
Heteroskedasticity (H):               0.19   Skew:                             1.76
Prob(H) (two-sided):                  0.00   Kurtosis:                        17.47
===================================================================================

Warnings:
[1] Covariance matrix calculated using the outer product of gradients (complex-step).
                               SARIMAX Results                                
==============================================================================
Dep. Variable:              CS-Aa-3MO   No. Observations:                  127
Model:                 ARIMA(1, 1, 3)   Log Likelihood                  48.882
Date:                Thu, 17 Sep 2020   AIC                            -87.764
Time:                        15:34:56   BIC                            -73.583
Sample:                    01-31-2009   HQIC                           -82.003
                         - 07-31-2019                                         
Covariance Type:                  opg                                         
==============================================================================
                 coef    std err          z      P>|z|      [0.025      0.975]
------------------------------------------------------------------------------
ar.L1         -0.3553      0.228     -1.562      0.118      -0.801       0.091
ma.L1          0.4343      0.224      1.935      0.053      -0.006       0.874
ma.L2          0.2439      0.090      2.702      0.007       0.067       0.421
ma.L3          0.3916      0.093      4.220      0.000       0.210       0.573
sigma2         0.0268      0.003      8.161      0.000       0.020       0.033
===================================================================================
Ljung-Box (L1) (Q):                   0.18   Jarque-Bera (JB):                 1.26
Prob(Q):                              0.67   Prob(JB):                         0.53
Heteroskedasticity (H):               0.29   Skew:                            -0.22
Prob(H) (two-sided):                  0.00   Kurtosis:                         3.21
===================================================================================

Warnings:
[1] Covariance matrix calculated using the outer product of gradients (complex-step).
                               SARIMAX Results                                
==============================================================================
Dep. Variable:              CS-Aa-3MO   No. Observations:                  127
Model:                 ARIMA(1, 1, 3)   Log Likelihood                  48.882
Date:                Thu, 17 Sep 2020   AIC                            -87.764
Time:                        15:34:56   BIC                            -73.583
Sample:                    01-31-2009   HQIC                           -82.003
                         - 07-31-2019                                         
Covariance Type:                  opg                                         
==============================================================================
                 coef    std err          z      P>|z|      [0.025      0.975]
------------------------------------------------------------------------------
ar.L1         -0.3553      0.228     -1.562      0.118      -0.801       0.091
ma.L1          0.4343      0.224      1.935      0.053      -0.006       0.874
ma.L2          0.2439      0.090      2.702      0.007       0.067       0.421
ma.L3          0.3916      0.093      4.220      0.000       0.210       0.573
sigma2         0.0268      0.003      8.161      0.000       0.020       0.033
===================================================================================
Ljung-Box (L1) (Q):                   0.18   Jarque-Bera (JB):                 1.26
Prob(Q):                              0.67   Prob(JB):                         0.53
Heteroskedasticity (H):               0.29   Skew:                            -0.22
Prob(H) (two-sided):                  0.00   Kurtosis:                         3.21
===================================================================================

Warnings:
[1] Covariance matrix calculated using the outer product of gradients (complex-step).
                               SARIMAX Results                                
==============================================================================
Dep. Variable:               CS-A-3MO   No. Observations:                  127
Model:                 ARIMA(2, 1, 2)   Log Likelihood                  35.863
Date:                Thu, 17 Sep 2020   AIC                            -61.726
Time:                        15:34:57   BIC                            -47.544
Sample:                    01-31-2009   HQIC                           -55.964
                         - 07-31-2019                                         
Covariance Type:                  opg                                         
==============================================================================
                 coef    std err          z      P>|z|      [0.025      0.975]
------------------------------------------------------------------------------
ar.L1          0.0951      0.059      1.607      0.108      -0.021       0.211
ar.L2         -0.6922      0.079     -8.749      0.000      -0.847      -0.537
ma.L1         -0.0225      0.032     -0.702      0.483      -0.085       0.040
ma.L2          0.9981      0.666      1.499      0.134      -0.307       2.303
sigma2         0.0319      0.021      1.538      0.124      -0.009       0.072
===================================================================================
Ljung-Box (L1) (Q):                   0.15   Jarque-Bera (JB):                 9.03
Prob(Q):                              0.70   Prob(JB):                         0.01
Heteroskedasticity (H):               0.27   Skew:                            -0.37
Prob(H) (two-sided):                  0.00   Kurtosis:                         4.08
===================================================================================

Warnings:
[1] Covariance matrix calculated using the outer product of gradients (complex-step).
                               SARIMAX Results                                
==============================================================================
Dep. Variable:               CS-A-3MO   No. Observations:                  127
Model:                 ARIMA(2, 1, 2)   Log Likelihood                  35.863
Date:                Thu, 17 Sep 2020   AIC                            -61.726
Time:                        15:34:57   BIC                            -47.544
Sample:                    01-31-2009   HQIC                           -55.964
                         - 07-31-2019                                         
Covariance Type:                  opg                                         
==============================================================================
                 coef    std err          z      P>|z|      [0.025      0.975]
------------------------------------------------------------------------------
ar.L1          0.0951      0.059      1.607      0.108      -0.021       0.211
ar.L2         -0.6922      0.079     -8.749      0.000      -0.847      -0.537
ma.L1         -0.0225      0.032     -0.702      0.483      -0.085       0.040
ma.L2          0.9981      0.666      1.499      0.134      -0.307       2.303
sigma2         0.0319      0.021      1.538      0.124      -0.009       0.072
===================================================================================
Ljung-Box (L1) (Q):                   0.15   Jarque-Bera (JB):                 9.03
Prob(Q):                              0.70   Prob(JB):                         0.01
Heteroskedasticity (H):               0.27   Skew:                            -0.37
Prob(H) (two-sided):                  0.00   Kurtosis:                         4.08
===================================================================================

Warnings:
[1] Covariance matrix calculated using the outer product of gradients (complex-step).
                               SARIMAX Results                                
==============================================================================
Dep. Variable:             CS-Baa-3MO   No. Observations:                  127
Model:                 ARIMA(3, 1, 4)   Log Likelihood                  29.337
Date:                Thu, 17 Sep 2020   AIC                            -42.673
Time:                        15:34:58   BIC                            -19.983
Sample:                    01-31-2009   HQIC                           -33.455
                         - 07-31-2019                                         
Covariance Type:                  opg                                         
==============================================================================
                 coef    std err          z      P>|z|      [0.025      0.975]
------------------------------------------------------------------------------
ar.L1         -0.0445      1.152     -0.039      0.969      -2.302       2.213
ar.L2         -0.0539      0.577     -0.093      0.926      -1.185       1.077
ar.L3          0.2355      0.280      0.843      0.399      -0.312       0.783
ma.L1          0.2987      1.153      0.259      0.796      -1.962       2.559
ma.L2          0.4022      0.866      0.464      0.642      -1.295       2.099
ma.L3          0.1382      0.769      0.180      0.857      -1.369       1.645
ma.L4         -0.2107      0.626     -0.337      0.736      -1.437       1.016
sigma2         0.0365      0.004     10.138      0.000       0.029       0.044
===================================================================================
Ljung-Box (L1) (Q):                   0.20   Jarque-Bera (JB):                59.87
Prob(Q):                              0.66   Prob(JB):                         0.00
Heteroskedasticity (H):               0.29   Skew:                            -0.70
Prob(H) (two-sided):                  0.00   Kurtosis:                         6.08
===================================================================================

Warnings:
[1] Covariance matrix calculated using the outer product of gradients (complex-step).
                               SARIMAX Results                                
==============================================================================
Dep. Variable:             CS-Baa-3MO   No. Observations:                  127
Model:                 ARIMA(3, 1, 4)   Log Likelihood                  29.337
Date:                Thu, 17 Sep 2020   AIC                            -42.673
Time:                        15:34:58   BIC                            -19.983
Sample:                    01-31-2009   HQIC                           -33.455
                         - 07-31-2019                                         
Covariance Type:                  opg                                         
==============================================================================
                 coef    std err          z      P>|z|      [0.025      0.975]
------------------------------------------------------------------------------
ar.L1         -0.0445      1.152     -0.039      0.969      -2.302       2.213
ar.L2         -0.0539      0.577     -0.093      0.926      -1.185       1.077
ar.L3          0.2355      0.280      0.843      0.399      -0.312       0.783
ma.L1          0.2987      1.153      0.259      0.796      -1.962       2.559
ma.L2          0.4022      0.866      0.464      0.642      -1.295       2.099
ma.L3          0.1382      0.769      0.180      0.857      -1.369       1.645
ma.L4         -0.2107      0.626     -0.337      0.736      -1.437       1.016
sigma2         0.0365      0.004     10.138      0.000       0.029       0.044
===================================================================================
Ljung-Box (L1) (Q):                   0.20   Jarque-Bera (JB):                59.87
Prob(Q):                              0.66   Prob(JB):                         0.00
Heteroskedasticity (H):               0.29   Skew:                            -0.70
Prob(H) (two-sided):                  0.00   Kurtosis:                         6.08
===================================================================================

Warnings:
[1] Covariance matrix calculated using the outer product of gradients (complex-step).
********** ARIMA-CS-V1-None **********
********** ARIMA-CS-V1-None **********
********** ARIMA-CS-V1-None **********
                               SARIMAX Results                                
==============================================================================
Dep. Variable:         CS-DCF-Aaa-3MO   No. Observations:                  127
Model:                 ARIMA(3, 1, 3)   Log Likelihood                -126.349
Date:                Thu, 17 Sep 2020   AIC                            266.697
Time:                        15:35:15   BIC                            286.551
Sample:                    01-31-2009   HQIC                           274.763
                         - 07-31-2019                                         
Covariance Type:                  opg                                         
==============================================================================
                 coef    std err          z      P>|z|      [0.025      0.975]
------------------------------------------------------------------------------
ar.L1          0.0057      1.273      0.004      0.996      -2.490       2.501
ar.L2          0.0841      0.246      0.342      0.733      -0.398       0.567
ar.L3          0.1957      0.271      0.721      0.471      -0.336       0.728
ma.L1         -0.2757      1.274     -0.216      0.829      -2.773       2.221
ma.L2          0.3663      0.498      0.736      0.462      -0.610       1.342
ma.L3         -0.1423      0.696     -0.205      0.838      -1.506       1.222
sigma2         0.4333      0.046      9.514      0.000       0.344       0.523
===================================================================================
Ljung-Box (L1) (Q):                   0.02   Jarque-Bera (JB):              1164.35
Prob(Q):                              0.88   Prob(JB):                         0.00
Heteroskedasticity (H):               0.19   Skew:                             1.76
Prob(H) (two-sided):                  0.00   Kurtosis:                        17.47
===================================================================================

Warnings:
[1] Covariance matrix calculated using the outer product of gradients (complex-step).
                               SARIMAX Results                                
==============================================================================
Dep. Variable:         CS-DCF-Aaa-3MO   No. Observations:                  127
Model:                 ARIMA(3, 1, 3)   Log Likelihood                -126.349
Date:                Thu, 17 Sep 2020   AIC                            266.697
Time:                        15:35:15   BIC                            286.551
Sample:                    01-31-2009   HQIC                           274.763
                         - 07-31-2019                                         
Covariance Type:                  opg                                         
==============================================================================
                 coef    std err          z      P>|z|      [0.025      0.975]
------------------------------------------------------------------------------
ar.L1          0.0057      1.273      0.004      0.996      -2.490       2.501
ar.L2          0.0841      0.246      0.342      0.733      -0.398       0.567
ar.L3          0.1957      0.271      0.721      0.471      -0.336       0.728
ma.L1         -0.2757      1.274     -0.216      0.829      -2.773       2.221
ma.L2          0.3663      0.498      0.736      0.462      -0.610       1.342
ma.L3         -0.1423      0.696     -0.205      0.838      -1.506       1.222
sigma2         0.4333      0.046      9.514      0.000       0.344       0.523
===================================================================================
Ljung-Box (L1) (Q):                   0.02   Jarque-Bera (JB):              1164.35
Prob(Q):                              0.88   Prob(JB):                         0.00
Heteroskedasticity (H):               0.19   Skew:                             1.76
Prob(H) (two-sided):                  0.00   Kurtosis:                        17.47
===================================================================================

Warnings:
[1] Covariance matrix calculated using the outer product of gradients (complex-step).
                               SARIMAX Results                                
==============================================================================
Dep. Variable:         CS-DCF-Aaa-3MO   No. Observations:                  127
Model:                 ARIMA(3, 1, 3)   Log Likelihood                -126.349
Date:                Thu, 17 Sep 2020   AIC                            266.697
Time:                        15:35:15   BIC                            286.551
Sample:                    01-31-2009   HQIC                           274.763
                         - 07-31-2019                                         
Covariance Type:                  opg                                         
==============================================================================
                 coef    std err          z      P>|z|      [0.025      0.975]
------------------------------------------------------------------------------
ar.L1          0.0057      1.273      0.004      0.996      -2.490       2.501
ar.L2          0.0841      0.246      0.342      0.733      -0.398       0.567
ar.L3          0.1957      0.271      0.721      0.471      -0.336       0.728
ma.L1         -0.2757      1.274     -0.216      0.829      -2.773       2.221
ma.L2          0.3663      0.498      0.736      0.462      -0.610       1.342
ma.L3         -0.1423      0.696     -0.205      0.838      -1.506       1.222
sigma2         0.4333      0.046      9.514      0.000       0.344       0.523
===================================================================================
Ljung-Box (L1) (Q):                   0.02   Jarque-Bera (JB):              1164.35
Prob(Q):                              0.88   Prob(JB):                         0.00
Heteroskedasticity (H):               0.19   Skew:                             1.76
Prob(H) (two-sided):                  0.00   Kurtosis:                        17.47
===================================================================================

Warnings:
[1] Covariance matrix calculated using the outer product of gradients (complex-step).
                               SARIMAX Results                                
==============================================================================
Dep. Variable:          CS-DCF-Aa-3MO   No. Observations:                  127
Model:                 ARIMA(1, 1, 3)   Log Likelihood                 -86.241
Date:                Thu, 17 Sep 2020   AIC                            182.483
Time:                        15:35:16   BIC                            196.664
Sample:                    01-31-2009   HQIC                           188.244
                         - 07-31-2019                                         
Covariance Type:                  opg                                         
==============================================================================
                 coef    std err          z      P>|z|      [0.025      0.975]
------------------------------------------------------------------------------
ar.L1         -0.3604      0.230     -1.568      0.117      -0.811       0.090
ma.L1          0.4342      0.226      1.919      0.055      -0.009       0.877
ma.L2          0.2388      0.091      2.635      0.008       0.061       0.416
ma.L3          0.3873      0.092      4.190      0.000       0.206       0.568
sigma2         0.2293      0.029      7.974      0.000       0.173       0.286
===================================================================================
Ljung-Box (L1) (Q):                   0.18   Jarque-Bera (JB):                 0.79
Prob(Q):                              0.68   Prob(JB):                         0.67
Heteroskedasticity (H):               0.30   Skew:                             0.19
Prob(H) (two-sided):                  0.00   Kurtosis:                         3.10
===================================================================================

Warnings:
[1] Covariance matrix calculated using the outer product of gradients (complex-step).
                               SARIMAX Results                                
==============================================================================
Dep. Variable:          CS-DCF-Aa-3MO   No. Observations:                  127
Model:                 ARIMA(1, 1, 3)   Log Likelihood                 -86.241
Date:                Thu, 17 Sep 2020   AIC                            182.483
Time:                        15:35:16   BIC                            196.664
Sample:                    01-31-2009   HQIC                           188.244
                         - 07-31-2019                                         
Covariance Type:                  opg                                         
==============================================================================
                 coef    std err          z      P>|z|      [0.025      0.975]
------------------------------------------------------------------------------
ar.L1         -0.3604      0.230     -1.568      0.117      -0.811       0.090
ma.L1          0.4342      0.226      1.919      0.055      -0.009       0.877
ma.L2          0.2388      0.091      2.635      0.008       0.061       0.416
ma.L3          0.3873      0.092      4.190      0.000       0.206       0.568
sigma2         0.2293      0.029      7.974      0.000       0.173       0.286
===================================================================================
Ljung-Box (L1) (Q):                   0.18   Jarque-Bera (JB):                 0.79
Prob(Q):                              0.68   Prob(JB):                         0.67
Heteroskedasticity (H):               0.30   Skew:                             0.19
Prob(H) (two-sided):                  0.00   Kurtosis:                         3.10
===================================================================================

Warnings:
[1] Covariance matrix calculated using the outer product of gradients (complex-step).
                               SARIMAX Results                                
==============================================================================
Dep. Variable:          CS-DCF-Aa-3MO   No. Observations:                  127
Model:                 ARIMA(1, 1, 3)   Log Likelihood                 -86.241
Date:                Thu, 17 Sep 2020   AIC                            182.483
Time:                        15:35:16   BIC                            196.664
Sample:                    01-31-2009   HQIC                           188.244
                         - 07-31-2019                                         
Covariance Type:                  opg                                         
==============================================================================
                 coef    std err          z      P>|z|      [0.025      0.975]
------------------------------------------------------------------------------
ar.L1         -0.3604      0.230     -1.568      0.117      -0.811       0.090
ma.L1          0.4342      0.226      1.919      0.055      -0.009       0.877
ma.L2          0.2388      0.091      2.635      0.008       0.061       0.416
ma.L3          0.3873      0.092      4.190      0.000       0.206       0.568
sigma2         0.2293      0.029      7.974      0.000       0.173       0.286
===================================================================================
Ljung-Box (L1) (Q):                   0.18   Jarque-Bera (JB):                 0.79
Prob(Q):                              0.68   Prob(JB):                         0.67
Heteroskedasticity (H):               0.30   Skew:                             0.19
Prob(H) (two-sided):                  0.00   Kurtosis:                         3.10
===================================================================================

Warnings:
[1] Covariance matrix calculated using the outer product of gradients (complex-step).
                               SARIMAX Results                                
==============================================================================
Dep. Variable:           CS-DCF-A-3MO   No. Observations:                  127
Model:                 ARIMA(2, 1, 2)   Log Likelihood                 -97.643
Date:                Thu, 17 Sep 2020   AIC                            205.287
Time:                        15:35:17   BIC                            219.468
Sample:                    01-31-2009   HQIC                           211.048
                         - 07-31-2019                                         
Covariance Type:                  opg                                         
==============================================================================
                 coef    std err          z      P>|z|      [0.025      0.975]
------------------------------------------------------------------------------
ar.L1          0.0888      0.060      1.476      0.140      -0.029       0.207
ar.L2         -0.6952      0.079     -8.801      0.000      -0.850      -0.540
ma.L1         -0.0224      0.033     -0.687      0.492      -0.086       0.041
ma.L2          0.9985      0.842      1.186      0.236      -0.652       2.649
sigma2         0.2653      0.219      1.212      0.225      -0.164       0.694
===================================================================================
Ljung-Box (L1) (Q):                   0.14   Jarque-Bera (JB):                 6.28
Prob(Q):                              0.71   Prob(JB):                         0.04
Heteroskedasticity (H):               0.29   Skew:                             0.34
Prob(H) (two-sided):                  0.00   Kurtosis:                         3.86
===================================================================================

Warnings:
[1] Covariance matrix calculated using the outer product of gradients (complex-step).
                               SARIMAX Results                                
==============================================================================
Dep. Variable:           CS-DCF-A-3MO   No. Observations:                  127
Model:                 ARIMA(2, 1, 2)   Log Likelihood                 -97.643
Date:                Thu, 17 Sep 2020   AIC                            205.287
Time:                        15:35:17   BIC                            219.468
Sample:                    01-31-2009   HQIC                           211.048
                         - 07-31-2019                                         
Covariance Type:                  opg                                         
==============================================================================
                 coef    std err          z      P>|z|      [0.025      0.975]
------------------------------------------------------------------------------
ar.L1          0.0888      0.060      1.476      0.140      -0.029       0.207
ar.L2         -0.6952      0.079     -8.801      0.000      -0.850      -0.540
ma.L1         -0.0224      0.033     -0.687      0.492      -0.086       0.041
ma.L2          0.9985      0.842      1.186      0.236      -0.652       2.649
sigma2         0.2653      0.219      1.212      0.225      -0.164       0.694
===================================================================================
Ljung-Box (L1) (Q):                   0.14   Jarque-Bera (JB):                 6.28
Prob(Q):                              0.71   Prob(JB):                         0.04
Heteroskedasticity (H):               0.29   Skew:                             0.34
Prob(H) (two-sided):                  0.00   Kurtosis:                         3.86
===================================================================================

Warnings:
[1] Covariance matrix calculated using the outer product of gradients (complex-step).
                               SARIMAX Results                                
==============================================================================
Dep. Variable:           CS-DCF-A-3MO   No. Observations:                  127
Model:                 ARIMA(2, 1, 2)   Log Likelihood                 -97.643
Date:                Thu, 17 Sep 2020   AIC                            205.287
Time:                        15:35:17   BIC                            219.468
Sample:                    01-31-2009   HQIC                           211.048
                         - 07-31-2019                                         
Covariance Type:                  opg                                         
==============================================================================
                 coef    std err          z      P>|z|      [0.025      0.975]
------------------------------------------------------------------------------
ar.L1          0.0888      0.060      1.476      0.140      -0.029       0.207
ar.L2         -0.6952      0.079     -8.801      0.000      -0.850      -0.540
ma.L1         -0.0224      0.033     -0.687      0.492      -0.086       0.041
ma.L2          0.9985      0.842      1.186      0.236      -0.652       2.649
sigma2         0.2653      0.219      1.212      0.225      -0.164       0.694
===================================================================================
Ljung-Box (L1) (Q):                   0.14   Jarque-Bera (JB):                 6.28
Prob(Q):                              0.71   Prob(JB):                         0.04
Heteroskedasticity (H):               0.29   Skew:                             0.34
Prob(H) (two-sided):                  0.00   Kurtosis:                         3.86
===================================================================================

Warnings:
[1] Covariance matrix calculated using the outer product of gradients (complex-step).
                               SARIMAX Results                                
==============================================================================
Dep. Variable:         CS-DCF-Baa-3MO   No. Observations:                  127
Model:                 ARIMA(3, 1, 4)   Log Likelihood                -102.520
Date:                Thu, 17 Sep 2020   AIC                            221.041
Time:                        15:35:18   BIC                            243.731
Sample:                    01-31-2009   HQIC                           230.259
                         - 07-31-2019                                         
Covariance Type:                  opg                                         
==============================================================================
                 coef    std err          z      P>|z|      [0.025      0.975]
------------------------------------------------------------------------------
ar.L1         -0.0165      1.086     -0.015      0.988      -2.146       2.113
ar.L2         -0.0342      0.558     -0.061      0.951      -1.127       1.058
ar.L3          0.2511      0.268      0.938      0.348      -0.274       0.776
ma.L1          0.2575      1.088      0.237      0.813      -1.875       2.390
ma.L2          0.3692      0.817      0.452      0.651      -1.231       1.970
ma.L3          0.1016      0.714      0.142      0.887      -1.298       1.501
ma.L4         -0.2280      0.584     -0.390      0.696      -1.373       0.917
sigma2         0.2958      0.030      9.870      0.000       0.237       0.354
===================================================================================
Ljung-Box (L1) (Q):                   0.19   Jarque-Bera (JB):                40.72
Prob(Q):                              0.66   Prob(JB):                         0.00
Heteroskedasticity (H):               0.32   Skew:                             0.58
Prob(H) (two-sided):                  0.00   Kurtosis:                         5.53
===================================================================================

Warnings:
[1] Covariance matrix calculated using the outer product of gradients (complex-step).
                               SARIMAX Results                                
==============================================================================
Dep. Variable:         CS-DCF-Baa-3MO   No. Observations:                  127
Model:                 ARIMA(3, 1, 4)   Log Likelihood                -102.520
Date:                Thu, 17 Sep 2020   AIC                            221.041
Time:                        15:35:18   BIC                            243.731
Sample:                    01-31-2009   HQIC                           230.259
                         - 07-31-2019                                         
Covariance Type:                  opg                                         
==============================================================================
                 coef    std err          z      P>|z|      [0.025      0.975]
------------------------------------------------------------------------------
ar.L1         -0.0165      1.086     -0.015      0.988      -2.146       2.113
ar.L2         -0.0342      0.558     -0.061      0.951      -1.127       1.058
ar.L3          0.2511      0.268      0.938      0.348      -0.274       0.776
ma.L1          0.2575      1.088      0.237      0.813      -1.875       2.390
ma.L2          0.3692      0.817      0.452      0.651      -1.231       1.970
ma.L3          0.1016      0.714      0.142      0.887      -1.298       1.501
ma.L4         -0.2280      0.584     -0.390      0.696      -1.373       0.917
sigma2         0.2958      0.030      9.870      0.000       0.237       0.354
===================================================================================
Ljung-Box (L1) (Q):                   0.19   Jarque-Bera (JB):                40.72
Prob(Q):                              0.66   Prob(JB):                         0.00
Heteroskedasticity (H):               0.32   Skew:                             0.58
Prob(H) (two-sided):                  0.00   Kurtosis:                         5.53
===================================================================================

Warnings:
[1] Covariance matrix calculated using the outer product of gradients (complex-step).
                               SARIMAX Results                                
==============================================================================
Dep. Variable:         CS-DCF-Baa-3MO   No. Observations:                  127
Model:                 ARIMA(3, 1, 4)   Log Likelihood                -102.520
Date:                Thu, 17 Sep 2020   AIC                            221.041
Time:                        15:35:18   BIC                            243.731
Sample:                    01-31-2009   HQIC                           230.259
                         - 07-31-2019                                         
Covariance Type:                  opg                                         
==============================================================================
                 coef    std err          z      P>|z|      [0.025      0.975]
------------------------------------------------------------------------------
ar.L1         -0.0165      1.086     -0.015      0.988      -2.146       2.113
ar.L2         -0.0342      0.558     -0.061      0.951      -1.127       1.058
ar.L3          0.2511      0.268      0.938      0.348      -0.274       0.776
ma.L1          0.2575      1.088      0.237      0.813      -1.875       2.390
ma.L2          0.3692      0.817      0.452      0.651      -1.231       1.970
ma.L3          0.1016      0.714      0.142      0.887      -1.298       1.501
ma.L4         -0.2280      0.584     -0.390      0.696      -1.373       0.917
sigma2         0.2958      0.030      9.870      0.000       0.237       0.354
===================================================================================
Ljung-Box (L1) (Q):                   0.19   Jarque-Bera (JB):                40.72
Prob(Q):                              0.66   Prob(JB):                         0.00
Heteroskedasticity (H):               0.32   Skew:                             0.58
Prob(H) (two-sided):                  0.00   Kurtosis:                         5.53
===================================================================================

Warnings:
[1] Covariance matrix calculated using the outer product of gradients (complex-step).
