********** ARIMA-CS-V2-c **********
                               SARIMAX Results                                
==============================================================================
Dep. Variable:             CS-Aaa-3MO   No. Observations:                  127
Model:                 ARIMA(3, 1, 0)   Log Likelihood                   6.912
Date:                Thu, 17 Sep 2020   AIC                             -3.824
Time:                        14:22:42   BIC                             10.357
Sample:                    01-31-2009   HQIC                             1.938
                         - 07-31-2019                                         
Covariance Type:                  opg                                         
==============================================================================
                 coef    std err          z      P>|z|      [0.025      0.975]
------------------------------------------------------------------------------
const       6.226e-08    5.7e-10    109.272      0.000    6.11e-08    6.34e-08
ar.L1         -0.2885      0.071     -4.082      0.000      -0.427      -0.150
ar.L2          0.3485      0.087      3.984      0.000       0.177       0.520
ar.L3          0.2459      0.141      1.745      0.081      -0.030       0.522
sigma2         0.0523      0.005     10.089      0.000       0.042       0.062
===================================================================================
Ljung-Box (L1) (Q):                   0.08   Jarque-Bera (JB):              1284.58
Prob(Q):                              0.78   Prob(JB):                         0.00
Heteroskedasticity (H):               0.18   Skew:                            -1.81
Prob(H) (two-sided):                  0.00   Kurtosis:                        18.22
===================================================================================

Warnings:
[1] Covariance matrix calculated using the outer product of gradients (complex-step).
[2] Covariance matrix is singular or near-singular, with condition number 1.74e+24. Standard errors may be unstable.
                               SARIMAX Results                                
==============================================================================
Dep. Variable:              CS-Aa-3MO   No. Observations:                  127
Model:                 ARIMA(1, 1, 1)   Log Likelihood                  41.164
Date:                Thu, 17 Sep 2020   AIC                            -74.327
Time:                        14:22:42   BIC                            -62.982
Sample:                    01-31-2009   HQIC                           -69.718
                         - 07-31-2019                                         
Covariance Type:                  opg                                         
==============================================================================
                 coef    std err          z      P>|z|      [0.025      0.975]
------------------------------------------------------------------------------
const      -2.648e-08   6.15e-10    -43.019      0.000   -2.77e-08   -2.53e-08
ar.L1          0.7206      0.300      2.401      0.016       0.132       1.309
ma.L1         -0.6142      0.334     -1.836      0.066      -1.270       0.041
sigma2         0.0305      0.004      7.771      0.000       0.023       0.038
===================================================================================
Ljung-Box (L1) (Q):                   0.96   Jarque-Bera (JB):                 0.92
Prob(Q):                              0.33   Prob(JB):                         0.63
Heteroskedasticity (H):               0.22   Skew:                            -0.20
Prob(H) (two-sided):                  0.00   Kurtosis:                         2.85
===================================================================================

Warnings:
[1] Covariance matrix calculated using the outer product of gradients (complex-step).
[2] Covariance matrix is singular or near-singular, with condition number 6.29e+24. Standard errors may be unstable.
                               SARIMAX Results                                
==============================================================================
Dep. Variable:               CS-A-3MO   No. Observations:                  127
Model:                 ARIMA(2, 1, 0)   Log Likelihood                  32.026
Date:                Thu, 17 Sep 2020   AIC                            -56.052
Time:                        14:22:43   BIC                            -44.707
Sample:                    01-31-2009   HQIC                           -51.443
                         - 07-31-2019                                         
Covariance Type:                  opg                                         
==============================================================================
                 coef    std err          z      P>|z|      [0.025      0.975]
------------------------------------------------------------------------------
const      -3.055e-09   8.67e-11    -35.225      0.000   -3.23e-09   -2.89e-09
ar.L1          0.1670      0.072      2.312      0.021       0.025       0.309
ar.L2          0.1208      0.069      1.762      0.078      -0.014       0.255
sigma2         0.0352      0.004      9.004      0.000       0.028       0.043
===================================================================================
Ljung-Box (L1) (Q):                   0.46   Jarque-Bera (JB):                 7.82
Prob(Q):                              0.50   Prob(JB):                         0.02
Heteroskedasticity (H):               0.20   Skew:                            -0.29
Prob(H) (two-sided):                  0.00   Kurtosis:                         4.07
===================================================================================

Warnings:
[1] Covariance matrix calculated using the outer product of gradients (complex-step).
[2] Covariance matrix is singular or near-singular, with condition number 5.97e+24. Standard errors may be unstable.
                               SARIMAX Results                                
==============================================================================
Dep. Variable:             CS-Baa-3MO   No. Observations:                  127
Model:                 ARIMA(3, 1, 2)   Log Likelihood                  32.241
Date:                Thu, 17 Sep 2020   AIC                            -50.481
Time:                        14:22:44   BIC                            -30.627
Sample:                    01-31-2009   HQIC                           -42.415
                         - 07-31-2019                                         
Covariance Type:                  opg                                         
==============================================================================
                 coef    std err          z      P>|z|      [0.025      0.975]
------------------------------------------------------------------------------
const      -3.518e-08   5.78e-09     -6.091      0.000   -4.65e-08   -2.39e-08
ar.L1         -0.4312      0.070     -6.135      0.000      -0.569      -0.293
ar.L2         -0.4398      0.090     -4.873      0.000      -0.617      -0.263
ar.L3          0.4773      0.073      6.554      0.000       0.335       0.620
ma.L1          0.7502      0.057     13.214      0.000       0.639       0.861
ma.L2          0.9012      0.078     11.547      0.000       0.748       1.054
sigma2         0.0345      0.003     10.244      0.000       0.028       0.041
===================================================================================
Ljung-Box (L1) (Q):                   0.79   Jarque-Bera (JB):                46.77
Prob(Q):                              0.38   Prob(JB):                         0.00
Heteroskedasticity (H):               0.27   Skew:                            -0.72
Prob(H) (two-sided):                  0.00   Kurtosis:                         5.62
===================================================================================

Warnings:
[1] Covariance matrix calculated using the outer product of gradients (complex-step).
[2] Covariance matrix is singular or near-singular, with condition number 5.88e+22. Standard errors may be unstable.
                               SARIMAX Results                                
==============================================================================
Dep. Variable:             CS-Aaa-1YR   No. Observations:                  127
Model:                 ARIMA(4, 1, 2)   Log Likelihood                  19.520
Date:                Thu, 17 Sep 2020   AIC                            -23.041
Time:                        14:22:47   BIC                             -0.350
Sample:                    01-31-2009   HQIC                           -13.822
                         - 07-31-2019                                         
Covariance Type:                  opg                                         
==============================================================================
                 coef    std err          z      P>|z|      [0.025      0.975]
------------------------------------------------------------------------------
const       4.491e-05    2.2e-07    203.781      0.000    4.45e-05    4.53e-05
ar.L1         -1.3986      0.093    -15.060      0.000      -1.581      -1.217
ar.L2         -0.7770      0.157     -4.940      0.000      -1.085      -0.469
ar.L3          0.3340      0.144      2.316      0.021       0.051       0.617
ar.L4          0.3698      0.072      5.112      0.000       0.228       0.512
ma.L1          1.2122      0.084     14.429      0.000       1.048       1.377
ma.L2          0.9822      0.121      8.140      0.000       0.746       1.219
sigma2         0.0422      0.005      9.082      0.000       0.033       0.051
===================================================================================
Ljung-Box (L1) (Q):                   0.16   Jarque-Bera (JB):              1933.74
Prob(Q):                              0.69   Prob(JB):                         0.00
Heteroskedasticity (H):               0.14   Skew:                            -2.18
Prob(H) (two-sided):                  0.00   Kurtosis:                        21.69
===================================================================================

Warnings:
[1] Covariance matrix calculated using the outer product of gradients (complex-step).
[2] Covariance matrix is singular or near-singular, with condition number 1.67e+22. Standard errors may be unstable.
                               SARIMAX Results                                
==============================================================================
Dep. Variable:              CS-Aa-1YR   No. Observations:                  127
Model:                 ARIMA(4, 1, 5)   Log Likelihood                  65.050
Date:                Thu, 17 Sep 2020   AIC                           -108.100
Time:                        14:22:50   BIC                            -76.901
Sample:                    01-31-2009   HQIC                           -95.425
                         - 07-31-2019                                         
Covariance Type:                  opg                                         
==============================================================================
                 coef    std err          z      P>|z|      [0.025      0.975]
------------------------------------------------------------------------------
const      -8.238e-08   1.34e-06     -0.061      0.951   -2.71e-06    2.55e-06
ar.L1         -0.5678      1.037     -0.547      0.584      -2.601       1.466
ar.L2         -0.1003      1.375     -0.073      0.942      -2.795       2.595
ar.L3          0.0591      1.019      0.058      0.954      -1.938       2.057
ar.L4          0.4811      0.664      0.724      0.469      -0.821       1.783
ma.L1          0.7039      1.040      0.677      0.498      -1.334       2.742
ma.L2          0.3160      1.527      0.207      0.836      -2.677       3.309
ma.L3          0.2784      1.328      0.210      0.834      -2.325       2.882
ma.L4         -0.4663      1.223     -0.381      0.703      -2.863       1.930
ma.L5         -0.1445      0.380     -0.380      0.704      -0.890       0.601
sigma2         0.0208      0.004      5.789      0.000       0.014       0.028
===================================================================================
Ljung-Box (L1) (Q):                   0.04   Jarque-Bera (JB):                 1.95
Prob(Q):                              0.84   Prob(JB):                         0.38
Heteroskedasticity (H):               0.26   Skew:                            -0.24
Prob(H) (two-sided):                  0.00   Kurtosis:                         3.39
===================================================================================

Warnings:
[1] Covariance matrix calculated using the outer product of gradients (complex-step).
[2] Covariance matrix is singular or near-singular, with condition number 3.39e+22. Standard errors may be unstable.
                               SARIMAX Results                                
==============================================================================
Dep. Variable:               CS-A-1YR   No. Observations:                  127
Model:                 ARIMA(4, 1, 5)   Log Likelihood                  57.031
Date:                Thu, 17 Sep 2020   AIC                            -92.063
Time:                        14:22:52   BIC                            -60.864
Sample:                    01-31-2009   HQIC                           -79.387
                         - 07-31-2019                                         
Covariance Type:                  opg                                         
==============================================================================
                 coef    std err          z      P>|z|      [0.025      0.975]
------------------------------------------------------------------------------
const      -9.978e-08   3.33e-07     -0.300      0.764   -7.52e-07    5.52e-07
ar.L1         -0.2341      0.521     -0.450      0.653      -1.255       0.786
ar.L2         -0.0864      0.612     -0.141      0.888      -1.286       1.113
ar.L3          0.1648      0.481      0.343      0.732      -0.778       1.108
ar.L4          0.5572      0.351      1.589      0.112      -0.130       1.244
ma.L1          0.5181      0.532      0.974      0.330      -0.524       1.561
ma.L2          0.2863      0.740      0.387      0.699      -1.165       1.738
ma.L3          0.1182      0.728      0.162      0.871      -1.308       1.545
ma.L4         -0.7108      0.662     -1.074      0.283      -2.008       0.587
ma.L5         -0.1818      0.263     -0.692      0.489      -0.697       0.333
sigma2         0.0232      0.003      8.297      0.000       0.018       0.029
===================================================================================
Ljung-Box (L1) (Q):                   0.02   Jarque-Bera (JB):                14.20
Prob(Q):                              0.90   Prob(JB):                         0.00
Heteroskedasticity (H):               0.29   Skew:                            -0.43
Prob(H) (two-sided):                  0.00   Kurtosis:                         4.40
===================================================================================

Warnings:
[1] Covariance matrix calculated using the outer product of gradients (complex-step).
[2] Covariance matrix is singular or near-singular, with condition number 9.03e+21. Standard errors may be unstable.
                               SARIMAX Results                                
==============================================================================
Dep. Variable:             CS-Baa-1YR   No. Observations:                  127
Model:                 ARIMA(4, 1, 5)   Log Likelihood                  42.051
Date:                Thu, 17 Sep 2020   AIC                            -62.101
Time:                        14:22:53   BIC                            -30.902
Sample:                    01-31-2009   HQIC                           -49.426
                         - 07-31-2019                                         
Covariance Type:                  opg                                         
==============================================================================
                 coef    std err          z      P>|z|      [0.025      0.975]
------------------------------------------------------------------------------
const       1.129e-07    3.9e+04    2.9e-12      1.000   -7.64e+04    7.64e+04
ar.L1         -1.0113      0.359     -2.815      0.005      -1.715      -0.307
ar.L2         -0.6153      0.577     -1.066      0.286      -1.747       0.516
ar.L3          0.2085      0.548      0.381      0.703      -0.865       1.282
ar.L4          0.4233      0.269      1.571      0.116      -0.105       0.951
ma.L1          1.4256      0.660      2.159      0.031       0.132       2.720
ma.L2          1.2818      0.777      1.651      0.099      -0.240       2.804
ma.L3          0.6200      0.910      0.681      0.496      -1.163       2.403
ma.L4         -0.1116      0.610     -0.183      0.855      -1.307       1.083
ma.L5          0.1215      0.203      0.597      0.550      -0.277       0.520
sigma2         0.0287      0.016      1.764      0.078      -0.003       0.061
===================================================================================
Ljung-Box (L1) (Q):                   0.06   Jarque-Bera (JB):               120.12
Prob(Q):                              0.80   Prob(JB):                         0.00
Heteroskedasticity (H):               0.33   Skew:                            -0.92
Prob(H) (two-sided):                  0.00   Kurtosis:                         7.41
===================================================================================

Warnings:
[1] Covariance matrix calculated using the outer product of gradients (complex-step).
                               SARIMAX Results                                
==============================================================================
Dep. Variable:             CS-Aaa-5YR   No. Observations:                  127
Model:                 ARIMA(3, 1, 5)   Log Likelihood                  40.785
Date:                Thu, 17 Sep 2020   AIC                            -61.569
Time:                        14:22:55   BIC                            -33.206
Sample:                    01-31-2009   HQIC                           -50.046
                         - 07-31-2019                                         
Covariance Type:                  opg                                         
==============================================================================
                 coef    std err          z      P>|z|      [0.025      0.975]
------------------------------------------------------------------------------
const        1.96e-06   9.44e-07      2.077      0.038    1.11e-07    3.81e-06
ar.L1          0.8087      0.225      3.596      0.000       0.368       1.249
ar.L2         -0.6765      0.288     -2.347      0.019      -1.241      -0.112
ar.L3          0.8358      0.208      4.018      0.000       0.428       1.243
ma.L1         -1.1191      0.255     -4.382      0.000      -1.620      -0.619
ma.L2          1.4517      0.355      4.084      0.000       0.755       2.148
ma.L3         -1.3338      0.344     -3.875      0.000      -2.008      -0.659
ma.L4          0.7242      0.193      3.746      0.000       0.345       1.103
ma.L5         -0.4074      0.131     -3.105      0.002      -0.665      -0.150
sigma2         0.0302      0.003      8.762      0.000       0.023       0.037
===================================================================================
Ljung-Box (L1) (Q):                   2.07   Jarque-Bera (JB):              1862.24
Prob(Q):                              0.15   Prob(JB):                         0.00
Heteroskedasticity (H):               0.20   Skew:                            -2.53
Prob(H) (two-sided):                  0.00   Kurtosis:                        21.14
===================================================================================

Warnings:
[1] Covariance matrix calculated using the outer product of gradients (complex-step).
[2] Covariance matrix is singular or near-singular, with condition number 4.43e+21. Standard errors may be unstable.
                               SARIMAX Results                                
==============================================================================
Dep. Variable:              CS-Aa-5YR   No. Observations:                  127
Model:                 ARIMA(3, 1, 6)   Log Likelihood                  49.610
Date:                Thu, 17 Sep 2020   AIC                            -77.221
Time:                        14:22:57   BIC                            -46.021
Sample:                    01-31-2009   HQIC                           -64.545
                         - 07-31-2019                                         
Covariance Type:                  opg                                         
==============================================================================
                 coef    std err          z      P>|z|      [0.025      0.975]
------------------------------------------------------------------------------
const      -5.151e-09   4.04e+04  -1.28e-13      1.000   -7.92e+04    7.92e+04
ar.L1          0.3252      0.092      3.517      0.000       0.144       0.506
ar.L2          0.3712      0.080      4.647      0.000       0.215       0.528
ar.L3         -0.9322      0.085    -10.950      0.000      -1.099      -0.765
ma.L1          0.0242      0.139      0.175      0.861      -0.247       0.296
ma.L2         -0.5687      0.138     -4.115      0.000      -0.840      -0.298
ma.L3          1.1277      0.149      7.583      0.000       0.836       1.419
ma.L4          0.2324      0.121      1.923      0.055      -0.005       0.469
ma.L5         -0.2861      0.088     -3.263      0.001      -0.458      -0.114
ma.L6          0.3208      0.110      2.923      0.003       0.106       0.536
sigma2         0.0262      0.004      6.578      0.000       0.018       0.034
===================================================================================
Ljung-Box (L1) (Q):                   0.01   Jarque-Bera (JB):               184.36
Prob(Q):                              0.91   Prob(JB):                         0.00
Heteroskedasticity (H):               0.20   Skew:                            -0.89
Prob(H) (two-sided):                  0.00   Kurtosis:                         8.65
===================================================================================

Warnings:
[1] Covariance matrix calculated using the outer product of gradients (complex-step).
[2] Covariance matrix is singular or near-singular, with condition number 5.89e+14. Standard errors may be unstable.
                               SARIMAX Results                                
==============================================================================
Dep. Variable:               CS-A-5YR   No. Observations:                  127
Model:                 ARIMA(3, 1, 0)   Log Likelihood                  28.059
Date:                Thu, 17 Sep 2020   AIC                            -46.118
Time:                        14:22:57   BIC                            -31.937
Sample:                    01-31-2009   HQIC                           -40.357
                         - 07-31-2019                                         
Covariance Type:                  opg                                         
==============================================================================
                 coef    std err          z      P>|z|      [0.025      0.975]
------------------------------------------------------------------------------
const       3.211e-09   5.98e-10      5.366      0.000    2.04e-09    4.38e-09
ar.L1          0.3304      0.049      6.774      0.000       0.235       0.426
ar.L2         -0.1591      0.063     -2.539      0.011      -0.282      -0.036
ar.L3          0.1737      0.074      2.356      0.018       0.029       0.318
sigma2         0.0374      0.003     14.285      0.000       0.032       0.043
===================================================================================
Ljung-Box (L1) (Q):                   0.01   Jarque-Bera (JB):               323.93
Prob(Q):                              0.91   Prob(JB):                         0.00
Heteroskedasticity (H):               0.13   Skew:                            -1.39
Prob(H) (two-sided):                  0.00   Kurtosis:                        10.35
===================================================================================

Warnings:
[1] Covariance matrix calculated using the outer product of gradients (complex-step).
[2] Covariance matrix is singular or near-singular, with condition number 5.55e+24. Standard errors may be unstable.
                               SARIMAX Results                                
==============================================================================
Dep. Variable:             CS-Baa-5YR   No. Observations:                  127
Model:                 ARIMA(1, 1, 2)   Log Likelihood                   8.398
Date:                Thu, 17 Sep 2020   AIC                             -6.797
Time:                        14:22:58   BIC                              7.384
Sample:                    01-31-2009   HQIC                            -1.035
                         - 07-31-2019                                         
Covariance Type:                  opg                                         
==============================================================================
                 coef    std err          z      P>|z|      [0.025      0.975]
------------------------------------------------------------------------------
const       1.792e-07    4.9e-10    365.296      0.000    1.78e-07     1.8e-07
ar.L1          0.8534      0.168      5.071      0.000       0.524       1.183
ma.L1         -0.4526      0.186     -2.439      0.015      -0.816      -0.089
ma.L2         -0.2339      0.116     -2.017      0.044      -0.461      -0.007
sigma2         0.0512      0.003     19.926      0.000       0.046       0.056
===================================================================================
Ljung-Box (L1) (Q):                   0.09   Jarque-Bera (JB):               869.51
Prob(Q):                              0.77   Prob(JB):                         0.00
Heteroskedasticity (H):               0.20   Skew:                            -1.92
Prob(H) (two-sided):                  0.00   Kurtosis:                        15.28
===================================================================================

Warnings:
[1] Covariance matrix calculated using the outer product of gradients (complex-step).
[2] Covariance matrix is singular or near-singular, with condition number 3.06e+24. Standard errors may be unstable.
            cs      order                  aic                  bic                 hqic            jb_pvalue               dw_res                  llf                  mse                 rmse                 mean                 mape
0   CS-Aaa-3MO  (3, 1, 0)            -3.823931            10.357478             1.937531             0.117241             1.628687             6.911966             0.014260             0.119413            -0.026447             0.075287
1    CS-Aa-3MO  (1, 1, 1)           -74.327235           -62.982107           -69.718065             0.573103             2.044379            41.163618             0.012335             0.111064            -0.026663             0.086190
2     CS-A-3MO  (2, 1, 0)           -56.052454           -44.707326           -51.443284             0.655546             2.071616            32.026227             0.012975             0.113908            -0.026905             0.062992
3   CS-Baa-3MO  (3, 1, 2)           -50.481463           -30.627489           -42.415415             0.716205             2.255613            32.240731             0.014110             0.118787            -0.015800             0.044406
4   CS-Aaa-1YR  (4, 1, 2)           -23.040551            -0.350296           -13.822211             0.939018             1.742319            19.520275             0.008617             0.092830            -0.026141             0.067395
5    CS-Aa-1YR  (4, 1, 5)          -108.099966           -76.900865           -95.424749             0.787330             1.946918            65.049983             0.009143             0.095617            -0.018164             0.091710
6     CS-A-1YR  (4, 1, 5)           -92.062640           -60.863539           -79.387423             0.659126             2.074696            57.031320             0.009852             0.099259            -0.018544             0.067699
7   CS-Baa-1YR  (4, 1, 5)           -62.101379           -30.902278           -49.426162             0.681429             2.077092            42.050689             0.009884             0.099417            -0.012368             0.046464
8   CS-Aaa-5YR  (3, 1, 5)           -61.569004           -33.206184           -50.046079             0.455081             1.527618            40.784502             0.012737             0.112857            -0.000311             0.112261
9    CS-Aa-5YR  (3, 1, 6)           -77.220548           -46.021448           -64.545332             0.825032             2.475397            49.610274             0.010363             0.101799            -0.000463             0.120203
10    CS-A-5YR  (3, 1, 0)           -46.118331           -31.936922           -40.356869             0.829219             2.558588            28.059166             0.012234             0.110609            -0.002492             0.086396
11  CS-Baa-5YR  (1, 1, 2)            -6.796915             7.384494            -1.035453             0.734695             2.576819             8.398458             0.022764             0.150879            -0.001215             0.079608
********** ARIMA-CS-V2-c **********
********** ARIMA-CS-V2-c **********
                               SARIMAX Results                                
==============================================================================
Dep. Variable:             CS-Aaa-3MO   No. Observations:                  127
Model:                 ARIMA(3, 1, 0)   Log Likelihood                   6.912
Date:                Thu, 17 Sep 2020   AIC                             -3.824
Time:                        14:35:12   BIC                             10.357
Sample:                    01-31-2009   HQIC                             1.938
                         - 07-31-2019                                         
Covariance Type:                  opg                                         
==============================================================================
                 coef    std err          z      P>|z|      [0.025      0.975]
------------------------------------------------------------------------------
const       6.226e-08    5.7e-10    109.272      0.000    6.11e-08    6.34e-08
ar.L1         -0.2885      0.071     -4.082      0.000      -0.427      -0.150
ar.L2          0.3485      0.087      3.984      0.000       0.177       0.520
ar.L3          0.2459      0.141      1.745      0.081      -0.030       0.522
sigma2         0.0523      0.005     10.089      0.000       0.042       0.062
===================================================================================
Ljung-Box (L1) (Q):                   0.08   Jarque-Bera (JB):              1284.58
Prob(Q):                              0.78   Prob(JB):                         0.00
Heteroskedasticity (H):               0.18   Skew:                            -1.81
Prob(H) (two-sided):                  0.00   Kurtosis:                        18.22
===================================================================================

Warnings:
[1] Covariance matrix calculated using the outer product of gradients (complex-step).
[2] Covariance matrix is singular or near-singular, with condition number 1.74e+24. Standard errors may be unstable.
                               SARIMAX Results                                
==============================================================================
Dep. Variable:             CS-Aaa-3MO   No. Observations:                  127
Model:                 ARIMA(3, 1, 0)   Log Likelihood                   6.912
Date:                Thu, 17 Sep 2020   AIC                             -3.824
Time:                        14:35:12   BIC                             10.357
Sample:                    01-31-2009   HQIC                             1.938
                         - 07-31-2019                                         
Covariance Type:                  opg                                         
==============================================================================
                 coef    std err          z      P>|z|      [0.025      0.975]
------------------------------------------------------------------------------
const       6.226e-08    5.7e-10    109.272      0.000    6.11e-08    6.34e-08
ar.L1         -0.2885      0.071     -4.082      0.000      -0.427      -0.150
ar.L2          0.3485      0.087      3.984      0.000       0.177       0.520
ar.L3          0.2459      0.141      1.745      0.081      -0.030       0.522
sigma2         0.0523      0.005     10.089      0.000       0.042       0.062
===================================================================================
Ljung-Box (L1) (Q):                   0.08   Jarque-Bera (JB):              1284.58
Prob(Q):                              0.78   Prob(JB):                         0.00
Heteroskedasticity (H):               0.18   Skew:                            -1.81
Prob(H) (two-sided):                  0.00   Kurtosis:                        18.22
===================================================================================

Warnings:
[1] Covariance matrix calculated using the outer product of gradients (complex-step).
[2] Covariance matrix is singular or near-singular, with condition number 1.74e+24. Standard errors may be unstable.
                               SARIMAX Results                                
==============================================================================
Dep. Variable:              CS-Aa-3MO   No. Observations:                  127
Model:                 ARIMA(1, 1, 1)   Log Likelihood                  41.164
Date:                Thu, 17 Sep 2020   AIC                            -74.327
Time:                        14:35:13   BIC                            -62.982
Sample:                    01-31-2009   HQIC                           -69.718
                         - 07-31-2019                                         
Covariance Type:                  opg                                         
==============================================================================
                 coef    std err          z      P>|z|      [0.025      0.975]
------------------------------------------------------------------------------
const      -2.648e-08   6.15e-10    -43.019      0.000   -2.77e-08   -2.53e-08
ar.L1          0.7206      0.300      2.401      0.016       0.132       1.309
ma.L1         -0.6142      0.334     -1.836      0.066      -1.270       0.041
sigma2         0.0305      0.004      7.771      0.000       0.023       0.038
===================================================================================
Ljung-Box (L1) (Q):                   0.96   Jarque-Bera (JB):                 0.92
Prob(Q):                              0.33   Prob(JB):                         0.63
Heteroskedasticity (H):               0.22   Skew:                            -0.20
Prob(H) (two-sided):                  0.00   Kurtosis:                         2.85
===================================================================================

Warnings:
[1] Covariance matrix calculated using the outer product of gradients (complex-step).
[2] Covariance matrix is singular or near-singular, with condition number 6.29e+24. Standard errors may be unstable.
                               SARIMAX Results                                
==============================================================================
Dep. Variable:              CS-Aa-3MO   No. Observations:                  127
Model:                 ARIMA(1, 1, 1)   Log Likelihood                  41.164
Date:                Thu, 17 Sep 2020   AIC                            -74.327
Time:                        14:35:13   BIC                            -62.982
Sample:                    01-31-2009   HQIC                           -69.718
                         - 07-31-2019                                         
Covariance Type:                  opg                                         
==============================================================================
                 coef    std err          z      P>|z|      [0.025      0.975]
------------------------------------------------------------------------------
const      -2.648e-08   6.15e-10    -43.019      0.000   -2.77e-08   -2.53e-08
ar.L1          0.7206      0.300      2.401      0.016       0.132       1.309
ma.L1         -0.6142      0.334     -1.836      0.066      -1.270       0.041
sigma2         0.0305      0.004      7.771      0.000       0.023       0.038
===================================================================================
Ljung-Box (L1) (Q):                   0.96   Jarque-Bera (JB):                 0.92
Prob(Q):                              0.33   Prob(JB):                         0.63
Heteroskedasticity (H):               0.22   Skew:                            -0.20
Prob(H) (two-sided):                  0.00   Kurtosis:                         2.85
===================================================================================

Warnings:
[1] Covariance matrix calculated using the outer product of gradients (complex-step).
[2] Covariance matrix is singular or near-singular, with condition number 6.29e+24. Standard errors may be unstable.
                               SARIMAX Results                                
==============================================================================
Dep. Variable:               CS-A-3MO   No. Observations:                  127
Model:                 ARIMA(2, 1, 0)   Log Likelihood                  32.026
Date:                Thu, 17 Sep 2020   AIC                            -56.052
Time:                        14:35:13   BIC                            -44.707
Sample:                    01-31-2009   HQIC                           -51.443
                         - 07-31-2019                                         
Covariance Type:                  opg                                         
==============================================================================
                 coef    std err          z      P>|z|      [0.025      0.975]
------------------------------------------------------------------------------
const      -3.055e-09   8.67e-11    -35.225      0.000   -3.23e-09   -2.89e-09
ar.L1          0.1670      0.072      2.312      0.021       0.025       0.309
ar.L2          0.1208      0.069      1.762      0.078      -0.014       0.255
sigma2         0.0352      0.004      9.004      0.000       0.028       0.043
===================================================================================
Ljung-Box (L1) (Q):                   0.46   Jarque-Bera (JB):                 7.82
Prob(Q):                              0.50   Prob(JB):                         0.02
Heteroskedasticity (H):               0.20   Skew:                            -0.29
Prob(H) (two-sided):                  0.00   Kurtosis:                         4.07
===================================================================================

Warnings:
[1] Covariance matrix calculated using the outer product of gradients (complex-step).
[2] Covariance matrix is singular or near-singular, with condition number 5.97e+24. Standard errors may be unstable.
                               SARIMAX Results                                
==============================================================================
Dep. Variable:               CS-A-3MO   No. Observations:                  127
Model:                 ARIMA(2, 1, 0)   Log Likelihood                  32.026
Date:                Thu, 17 Sep 2020   AIC                            -56.052
Time:                        14:35:13   BIC                            -44.707
Sample:                    01-31-2009   HQIC                           -51.443
                         - 07-31-2019                                         
Covariance Type:                  opg                                         
==============================================================================
                 coef    std err          z      P>|z|      [0.025      0.975]
------------------------------------------------------------------------------
const      -3.055e-09   8.67e-11    -35.225      0.000   -3.23e-09   -2.89e-09
ar.L1          0.1670      0.072      2.312      0.021       0.025       0.309
ar.L2          0.1208      0.069      1.762      0.078      -0.014       0.255
sigma2         0.0352      0.004      9.004      0.000       0.028       0.043
===================================================================================
Ljung-Box (L1) (Q):                   0.46   Jarque-Bera (JB):                 7.82
Prob(Q):                              0.50   Prob(JB):                         0.02
Heteroskedasticity (H):               0.20   Skew:                            -0.29
Prob(H) (two-sided):                  0.00   Kurtosis:                         4.07
===================================================================================

Warnings:
[1] Covariance matrix calculated using the outer product of gradients (complex-step).
[2] Covariance matrix is singular or near-singular, with condition number 5.97e+24. Standard errors may be unstable.
                               SARIMAX Results                                
==============================================================================
Dep. Variable:             CS-Baa-3MO   No. Observations:                  127
Model:                 ARIMA(3, 1, 2)   Log Likelihood                  32.241
Date:                Thu, 17 Sep 2020   AIC                            -50.481
Time:                        14:35:14   BIC                            -30.627
Sample:                    01-31-2009   HQIC                           -42.415
                         - 07-31-2019                                         
Covariance Type:                  opg                                         
==============================================================================
                 coef    std err          z      P>|z|      [0.025      0.975]
------------------------------------------------------------------------------
const      -3.518e-08   5.78e-09     -6.091      0.000   -4.65e-08   -2.39e-08
ar.L1         -0.4312      0.070     -6.135      0.000      -0.569      -0.293
ar.L2         -0.4398      0.090     -4.873      0.000      -0.617      -0.263
ar.L3          0.4773      0.073      6.554      0.000       0.335       0.620
ma.L1          0.7502      0.057     13.214      0.000       0.639       0.861
ma.L2          0.9012      0.078     11.547      0.000       0.748       1.054
sigma2         0.0345      0.003     10.244      0.000       0.028       0.041
===================================================================================
Ljung-Box (L1) (Q):                   0.79   Jarque-Bera (JB):                46.77
Prob(Q):                              0.38   Prob(JB):                         0.00
Heteroskedasticity (H):               0.27   Skew:                            -0.72
Prob(H) (two-sided):                  0.00   Kurtosis:                         5.62
===================================================================================

Warnings:
[1] Covariance matrix calculated using the outer product of gradients (complex-step).
[2] Covariance matrix is singular or near-singular, with condition number 5.88e+22. Standard errors may be unstable.
                               SARIMAX Results                                
==============================================================================
Dep. Variable:             CS-Baa-3MO   No. Observations:                  127
Model:                 ARIMA(3, 1, 2)   Log Likelihood                  32.241
Date:                Thu, 17 Sep 2020   AIC                            -50.481
Time:                        14:35:14   BIC                            -30.627
Sample:                    01-31-2009   HQIC                           -42.415
                         - 07-31-2019                                         
Covariance Type:                  opg                                         
==============================================================================
                 coef    std err          z      P>|z|      [0.025      0.975]
------------------------------------------------------------------------------
const      -3.518e-08   5.78e-09     -6.091      0.000   -4.65e-08   -2.39e-08
ar.L1         -0.4312      0.070     -6.135      0.000      -0.569      -0.293
ar.L2         -0.4398      0.090     -4.873      0.000      -0.617      -0.263
ar.L3          0.4773      0.073      6.554      0.000       0.335       0.620
ma.L1          0.7502      0.057     13.214      0.000       0.639       0.861
ma.L2          0.9012      0.078     11.547      0.000       0.748       1.054
sigma2         0.0345      0.003     10.244      0.000       0.028       0.041
===================================================================================
Ljung-Box (L1) (Q):                   0.79   Jarque-Bera (JB):                46.77
Prob(Q):                              0.38   Prob(JB):                         0.00
Heteroskedasticity (H):               0.27   Skew:                            -0.72
Prob(H) (two-sided):                  0.00   Kurtosis:                         5.62
===================================================================================

Warnings:
[1] Covariance matrix calculated using the outer product of gradients (complex-step).
[2] Covariance matrix is singular or near-singular, with condition number 5.88e+22. Standard errors may be unstable.
                               SARIMAX Results                                
==============================================================================
Dep. Variable:             CS-Aaa-1YR   No. Observations:                  127
Model:                 ARIMA(4, 1, 2)   Log Likelihood                  19.520
Date:                Thu, 17 Sep 2020   AIC                            -23.041
Time:                        14:35:16   BIC                             -0.350
Sample:                    01-31-2009   HQIC                           -13.822
                         - 07-31-2019                                         
Covariance Type:                  opg                                         
==============================================================================
                 coef    std err          z      P>|z|      [0.025      0.975]
------------------------------------------------------------------------------
const       4.491e-05    2.2e-07    203.781      0.000    4.45e-05    4.53e-05
ar.L1         -1.3986      0.093    -15.060      0.000      -1.581      -1.217
ar.L2         -0.7770      0.157     -4.940      0.000      -1.085      -0.469
ar.L3          0.3340      0.144      2.316      0.021       0.051       0.617
ar.L4          0.3698      0.072      5.112      0.000       0.228       0.512
ma.L1          1.2122      0.084     14.429      0.000       1.048       1.377
ma.L2          0.9822      0.121      8.140      0.000       0.746       1.219
sigma2         0.0422      0.005      9.082      0.000       0.033       0.051
===================================================================================
Ljung-Box (L1) (Q):                   0.16   Jarque-Bera (JB):              1933.74
Prob(Q):                              0.69   Prob(JB):                         0.00
Heteroskedasticity (H):               0.14   Skew:                            -2.18
Prob(H) (two-sided):                  0.00   Kurtosis:                        21.69
===================================================================================

Warnings:
[1] Covariance matrix calculated using the outer product of gradients (complex-step).
[2] Covariance matrix is singular or near-singular, with condition number 1.67e+22. Standard errors may be unstable.
                               SARIMAX Results                                
==============================================================================
Dep. Variable:             CS-Aaa-1YR   No. Observations:                  127
Model:                 ARIMA(4, 1, 2)   Log Likelihood                  19.520
Date:                Thu, 17 Sep 2020   AIC                            -23.041
Time:                        14:35:16   BIC                             -0.350
Sample:                    01-31-2009   HQIC                           -13.822
                         - 07-31-2019                                         
Covariance Type:                  opg                                         
==============================================================================
                 coef    std err          z      P>|z|      [0.025      0.975]
------------------------------------------------------------------------------
const       4.491e-05    2.2e-07    203.781      0.000    4.45e-05    4.53e-05
ar.L1         -1.3986      0.093    -15.060      0.000      -1.581      -1.217
ar.L2         -0.7770      0.157     -4.940      0.000      -1.085      -0.469
ar.L3          0.3340      0.144      2.316      0.021       0.051       0.617
ar.L4          0.3698      0.072      5.112      0.000       0.228       0.512
ma.L1          1.2122      0.084     14.429      0.000       1.048       1.377
ma.L2          0.9822      0.121      8.140      0.000       0.746       1.219
sigma2         0.0422      0.005      9.082      0.000       0.033       0.051
===================================================================================
Ljung-Box (L1) (Q):                   0.16   Jarque-Bera (JB):              1933.74
Prob(Q):                              0.69   Prob(JB):                         0.00
Heteroskedasticity (H):               0.14   Skew:                            -2.18
Prob(H) (two-sided):                  0.00   Kurtosis:                        21.69
===================================================================================

Warnings:
[1] Covariance matrix calculated using the outer product of gradients (complex-step).
[2] Covariance matrix is singular or near-singular, with condition number 1.67e+22. Standard errors may be unstable.
                               SARIMAX Results                                
==============================================================================
Dep. Variable:              CS-Aa-1YR   No. Observations:                  127
Model:                 ARIMA(4, 1, 5)   Log Likelihood                  65.050
Date:                Thu, 17 Sep 2020   AIC                           -108.100
Time:                        14:35:17   BIC                            -76.901
Sample:                    01-31-2009   HQIC                           -95.425
                         - 07-31-2019                                         
Covariance Type:                  opg                                         
==============================================================================
                 coef    std err          z      P>|z|      [0.025      0.975]
------------------------------------------------------------------------------
const      -8.238e-08   1.34e-06     -0.061      0.951   -2.71e-06    2.55e-06
ar.L1         -0.5678      1.037     -0.547      0.584      -2.601       1.466
ar.L2         -0.1003      1.375     -0.073      0.942      -2.795       2.595
ar.L3          0.0591      1.019      0.058      0.954      -1.938       2.057
ar.L4          0.4811      0.664      0.724      0.469      -0.821       1.783
ma.L1          0.7039      1.040      0.677      0.498      -1.334       2.742
ma.L2          0.3160      1.527      0.207      0.836      -2.677       3.309
ma.L3          0.2784      1.328      0.210      0.834      -2.325       2.882
ma.L4         -0.4663      1.223     -0.381      0.703      -2.863       1.930
ma.L5         -0.1445      0.380     -0.380      0.704      -0.890       0.601
sigma2         0.0208      0.004      5.789      0.000       0.014       0.028
===================================================================================
Ljung-Box (L1) (Q):                   0.04   Jarque-Bera (JB):                 1.95
Prob(Q):                              0.84   Prob(JB):                         0.38
Heteroskedasticity (H):               0.26   Skew:                            -0.24
Prob(H) (two-sided):                  0.00   Kurtosis:                         3.39
===================================================================================

Warnings:
[1] Covariance matrix calculated using the outer product of gradients (complex-step).
[2] Covariance matrix is singular or near-singular, with condition number 3.39e+22. Standard errors may be unstable.
                               SARIMAX Results                                
==============================================================================
Dep. Variable:              CS-Aa-1YR   No. Observations:                  127
Model:                 ARIMA(4, 1, 5)   Log Likelihood                  65.050
Date:                Thu, 17 Sep 2020   AIC                           -108.100
Time:                        14:35:17   BIC                            -76.901
Sample:                    01-31-2009   HQIC                           -95.425
                         - 07-31-2019                                         
Covariance Type:                  opg                                         
==============================================================================
                 coef    std err          z      P>|z|      [0.025      0.975]
------------------------------------------------------------------------------
const      -8.238e-08   1.34e-06     -0.061      0.951   -2.71e-06    2.55e-06
ar.L1         -0.5678      1.037     -0.547      0.584      -2.601       1.466
ar.L2         -0.1003      1.375     -0.073      0.942      -2.795       2.595
ar.L3          0.0591      1.019      0.058      0.954      -1.938       2.057
ar.L4          0.4811      0.664      0.724      0.469      -0.821       1.783
ma.L1          0.7039      1.040      0.677      0.498      -1.334       2.742
ma.L2          0.3160      1.527      0.207      0.836      -2.677       3.309
ma.L3          0.2784      1.328      0.210      0.834      -2.325       2.882
ma.L4         -0.4663      1.223     -0.381      0.703      -2.863       1.930
ma.L5         -0.1445      0.380     -0.380      0.704      -0.890       0.601
sigma2         0.0208      0.004      5.789      0.000       0.014       0.028
===================================================================================
Ljung-Box (L1) (Q):                   0.04   Jarque-Bera (JB):                 1.95
Prob(Q):                              0.84   Prob(JB):                         0.38
Heteroskedasticity (H):               0.26   Skew:                            -0.24
Prob(H) (two-sided):                  0.00   Kurtosis:                         3.39
===================================================================================

Warnings:
[1] Covariance matrix calculated using the outer product of gradients (complex-step).
[2] Covariance matrix is singular or near-singular, with condition number 3.39e+22. Standard errors may be unstable.
                               SARIMAX Results                                
==============================================================================
Dep. Variable:               CS-A-1YR   No. Observations:                  127
Model:                 ARIMA(4, 1, 5)   Log Likelihood                  57.031
Date:                Thu, 17 Sep 2020   AIC                            -92.063
Time:                        14:35:19   BIC                            -60.864
Sample:                    01-31-2009   HQIC                           -79.387
                         - 07-31-2019                                         
Covariance Type:                  opg                                         
==============================================================================
                 coef    std err          z      P>|z|      [0.025      0.975]
------------------------------------------------------------------------------
const      -9.978e-08   3.33e-07     -0.300      0.764   -7.52e-07    5.52e-07
ar.L1         -0.2341      0.521     -0.450      0.653      -1.255       0.786
ar.L2         -0.0864      0.612     -0.141      0.888      -1.286       1.113
ar.L3          0.1648      0.481      0.343      0.732      -0.778       1.108
ar.L4          0.5572      0.351      1.589      0.112      -0.130       1.244
ma.L1          0.5181      0.532      0.974      0.330      -0.524       1.561
ma.L2          0.2863      0.740      0.387      0.699      -1.165       1.738
ma.L3          0.1182      0.728      0.162      0.871      -1.308       1.545
ma.L4         -0.7108      0.662     -1.074      0.283      -2.008       0.587
ma.L5         -0.1818      0.263     -0.692      0.489      -0.697       0.333
sigma2         0.0232      0.003      8.297      0.000       0.018       0.029
===================================================================================
Ljung-Box (L1) (Q):                   0.02   Jarque-Bera (JB):                14.20
Prob(Q):                              0.90   Prob(JB):                         0.00
Heteroskedasticity (H):               0.29   Skew:                            -0.43
Prob(H) (two-sided):                  0.00   Kurtosis:                         4.40
===================================================================================

Warnings:
[1] Covariance matrix calculated using the outer product of gradients (complex-step).
[2] Covariance matrix is singular or near-singular, with condition number 9.03e+21. Standard errors may be unstable.
                               SARIMAX Results                                
==============================================================================
Dep. Variable:               CS-A-1YR   No. Observations:                  127
Model:                 ARIMA(4, 1, 5)   Log Likelihood                  57.031
Date:                Thu, 17 Sep 2020   AIC                            -92.063
Time:                        14:35:19   BIC                            -60.864
Sample:                    01-31-2009   HQIC                           -79.387
                         - 07-31-2019                                         
Covariance Type:                  opg                                         
==============================================================================
                 coef    std err          z      P>|z|      [0.025      0.975]
------------------------------------------------------------------------------
const      -9.978e-08   3.33e-07     -0.300      0.764   -7.52e-07    5.52e-07
ar.L1         -0.2341      0.521     -0.450      0.653      -1.255       0.786
ar.L2         -0.0864      0.612     -0.141      0.888      -1.286       1.113
ar.L3          0.1648      0.481      0.343      0.732      -0.778       1.108
ar.L4          0.5572      0.351      1.589      0.112      -0.130       1.244
ma.L1          0.5181      0.532      0.974      0.330      -0.524       1.561
ma.L2          0.2863      0.740      0.387      0.699      -1.165       1.738
ma.L3          0.1182      0.728      0.162      0.871      -1.308       1.545
ma.L4         -0.7108      0.662     -1.074      0.283      -2.008       0.587
ma.L5         -0.1818      0.263     -0.692      0.489      -0.697       0.333
sigma2         0.0232      0.003      8.297      0.000       0.018       0.029
===================================================================================
Ljung-Box (L1) (Q):                   0.02   Jarque-Bera (JB):                14.20
Prob(Q):                              0.90   Prob(JB):                         0.00
Heteroskedasticity (H):               0.29   Skew:                            -0.43
Prob(H) (two-sided):                  0.00   Kurtosis:                         4.40
===================================================================================

Warnings:
[1] Covariance matrix calculated using the outer product of gradients (complex-step).
[2] Covariance matrix is singular or near-singular, with condition number 9.03e+21. Standard errors may be unstable.
                               SARIMAX Results                                
==============================================================================
Dep. Variable:             CS-Baa-1YR   No. Observations:                  127
Model:                 ARIMA(4, 1, 5)   Log Likelihood                  42.051
Date:                Thu, 17 Sep 2020   AIC                            -62.101
Time:                        14:35:21   BIC                            -30.902
Sample:                    01-31-2009   HQIC                           -49.426
                         - 07-31-2019                                         
Covariance Type:                  opg                                         
==============================================================================
                 coef    std err          z      P>|z|      [0.025      0.975]
------------------------------------------------------------------------------
const       1.129e-07    3.9e+04    2.9e-12      1.000   -7.64e+04    7.64e+04
ar.L1         -1.0113      0.359     -2.815      0.005      -1.715      -0.307
ar.L2         -0.6153      0.577     -1.066      0.286      -1.747       0.516
ar.L3          0.2085      0.548      0.381      0.703      -0.865       1.282
ar.L4          0.4233      0.269      1.571      0.116      -0.105       0.951
ma.L1          1.4256      0.660      2.159      0.031       0.132       2.720
ma.L2          1.2818      0.777      1.651      0.099      -0.240       2.804
ma.L3          0.6200      0.910      0.681      0.496      -1.163       2.403
ma.L4         -0.1116      0.610     -0.183      0.855      -1.307       1.083
ma.L5          0.1215      0.203      0.597      0.550      -0.277       0.520
sigma2         0.0287      0.016      1.764      0.078      -0.003       0.061
===================================================================================
Ljung-Box (L1) (Q):                   0.06   Jarque-Bera (JB):               120.12
Prob(Q):                              0.80   Prob(JB):                         0.00
Heteroskedasticity (H):               0.33   Skew:                            -0.92
Prob(H) (two-sided):                  0.00   Kurtosis:                         7.41
===================================================================================

Warnings:
[1] Covariance matrix calculated using the outer product of gradients (complex-step).
                               SARIMAX Results                                
==============================================================================
Dep. Variable:             CS-Baa-1YR   No. Observations:                  127
Model:                 ARIMA(4, 1, 5)   Log Likelihood                  42.051
Date:                Thu, 17 Sep 2020   AIC                            -62.101
Time:                        14:35:21   BIC                            -30.902
Sample:                    01-31-2009   HQIC                           -49.426
                         - 07-31-2019                                         
Covariance Type:                  opg                                         
==============================================================================
                 coef    std err          z      P>|z|      [0.025      0.975]
------------------------------------------------------------------------------
const       1.129e-07    3.9e+04    2.9e-12      1.000   -7.64e+04    7.64e+04
ar.L1         -1.0113      0.359     -2.815      0.005      -1.715      -0.307
ar.L2         -0.6153      0.577     -1.066      0.286      -1.747       0.516
ar.L3          0.2085      0.548      0.381      0.703      -0.865       1.282
ar.L4          0.4233      0.269      1.571      0.116      -0.105       0.951
ma.L1          1.4256      0.660      2.159      0.031       0.132       2.720
ma.L2          1.2818      0.777      1.651      0.099      -0.240       2.804
ma.L3          0.6200      0.910      0.681      0.496      -1.163       2.403
ma.L4         -0.1116      0.610     -0.183      0.855      -1.307       1.083
ma.L5          0.1215      0.203      0.597      0.550      -0.277       0.520
sigma2         0.0287      0.016      1.764      0.078      -0.003       0.061
===================================================================================
Ljung-Box (L1) (Q):                   0.06   Jarque-Bera (JB):               120.12
Prob(Q):                              0.80   Prob(JB):                         0.00
Heteroskedasticity (H):               0.33   Skew:                            -0.92
Prob(H) (two-sided):                  0.00   Kurtosis:                         7.41
===================================================================================

Warnings:
[1] Covariance matrix calculated using the outer product of gradients (complex-step).
                               SARIMAX Results                                
==============================================================================
Dep. Variable:             CS-Aaa-5YR   No. Observations:                  127
Model:                 ARIMA(3, 1, 5)   Log Likelihood                  40.785
Date:                Thu, 17 Sep 2020   AIC                            -61.569
Time:                        14:35:22   BIC                            -33.206
Sample:                    01-31-2009   HQIC                           -50.046
                         - 07-31-2019                                         
Covariance Type:                  opg                                         
==============================================================================
                 coef    std err          z      P>|z|      [0.025      0.975]
------------------------------------------------------------------------------
const        1.96e-06   9.44e-07      2.077      0.038    1.11e-07    3.81e-06
ar.L1          0.8087      0.225      3.596      0.000       0.368       1.249
ar.L2         -0.6765      0.288     -2.347      0.019      -1.241      -0.112
ar.L3          0.8358      0.208      4.018      0.000       0.428       1.243
ma.L1         -1.1191      0.255     -4.382      0.000      -1.620      -0.619
ma.L2          1.4517      0.355      4.084      0.000       0.755       2.148
ma.L3         -1.3338      0.344     -3.875      0.000      -2.008      -0.659
ma.L4          0.7242      0.193      3.746      0.000       0.345       1.103
ma.L5         -0.4074      0.131     -3.105      0.002      -0.665      -0.150
sigma2         0.0302      0.003      8.762      0.000       0.023       0.037
===================================================================================
Ljung-Box (L1) (Q):                   2.07   Jarque-Bera (JB):              1862.24
Prob(Q):                              0.15   Prob(JB):                         0.00
Heteroskedasticity (H):               0.20   Skew:                            -2.53
Prob(H) (two-sided):                  0.00   Kurtosis:                        21.14
===================================================================================

Warnings:
[1] Covariance matrix calculated using the outer product of gradients (complex-step).
[2] Covariance matrix is singular or near-singular, with condition number 4.43e+21. Standard errors may be unstable.
                               SARIMAX Results                                
==============================================================================
Dep. Variable:             CS-Aaa-5YR   No. Observations:                  127
Model:                 ARIMA(3, 1, 5)   Log Likelihood                  40.785
Date:                Thu, 17 Sep 2020   AIC                            -61.569
Time:                        14:35:22   BIC                            -33.206
Sample:                    01-31-2009   HQIC                           -50.046
                         - 07-31-2019                                         
Covariance Type:                  opg                                         
==============================================================================
                 coef    std err          z      P>|z|      [0.025      0.975]
------------------------------------------------------------------------------
const        1.96e-06   9.44e-07      2.077      0.038    1.11e-07    3.81e-06
ar.L1          0.8087      0.225      3.596      0.000       0.368       1.249
ar.L2         -0.6765      0.288     -2.347      0.019      -1.241      -0.112
ar.L3          0.8358      0.208      4.018      0.000       0.428       1.243
ma.L1         -1.1191      0.255     -4.382      0.000      -1.620      -0.619
ma.L2          1.4517      0.355      4.084      0.000       0.755       2.148
ma.L3         -1.3338      0.344     -3.875      0.000      -2.008      -0.659
ma.L4          0.7242      0.193      3.746      0.000       0.345       1.103
ma.L5         -0.4074      0.131     -3.105      0.002      -0.665      -0.150
sigma2         0.0302      0.003      8.762      0.000       0.023       0.037
===================================================================================
Ljung-Box (L1) (Q):                   2.07   Jarque-Bera (JB):              1862.24
Prob(Q):                              0.15   Prob(JB):                         0.00
Heteroskedasticity (H):               0.20   Skew:                            -2.53
Prob(H) (two-sided):                  0.00   Kurtosis:                        21.14
===================================================================================

Warnings:
[1] Covariance matrix calculated using the outer product of gradients (complex-step).
[2] Covariance matrix is singular or near-singular, with condition number 4.43e+21. Standard errors may be unstable.
                               SARIMAX Results                                
==============================================================================
Dep. Variable:              CS-Aa-5YR   No. Observations:                  127
Model:                 ARIMA(3, 1, 6)   Log Likelihood                  49.610
Date:                Thu, 17 Sep 2020   AIC                            -77.221
Time:                        14:35:24   BIC                            -46.021
Sample:                    01-31-2009   HQIC                           -64.545
                         - 07-31-2019                                         
Covariance Type:                  opg                                         
==============================================================================
                 coef    std err          z      P>|z|      [0.025      0.975]
------------------------------------------------------------------------------
const      -5.151e-09   4.04e+04  -1.28e-13      1.000   -7.92e+04    7.92e+04
ar.L1          0.3252      0.092      3.517      0.000       0.144       0.506
ar.L2          0.3712      0.080      4.647      0.000       0.215       0.528
ar.L3         -0.9322      0.085    -10.950      0.000      -1.099      -0.765
ma.L1          0.0242      0.139      0.175      0.861      -0.247       0.296
ma.L2         -0.5687      0.138     -4.115      0.000      -0.840      -0.298
ma.L3          1.1277      0.149      7.583      0.000       0.836       1.419
ma.L4          0.2324      0.121      1.923      0.055      -0.005       0.469
ma.L5         -0.2861      0.088     -3.263      0.001      -0.458      -0.114
ma.L6          0.3208      0.110      2.923      0.003       0.106       0.536
sigma2         0.0262      0.004      6.578      0.000       0.018       0.034
===================================================================================
Ljung-Box (L1) (Q):                   0.01   Jarque-Bera (JB):               184.36
Prob(Q):                              0.91   Prob(JB):                         0.00
Heteroskedasticity (H):               0.20   Skew:                            -0.89
Prob(H) (two-sided):                  0.00   Kurtosis:                         8.65
===================================================================================

Warnings:
[1] Covariance matrix calculated using the outer product of gradients (complex-step).
[2] Covariance matrix is singular or near-singular, with condition number 5.89e+14. Standard errors may be unstable.
                               SARIMAX Results                                
==============================================================================
Dep. Variable:              CS-Aa-5YR   No. Observations:                  127
Model:                 ARIMA(3, 1, 6)   Log Likelihood                  49.610
Date:                Thu, 17 Sep 2020   AIC                            -77.221
Time:                        14:35:24   BIC                            -46.021
Sample:                    01-31-2009   HQIC                           -64.545
                         - 07-31-2019                                         
Covariance Type:                  opg                                         
==============================================================================
                 coef    std err          z      P>|z|      [0.025      0.975]
------------------------------------------------------------------------------
const      -5.151e-09   4.04e+04  -1.28e-13      1.000   -7.92e+04    7.92e+04
ar.L1          0.3252      0.092      3.517      0.000       0.144       0.506
ar.L2          0.3712      0.080      4.647      0.000       0.215       0.528
ar.L3         -0.9322      0.085    -10.950      0.000      -1.099      -0.765
ma.L1          0.0242      0.139      0.175      0.861      -0.247       0.296
ma.L2         -0.5687      0.138     -4.115      0.000      -0.840      -0.298
ma.L3          1.1277      0.149      7.583      0.000       0.836       1.419
ma.L4          0.2324      0.121      1.923      0.055      -0.005       0.469
ma.L5         -0.2861      0.088     -3.263      0.001      -0.458      -0.114
ma.L6          0.3208      0.110      2.923      0.003       0.106       0.536
sigma2         0.0262      0.004      6.578      0.000       0.018       0.034
===================================================================================
Ljung-Box (L1) (Q):                   0.01   Jarque-Bera (JB):               184.36
Prob(Q):                              0.91   Prob(JB):                         0.00
Heteroskedasticity (H):               0.20   Skew:                            -0.89
Prob(H) (two-sided):                  0.00   Kurtosis:                         8.65
===================================================================================

Warnings:
[1] Covariance matrix calculated using the outer product of gradients (complex-step).
[2] Covariance matrix is singular or near-singular, with condition number 5.89e+14. Standard errors may be unstable.
                               SARIMAX Results                                
==============================================================================
Dep. Variable:               CS-A-5YR   No. Observations:                  127
Model:                 ARIMA(3, 1, 0)   Log Likelihood                  28.059
Date:                Thu, 17 Sep 2020   AIC                            -46.118
Time:                        14:35:25   BIC                            -31.937
Sample:                    01-31-2009   HQIC                           -40.357
                         - 07-31-2019                                         
Covariance Type:                  opg                                         
==============================================================================
                 coef    std err          z      P>|z|      [0.025      0.975]
------------------------------------------------------------------------------
const       3.211e-09   5.98e-10      5.366      0.000    2.04e-09    4.38e-09
ar.L1          0.3304      0.049      6.774      0.000       0.235       0.426
ar.L2         -0.1591      0.063     -2.539      0.011      -0.282      -0.036
ar.L3          0.1737      0.074      2.356      0.018       0.029       0.318
sigma2         0.0374      0.003     14.285      0.000       0.032       0.043
===================================================================================
Ljung-Box (L1) (Q):                   0.01   Jarque-Bera (JB):               323.93
Prob(Q):                              0.91   Prob(JB):                         0.00
Heteroskedasticity (H):               0.13   Skew:                            -1.39
Prob(H) (two-sided):                  0.00   Kurtosis:                        10.35
===================================================================================

Warnings:
[1] Covariance matrix calculated using the outer product of gradients (complex-step).
[2] Covariance matrix is singular or near-singular, with condition number 5.55e+24. Standard errors may be unstable.
                               SARIMAX Results                                
==============================================================================
Dep. Variable:               CS-A-5YR   No. Observations:                  127
Model:                 ARIMA(3, 1, 0)   Log Likelihood                  28.059
Date:                Thu, 17 Sep 2020   AIC                            -46.118
Time:                        14:35:25   BIC                            -31.937
Sample:                    01-31-2009   HQIC                           -40.357
                         - 07-31-2019                                         
Covariance Type:                  opg                                         
==============================================================================
                 coef    std err          z      P>|z|      [0.025      0.975]
------------------------------------------------------------------------------
const       3.211e-09   5.98e-10      5.366      0.000    2.04e-09    4.38e-09
ar.L1          0.3304      0.049      6.774      0.000       0.235       0.426
ar.L2         -0.1591      0.063     -2.539      0.011      -0.282      -0.036
ar.L3          0.1737      0.074      2.356      0.018       0.029       0.318
sigma2         0.0374      0.003     14.285      0.000       0.032       0.043
===================================================================================
Ljung-Box (L1) (Q):                   0.01   Jarque-Bera (JB):               323.93
Prob(Q):                              0.91   Prob(JB):                         0.00
Heteroskedasticity (H):               0.13   Skew:                            -1.39
Prob(H) (two-sided):                  0.00   Kurtosis:                        10.35
===================================================================================

Warnings:
[1] Covariance matrix calculated using the outer product of gradients (complex-step).
[2] Covariance matrix is singular or near-singular, with condition number 5.55e+24. Standard errors may be unstable.
                               SARIMAX Results                                
==============================================================================
Dep. Variable:             CS-Baa-5YR   No. Observations:                  127
Model:                 ARIMA(1, 1, 2)   Log Likelihood                   8.398
Date:                Thu, 17 Sep 2020   AIC                             -6.797
Time:                        14:35:26   BIC                              7.384
Sample:                    01-31-2009   HQIC                            -1.035
                         - 07-31-2019                                         
Covariance Type:                  opg                                         
==============================================================================
                 coef    std err          z      P>|z|      [0.025      0.975]
------------------------------------------------------------------------------
const       1.792e-07    4.9e-10    365.296      0.000    1.78e-07     1.8e-07
ar.L1          0.8534      0.168      5.071      0.000       0.524       1.183
ma.L1         -0.4526      0.186     -2.439      0.015      -0.816      -0.089
ma.L2         -0.2339      0.116     -2.017      0.044      -0.461      -0.007
sigma2         0.0512      0.003     19.926      0.000       0.046       0.056
===================================================================================
Ljung-Box (L1) (Q):                   0.09   Jarque-Bera (JB):               869.51
Prob(Q):                              0.77   Prob(JB):                         0.00
Heteroskedasticity (H):               0.20   Skew:                            -1.92
Prob(H) (two-sided):                  0.00   Kurtosis:                        15.28
===================================================================================

Warnings:
[1] Covariance matrix calculated using the outer product of gradients (complex-step).
[2] Covariance matrix is singular or near-singular, with condition number 3.06e+24. Standard errors may be unstable.
                               SARIMAX Results                                
==============================================================================
Dep. Variable:             CS-Baa-5YR   No. Observations:                  127
Model:                 ARIMA(1, 1, 2)   Log Likelihood                   8.398
Date:                Thu, 17 Sep 2020   AIC                             -6.797
Time:                        14:35:26   BIC                              7.384
Sample:                    01-31-2009   HQIC                            -1.035
                         - 07-31-2019                                         
Covariance Type:                  opg                                         
==============================================================================
                 coef    std err          z      P>|z|      [0.025      0.975]
------------------------------------------------------------------------------
const       1.792e-07    4.9e-10    365.296      0.000    1.78e-07     1.8e-07
ar.L1          0.8534      0.168      5.071      0.000       0.524       1.183
ma.L1         -0.4526      0.186     -2.439      0.015      -0.816      -0.089
ma.L2         -0.2339      0.116     -2.017      0.044      -0.461      -0.007
sigma2         0.0512      0.003     19.926      0.000       0.046       0.056
===================================================================================
Ljung-Box (L1) (Q):                   0.09   Jarque-Bera (JB):               869.51
Prob(Q):                              0.77   Prob(JB):                         0.00
Heteroskedasticity (H):               0.20   Skew:                            -1.92
Prob(H) (two-sided):                  0.00   Kurtosis:                        15.28
===================================================================================

Warnings:
[1] Covariance matrix calculated using the outer product of gradients (complex-step).
[2] Covariance matrix is singular or near-singular, with condition number 3.06e+24. Standard errors may be unstable.
            cs      order                  aic                  bic                 hqic            jb_pvalue               dw_res                  llf                  mse                 rmse                 mean                 mape
0   CS-Aaa-3MO  (3, 1, 0)            -3.823931            10.357478             1.937531             0.117241             1.628687             6.911966             0.014260             0.119413            -0.026447             0.075287
1    CS-Aa-3MO  (1, 1, 1)           -74.327235           -62.982107           -69.718065             0.573103             2.044379            41.163618             0.012335             0.111064            -0.026663             0.086190
2     CS-A-3MO  (2, 1, 0)           -56.052454           -44.707326           -51.443284             0.655546             2.071616            32.026227             0.012975             0.113908            -0.026905             0.062992
3   CS-Baa-3MO  (3, 1, 2)           -50.481463           -30.627489           -42.415415             0.716205             2.255613            32.240731             0.014110             0.118787            -0.015800             0.044406
4   CS-Aaa-1YR  (4, 1, 2)           -23.040551            -0.350296           -13.822211             0.939018             1.742319            19.520275             0.008617             0.092830            -0.026141             0.067395
5    CS-Aa-1YR  (4, 1, 5)          -108.099966           -76.900865           -95.424749             0.787330             1.946918            65.049983             0.009143             0.095617            -0.018164             0.091710
6     CS-A-1YR  (4, 1, 5)           -92.062640           -60.863539           -79.387423             0.659126             2.074696            57.031320             0.009852             0.099259            -0.018544             0.067699
7   CS-Baa-1YR  (4, 1, 5)           -62.101379           -30.902278           -49.426162             0.681429             2.077092            42.050689             0.009884             0.099417            -0.012368             0.046464
8   CS-Aaa-5YR  (3, 1, 5)           -61.569004           -33.206184           -50.046079             0.455081             1.527618            40.784502             0.012737             0.112857            -0.000311             0.112261
9    CS-Aa-5YR  (3, 1, 6)           -77.220548           -46.021448           -64.545332             0.825032             2.475397            49.610274             0.010363             0.101799            -0.000463             0.120203
10    CS-A-5YR  (3, 1, 0)           -46.118331           -31.936922           -40.356869             0.829219             2.558588            28.059166             0.012234             0.110609            -0.002492             0.086396
11  CS-Baa-5YR  (1, 1, 2)            -6.796915             7.384494            -1.035453             0.734695             2.576819             8.398458             0.022764             0.150879            -0.001215             0.079608
            cs      order                  aic                  bic                 hqic            jb_pvalue               dw_res                  llf                  mse                 rmse                 mean                 mape
0   CS-Aaa-3MO  (3, 1, 0)            -3.823931            10.357478             1.937531             0.117241             1.628687             6.911966             0.014260             0.119413            -0.026447             0.075287
1    CS-Aa-3MO  (1, 1, 1)           -74.327235           -62.982107           -69.718065             0.573103             2.044379            41.163618             0.012335             0.111064            -0.026663             0.086190
2     CS-A-3MO  (2, 1, 0)           -56.052454           -44.707326           -51.443284             0.655546             2.071616            32.026227             0.012975             0.113908            -0.026905             0.062992
3   CS-Baa-3MO  (3, 1, 2)           -50.481463           -30.627489           -42.415415             0.716205             2.255613            32.240731             0.014110             0.118787            -0.015800             0.044406
4   CS-Aaa-1YR  (4, 1, 2)           -23.040551            -0.350296           -13.822211             0.939018             1.742319            19.520275             0.008617             0.092830            -0.026141             0.067395
5    CS-Aa-1YR  (4, 1, 5)          -108.099966           -76.900865           -95.424749             0.787330             1.946918            65.049983             0.009143             0.095617            -0.018164             0.091710
6     CS-A-1YR  (4, 1, 5)           -92.062640           -60.863539           -79.387423             0.659126             2.074696            57.031320             0.009852             0.099259            -0.018544             0.067699
7   CS-Baa-1YR  (4, 1, 5)           -62.101379           -30.902278           -49.426162             0.681429             2.077092            42.050689             0.009884             0.099417            -0.012368             0.046464
8   CS-Aaa-5YR  (3, 1, 5)           -61.569004           -33.206184           -50.046079             0.455081             1.527618            40.784502             0.012737             0.112857            -0.000311             0.112261
9    CS-Aa-5YR  (3, 1, 6)           -77.220548           -46.021448           -64.545332             0.825032             2.475397            49.610274             0.010363             0.101799            -0.000463             0.120203
10    CS-A-5YR  (3, 1, 0)           -46.118331           -31.936922           -40.356869             0.829219             2.558588            28.059166             0.012234             0.110609            -0.002492             0.086396
11  CS-Baa-5YR  (1, 1, 2)            -6.796915             7.384494            -1.035453             0.734695             2.576819             8.398458             0.022764             0.150879            -0.001215             0.079608
