********** ARIMA-CS-V2-X-Market-c **********
                               SARIMAX Results                                
==============================================================================
Dep. Variable:             CS-Aaa-3MO   No. Observations:                  127
Model:                 ARIMA(3, 1, 0)   Log Likelihood                  12.878
Date:                Thu, 17 Sep 2020   AIC                            -11.756
Time:                        14:23:24   BIC                              8.098
Sample:                    01-31-2009   HQIC                            -3.690
                         - 07-31-2019                                         
Covariance Type:                  opg                                         
=====================================================================================
                        coef    std err          z      P>|z|      [0.025      0.975]
-------------------------------------------------------------------------------------
const              3.595e-09   7.67e-10      4.687      0.000    2.09e-09     5.1e-09
Market-RMRF-diff      0.0104      0.004      2.900      0.004       0.003       0.017
Market-SP500-diff    -0.0010      0.000     -2.693      0.007      -0.002      -0.000
ar.L1                -0.2534      0.092     -2.760      0.006      -0.433      -0.073
ar.L2                 0.3661      0.096      3.798      0.000       0.177       0.555
ar.L3                 0.2538      0.160      1.590      0.112      -0.059       0.567
sigma2                0.0473      0.005      9.225      0.000       0.037       0.057
===================================================================================
Ljung-Box (L1) (Q):                   0.00   Jarque-Bera (JB):               821.99
Prob(Q):                              0.94   Prob(JB):                         0.00
Heteroskedasticity (H):               0.16   Skew:                            -1.38
Prob(H) (two-sided):                  0.00   Kurtosis:                        15.20
===================================================================================

Warnings:
[1] Covariance matrix calculated using the outer product of gradients (complex-step).
[2] Covariance matrix is singular or near-singular, with condition number 1.35e+24. Standard errors may be unstable.
                               SARIMAX Results                                
==============================================================================
Dep. Variable:              CS-Aa-3MO   No. Observations:                  127
Model:                 ARIMA(1, 1, 1)   Log Likelihood                  42.735
Date:                Thu, 17 Sep 2020   AIC                            -73.470
Time:                        14:23:25   BIC                            -56.453
Sample:                    01-31-2009   HQIC                           -66.557
                         - 07-31-2019                                         
Covariance Type:                  opg                                         
=====================================================================================
                        coef    std err          z      P>|z|      [0.025      0.975]
-------------------------------------------------------------------------------------
const             -2.128e-13   3.12e-08  -6.83e-06      1.000   -6.11e-08    6.11e-08
Market-RMRF-diff      0.0065      0.003      2.495      0.013       0.001       0.012
Market-SP500-diff    -0.0006      0.000     -2.137      0.033      -0.001   -4.89e-05
ar.L1                 0.0013     27.938   4.71e-05      1.000     -54.757      54.760
ma.L1                 0.0013     27.946   4.71e-05      1.000     -54.772      54.774
sigma2                0.0297      0.004      7.615      0.000       0.022       0.037
===================================================================================
Ljung-Box (L1) (Q):                   0.18   Jarque-Bera (JB):                 1.28
Prob(Q):                              0.67   Prob(JB):                         0.53
Heteroskedasticity (H):               0.21   Skew:                            -0.25
Prob(H) (two-sided):                  0.00   Kurtosis:                         3.03
===================================================================================

Warnings:
[1] Covariance matrix calculated using the outer product of gradients (complex-step).
[2] Covariance matrix is singular or near-singular, with condition number 2.33e+24. Standard errors may be unstable.
                               SARIMAX Results                                
==============================================================================
Dep. Variable:               CS-A-3MO   No. Observations:                  127
Model:                 ARIMA(2, 1, 0)   Log Likelihood                  37.066
Date:                Thu, 17 Sep 2020   AIC                            -62.133
Time:                        14:23:26   BIC                            -45.115
Sample:                    01-31-2009   HQIC                           -55.219
                         - 07-31-2019                                         
Covariance Type:                  opg                                         
=====================================================================================
                        coef    std err          z      P>|z|      [0.025      0.975]
-------------------------------------------------------------------------------------
const             -2.946e-15   8.53e-11  -3.45e-05      1.000   -1.67e-10    1.67e-10
Market-RMRF-diff      0.0082      0.003      3.018      0.003       0.003       0.014
Market-SP500-diff    -0.0006      0.000     -2.014      0.044      -0.001   -1.51e-05
ar.L1                 0.1508      0.062      2.420      0.016       0.029       0.273
ar.L2                 0.1476      0.075      1.957      0.050      -0.000       0.295
sigma2                0.0312      0.003      9.468      0.000       0.025       0.038
===================================================================================
Ljung-Box (L1) (Q):                   0.07   Jarque-Bera (JB):                13.75
Prob(Q):                              0.79   Prob(JB):                         0.00
Heteroskedasticity (H):               0.20   Skew:                            -0.47
Prob(H) (two-sided):                  0.00   Kurtosis:                         4.32
===================================================================================

Warnings:
[1] Covariance matrix calculated using the outer product of gradients (complex-step).
[2] Covariance matrix is singular or near-singular, with condition number 3.32e+25. Standard errors may be unstable.
                               SARIMAX Results                                
==============================================================================
Dep. Variable:             CS-Baa-3MO   No. Observations:                  127
Model:                 ARIMA(3, 1, 2)   Log Likelihood                  30.032
Date:                Thu, 17 Sep 2020   AIC                            -42.063
Time:                        14:23:27   BIC                            -16.537
Sample:                    01-31-2009   HQIC                           -31.692
                         - 07-31-2019                                         
Covariance Type:                  opg                                         
=====================================================================================
                        coef    std err          z      P>|z|      [0.025      0.975]
-------------------------------------------------------------------------------------
const              3.996e-11   6.55e-09      0.006      0.995   -1.28e-08    1.29e-08
Market-RMRF-diff      0.0052      0.004      1.446      0.148      -0.002       0.012
Market-SP500-diff    -0.0003      0.000     -0.821      0.412      -0.001       0.000
ar.L1                -0.1192      0.306     -0.389      0.697      -0.720       0.481
ar.L2                -0.0730      0.281     -0.260      0.795      -0.623       0.477
ar.L3                 0.3691      0.147      2.504      0.012       0.080       0.658
ma.L1                 0.3182      0.322      0.988      0.323      -0.313       0.949
ma.L2                 0.4855      0.277      1.752      0.080      -0.058       1.029
sigma2                0.0363      0.003     10.814      0.000       0.030       0.043
===================================================================================
Ljung-Box (L1) (Q):                   0.01   Jarque-Bera (JB):               123.51
Prob(Q):                              0.91   Prob(JB):                         0.00
Heteroskedasticity (H):               0.24   Skew:                            -1.03
Prob(H) (two-sided):                  0.00   Kurtosis:                         7.39
===================================================================================

Warnings:
[1] Covariance matrix calculated using the outer product of gradients (complex-step).
[2] Covariance matrix is singular or near-singular, with condition number 1.92e+23. Standard errors may be unstable.
                               SARIMAX Results                                
==============================================================================
Dep. Variable:             CS-Aaa-1YR   No. Observations:                  127
Model:                 ARIMA(4, 1, 2)   Log Likelihood                  24.428
Date:                Thu, 17 Sep 2020   AIC                            -28.857
Time:                        14:23:29   BIC                             -0.494
Sample:                    01-31-2009   HQIC                           -17.334
                         - 07-31-2019                                         
Covariance Type:                  opg                                         
=====================================================================================
                        coef    std err          z      P>|z|      [0.025      0.975]
-------------------------------------------------------------------------------------
const              2.892e-09   3.18e-07      0.009      0.993   -6.21e-07    6.27e-07
Market-RMRF-diff      0.0085      0.003      2.444      0.015       0.002       0.015
Market-SP500-diff    -0.0007      0.000     -1.935      0.053      -0.001    9.22e-06
ar.L1                -0.1156      2.804     -0.041      0.967      -5.611       5.380
ar.L2                 0.2071      1.420      0.146      0.884      -2.575       2.989
ar.L3                 0.1335      0.912      0.146      0.884      -1.654       1.921
ar.L4                -0.0158      0.844     -0.019      0.985      -1.670       1.639
ma.L1                -0.1136      2.773     -0.041      0.967      -5.548       5.321
ma.L2                 0.1944      0.906      0.215      0.830      -1.582       1.971
sigma2                0.0396      0.004      9.730      0.000       0.032       0.048
===================================================================================
Ljung-Box (L1) (Q):                   0.00   Jarque-Bera (JB):              1785.59
Prob(Q):                              0.98   Prob(JB):                         0.00
Heteroskedasticity (H):               0.13   Skew:                            -2.12
Prob(H) (two-sided):                  0.00   Kurtosis:                        20.95
===================================================================================

Warnings:
[1] Covariance matrix calculated using the outer product of gradients (complex-step).
[2] Covariance matrix is singular or near-singular, with condition number 4.03e+23. Standard errors may be unstable.
                               SARIMAX Results                                
==============================================================================
Dep. Variable:              CS-Aa-1YR   No. Observations:                  127
Model:                 ARIMA(4, 1, 5)   Log Likelihood                  64.336
Date:                Thu, 17 Sep 2020   AIC                           -102.672
Time:                        14:23:30   BIC                            -65.800
Sample:                    01-31-2009   HQIC                           -87.692
                         - 07-31-2019                                         
Covariance Type:                  opg                                         
=====================================================================================
                        coef    std err          z      P>|z|      [0.025      0.975]
-------------------------------------------------------------------------------------
const             -1.439e-09   3.47e-06     -0.000      1.000   -6.81e-06     6.8e-06
Market-RMRF-diff      0.0033      0.002      1.526      0.127      -0.001       0.008
Market-SP500-diff    -0.0003      0.000     -1.270      0.204      -0.001       0.000
ar.L1                -0.6699      6.681     -0.100      0.920     -13.765      12.425
ar.L2                 0.2185      7.574      0.029      0.977     -14.626      15.063
ar.L3                 0.3544      2.931      0.121      0.904      -5.390       6.099
ar.L4                 0.0194      0.670      0.029      0.977      -1.294       1.333
ma.L1                 0.7494      6.681      0.112      0.911     -12.345      13.844
ma.L2                 0.0544      8.086      0.007      0.995     -15.794      15.903
ma.L3                 0.0113      4.955      0.002      0.998      -9.700       9.723
ma.L4                -0.0699      3.017     -0.023      0.982      -5.984       5.844
ma.L5                -0.1490      1.518     -0.098      0.922      -3.125       2.827
sigma2                0.0210      0.003      8.143      0.000       0.016       0.026
===================================================================================
Ljung-Box (L1) (Q):                   0.01   Jarque-Bera (JB):                 4.39
Prob(Q):                              0.91   Prob(JB):                         0.11
Heteroskedasticity (H):               0.22   Skew:                            -0.20
Prob(H) (two-sided):                  0.00   Kurtosis:                         3.82
===================================================================================

Warnings:
[1] Covariance matrix calculated using the outer product of gradients (complex-step).
[2] Covariance matrix is singular or near-singular, with condition number 3.79e+22. Standard errors may be unstable.
                               SARIMAX Results                                
==============================================================================
Dep. Variable:               CS-A-1YR   No. Observations:                  127
Model:                 ARIMA(4, 1, 5)   Log Likelihood                  57.738
Date:                Thu, 17 Sep 2020   AIC                            -89.475
Time:                        14:23:34   BIC                            -52.604
Sample:                    01-31-2009   HQIC                           -74.495
                         - 07-31-2019                                         
Covariance Type:                  opg                                         
=====================================================================================
                        coef    std err          z      P>|z|      [0.025      0.975]
-------------------------------------------------------------------------------------
const              -1.03e-09   5.49e-06     -0.000      1.000   -1.08e-05    1.08e-05
Market-RMRF-diff      0.0048      0.002      2.027      0.043       0.000       0.009
Market-SP500-diff    -0.0003      0.000     -1.208      0.227      -0.001       0.000
ar.L1                -0.3722      7.359     -0.051      0.960     -14.796      14.052
ar.L2                -0.1614      6.644     -0.024      0.981     -13.184      12.861
ar.L3                 0.3432      5.182      0.066      0.947      -9.813      10.499
ar.L4                 0.0979      0.797      0.123      0.902      -1.464       1.660
ma.L1                 0.6362      7.350      0.087      0.931     -13.769      15.042
ma.L2                 0.4594      8.557      0.054      0.957     -16.311      17.230
ma.L3                -0.0444      8.377     -0.005      0.996     -16.464      16.375
ma.L4                -0.1818      4.518     -0.040      0.968      -9.038       8.674
ma.L5                -0.1426      1.660     -0.086      0.932      -3.397       3.111
sigma2                0.0234      0.003      8.013      0.000       0.018       0.029
===================================================================================
Ljung-Box (L1) (Q):                   0.06   Jarque-Bera (JB):                30.46
Prob(Q):                              0.81   Prob(JB):                         0.00
Heteroskedasticity (H):               0.26   Skew:                            -0.47
Prob(H) (two-sided):                  0.00   Kurtosis:                         5.22
===================================================================================

Warnings:
[1] Covariance matrix calculated using the outer product of gradients (complex-step).
[2] Covariance matrix is singular or near-singular, with condition number 1.6e+22. Standard errors may be unstable.
                               SARIMAX Results                                
==============================================================================
Dep. Variable:             CS-Baa-1YR   No. Observations:                  127
Model:                 ARIMA(4, 1, 5)   Log Likelihood                  37.401
Date:                Thu, 17 Sep 2020   AIC                            -48.803
Time:                        14:23:36   BIC                            -11.931
Sample:                    01-31-2009   HQIC                           -33.823
                         - 07-31-2019                                         
Covariance Type:                  opg                                         
=====================================================================================
                        coef    std err          z      P>|z|      [0.025      0.975]
-------------------------------------------------------------------------------------
const             -8.996e-10   4.37e-05  -2.06e-05      1.000   -8.57e-05    8.57e-05
Market-RMRF-diff      0.0024      0.003      0.793      0.428      -0.004       0.008
Market-SP500-diff  1.625e-05      0.000      0.058      0.954      -0.001       0.001
ar.L1                -0.5266     17.658     -0.030      0.976     -35.136      34.083
ar.L2                -0.3057      4.650     -0.066      0.948      -9.419       8.808
ar.L3                 0.2311      3.216      0.072      0.943      -6.073       6.535
ar.L4                 0.0632      5.317      0.012      0.991     -10.357      10.484
ma.L1                 0.8113     17.669      0.046      0.963     -33.819      35.441
ma.L2                 0.7426      9.608      0.077      0.938     -18.089      19.574
ma.L3                 0.3110      9.584      0.032      0.974     -18.474      19.096
ma.L4                 0.0748      2.405      0.031      0.975      -4.639       4.788
ma.L5                 0.0235      0.477      0.049      0.961      -0.912       0.959
sigma2                0.0323      0.003     11.297      0.000       0.027       0.038
===================================================================================
Ljung-Box (L1) (Q):                   0.06   Jarque-Bera (JB):               109.90
Prob(Q):                              0.81   Prob(JB):                         0.00
Heteroskedasticity (H):               0.32   Skew:                            -0.85
Prob(H) (two-sided):                  0.00   Kurtosis:                         7.24
===================================================================================

Warnings:
[1] Covariance matrix calculated using the outer product of gradients (complex-step).
[2] Covariance matrix is singular or near-singular, with condition number 8.9e+21. Standard errors may be unstable.
                               SARIMAX Results                                
==============================================================================
Dep. Variable:             CS-Aaa-5YR   No. Observations:                  127
Model:                 ARIMA(3, 1, 5)   Log Likelihood                  51.123
Date:                Thu, 17 Sep 2020   AIC                            -78.246
Time:                        14:23:39   BIC                            -44.210
Sample:                    01-31-2009   HQIC                           -64.418
                         - 07-31-2019                                         
Covariance Type:                  opg                                         
=====================================================================================
                        coef    std err          z      P>|z|      [0.025      0.975]
-------------------------------------------------------------------------------------
const              6.048e-09   4.63e-07      0.013      0.990   -9.01e-07    9.13e-07
Market-RMRF-diff      0.0110      0.003      3.709      0.000       0.005       0.017
Market-SP500-diff    -0.0002      0.000     -0.680      0.496      -0.001       0.000
ar.L1                -0.5608      0.993     -0.565      0.572      -2.508       1.386
ar.L2                -0.9347      0.371     -2.518      0.012      -1.662      -0.207
ar.L3                -0.2725      0.640     -0.426      0.670      -1.527       0.982
ma.L1                 0.2436      0.999      0.244      0.807      -1.715       2.202
ma.L2                 1.2175      0.416      2.924      0.003       0.402       2.033
ma.L3                 0.5053      1.042      0.485      0.628      -1.537       2.547
ma.L4                 0.4803      0.243      1.974      0.048       0.003       0.957
ma.L5                 0.3191      0.372      0.858      0.391      -0.410       1.049
sigma2                0.0257      0.003      9.955      0.000       0.021       0.031
===================================================================================
Ljung-Box (L1) (Q):                   0.13   Jarque-Bera (JB):              2042.78
Prob(Q):                              0.72   Prob(JB):                         0.00
Heteroskedasticity (H):               0.17   Skew:                            -2.83
Prob(H) (two-sided):                  0.00   Kurtosis:                        21.90
===================================================================================

Warnings:
[1] Covariance matrix calculated using the outer product of gradients (complex-step).
[2] Covariance matrix is singular or near-singular, with condition number 9.2e+22. Standard errors may be unstable.
                               SARIMAX Results                                
==============================================================================
Dep. Variable:              CS-Aa-5YR   No. Observations:                  127
Model:                 ARIMA(3, 1, 6)   Log Likelihood                  46.257
Date:                Thu, 17 Sep 2020   AIC                            -66.513
Time:                        14:23:41   BIC                            -29.641
Sample:                    01-31-2009   HQIC                           -51.533
                         - 07-31-2019                                         
Covariance Type:                  opg                                         
=====================================================================================
                        coef    std err          z      P>|z|      [0.025      0.975]
-------------------------------------------------------------------------------------
const              1.973e-10   1.52e-05    1.3e-05      1.000   -2.97e-05    2.97e-05
Market-RMRF-diff      0.0023      0.002      0.979      0.327      -0.002       0.007
Market-SP500-diff     0.0002      0.000      0.619      0.536      -0.000       0.001
ar.L1                 0.1171     12.791      0.009      0.993     -24.952      25.186
ar.L2                -0.0042      1.832     -0.002      0.998      -3.595       3.587
ar.L3                 0.0849      1.070      0.079      0.937      -2.011       2.181
ma.L1                 0.1242     12.783      0.010      0.992     -24.931      25.179
ma.L2                 0.0029      4.779      0.001      1.000      -9.363       9.369
ma.L3                 0.0935      1.681      0.056      0.956      -3.202       3.388
ma.L4                -0.0142      2.551     -0.006      0.996      -5.014       4.985
ma.L5                -0.1188      0.690     -0.172      0.863      -1.470       1.233
ma.L6                 0.0093      1.274      0.007      0.994      -2.488       2.507
sigma2                0.0286      0.002     13.654      0.000       0.024       0.033
===================================================================================
Ljung-Box (L1) (Q):                   0.01   Jarque-Bera (JB):               348.83
Prob(Q):                              0.91   Prob(JB):                         0.00
Heteroskedasticity (H):               0.11   Skew:                            -1.19
Prob(H) (two-sided):                  0.00   Kurtosis:                        10.80
===================================================================================

Warnings:
[1] Covariance matrix calculated using the outer product of gradients (complex-step).
[2] Covariance matrix is singular or near-singular, with condition number 1.16e+22. Standard errors may be unstable.
                               SARIMAX Results                                
==============================================================================
Dep. Variable:               CS-A-5YR   No. Observations:                  127
Model:                 ARIMA(3, 1, 0)   Log Likelihood                  35.857
Date:                Thu, 17 Sep 2020   AIC                            -57.715
Time:                        14:23:42   BIC                            -37.861
Sample:                    01-31-2009   HQIC                           -49.649
                         - 07-31-2019                                         
Covariance Type:                  opg                                         
=====================================================================================
                        coef    std err          z      P>|z|      [0.025      0.975]
-------------------------------------------------------------------------------------
const                9.7e-10   4.54e-10      2.138      0.033    8.09e-11    1.86e-09
Market-RMRF-diff      0.0033      0.003      1.294      0.196      -0.002       0.008
Market-SP500-diff     0.0002      0.000      0.606      0.545      -0.000       0.001
ar.L1                 0.3654      0.045      8.077      0.000       0.277       0.454
ar.L2                -0.1456      0.058     -2.493      0.013      -0.260      -0.031
ar.L3                 0.1691      0.078      2.158      0.031       0.016       0.323
sigma2                0.0330      0.002     15.118      0.000       0.029       0.037
===================================================================================
Ljung-Box (L1) (Q):                   0.01   Jarque-Bera (JB):               672.79
Prob(Q):                              0.91   Prob(JB):                         0.00
Heteroskedasticity (H):               0.11   Skew:                            -1.86
Prob(H) (two-sided):                  0.00   Kurtosis:                        13.69
===================================================================================

Warnings:
[1] Covariance matrix calculated using the outer product of gradients (complex-step).
[2] Covariance matrix is singular or near-singular, with condition number 8.41e+23. Standard errors may be unstable.
                               SARIMAX Results                                
==============================================================================
Dep. Variable:             CS-Baa-5YR   No. Observations:                  127
Model:                 ARIMA(1, 1, 2)   Log Likelihood                  15.578
Date:                Thu, 17 Sep 2020   AIC                            -17.156
Time:                        14:23:44   BIC                              2.698
Sample:                    01-31-2009   HQIC                            -9.090
                         - 07-31-2019                                         
Covariance Type:                  opg                                         
=====================================================================================
                        coef    std err          z      P>|z|      [0.025      0.975]
-------------------------------------------------------------------------------------
const               6.47e-10   9.35e-10      0.692      0.489   -1.18e-09    2.48e-09
Market-RMRF-diff      0.0017      0.003      0.590      0.555      -0.004       0.007
Market-SP500-diff     0.0004      0.000      1.377      0.168      -0.000       0.001
ar.L1                 0.7036      0.308      2.284      0.022       0.100       1.307
ma.L1                -0.2862      0.316     -0.906      0.365      -0.905       0.333
ma.L2                -0.1329      0.159     -0.835      0.403      -0.445       0.179
sigma2                0.0456      0.002     19.181      0.000       0.041       0.050
===================================================================================
Ljung-Box (L1) (Q):                   0.09   Jarque-Bera (JB):              1421.38
Prob(Q):                              0.76   Prob(JB):                         0.00
Heteroskedasticity (H):               0.17   Skew:                            -2.28
Prob(H) (two-sided):                  0.00   Kurtosis:                        18.81
===================================================================================

Warnings:
[1] Covariance matrix calculated using the outer product of gradients (complex-step).
[2] Covariance matrix is singular or near-singular, with condition number 1.99e+25. Standard errors may be unstable.
            cs      order                  aic                  bic                 hqic            jb_pvalue               dw_res                  llf                  mse                 rmse                 mean                 mape
0   CS-Aaa-3MO  (3, 1, 0)           -11.756165             8.097808            -3.690118             0.832762             1.944704            12.878082             0.009735             0.098667            -0.022794             0.067929
1    CS-Aa-3MO  (1, 1, 1)           -73.470268           -56.452577           -66.556514             0.914653             1.600657            42.735134             0.009480             0.097364            -0.042185             0.076195
2     CS-A-3MO  (2, 1, 0)           -62.132890           -45.115199           -55.219136             0.518328             2.046648            37.066445             0.010104             0.100518            -0.027179             0.053650
3   CS-Baa-3MO  (3, 1, 2)           -42.063105           -16.536568           -31.692473             0.400001             1.997221            30.031553             0.013243             0.115079            -0.011434             0.043847
4   CS-Aaa-1YR  (4, 1, 2)           -28.856789            -0.493970           -17.333865             0.333414             1.942111            24.428395             0.006941             0.083313            -0.023201             0.068614
5    CS-Aa-1YR  (4, 1, 5)          -102.671636           -65.799971           -87.691834             0.675395             1.812944            64.335818             0.006641             0.081495            -0.019587             0.077803
6     CS-A-1YR  (4, 1, 5)           -89.475205           -52.603540           -74.495403             0.916292             2.102809            57.737602             0.007613             0.087254            -0.018690             0.057055
7   CS-Baa-1YR  (4, 1, 5)           -48.802540           -11.930876           -33.822739             0.595335             2.022076            37.401270             0.009610             0.098031            -0.013152             0.042425
8   CS-Aaa-5YR  (3, 1, 5)           -78.245608           -44.210225           -64.418098             0.398441             1.822406            51.122804             0.006912             0.083141            -0.007953             0.072609
9    CS-Aa-5YR  (3, 1, 6)           -66.513042           -29.641377           -51.533240             0.518098             2.115013            46.256521             0.007309             0.085494            -0.002873             0.103805
10    CS-A-5YR  (3, 1, 0)           -57.714559           -37.860586           -49.648512             0.449374             2.363786            35.857280             0.008631             0.092901            -0.002687             0.073188
11  CS-Baa-5YR  (1, 1, 2)           -17.155672             2.698302            -9.089625             0.020731             2.395681            15.577836             0.016534             0.128586            -0.001575             0.059883
********** ARIMA-CS-V2-X-Market-c **********
********** ARIMA-CS-V2-X-Market-c **********
                               SARIMAX Results                                
==============================================================================
Dep. Variable:             CS-Aaa-3MO   No. Observations:                  127
Model:                 ARIMA(3, 1, 0)   Log Likelihood                  12.878
Date:                Thu, 17 Sep 2020   AIC                            -11.756
Time:                        14:35:51   BIC                              8.098
Sample:                    01-31-2009   HQIC                            -3.690
                         - 07-31-2019                                         
Covariance Type:                  opg                                         
=====================================================================================
                        coef    std err          z      P>|z|      [0.025      0.975]
-------------------------------------------------------------------------------------
const              3.595e-09   7.67e-10      4.687      0.000    2.09e-09     5.1e-09
Market-RMRF-diff      0.0104      0.004      2.900      0.004       0.003       0.017
Market-SP500-diff    -0.0010      0.000     -2.693      0.007      -0.002      -0.000
ar.L1                -0.2534      0.092     -2.760      0.006      -0.433      -0.073
ar.L2                 0.3661      0.096      3.798      0.000       0.177       0.555
ar.L3                 0.2538      0.160      1.590      0.112      -0.059       0.567
sigma2                0.0473      0.005      9.225      0.000       0.037       0.057
===================================================================================
Ljung-Box (L1) (Q):                   0.00   Jarque-Bera (JB):               821.99
Prob(Q):                              0.94   Prob(JB):                         0.00
Heteroskedasticity (H):               0.16   Skew:                            -1.38
Prob(H) (two-sided):                  0.00   Kurtosis:                        15.20
===================================================================================

Warnings:
[1] Covariance matrix calculated using the outer product of gradients (complex-step).
[2] Covariance matrix is singular or near-singular, with condition number 1.35e+24. Standard errors may be unstable.
                               SARIMAX Results                                
==============================================================================
Dep. Variable:             CS-Aaa-3MO   No. Observations:                  127
Model:                 ARIMA(3, 1, 0)   Log Likelihood                  12.878
Date:                Thu, 17 Sep 2020   AIC                            -11.756
Time:                        14:35:51   BIC                              8.098
Sample:                    01-31-2009   HQIC                            -3.690
                         - 07-31-2019                                         
Covariance Type:                  opg                                         
=====================================================================================
                        coef    std err          z      P>|z|      [0.025      0.975]
-------------------------------------------------------------------------------------
const              3.595e-09   7.67e-10      4.687      0.000    2.09e-09     5.1e-09
Market-RMRF-diff      0.0104      0.004      2.900      0.004       0.003       0.017
Market-SP500-diff    -0.0010      0.000     -2.693      0.007      -0.002      -0.000
ar.L1                -0.2534      0.092     -2.760      0.006      -0.433      -0.073
ar.L2                 0.3661      0.096      3.798      0.000       0.177       0.555
ar.L3                 0.2538      0.160      1.590      0.112      -0.059       0.567
sigma2                0.0473      0.005      9.225      0.000       0.037       0.057
===================================================================================
Ljung-Box (L1) (Q):                   0.00   Jarque-Bera (JB):               821.99
Prob(Q):                              0.94   Prob(JB):                         0.00
Heteroskedasticity (H):               0.16   Skew:                            -1.38
Prob(H) (two-sided):                  0.00   Kurtosis:                        15.20
===================================================================================

Warnings:
[1] Covariance matrix calculated using the outer product of gradients (complex-step).
[2] Covariance matrix is singular or near-singular, with condition number 1.35e+24. Standard errors may be unstable.
                               SARIMAX Results                                
==============================================================================
Dep. Variable:              CS-Aa-3MO   No. Observations:                  127
Model:                 ARIMA(1, 1, 1)   Log Likelihood                  42.735
Date:                Thu, 17 Sep 2020   AIC                            -73.470
Time:                        14:35:52   BIC                            -56.453
Sample:                    01-31-2009   HQIC                           -66.557
                         - 07-31-2019                                         
Covariance Type:                  opg                                         
=====================================================================================
                        coef    std err          z      P>|z|      [0.025      0.975]
-------------------------------------------------------------------------------------
const             -2.128e-13   3.12e-08  -6.83e-06      1.000   -6.11e-08    6.11e-08
Market-RMRF-diff      0.0065      0.003      2.495      0.013       0.001       0.012
Market-SP500-diff    -0.0006      0.000     -2.137      0.033      -0.001   -4.89e-05
ar.L1                 0.0013     27.938   4.71e-05      1.000     -54.757      54.760
ma.L1                 0.0013     27.946   4.71e-05      1.000     -54.772      54.774
sigma2                0.0297      0.004      7.615      0.000       0.022       0.037
===================================================================================
Ljung-Box (L1) (Q):                   0.18   Jarque-Bera (JB):                 1.28
Prob(Q):                              0.67   Prob(JB):                         0.53
Heteroskedasticity (H):               0.21   Skew:                            -0.25
Prob(H) (two-sided):                  0.00   Kurtosis:                         3.03
===================================================================================

Warnings:
[1] Covariance matrix calculated using the outer product of gradients (complex-step).
[2] Covariance matrix is singular or near-singular, with condition number 2.33e+24. Standard errors may be unstable.
                               SARIMAX Results                                
==============================================================================
Dep. Variable:              CS-Aa-3MO   No. Observations:                  127
Model:                 ARIMA(1, 1, 1)   Log Likelihood                  42.735
Date:                Thu, 17 Sep 2020   AIC                            -73.470
Time:                        14:35:52   BIC                            -56.453
Sample:                    01-31-2009   HQIC                           -66.557
                         - 07-31-2019                                         
Covariance Type:                  opg                                         
=====================================================================================
                        coef    std err          z      P>|z|      [0.025      0.975]
-------------------------------------------------------------------------------------
const             -2.128e-13   3.12e-08  -6.83e-06      1.000   -6.11e-08    6.11e-08
Market-RMRF-diff      0.0065      0.003      2.495      0.013       0.001       0.012
Market-SP500-diff    -0.0006      0.000     -2.137      0.033      -0.001   -4.89e-05
ar.L1                 0.0013     27.938   4.71e-05      1.000     -54.757      54.760
ma.L1                 0.0013     27.946   4.71e-05      1.000     -54.772      54.774
sigma2                0.0297      0.004      7.615      0.000       0.022       0.037
===================================================================================
Ljung-Box (L1) (Q):                   0.18   Jarque-Bera (JB):                 1.28
Prob(Q):                              0.67   Prob(JB):                         0.53
Heteroskedasticity (H):               0.21   Skew:                            -0.25
Prob(H) (two-sided):                  0.00   Kurtosis:                         3.03
===================================================================================

Warnings:
[1] Covariance matrix calculated using the outer product of gradients (complex-step).
[2] Covariance matrix is singular or near-singular, with condition number 2.33e+24. Standard errors may be unstable.
                               SARIMAX Results                                
==============================================================================
Dep. Variable:               CS-A-3MO   No. Observations:                  127
Model:                 ARIMA(2, 1, 0)   Log Likelihood                  37.066
Date:                Thu, 17 Sep 2020   AIC                            -62.133
Time:                        14:35:53   BIC                            -45.115
Sample:                    01-31-2009   HQIC                           -55.219
                         - 07-31-2019                                         
Covariance Type:                  opg                                         
=====================================================================================
                        coef    std err          z      P>|z|      [0.025      0.975]
-------------------------------------------------------------------------------------
const             -2.946e-15   8.53e-11  -3.45e-05      1.000   -1.67e-10    1.67e-10
Market-RMRF-diff      0.0082      0.003      3.018      0.003       0.003       0.014
Market-SP500-diff    -0.0006      0.000     -2.014      0.044      -0.001   -1.51e-05
ar.L1                 0.1508      0.062      2.420      0.016       0.029       0.273
ar.L2                 0.1476      0.075      1.957      0.050      -0.000       0.295
sigma2                0.0312      0.003      9.468      0.000       0.025       0.038
===================================================================================
Ljung-Box (L1) (Q):                   0.07   Jarque-Bera (JB):                13.75
Prob(Q):                              0.79   Prob(JB):                         0.00
Heteroskedasticity (H):               0.20   Skew:                            -0.47
Prob(H) (two-sided):                  0.00   Kurtosis:                         4.32
===================================================================================

Warnings:
[1] Covariance matrix calculated using the outer product of gradients (complex-step).
[2] Covariance matrix is singular or near-singular, with condition number 3.32e+25. Standard errors may be unstable.
                               SARIMAX Results                                
==============================================================================
Dep. Variable:               CS-A-3MO   No. Observations:                  127
Model:                 ARIMA(2, 1, 0)   Log Likelihood                  37.066
Date:                Thu, 17 Sep 2020   AIC                            -62.133
Time:                        14:35:53   BIC                            -45.115
Sample:                    01-31-2009   HQIC                           -55.219
                         - 07-31-2019                                         
Covariance Type:                  opg                                         
=====================================================================================
                        coef    std err          z      P>|z|      [0.025      0.975]
-------------------------------------------------------------------------------------
const             -2.946e-15   8.53e-11  -3.45e-05      1.000   -1.67e-10    1.67e-10
Market-RMRF-diff      0.0082      0.003      3.018      0.003       0.003       0.014
Market-SP500-diff    -0.0006      0.000     -2.014      0.044      -0.001   -1.51e-05
ar.L1                 0.1508      0.062      2.420      0.016       0.029       0.273
ar.L2                 0.1476      0.075      1.957      0.050      -0.000       0.295
sigma2                0.0312      0.003      9.468      0.000       0.025       0.038
===================================================================================
Ljung-Box (L1) (Q):                   0.07   Jarque-Bera (JB):                13.75
Prob(Q):                              0.79   Prob(JB):                         0.00
Heteroskedasticity (H):               0.20   Skew:                            -0.47
Prob(H) (two-sided):                  0.00   Kurtosis:                         4.32
===================================================================================

Warnings:
[1] Covariance matrix calculated using the outer product of gradients (complex-step).
[2] Covariance matrix is singular or near-singular, with condition number 3.32e+25. Standard errors may be unstable.
                               SARIMAX Results                                
==============================================================================
Dep. Variable:             CS-Baa-3MO   No. Observations:                  127
Model:                 ARIMA(3, 1, 2)   Log Likelihood                  30.032
Date:                Thu, 17 Sep 2020   AIC                            -42.063
Time:                        14:35:55   BIC                            -16.537
Sample:                    01-31-2009   HQIC                           -31.692
                         - 07-31-2019                                         
Covariance Type:                  opg                                         
=====================================================================================
                        coef    std err          z      P>|z|      [0.025      0.975]
-------------------------------------------------------------------------------------
const              3.996e-11   6.55e-09      0.006      0.995   -1.28e-08    1.29e-08
Market-RMRF-diff      0.0052      0.004      1.446      0.148      -0.002       0.012
Market-SP500-diff    -0.0003      0.000     -0.821      0.412      -0.001       0.000
ar.L1                -0.1192      0.306     -0.389      0.697      -0.720       0.481
ar.L2                -0.0730      0.281     -0.260      0.795      -0.623       0.477
ar.L3                 0.3691      0.147      2.504      0.012       0.080       0.658
ma.L1                 0.3182      0.322      0.988      0.323      -0.313       0.949
ma.L2                 0.4855      0.277      1.752      0.080      -0.058       1.029
sigma2                0.0363      0.003     10.814      0.000       0.030       0.043
===================================================================================
Ljung-Box (L1) (Q):                   0.01   Jarque-Bera (JB):               123.51
Prob(Q):                              0.91   Prob(JB):                         0.00
Heteroskedasticity (H):               0.24   Skew:                            -1.03
Prob(H) (two-sided):                  0.00   Kurtosis:                         7.39
===================================================================================

Warnings:
[1] Covariance matrix calculated using the outer product of gradients (complex-step).
[2] Covariance matrix is singular or near-singular, with condition number 1.92e+23. Standard errors may be unstable.
                               SARIMAX Results                                
==============================================================================
Dep. Variable:             CS-Baa-3MO   No. Observations:                  127
Model:                 ARIMA(3, 1, 2)   Log Likelihood                  30.032
Date:                Thu, 17 Sep 2020   AIC                            -42.063
Time:                        14:35:55   BIC                            -16.537
Sample:                    01-31-2009   HQIC                           -31.692
                         - 07-31-2019                                         
Covariance Type:                  opg                                         
=====================================================================================
                        coef    std err          z      P>|z|      [0.025      0.975]
-------------------------------------------------------------------------------------
const              3.996e-11   6.55e-09      0.006      0.995   -1.28e-08    1.29e-08
Market-RMRF-diff      0.0052      0.004      1.446      0.148      -0.002       0.012
Market-SP500-diff    -0.0003      0.000     -0.821      0.412      -0.001       0.000
ar.L1                -0.1192      0.306     -0.389      0.697      -0.720       0.481
ar.L2                -0.0730      0.281     -0.260      0.795      -0.623       0.477
ar.L3                 0.3691      0.147      2.504      0.012       0.080       0.658
ma.L1                 0.3182      0.322      0.988      0.323      -0.313       0.949
ma.L2                 0.4855      0.277      1.752      0.080      -0.058       1.029
sigma2                0.0363      0.003     10.814      0.000       0.030       0.043
===================================================================================
Ljung-Box (L1) (Q):                   0.01   Jarque-Bera (JB):               123.51
Prob(Q):                              0.91   Prob(JB):                         0.00
Heteroskedasticity (H):               0.24   Skew:                            -1.03
Prob(H) (two-sided):                  0.00   Kurtosis:                         7.39
===================================================================================

Warnings:
[1] Covariance matrix calculated using the outer product of gradients (complex-step).
[2] Covariance matrix is singular or near-singular, with condition number 1.92e+23. Standard errors may be unstable.
                               SARIMAX Results                                
==============================================================================
Dep. Variable:             CS-Aaa-1YR   No. Observations:                  127
Model:                 ARIMA(4, 1, 2)   Log Likelihood                  24.428
Date:                Thu, 17 Sep 2020   AIC                            -28.857
Time:                        14:35:56   BIC                             -0.494
Sample:                    01-31-2009   HQIC                           -17.334
                         - 07-31-2019                                         
Covariance Type:                  opg                                         
=====================================================================================
                        coef    std err          z      P>|z|      [0.025      0.975]
-------------------------------------------------------------------------------------
const              2.892e-09   3.18e-07      0.009      0.993   -6.21e-07    6.27e-07
Market-RMRF-diff      0.0085      0.003      2.444      0.015       0.002       0.015
Market-SP500-diff    -0.0007      0.000     -1.935      0.053      -0.001    9.22e-06
ar.L1                -0.1156      2.804     -0.041      0.967      -5.611       5.380
ar.L2                 0.2071      1.420      0.146      0.884      -2.575       2.989
ar.L3                 0.1335      0.912      0.146      0.884      -1.654       1.921
ar.L4                -0.0158      0.844     -0.019      0.985      -1.670       1.639
ma.L1                -0.1136      2.773     -0.041      0.967      -5.548       5.321
ma.L2                 0.1944      0.906      0.215      0.830      -1.582       1.971
sigma2                0.0396      0.004      9.730      0.000       0.032       0.048
===================================================================================
Ljung-Box (L1) (Q):                   0.00   Jarque-Bera (JB):              1785.59
Prob(Q):                              0.98   Prob(JB):                         0.00
Heteroskedasticity (H):               0.13   Skew:                            -2.12
Prob(H) (two-sided):                  0.00   Kurtosis:                        20.95
===================================================================================

Warnings:
[1] Covariance matrix calculated using the outer product of gradients (complex-step).
[2] Covariance matrix is singular or near-singular, with condition number 4.03e+23. Standard errors may be unstable.
                               SARIMAX Results                                
==============================================================================
Dep. Variable:             CS-Aaa-1YR   No. Observations:                  127
Model:                 ARIMA(4, 1, 2)   Log Likelihood                  24.428
Date:                Thu, 17 Sep 2020   AIC                            -28.857
Time:                        14:35:56   BIC                             -0.494
Sample:                    01-31-2009   HQIC                           -17.334
                         - 07-31-2019                                         
Covariance Type:                  opg                                         
=====================================================================================
                        coef    std err          z      P>|z|      [0.025      0.975]
-------------------------------------------------------------------------------------
const              2.892e-09   3.18e-07      0.009      0.993   -6.21e-07    6.27e-07
Market-RMRF-diff      0.0085      0.003      2.444      0.015       0.002       0.015
Market-SP500-diff    -0.0007      0.000     -1.935      0.053      -0.001    9.22e-06
ar.L1                -0.1156      2.804     -0.041      0.967      -5.611       5.380
ar.L2                 0.2071      1.420      0.146      0.884      -2.575       2.989
ar.L3                 0.1335      0.912      0.146      0.884      -1.654       1.921
ar.L4                -0.0158      0.844     -0.019      0.985      -1.670       1.639
ma.L1                -0.1136      2.773     -0.041      0.967      -5.548       5.321
ma.L2                 0.1944      0.906      0.215      0.830      -1.582       1.971
sigma2                0.0396      0.004      9.730      0.000       0.032       0.048
===================================================================================
Ljung-Box (L1) (Q):                   0.00   Jarque-Bera (JB):              1785.59
Prob(Q):                              0.98   Prob(JB):                         0.00
Heteroskedasticity (H):               0.13   Skew:                            -2.12
Prob(H) (two-sided):                  0.00   Kurtosis:                        20.95
===================================================================================

Warnings:
[1] Covariance matrix calculated using the outer product of gradients (complex-step).
[2] Covariance matrix is singular or near-singular, with condition number 4.03e+23. Standard errors may be unstable.
                               SARIMAX Results                                
==============================================================================
Dep. Variable:              CS-Aa-1YR   No. Observations:                  127
Model:                 ARIMA(4, 1, 5)   Log Likelihood                  64.336
Date:                Thu, 17 Sep 2020   AIC                           -102.672
Time:                        14:35:58   BIC                            -65.800
Sample:                    01-31-2009   HQIC                           -87.692
                         - 07-31-2019                                         
Covariance Type:                  opg                                         
=====================================================================================
                        coef    std err          z      P>|z|      [0.025      0.975]
-------------------------------------------------------------------------------------
const             -1.439e-09   3.47e-06     -0.000      1.000   -6.81e-06     6.8e-06
Market-RMRF-diff      0.0033      0.002      1.526      0.127      -0.001       0.008
Market-SP500-diff    -0.0003      0.000     -1.270      0.204      -0.001       0.000
ar.L1                -0.6699      6.681     -0.100      0.920     -13.765      12.425
ar.L2                 0.2185      7.574      0.029      0.977     -14.626      15.063
ar.L3                 0.3544      2.931      0.121      0.904      -5.390       6.099
ar.L4                 0.0194      0.670      0.029      0.977      -1.294       1.333
ma.L1                 0.7494      6.681      0.112      0.911     -12.345      13.844
ma.L2                 0.0544      8.086      0.007      0.995     -15.794      15.903
ma.L3                 0.0113      4.955      0.002      0.998      -9.700       9.723
ma.L4                -0.0699      3.017     -0.023      0.982      -5.984       5.844
ma.L5                -0.1490      1.518     -0.098      0.922      -3.125       2.827
sigma2                0.0210      0.003      8.143      0.000       0.016       0.026
===================================================================================
Ljung-Box (L1) (Q):                   0.01   Jarque-Bera (JB):                 4.39
Prob(Q):                              0.91   Prob(JB):                         0.11
Heteroskedasticity (H):               0.22   Skew:                            -0.20
Prob(H) (two-sided):                  0.00   Kurtosis:                         3.82
===================================================================================

Warnings:
[1] Covariance matrix calculated using the outer product of gradients (complex-step).
[2] Covariance matrix is singular or near-singular, with condition number 3.79e+22. Standard errors may be unstable.
                               SARIMAX Results                                
==============================================================================
Dep. Variable:              CS-Aa-1YR   No. Observations:                  127
Model:                 ARIMA(4, 1, 5)   Log Likelihood                  64.336
Date:                Thu, 17 Sep 2020   AIC                           -102.672
Time:                        14:35:58   BIC                            -65.800
Sample:                    01-31-2009   HQIC                           -87.692
                         - 07-31-2019                                         
Covariance Type:                  opg                                         
=====================================================================================
                        coef    std err          z      P>|z|      [0.025      0.975]
-------------------------------------------------------------------------------------
const             -1.439e-09   3.47e-06     -0.000      1.000   -6.81e-06     6.8e-06
Market-RMRF-diff      0.0033      0.002      1.526      0.127      -0.001       0.008
Market-SP500-diff    -0.0003      0.000     -1.270      0.204      -0.001       0.000
ar.L1                -0.6699      6.681     -0.100      0.920     -13.765      12.425
ar.L2                 0.2185      7.574      0.029      0.977     -14.626      15.063
ar.L3                 0.3544      2.931      0.121      0.904      -5.390       6.099
ar.L4                 0.0194      0.670      0.029      0.977      -1.294       1.333
ma.L1                 0.7494      6.681      0.112      0.911     -12.345      13.844
ma.L2                 0.0544      8.086      0.007      0.995     -15.794      15.903
ma.L3                 0.0113      4.955      0.002      0.998      -9.700       9.723
ma.L4                -0.0699      3.017     -0.023      0.982      -5.984       5.844
ma.L5                -0.1490      1.518     -0.098      0.922      -3.125       2.827
sigma2                0.0210      0.003      8.143      0.000       0.016       0.026
===================================================================================
Ljung-Box (L1) (Q):                   0.01   Jarque-Bera (JB):                 4.39
Prob(Q):                              0.91   Prob(JB):                         0.11
Heteroskedasticity (H):               0.22   Skew:                            -0.20
Prob(H) (two-sided):                  0.00   Kurtosis:                         3.82
===================================================================================

Warnings:
[1] Covariance matrix calculated using the outer product of gradients (complex-step).
[2] Covariance matrix is singular or near-singular, with condition number 3.79e+22. Standard errors may be unstable.
                               SARIMAX Results                                
==============================================================================
Dep. Variable:               CS-A-1YR   No. Observations:                  127
Model:                 ARIMA(4, 1, 5)   Log Likelihood                  57.738
Date:                Thu, 17 Sep 2020   AIC                            -89.475
Time:                        14:36:01   BIC                            -52.604
Sample:                    01-31-2009   HQIC                           -74.495
                         - 07-31-2019                                         
Covariance Type:                  opg                                         
=====================================================================================
                        coef    std err          z      P>|z|      [0.025      0.975]
-------------------------------------------------------------------------------------
const              -1.03e-09   5.49e-06     -0.000      1.000   -1.08e-05    1.08e-05
Market-RMRF-diff      0.0048      0.002      2.027      0.043       0.000       0.009
Market-SP500-diff    -0.0003      0.000     -1.208      0.227      -0.001       0.000
ar.L1                -0.3722      7.359     -0.051      0.960     -14.796      14.052
ar.L2                -0.1614      6.644     -0.024      0.981     -13.184      12.861
ar.L3                 0.3432      5.182      0.066      0.947      -9.813      10.499
ar.L4                 0.0979      0.797      0.123      0.902      -1.464       1.660
ma.L1                 0.6362      7.350      0.087      0.931     -13.769      15.042
ma.L2                 0.4594      8.557      0.054      0.957     -16.311      17.230
ma.L3                -0.0444      8.377     -0.005      0.996     -16.464      16.375
ma.L4                -0.1818      4.518     -0.040      0.968      -9.038       8.674
ma.L5                -0.1426      1.660     -0.086      0.932      -3.397       3.111
sigma2                0.0234      0.003      8.013      0.000       0.018       0.029
===================================================================================
Ljung-Box (L1) (Q):                   0.06   Jarque-Bera (JB):                30.46
Prob(Q):                              0.81   Prob(JB):                         0.00
Heteroskedasticity (H):               0.26   Skew:                            -0.47
Prob(H) (two-sided):                  0.00   Kurtosis:                         5.22
===================================================================================

Warnings:
[1] Covariance matrix calculated using the outer product of gradients (complex-step).
[2] Covariance matrix is singular or near-singular, with condition number 1.6e+22. Standard errors may be unstable.
                               SARIMAX Results                                
==============================================================================
Dep. Variable:               CS-A-1YR   No. Observations:                  127
Model:                 ARIMA(4, 1, 5)   Log Likelihood                  57.738
Date:                Thu, 17 Sep 2020   AIC                            -89.475
Time:                        14:36:01   BIC                            -52.604
Sample:                    01-31-2009   HQIC                           -74.495
                         - 07-31-2019                                         
Covariance Type:                  opg                                         
=====================================================================================
                        coef    std err          z      P>|z|      [0.025      0.975]
-------------------------------------------------------------------------------------
const              -1.03e-09   5.49e-06     -0.000      1.000   -1.08e-05    1.08e-05
Market-RMRF-diff      0.0048      0.002      2.027      0.043       0.000       0.009
Market-SP500-diff    -0.0003      0.000     -1.208      0.227      -0.001       0.000
ar.L1                -0.3722      7.359     -0.051      0.960     -14.796      14.052
ar.L2                -0.1614      6.644     -0.024      0.981     -13.184      12.861
ar.L3                 0.3432      5.182      0.066      0.947      -9.813      10.499
ar.L4                 0.0979      0.797      0.123      0.902      -1.464       1.660
ma.L1                 0.6362      7.350      0.087      0.931     -13.769      15.042
ma.L2                 0.4594      8.557      0.054      0.957     -16.311      17.230
ma.L3                -0.0444      8.377     -0.005      0.996     -16.464      16.375
ma.L4                -0.1818      4.518     -0.040      0.968      -9.038       8.674
ma.L5                -0.1426      1.660     -0.086      0.932      -3.397       3.111
sigma2                0.0234      0.003      8.013      0.000       0.018       0.029
===================================================================================
Ljung-Box (L1) (Q):                   0.06   Jarque-Bera (JB):                30.46
Prob(Q):                              0.81   Prob(JB):                         0.00
Heteroskedasticity (H):               0.26   Skew:                            -0.47
Prob(H) (two-sided):                  0.00   Kurtosis:                         5.22
===================================================================================

Warnings:
[1] Covariance matrix calculated using the outer product of gradients (complex-step).
[2] Covariance matrix is singular or near-singular, with condition number 1.6e+22. Standard errors may be unstable.
                               SARIMAX Results                                
==============================================================================
Dep. Variable:             CS-Baa-1YR   No. Observations:                  127
Model:                 ARIMA(4, 1, 5)   Log Likelihood                  37.401
Date:                Thu, 17 Sep 2020   AIC                            -48.803
Time:                        14:36:02   BIC                            -11.931
Sample:                    01-31-2009   HQIC                           -33.823
                         - 07-31-2019                                         
Covariance Type:                  opg                                         
=====================================================================================
                        coef    std err          z      P>|z|      [0.025      0.975]
-------------------------------------------------------------------------------------
const             -8.996e-10   4.37e-05  -2.06e-05      1.000   -8.57e-05    8.57e-05
Market-RMRF-diff      0.0024      0.003      0.793      0.428      -0.004       0.008
Market-SP500-diff  1.625e-05      0.000      0.058      0.954      -0.001       0.001
ar.L1                -0.5266     17.658     -0.030      0.976     -35.136      34.083
ar.L2                -0.3057      4.650     -0.066      0.948      -9.419       8.808
ar.L3                 0.2311      3.216      0.072      0.943      -6.073       6.535
ar.L4                 0.0632      5.317      0.012      0.991     -10.357      10.484
ma.L1                 0.8113     17.669      0.046      0.963     -33.819      35.441
ma.L2                 0.7426      9.608      0.077      0.938     -18.089      19.574
ma.L3                 0.3110      9.584      0.032      0.974     -18.474      19.096
ma.L4                 0.0748      2.405      0.031      0.975      -4.639       4.788
ma.L5                 0.0235      0.477      0.049      0.961      -0.912       0.959
sigma2                0.0323      0.003     11.297      0.000       0.027       0.038
===================================================================================
Ljung-Box (L1) (Q):                   0.06   Jarque-Bera (JB):               109.90
Prob(Q):                              0.81   Prob(JB):                         0.00
Heteroskedasticity (H):               0.32   Skew:                            -0.85
Prob(H) (two-sided):                  0.00   Kurtosis:                         7.24
===================================================================================

Warnings:
[1] Covariance matrix calculated using the outer product of gradients (complex-step).
[2] Covariance matrix is singular or near-singular, with condition number 8.9e+21. Standard errors may be unstable.
                               SARIMAX Results                                
==============================================================================
Dep. Variable:             CS-Baa-1YR   No. Observations:                  127
Model:                 ARIMA(4, 1, 5)   Log Likelihood                  37.401
Date:                Thu, 17 Sep 2020   AIC                            -48.803
Time:                        14:36:02   BIC                            -11.931
Sample:                    01-31-2009   HQIC                           -33.823
                         - 07-31-2019                                         
Covariance Type:                  opg                                         
=====================================================================================
                        coef    std err          z      P>|z|      [0.025      0.975]
-------------------------------------------------------------------------------------
const             -8.996e-10   4.37e-05  -2.06e-05      1.000   -8.57e-05    8.57e-05
Market-RMRF-diff      0.0024      0.003      0.793      0.428      -0.004       0.008
Market-SP500-diff  1.625e-05      0.000      0.058      0.954      -0.001       0.001
ar.L1                -0.5266     17.658     -0.030      0.976     -35.136      34.083
ar.L2                -0.3057      4.650     -0.066      0.948      -9.419       8.808
ar.L3                 0.2311      3.216      0.072      0.943      -6.073       6.535
ar.L4                 0.0632      5.317      0.012      0.991     -10.357      10.484
ma.L1                 0.8113     17.669      0.046      0.963     -33.819      35.441
ma.L2                 0.7426      9.608      0.077      0.938     -18.089      19.574
ma.L3                 0.3110      9.584      0.032      0.974     -18.474      19.096
ma.L4                 0.0748      2.405      0.031      0.975      -4.639       4.788
ma.L5                 0.0235      0.477      0.049      0.961      -0.912       0.959
sigma2                0.0323      0.003     11.297      0.000       0.027       0.038
===================================================================================
Ljung-Box (L1) (Q):                   0.06   Jarque-Bera (JB):               109.90
Prob(Q):                              0.81   Prob(JB):                         0.00
Heteroskedasticity (H):               0.32   Skew:                            -0.85
Prob(H) (two-sided):                  0.00   Kurtosis:                         7.24
===================================================================================

Warnings:
[1] Covariance matrix calculated using the outer product of gradients (complex-step).
[2] Covariance matrix is singular or near-singular, with condition number 8.9e+21. Standard errors may be unstable.
                               SARIMAX Results                                
==============================================================================
Dep. Variable:             CS-Aaa-5YR   No. Observations:                  127
Model:                 ARIMA(3, 1, 5)   Log Likelihood                  51.123
Date:                Thu, 17 Sep 2020   AIC                            -78.246
Time:                        14:36:04   BIC                            -44.210
Sample:                    01-31-2009   HQIC                           -64.418
                         - 07-31-2019                                         
Covariance Type:                  opg                                         
=====================================================================================
                        coef    std err          z      P>|z|      [0.025      0.975]
-------------------------------------------------------------------------------------
const              6.048e-09   4.63e-07      0.013      0.990   -9.01e-07    9.13e-07
Market-RMRF-diff      0.0110      0.003      3.709      0.000       0.005       0.017
Market-SP500-diff    -0.0002      0.000     -0.680      0.496      -0.001       0.000
ar.L1                -0.5608      0.993     -0.565      0.572      -2.508       1.386
ar.L2                -0.9347      0.371     -2.518      0.012      -1.662      -0.207
ar.L3                -0.2725      0.640     -0.426      0.670      -1.527       0.982
ma.L1                 0.2436      0.999      0.244      0.807      -1.715       2.202
ma.L2                 1.2175      0.416      2.924      0.003       0.402       2.033
ma.L3                 0.5053      1.042      0.485      0.628      -1.537       2.547
ma.L4                 0.4803      0.243      1.974      0.048       0.003       0.957
ma.L5                 0.3191      0.372      0.858      0.391      -0.410       1.049
sigma2                0.0257      0.003      9.955      0.000       0.021       0.031
===================================================================================
Ljung-Box (L1) (Q):                   0.13   Jarque-Bera (JB):              2042.78
Prob(Q):                              0.72   Prob(JB):                         0.00
Heteroskedasticity (H):               0.17   Skew:                            -2.83
Prob(H) (two-sided):                  0.00   Kurtosis:                        21.90
===================================================================================

Warnings:
[1] Covariance matrix calculated using the outer product of gradients (complex-step).
[2] Covariance matrix is singular or near-singular, with condition number 9.2e+22. Standard errors may be unstable.
                               SARIMAX Results                                
==============================================================================
Dep. Variable:             CS-Aaa-5YR   No. Observations:                  127
Model:                 ARIMA(3, 1, 5)   Log Likelihood                  51.123
Date:                Thu, 17 Sep 2020   AIC                            -78.246
Time:                        14:36:04   BIC                            -44.210
Sample:                    01-31-2009   HQIC                           -64.418
                         - 07-31-2019                                         
Covariance Type:                  opg                                         
=====================================================================================
                        coef    std err          z      P>|z|      [0.025      0.975]
-------------------------------------------------------------------------------------
const              6.048e-09   4.63e-07      0.013      0.990   -9.01e-07    9.13e-07
Market-RMRF-diff      0.0110      0.003      3.709      0.000       0.005       0.017
Market-SP500-diff    -0.0002      0.000     -0.680      0.496      -0.001       0.000
ar.L1                -0.5608      0.993     -0.565      0.572      -2.508       1.386
ar.L2                -0.9347      0.371     -2.518      0.012      -1.662      -0.207
ar.L3                -0.2725      0.640     -0.426      0.670      -1.527       0.982
ma.L1                 0.2436      0.999      0.244      0.807      -1.715       2.202
ma.L2                 1.2175      0.416      2.924      0.003       0.402       2.033
ma.L3                 0.5053      1.042      0.485      0.628      -1.537       2.547
ma.L4                 0.4803      0.243      1.974      0.048       0.003       0.957
ma.L5                 0.3191      0.372      0.858      0.391      -0.410       1.049
sigma2                0.0257      0.003      9.955      0.000       0.021       0.031
===================================================================================
Ljung-Box (L1) (Q):                   0.13   Jarque-Bera (JB):              2042.78
Prob(Q):                              0.72   Prob(JB):                         0.00
Heteroskedasticity (H):               0.17   Skew:                            -2.83
Prob(H) (two-sided):                  0.00   Kurtosis:                        21.90
===================================================================================

Warnings:
[1] Covariance matrix calculated using the outer product of gradients (complex-step).
[2] Covariance matrix is singular or near-singular, with condition number 9.2e+22. Standard errors may be unstable.
                               SARIMAX Results                                
==============================================================================
Dep. Variable:              CS-Aa-5YR   No. Observations:                  127
Model:                 ARIMA(3, 1, 6)   Log Likelihood                  46.257
Date:                Thu, 17 Sep 2020   AIC                            -66.513
Time:                        14:36:06   BIC                            -29.641
Sample:                    01-31-2009   HQIC                           -51.533
                         - 07-31-2019                                         
Covariance Type:                  opg                                         
=====================================================================================
                        coef    std err          z      P>|z|      [0.025      0.975]
-------------------------------------------------------------------------------------
const              1.973e-10   1.52e-05    1.3e-05      1.000   -2.97e-05    2.97e-05
Market-RMRF-diff      0.0023      0.002      0.979      0.327      -0.002       0.007
Market-SP500-diff     0.0002      0.000      0.619      0.536      -0.000       0.001
ar.L1                 0.1171     12.791      0.009      0.993     -24.952      25.186
ar.L2                -0.0042      1.832     -0.002      0.998      -3.595       3.587
ar.L3                 0.0849      1.070      0.079      0.937      -2.011       2.181
ma.L1                 0.1242     12.783      0.010      0.992     -24.931      25.179
ma.L2                 0.0029      4.779      0.001      1.000      -9.363       9.369
ma.L3                 0.0935      1.681      0.056      0.956      -3.202       3.388
ma.L4                -0.0142      2.551     -0.006      0.996      -5.014       4.985
ma.L5                -0.1188      0.690     -0.172      0.863      -1.470       1.233
ma.L6                 0.0093      1.274      0.007      0.994      -2.488       2.507
sigma2                0.0286      0.002     13.654      0.000       0.024       0.033
===================================================================================
Ljung-Box (L1) (Q):                   0.01   Jarque-Bera (JB):               348.83
Prob(Q):                              0.91   Prob(JB):                         0.00
Heteroskedasticity (H):               0.11   Skew:                            -1.19
Prob(H) (two-sided):                  0.00   Kurtosis:                        10.80
===================================================================================

Warnings:
[1] Covariance matrix calculated using the outer product of gradients (complex-step).
[2] Covariance matrix is singular or near-singular, with condition number 1.16e+22. Standard errors may be unstable.
                               SARIMAX Results                                
==============================================================================
Dep. Variable:              CS-Aa-5YR   No. Observations:                  127
Model:                 ARIMA(3, 1, 6)   Log Likelihood                  46.257
Date:                Thu, 17 Sep 2020   AIC                            -66.513
Time:                        14:36:06   BIC                            -29.641
Sample:                    01-31-2009   HQIC                           -51.533
                         - 07-31-2019                                         
Covariance Type:                  opg                                         
=====================================================================================
                        coef    std err          z      P>|z|      [0.025      0.975]
-------------------------------------------------------------------------------------
const              1.973e-10   1.52e-05    1.3e-05      1.000   -2.97e-05    2.97e-05
Market-RMRF-diff      0.0023      0.002      0.979      0.327      -0.002       0.007
Market-SP500-diff     0.0002      0.000      0.619      0.536      -0.000       0.001
ar.L1                 0.1171     12.791      0.009      0.993     -24.952      25.186
ar.L2                -0.0042      1.832     -0.002      0.998      -3.595       3.587
ar.L3                 0.0849      1.070      0.079      0.937      -2.011       2.181
ma.L1                 0.1242     12.783      0.010      0.992     -24.931      25.179
ma.L2                 0.0029      4.779      0.001      1.000      -9.363       9.369
ma.L3                 0.0935      1.681      0.056      0.956      -3.202       3.388
ma.L4                -0.0142      2.551     -0.006      0.996      -5.014       4.985
ma.L5                -0.1188      0.690     -0.172      0.863      -1.470       1.233
ma.L6                 0.0093      1.274      0.007      0.994      -2.488       2.507
sigma2                0.0286      0.002     13.654      0.000       0.024       0.033
===================================================================================
Ljung-Box (L1) (Q):                   0.01   Jarque-Bera (JB):               348.83
Prob(Q):                              0.91   Prob(JB):                         0.00
Heteroskedasticity (H):               0.11   Skew:                            -1.19
Prob(H) (two-sided):                  0.00   Kurtosis:                        10.80
===================================================================================

Warnings:
[1] Covariance matrix calculated using the outer product of gradients (complex-step).
[2] Covariance matrix is singular or near-singular, with condition number 1.16e+22. Standard errors may be unstable.
                               SARIMAX Results                                
==============================================================================
Dep. Variable:               CS-A-5YR   No. Observations:                  127
Model:                 ARIMA(3, 1, 0)   Log Likelihood                  35.857
Date:                Thu, 17 Sep 2020   AIC                            -57.715
Time:                        14:36:08   BIC                            -37.861
Sample:                    01-31-2009   HQIC                           -49.649
                         - 07-31-2019                                         
Covariance Type:                  opg                                         
=====================================================================================
                        coef    std err          z      P>|z|      [0.025      0.975]
-------------------------------------------------------------------------------------
const                9.7e-10   4.54e-10      2.138      0.033    8.09e-11    1.86e-09
Market-RMRF-diff      0.0033      0.003      1.294      0.196      -0.002       0.008
Market-SP500-diff     0.0002      0.000      0.606      0.545      -0.000       0.001
ar.L1                 0.3654      0.045      8.077      0.000       0.277       0.454
ar.L2                -0.1456      0.058     -2.493      0.013      -0.260      -0.031
ar.L3                 0.1691      0.078      2.158      0.031       0.016       0.323
sigma2                0.0330      0.002     15.118      0.000       0.029       0.037
===================================================================================
Ljung-Box (L1) (Q):                   0.01   Jarque-Bera (JB):               672.79
Prob(Q):                              0.91   Prob(JB):                         0.00
Heteroskedasticity (H):               0.11   Skew:                            -1.86
Prob(H) (two-sided):                  0.00   Kurtosis:                        13.69
===================================================================================

Warnings:
[1] Covariance matrix calculated using the outer product of gradients (complex-step).
[2] Covariance matrix is singular or near-singular, with condition number 8.41e+23. Standard errors may be unstable.
                               SARIMAX Results                                
==============================================================================
Dep. Variable:               CS-A-5YR   No. Observations:                  127
Model:                 ARIMA(3, 1, 0)   Log Likelihood                  35.857
Date:                Thu, 17 Sep 2020   AIC                            -57.715
Time:                        14:36:08   BIC                            -37.861
Sample:                    01-31-2009   HQIC                           -49.649
                         - 07-31-2019                                         
Covariance Type:                  opg                                         
=====================================================================================
                        coef    std err          z      P>|z|      [0.025      0.975]
-------------------------------------------------------------------------------------
const                9.7e-10   4.54e-10      2.138      0.033    8.09e-11    1.86e-09
Market-RMRF-diff      0.0033      0.003      1.294      0.196      -0.002       0.008
Market-SP500-diff     0.0002      0.000      0.606      0.545      -0.000       0.001
ar.L1                 0.3654      0.045      8.077      0.000       0.277       0.454
ar.L2                -0.1456      0.058     -2.493      0.013      -0.260      -0.031
ar.L3                 0.1691      0.078      2.158      0.031       0.016       0.323
sigma2                0.0330      0.002     15.118      0.000       0.029       0.037
===================================================================================
Ljung-Box (L1) (Q):                   0.01   Jarque-Bera (JB):               672.79
Prob(Q):                              0.91   Prob(JB):                         0.00
Heteroskedasticity (H):               0.11   Skew:                            -1.86
Prob(H) (two-sided):                  0.00   Kurtosis:                        13.69
===================================================================================

Warnings:
[1] Covariance matrix calculated using the outer product of gradients (complex-step).
[2] Covariance matrix is singular or near-singular, with condition number 8.41e+23. Standard errors may be unstable.
                               SARIMAX Results                                
==============================================================================
Dep. Variable:             CS-Baa-5YR   No. Observations:                  127
Model:                 ARIMA(1, 1, 2)   Log Likelihood                  15.578
Date:                Thu, 17 Sep 2020   AIC                            -17.156
Time:                        14:36:09   BIC                              2.698
Sample:                    01-31-2009   HQIC                            -9.090
                         - 07-31-2019                                         
Covariance Type:                  opg                                         
=====================================================================================
                        coef    std err          z      P>|z|      [0.025      0.975]
-------------------------------------------------------------------------------------
const               6.47e-10   9.35e-10      0.692      0.489   -1.18e-09    2.48e-09
Market-RMRF-diff      0.0017      0.003      0.590      0.555      -0.004       0.007
Market-SP500-diff     0.0004      0.000      1.377      0.168      -0.000       0.001
ar.L1                 0.7036      0.308      2.284      0.022       0.100       1.307
ma.L1                -0.2862      0.316     -0.906      0.365      -0.905       0.333
ma.L2                -0.1329      0.159     -0.835      0.403      -0.445       0.179
sigma2                0.0456      0.002     19.181      0.000       0.041       0.050
===================================================================================
Ljung-Box (L1) (Q):                   0.09   Jarque-Bera (JB):              1421.38
Prob(Q):                              0.76   Prob(JB):                         0.00
Heteroskedasticity (H):               0.17   Skew:                            -2.28
Prob(H) (two-sided):                  0.00   Kurtosis:                        18.81
===================================================================================

Warnings:
[1] Covariance matrix calculated using the outer product of gradients (complex-step).
[2] Covariance matrix is singular or near-singular, with condition number 1.99e+25. Standard errors may be unstable.
                               SARIMAX Results                                
==============================================================================
Dep. Variable:             CS-Baa-5YR   No. Observations:                  127
Model:                 ARIMA(1, 1, 2)   Log Likelihood                  15.578
Date:                Thu, 17 Sep 2020   AIC                            -17.156
Time:                        14:36:09   BIC                              2.698
Sample:                    01-31-2009   HQIC                            -9.090
                         - 07-31-2019                                         
Covariance Type:                  opg                                         
=====================================================================================
                        coef    std err          z      P>|z|      [0.025      0.975]
-------------------------------------------------------------------------------------
const               6.47e-10   9.35e-10      0.692      0.489   -1.18e-09    2.48e-09
Market-RMRF-diff      0.0017      0.003      0.590      0.555      -0.004       0.007
Market-SP500-diff     0.0004      0.000      1.377      0.168      -0.000       0.001
ar.L1                 0.7036      0.308      2.284      0.022       0.100       1.307
ma.L1                -0.2862      0.316     -0.906      0.365      -0.905       0.333
ma.L2                -0.1329      0.159     -0.835      0.403      -0.445       0.179
sigma2                0.0456      0.002     19.181      0.000       0.041       0.050
===================================================================================
Ljung-Box (L1) (Q):                   0.09   Jarque-Bera (JB):              1421.38
Prob(Q):                              0.76   Prob(JB):                         0.00
Heteroskedasticity (H):               0.17   Skew:                            -2.28
Prob(H) (two-sided):                  0.00   Kurtosis:                        18.81
===================================================================================

Warnings:
[1] Covariance matrix calculated using the outer product of gradients (complex-step).
[2] Covariance matrix is singular or near-singular, with condition number 1.99e+25. Standard errors may be unstable.
            cs      order                  aic                  bic                 hqic            jb_pvalue               dw_res                  llf                  mse                 rmse                 mean                 mape
0   CS-Aaa-3MO  (3, 1, 0)           -11.756165             8.097808            -3.690118             0.832762             1.944704            12.878082             0.009735             0.098667            -0.022794             0.067929
1    CS-Aa-3MO  (1, 1, 1)           -73.470268           -56.452577           -66.556514             0.914653             1.600657            42.735134             0.009480             0.097364            -0.042185             0.076195
2     CS-A-3MO  (2, 1, 0)           -62.132890           -45.115199           -55.219136             0.518328             2.046648            37.066445             0.010104             0.100518            -0.027179             0.053650
3   CS-Baa-3MO  (3, 1, 2)           -42.063105           -16.536568           -31.692473             0.400001             1.997221            30.031553             0.013243             0.115079            -0.011434             0.043847
4   CS-Aaa-1YR  (4, 1, 2)           -28.856789            -0.493970           -17.333865             0.333414             1.942111            24.428395             0.006941             0.083313            -0.023201             0.068614
5    CS-Aa-1YR  (4, 1, 5)          -102.671636           -65.799971           -87.691834             0.675395             1.812944            64.335818             0.006641             0.081495            -0.019587             0.077803
6     CS-A-1YR  (4, 1, 5)           -89.475205           -52.603540           -74.495403             0.916292             2.102809            57.737602             0.007613             0.087254            -0.018690             0.057055
7   CS-Baa-1YR  (4, 1, 5)           -48.802540           -11.930876           -33.822739             0.595335             2.022076            37.401270             0.009610             0.098031            -0.013152             0.042425
8   CS-Aaa-5YR  (3, 1, 5)           -78.245608           -44.210225           -64.418098             0.398441             1.822406            51.122804             0.006912             0.083141            -0.007953             0.072609
9    CS-Aa-5YR  (3, 1, 6)           -66.513042           -29.641377           -51.533240             0.518098             2.115013            46.256521             0.007309             0.085494            -0.002873             0.103805
10    CS-A-5YR  (3, 1, 0)           -57.714559           -37.860586           -49.648512             0.449374             2.363786            35.857280             0.008631             0.092901            -0.002687             0.073188
11  CS-Baa-5YR  (1, 1, 2)           -17.155672             2.698302            -9.089625             0.020731             2.395681            15.577836             0.016534             0.128586            -0.001575             0.059883
            cs      order                  aic                  bic                 hqic            jb_pvalue               dw_res                  llf                  mse                 rmse                 mean                 mape
0   CS-Aaa-3MO  (3, 1, 0)           -11.756165             8.097808            -3.690118             0.832762             1.944704            12.878082             0.009735             0.098667            -0.022794             0.067929
1    CS-Aa-3MO  (1, 1, 1)           -73.470268           -56.452577           -66.556514             0.914653             1.600657            42.735134             0.009480             0.097364            -0.042185             0.076195
2     CS-A-3MO  (2, 1, 0)           -62.132890           -45.115199           -55.219136             0.518328             2.046648            37.066445             0.010104             0.100518            -0.027179             0.053650
3   CS-Baa-3MO  (3, 1, 2)           -42.063105           -16.536568           -31.692473             0.400001             1.997221            30.031553             0.013243             0.115079            -0.011434             0.043847
4   CS-Aaa-1YR  (4, 1, 2)           -28.856789            -0.493970           -17.333865             0.333414             1.942111            24.428395             0.006941             0.083313            -0.023201             0.068614
5    CS-Aa-1YR  (4, 1, 5)          -102.671636           -65.799971           -87.691834             0.675395             1.812944            64.335818             0.006641             0.081495            -0.019587             0.077803
6     CS-A-1YR  (4, 1, 5)           -89.475205           -52.603540           -74.495403             0.916292             2.102809            57.737602             0.007613             0.087254            -0.018690             0.057055
7   CS-Baa-1YR  (4, 1, 5)           -48.802540           -11.930876           -33.822739             0.595335             2.022076            37.401270             0.009610             0.098031            -0.013152             0.042425
8   CS-Aaa-5YR  (3, 1, 5)           -78.245608           -44.210225           -64.418098             0.398441             1.822406            51.122804             0.006912             0.083141            -0.007953             0.072609
9    CS-Aa-5YR  (3, 1, 6)           -66.513042           -29.641377           -51.533240             0.518098             2.115013            46.256521             0.007309             0.085494            -0.002873             0.103805
10    CS-A-5YR  (3, 1, 0)           -57.714559           -37.860586           -49.648512             0.449374             2.363786            35.857280             0.008631             0.092901            -0.002687             0.073188
11  CS-Baa-5YR  (1, 1, 2)           -17.155672             2.698302            -9.089625             0.020731             2.395681            15.577836             0.016534             0.128586            -0.001575             0.059883
