********** ARIMA-CS-V2-CS-DCF-c **********
                               SARIMAX Results                                
==============================================================================
Dep. Variable:         CS-DCF-Aaa-3MO   No. Observations:                  127
Model:                 ARIMA(3, 1, 0)   Log Likelihood                -126.807
Date:                Thu, 17 Sep 2020   AIC                            263.613
Time:                        15:39:36   BIC                            277.795
Sample:                    01-31-2009   HQIC                           269.375
                         - 07-31-2019                                         
Covariance Type:                  opg                                         
==============================================================================
                 coef    std err          z      P>|z|      [0.025      0.975]
------------------------------------------------------------------------------
const      -2.718e-07    9.7e-10   -280.233      0.000   -2.74e-07    -2.7e-07
ar.L1         -0.2781      0.073     -3.811      0.000      -0.421      -0.135
ar.L2          0.3417      0.091      3.740      0.000       0.163       0.521
ar.L3          0.2383      0.147      1.622      0.105      -0.050       0.526
sigma2         0.4367      0.043     10.051      0.000       0.352       0.522
===================================================================================
Ljung-Box (L1) (Q):                   0.07   Jarque-Bera (JB):              1194.35
Prob(Q):                              0.79   Prob(JB):                         0.00
Heteroskedasticity (H):               0.19   Skew:                             1.75
Prob(H) (two-sided):                  0.00   Kurtosis:                        17.67
===================================================================================

Warnings:
[1] Covariance matrix calculated using the outer product of gradients (complex-step).
[2] Covariance matrix is singular or near-singular, with condition number 1.75e+24. Standard errors may be unstable.
                               SARIMAX Results                                
==============================================================================
Dep. Variable:          CS-DCF-Aa-3MO   No. Observations:                  127
Model:                 ARIMA(1, 1, 1)   Log Likelihood                 -93.868
Date:                Thu, 17 Sep 2020   AIC                            195.737
Time:                        15:39:36   BIC                            207.082
Sample:                    01-31-2009   HQIC                           200.346
                         - 07-31-2019                                         
Covariance Type:                  opg                                         
==============================================================================
                 coef    std err          z      P>|z|      [0.025      0.975]
------------------------------------------------------------------------------
const       1.198e-07   1.76e-09     68.252      0.000    1.16e-07    1.23e-07
ar.L1          0.7263      0.306      2.377      0.017       0.127       1.325
ma.L1         -0.6229      0.341     -1.829      0.067      -1.291       0.045
sigma2         0.2597      0.034      7.621      0.000       0.193       0.326
===================================================================================
Ljung-Box (L1) (Q):                   1.00   Jarque-Bera (JB):                 0.90
Prob(Q):                              0.32   Prob(JB):                         0.64
Heteroskedasticity (H):               0.23   Skew:                             0.17
Prob(H) (two-sided):                  0.00   Kurtosis:                         2.78
===================================================================================

Warnings:
[1] Covariance matrix calculated using the outer product of gradients (complex-step).
[2] Covariance matrix is singular or near-singular, with condition number 1.92e+24. Standard errors may be unstable.
                               SARIMAX Results                                
==============================================================================
Dep. Variable:           CS-DCF-A-3MO   No. Observations:                  127
Model:                 ARIMA(2, 1, 0)   Log Likelihood                -101.546
Date:                Thu, 17 Sep 2020   AIC                            211.092
Time:                        15:39:38   BIC                            222.438
Sample:                    01-31-2009   HQIC                           215.702
                         - 07-31-2019                                         
Covariance Type:                  opg                                         
==============================================================================
                 coef    std err          z      P>|z|      [0.025      0.975]
------------------------------------------------------------------------------
const       7.805e-09   2.75e-10     28.412      0.000    7.27e-09    8.34e-09
ar.L1          0.1586      0.074      2.157      0.031       0.014       0.303
ar.L2          0.1238      0.070      1.765      0.078      -0.014       0.261
sigma2         0.2933      0.034      8.741      0.000       0.228       0.359
===================================================================================
Ljung-Box (L1) (Q):                   0.47   Jarque-Bera (JB):                 5.15
Prob(Q):                              0.49   Prob(JB):                         0.08
Heteroskedasticity (H):               0.22   Skew:                             0.25
Prob(H) (two-sided):                  0.00   Kurtosis:                         3.85
===================================================================================

Warnings:
[1] Covariance matrix calculated using the outer product of gradients (complex-step).
[2] Covariance matrix is singular or near-singular, with condition number 9.56e+23. Standard errors may be unstable.
                               SARIMAX Results                                
==============================================================================
Dep. Variable:             CS-Baa-3MO   No. Observations:                  127
Model:                 ARIMA(3, 1, 2)   Log Likelihood                  32.241
Date:                Thu, 17 Sep 2020   AIC                            -50.481
Time:                        15:39:39   BIC                            -30.627
Sample:                    01-31-2009   HQIC                           -42.415
                         - 07-31-2019                                         
Covariance Type:                  opg                                         
==============================================================================
                 coef    std err          z      P>|z|      [0.025      0.975]
------------------------------------------------------------------------------
const      -3.518e-08   5.78e-09     -6.091      0.000   -4.65e-08   -2.39e-08
ar.L1         -0.4312      0.070     -6.135      0.000      -0.569      -0.293
ar.L2         -0.4398      0.090     -4.873      0.000      -0.617      -0.263
ar.L3          0.4773      0.073      6.554      0.000       0.335       0.620
ma.L1          0.7502      0.057     13.214      0.000       0.639       0.861
ma.L2          0.9012      0.078     11.547      0.000       0.748       1.054
sigma2         0.0345      0.003     10.244      0.000       0.028       0.041
===================================================================================
Ljung-Box (L1) (Q):                   0.79   Jarque-Bera (JB):                46.77
Prob(Q):                              0.38   Prob(JB):                         0.00
Heteroskedasticity (H):               0.27   Skew:                            -0.72
Prob(H) (two-sided):                  0.00   Kurtosis:                         5.62
===================================================================================

Warnings:
[1] Covariance matrix calculated using the outer product of gradients (complex-step).
[2] Covariance matrix is singular or near-singular, with condition number 5.88e+22. Standard errors may be unstable.
                               SARIMAX Results                                
==============================================================================
Dep. Variable:         CS-DCF-Aaa-1YR   No. Observations:                  127
Model:                 ARIMA(4, 1, 2)   Log Likelihood                -282.273
Date:                Thu, 17 Sep 2020   AIC                            580.547
Time:                        15:39:40   BIC                            603.237
Sample:                    01-31-2009   HQIC                           589.765
                         - 07-31-2019                                         
Covariance Type:                  opg                                         
==============================================================================
                 coef    std err          z      P>|z|      [0.025      0.975]
------------------------------------------------------------------------------
const         -0.0002   1.22e+05  -1.96e-09      1.000   -2.38e+05    2.38e+05
ar.L1         -1.7539      0.118    -14.854      0.000      -1.985      -1.522
ar.L2         -0.7527      0.213     -3.539      0.000      -1.170      -0.336
ar.L3          0.5785      0.203      2.843      0.004       0.180       0.977
ar.L4          0.4596      0.101      4.538      0.000       0.261       0.658
ma.L1          1.5747      0.110     14.271      0.000       1.358       1.791
ma.L2          0.8612      0.120      7.153      0.000       0.625       1.097
sigma2         5.1094      0.866      5.898      0.000       3.411       6.807
===================================================================================
Ljung-Box (L1) (Q):                   0.05   Jarque-Bera (JB):              1417.95
Prob(Q):                              0.83   Prob(JB):                         0.00
Heteroskedasticity (H):               0.17   Skew:                             1.98
Prob(H) (two-sided):                  0.00   Kurtosis:                        18.95
===================================================================================

Warnings:
[1] Covariance matrix calculated using the outer product of gradients (complex-step).
[2] Covariance matrix is singular or near-singular, with condition number 6.88e+14. Standard errors may be unstable.
                               SARIMAX Results                                
==============================================================================
Dep. Variable:          CS-DCF-Aa-1YR   No. Observations:                  127
Model:                 ARIMA(4, 1, 5)   Log Likelihood                -240.015
Date:                Thu, 17 Sep 2020   AIC                            502.031
Time:                        15:39:42   BIC                            533.230
Sample:                    01-31-2009   HQIC                           514.706
                         - 07-31-2019                                         
Covariance Type:                  opg                                         
==============================================================================
                 coef    std err          z      P>|z|      [0.025      0.975]
------------------------------------------------------------------------------
const      -1.742e-05   3.93e-06     -4.436      0.000   -2.51e-05   -9.73e-06
ar.L1         -0.8603      0.581     -1.481      0.139      -1.999       0.278
ar.L2         -0.6739      0.795     -0.848      0.397      -2.232       0.884
ar.L3         -0.3078      0.689     -0.447      0.655      -1.658       1.043
ar.L4          0.3764      0.491      0.767      0.443      -0.585       1.338
ma.L1          1.0093      1.594      0.633      0.527      -2.114       4.133
ma.L2          0.9738      0.888      1.096      0.273      -0.768       2.715
ma.L3          0.7874      1.593      0.494      0.621      -2.335       3.910
ma.L4         -0.0951      0.898     -0.106      0.916      -1.854       1.664
ma.L5          0.0806      0.208      0.387      0.699      -0.327       0.488
sigma2         2.5979      4.097      0.634      0.526      -5.433      10.628
===================================================================================
Ljung-Box (L1) (Q):                   0.19   Jarque-Bera (JB):                 0.96
Prob(Q):                              0.67   Prob(JB):                         0.62
Heteroskedasticity (H):               0.27   Skew:                             0.20
Prob(H) (two-sided):                  0.00   Kurtosis:                         3.15
===================================================================================

Warnings:
[1] Covariance matrix calculated using the outer product of gradients (complex-step).
[2] Covariance matrix is singular or near-singular, with condition number 3.19e+21. Standard errors may be unstable.
                               SARIMAX Results                                
==============================================================================
Dep. Variable:           CS-DCF-A-1YR   No. Observations:                  127
Model:                 ARIMA(4, 1, 5)   Log Likelihood                -245.758
Date:                Thu, 17 Sep 2020   AIC                            513.516
Time:                        15:39:43   BIC                            544.715
Sample:                    01-31-2009   HQIC                           526.191
                         - 07-31-2019                                         
Covariance Type:                  opg                                         
==============================================================================
                 coef    std err          z      P>|z|      [0.025      0.975]
------------------------------------------------------------------------------
const       1.344e-06   5.05e+05   2.66e-12      1.000    -9.9e+05     9.9e+05
ar.L1         -0.2671      0.474     -0.563      0.573      -1.197       0.663
ar.L2          0.0694      0.549      0.126      0.899      -1.007       1.146
ar.L3          0.2254      0.415      0.543      0.587      -0.588       1.039
ar.L4          0.5992      0.288      2.084      0.037       0.036       1.163
ma.L1          0.5490      0.509      1.078      0.281      -0.449       1.547
ma.L2          0.1457      0.689      0.211      0.833      -1.205       1.496
ma.L3          0.0231      0.663      0.035      0.972      -1.275       1.322
ma.L4         -0.7989      0.606     -1.318      0.188      -1.987       0.389
ma.L5         -0.2732      0.248     -1.102      0.270      -0.759       0.213
sigma2         2.8485      0.406      7.024      0.000       2.054       3.643
===================================================================================
Ljung-Box (L1) (Q):                   0.06   Jarque-Bera (JB):                 6.86
Prob(Q):                              0.81   Prob(JB):                         0.03
Heteroskedasticity (H):               0.34   Skew:                             0.31
Prob(H) (two-sided):                  0.00   Kurtosis:                         3.96
===================================================================================

Warnings:
[1] Covariance matrix calculated using the outer product of gradients (complex-step).
                               SARIMAX Results                                
==============================================================================
Dep. Variable:         CS-DCF-Baa-1YR   No. Observations:                  127
Model:                 ARIMA(4, 1, 5)   Log Likelihood                -257.930
Date:                Thu, 17 Sep 2020   AIC                            537.861
Time:                        15:39:45   BIC                            569.060
Sample:                    01-31-2009   HQIC                           550.536
                         - 07-31-2019                                         
Covariance Type:                  opg                                         
==============================================================================
                 coef    std err          z      P>|z|      [0.025      0.975]
------------------------------------------------------------------------------
const      -1.548e-06   3.08e+04  -5.03e-11      1.000   -6.03e+04    6.03e+04
ar.L1         -1.1371      0.374     -3.042      0.002      -1.870      -0.404
ar.L2         -0.8338      0.612     -1.363      0.173      -2.033       0.365
ar.L3          0.0160      0.594      0.027      0.978      -1.148       1.180
ar.L4          0.3375      0.294      1.147      0.251      -0.239       0.914
ma.L1          1.5367      1.275      1.206      0.228      -0.962       4.035
ma.L2          1.5229      0.971      1.569      0.117      -0.380       3.426
ma.L3          0.8913      1.395      0.639      0.523      -1.843       3.626
ma.L4          0.0835      0.623      0.134      0.893      -1.137       1.304
ma.L5          0.1770      0.266      0.666      0.505      -0.344       0.698
sigma2         3.3651      4.136      0.814      0.416      -4.742      11.472
===================================================================================
Ljung-Box (L1) (Q):                   0.09   Jarque-Bera (JB):                62.82
Prob(Q):                              0.77   Prob(JB):                         0.00
Heteroskedasticity (H):               0.38   Skew:                             0.69
Prob(H) (two-sided):                  0.00   Kurtosis:                         6.17
===================================================================================

Warnings:
[1] Covariance matrix calculated using the outer product of gradients (complex-step).
                               SARIMAX Results                                
==============================================================================
Dep. Variable:         CS-DCF-Aaa-5YR   No. Observations:                  127
Model:                 ARIMA(3, 1, 5)   Log Likelihood                -451.739
Date:                Thu, 17 Sep 2020   AIC                            923.478
Time:                        15:39:46   BIC                            951.841
Sample:                    01-31-2009   HQIC                           935.001
                         - 07-31-2019                                         
Covariance Type:                  opg                                         
==============================================================================
                 coef    std err          z      P>|z|      [0.025      0.975]
------------------------------------------------------------------------------
const      -7.834e-05    1.3e+05  -6.04e-10      1.000   -2.54e+05    2.54e+05
ar.L1         -0.0333      0.178     -0.187      0.852      -0.383       0.316
ar.L2          0.2073      0.119      1.746      0.081      -0.025       0.440
ar.L3          0.6309      0.130      4.857      0.000       0.376       0.885
ma.L1         -0.1696      1.036     -0.164      0.870      -2.200       1.861
ma.L2          0.1985      0.132      1.502      0.133      -0.060       0.458
ma.L3         -0.5045      1.151     -0.438      0.661      -2.760       1.751
ma.L4          0.4903      1.227      0.400      0.689      -1.914       2.895
ma.L5         -0.4695      0.726     -0.647      0.518      -1.893       0.954
sigma2        72.7107    108.135      0.672      0.501    -139.230     284.652
===================================================================================
Ljung-Box (L1) (Q):                   0.33   Jarque-Bera (JB):              1153.04
Prob(Q):                              0.57   Prob(JB):                         0.00
Heteroskedasticity (H):               0.19   Skew:                             2.14
Prob(H) (two-sided):                  0.00   Kurtosis:                        17.19
===================================================================================

Warnings:
[1] Covariance matrix calculated using the outer product of gradients (complex-step).
                               SARIMAX Results                                
==============================================================================
Dep. Variable:          CS-DCF-Aa-5YR   No. Observations:                  127
Model:                 ARIMA(3, 1, 6)   Log Likelihood                -446.682
Date:                Thu, 17 Sep 2020   AIC                            915.365
Time:                        15:39:48   BIC                            946.564
Sample:                    01-31-2009   HQIC                           928.040
                         - 07-31-2019                                         
Covariance Type:                  opg                                         
==============================================================================
                 coef    std err          z      P>|z|      [0.025      0.975]
------------------------------------------------------------------------------
const       6.085e-05   1045.857   5.82e-08      1.000   -2049.842    2049.843
ar.L1          0.9108      0.070     13.103      0.000       0.775       1.047
ar.L2          0.9589      0.020     47.273      0.000       0.919       0.999
ar.L3         -0.9088      0.069    -13.091      0.000      -1.045      -0.773
ma.L1         -0.5530      0.539     -1.026      0.305      -1.609       0.503
ma.L2         -1.4844      0.492     -3.015      0.003      -2.449      -0.519
ma.L3          1.0210      0.481      2.121      0.034       0.078       1.965
ma.L4          0.1605      0.352      0.456      0.648      -0.529       0.850
ma.L5         -0.5418      0.316     -1.713      0.087      -1.162       0.078
ma.L6          0.4271      0.268      1.596      0.111      -0.097       0.952
sigma2        65.9236     33.937      1.943      0.052      -0.592     132.439
===================================================================================
Ljung-Box (L1) (Q):                   0.31   Jarque-Bera (JB):                76.47
Prob(Q):                              0.58   Prob(JB):                         0.00
Heteroskedasticity (H):               0.24   Skew:                             0.57
Prob(H) (two-sided):                  0.00   Kurtosis:                         6.64
===================================================================================

Warnings:
[1] Covariance matrix calculated using the outer product of gradients (complex-step).
                               SARIMAX Results                                
==============================================================================
Dep. Variable:           CS-DCF-A-5YR   No. Observations:                  127
Model:                 ARIMA(3, 1, 0)   Log Likelihood                -462.293
Date:                Thu, 17 Sep 2020   AIC                            934.586
Time:                        15:39:49   BIC                            948.767
Sample:                    01-31-2009   HQIC                           940.347
                         - 07-31-2019                                         
Covariance Type:                  opg                                         
==============================================================================
                 coef    std err          z      P>|z|      [0.025      0.975]
------------------------------------------------------------------------------
const      -1.741e-06   1.67e+05  -1.04e-11      1.000   -3.27e+05    3.27e+05
ar.L1          0.2920      0.058      5.050      0.000       0.179       0.405
ar.L2         -0.1292      0.070     -1.858      0.063      -0.266       0.007
ar.L3          0.1664      0.080      2.083      0.037       0.010       0.323
sigma2        89.9135      9.423      9.542      0.000      71.444     108.383
===================================================================================
Ljung-Box (L1) (Q):                   0.00   Jarque-Bera (JB):               102.56
Prob(Q):                              0.94   Prob(JB):                         0.00
Heteroskedasticity (H):               0.17   Skew:                             0.88
Prob(H) (two-sided):                  0.00   Kurtosis:                         7.05
===================================================================================

Warnings:
[1] Covariance matrix calculated using the outer product of gradients (complex-step).
                               SARIMAX Results                                
==============================================================================
Dep. Variable:         CS-DCF-Baa-5YR   No. Observations:                  127
Model:                 ARIMA(1, 1, 2)   Log Likelihood                -473.205
Date:                Thu, 17 Sep 2020   AIC                            956.410
Time:                        15:39:50   BIC                            970.591
Sample:                    01-31-2009   HQIC                           962.172
                         - 07-31-2019                                         
Covariance Type:                  opg                                         
==============================================================================
                 coef    std err          z      P>|z|      [0.025      0.975]
------------------------------------------------------------------------------
const      -2.242e-05   4.31e+05  -5.21e-11      1.000   -8.44e+05    8.44e+05
ar.L1          0.8418      0.185      4.547      0.000       0.479       1.205
ma.L1         -0.4788      0.202     -2.374      0.018      -0.874      -0.084
ma.L2         -0.2044      0.119     -1.715      0.086      -0.438       0.029
sigma2       106.9047     13.082      8.172      0.000      81.264     132.546
===================================================================================
Ljung-Box (L1) (Q):                   0.08   Jarque-Bera (JB):               175.87
Prob(Q):                              0.78   Prob(JB):                         0.00
Heteroskedasticity (H):               0.29   Skew:                             0.94
Prob(H) (two-sided):                  0.00   Kurtosis:                         8.47
===================================================================================

Warnings:
[1] Covariance matrix calculated using the outer product of gradients (complex-step).
                cs      order                  aic                  bic                 hqic            jb_pvalue               dw_res                  llf                  mse                 rmse                 mean                 mape
0   CS-DCF-Aaa-3MO  (3, 1, 0)           263.613360           277.794769           269.374822             0.118695             1.636855          -126.806680             0.125580             0.354373             0.080108             0.000272
1    CS-DCF-Aa-3MO  (1, 1, 1)           195.736832           207.081959           200.346001             0.565463             2.036061           -93.868416             0.110047             0.331734             0.080242             0.000262
2     CS-DCF-A-3MO  (2, 1, 0)           211.092401           222.437529           215.701571             0.642820             2.052526          -101.546201             0.114572             0.338484             0.081131             0.000269
3       CS-Baa-3MO  (3, 1, 2)           -50.481463           -30.627489           -42.415415             0.716205             2.255613            32.240731             0.014110             0.118787            -0.015800             0.044406
4   CS-DCF-Aaa-1YR  (4, 1, 2)           580.546648           603.236903           589.764988             0.756375             1.809891          -282.273324             1.233504             1.110632             0.264574             0.000814
5    CS-DCF-Aa-1YR  (4, 1, 5)           502.030873           533.229974           514.706090             0.837724             1.916935          -240.015437             1.114747             1.055816             0.221882             0.000888
6     CS-DCF-A-1YR  (4, 1, 5)           513.515927           544.715028           526.191144             0.626940             2.096752          -245.757964             1.370975             1.170886             0.210779             0.000990
7   CS-DCF-Baa-1YR  (4, 1, 5)           537.860668           569.059769           550.535884             0.707817             2.068673          -257.930334             1.278185             1.130568             0.162506             0.000975
8   CS-DCF-Aaa-5YR  (3, 1, 5)           923.478039           951.840858           935.000963             0.232091             1.562646          -451.739019            29.141979             5.398331             0.105016             0.004990
9    CS-DCF-Aa-5YR  (3, 1, 6)           915.364934           946.564035           928.040151             0.644568             2.361409          -446.682467            26.010512             5.100050             0.782196             0.004233
10    CS-DCF-A-5YR  (3, 1, 0)           934.585853           948.767263           940.347315             0.791488             2.481543          -462.292927            37.167403             6.096507             0.150482             0.005345
11  CS-DCF-Baa-5YR  (1, 1, 2)           956.410047           970.591457           962.171509             0.687593             2.521190          -473.205024            63.930334             7.995645             0.081987             0.007443
                               SARIMAX Results                                
==============================================================================
Dep. Variable:             CS-Aaa-3MO   No. Observations:                  127
Model:                 ARIMA(3, 1, 4)   Log Likelihood                   8.127
Date:                Thu, 17 Sep 2020   AIC                             -0.254
Time:                        16:05:26   BIC                             22.436
Sample:                    01-31-2009   HQIC                             8.964
                         - 07-31-2019                                         
Covariance Type:                  opg                                         
==============================================================================
                 coef    std err          z      P>|z|      [0.025      0.975]
------------------------------------------------------------------------------
ar.L1          0.5777      0.380      1.520      0.129      -0.167       1.323
ar.L2         -0.7525      0.350     -2.152      0.031      -1.438      -0.067
ar.L3          0.2287      0.226      1.013      0.311      -0.214       0.671
ma.L1         -0.8627      0.389     -2.218      0.027      -1.625      -0.100
ma.L2          1.3958      0.391      3.572      0.000       0.630       2.162
ma.L3         -0.6874      0.306     -2.243      0.025      -1.288      -0.087
ma.L4          0.4056      0.206      1.965      0.049       0.001       0.810
sigma2         0.0511      0.005      9.984      0.000       0.041       0.061
===================================================================================
Ljung-Box (L1) (Q):                   0.03   Jarque-Bera (JB):              1240.23
Prob(Q):                              0.85   Prob(JB):                         0.00
Heteroskedasticity (H):               0.19   Skew:                            -1.82
Prob(H) (two-sided):                  0.00   Kurtosis:                        17.93
===================================================================================

Warnings:
[1] Covariance matrix calculated using the outer product of gradients (complex-step).
                               SARIMAX Results                                
==============================================================================
Dep. Variable:             CS-Aaa-3MO   No. Observations:                  127
Model:                 ARIMA(3, 1, 4)   Log Likelihood                   8.127
Date:                Thu, 17 Sep 2020   AIC                             -0.254
Time:                        16:06:39   BIC                             22.436
Sample:                    01-31-2009   HQIC                             8.964
                         - 07-31-2019                                         
Covariance Type:                  opg                                         
==============================================================================
                 coef    std err          z      P>|z|      [0.025      0.975]
------------------------------------------------------------------------------
ar.L1          0.5777      0.380      1.520      0.129      -0.167       1.323
ar.L2         -0.7525      0.350     -2.152      0.031      -1.438      -0.067
ar.L3          0.2287      0.226      1.013      0.311      -0.214       0.671
ma.L1         -0.8627      0.389     -2.218      0.027      -1.625      -0.100
ma.L2          1.3958      0.391      3.572      0.000       0.630       2.162
ma.L3         -0.6874      0.306     -2.243      0.025      -1.288      -0.087
ma.L4          0.4056      0.206      1.965      0.049       0.001       0.810
sigma2         0.0511      0.005      9.984      0.000       0.041       0.061
===================================================================================
Ljung-Box (L1) (Q):                   0.03   Jarque-Bera (JB):              1240.23
Prob(Q):                              0.85   Prob(JB):                         0.00
Heteroskedasticity (H):               0.19   Skew:                            -1.82
Prob(H) (two-sided):                  0.00   Kurtosis:                        17.93
===================================================================================

Warnings:
[1] Covariance matrix calculated using the outer product of gradients (complex-step).
                               SARIMAX Results                                
==============================================================================
Dep. Variable:             CS-Aaa-3MO   No. Observations:                  127
Model:                 ARIMA(3, 1, 4)   Log Likelihood                   8.127
Date:                Thu, 17 Sep 2020   AIC                             -0.254
Time:                        16:07:27   BIC                             22.436
Sample:                    01-31-2009   HQIC                             8.964
                         - 07-31-2019                                         
Covariance Type:                  opg                                         
==============================================================================
                 coef    std err          z      P>|z|      [0.025      0.975]
------------------------------------------------------------------------------
ar.L1          0.5777      0.380      1.520      0.129      -0.167       1.323
ar.L2         -0.7525      0.350     -2.152      0.031      -1.438      -0.067
ar.L3          0.2287      0.226      1.013      0.311      -0.214       0.671
ma.L1         -0.8627      0.389     -2.218      0.027      -1.625      -0.100
ma.L2          1.3958      0.391      3.572      0.000       0.630       2.162
ma.L3         -0.6874      0.306     -2.243      0.025      -1.288      -0.087
ma.L4          0.4056      0.206      1.965      0.049       0.001       0.810
sigma2         0.0511      0.005      9.984      0.000       0.041       0.061
===================================================================================
Ljung-Box (L1) (Q):                   0.03   Jarque-Bera (JB):              1240.23
Prob(Q):                              0.85   Prob(JB):                         0.00
Heteroskedasticity (H):               0.19   Skew:                            -1.82
Prob(H) (two-sided):                  0.00   Kurtosis:                        17.93
===================================================================================

Warnings:
[1] Covariance matrix calculated using the outer product of gradients (complex-step).
                               SARIMAX Results                                
==============================================================================
Dep. Variable:             CS-Aaa-3MO   No. Observations:                  127
Model:                 ARIMA(3, 1, 4)   Log Likelihood                   8.127
Date:                Thu, 17 Sep 2020   AIC                             -0.254
Time:                        16:08:28   BIC                             22.436
Sample:                    01-31-2009   HQIC                             8.964
                         - 07-31-2019                                         
Covariance Type:                  opg                                         
==============================================================================
                 coef    std err          z      P>|z|      [0.025      0.975]
------------------------------------------------------------------------------
ar.L1          0.5777      0.380      1.520      0.129      -0.167       1.323
ar.L2         -0.7525      0.350     -2.152      0.031      -1.438      -0.067
ar.L3          0.2287      0.226      1.013      0.311      -0.214       0.671
ma.L1         -0.8627      0.389     -2.218      0.027      -1.625      -0.100
ma.L2          1.3958      0.391      3.572      0.000       0.630       2.162
ma.L3         -0.6874      0.306     -2.243      0.025      -1.288      -0.087
ma.L4          0.4056      0.206      1.965      0.049       0.001       0.810
sigma2         0.0511      0.005      9.984      0.000       0.041       0.061
===================================================================================
Ljung-Box (L1) (Q):                   0.03   Jarque-Bera (JB):              1240.23
Prob(Q):                              0.85   Prob(JB):                         0.00
Heteroskedasticity (H):               0.19   Skew:                            -1.82
Prob(H) (two-sided):                  0.00   Kurtosis:                        17.93
===================================================================================

Warnings:
[1] Covariance matrix calculated using the outer product of gradients (complex-step).
                               SARIMAX Results                                
==============================================================================
Dep. Variable:             CS-Aaa-3MO   No. Observations:                  127
Model:                 ARIMA(3, 1, 4)   Log Likelihood                   8.127
Date:                Thu, 17 Sep 2020   AIC                             -0.254
Time:                        16:09:10   BIC                             22.436
Sample:                    01-31-2009   HQIC                             8.964
                         - 07-31-2019                                         
Covariance Type:                  opg                                         
==============================================================================
                 coef    std err          z      P>|z|      [0.025      0.975]
------------------------------------------------------------------------------
ar.L1          0.5777      0.380      1.520      0.129      -0.167       1.323
ar.L2         -0.7525      0.350     -2.152      0.031      -1.438      -0.067
ar.L3          0.2287      0.226      1.013      0.311      -0.214       0.671
ma.L1         -0.8627      0.389     -2.218      0.027      -1.625      -0.100
ma.L2          1.3958      0.391      3.572      0.000       0.630       2.162
ma.L3         -0.6874      0.306     -2.243      0.025      -1.288      -0.087
ma.L4          0.4056      0.206      1.965      0.049       0.001       0.810
sigma2         0.0511      0.005      9.984      0.000       0.041       0.061
===================================================================================
Ljung-Box (L1) (Q):                   0.03   Jarque-Bera (JB):              1240.23
Prob(Q):                              0.85   Prob(JB):                         0.00
Heteroskedasticity (H):               0.19   Skew:                            -1.82
Prob(H) (two-sided):                  0.00   Kurtosis:                        17.93
===================================================================================

Warnings:
[1] Covariance matrix calculated using the outer product of gradients (complex-step).
                               SARIMAX Results                                
==============================================================================
Dep. Variable:             CS-Aaa-3MO   No. Observations:                  127
Model:                 ARIMA(3, 1, 4)   Log Likelihood                   8.127
Date:                Thu, 17 Sep 2020   AIC                             -0.254
Time:                        16:13:28   BIC                             22.436
Sample:                    01-31-2009   HQIC                             8.964
                         - 07-31-2019                                         
Covariance Type:                  opg                                         
==============================================================================
                 coef    std err          z      P>|z|      [0.025      0.975]
------------------------------------------------------------------------------
ar.L1          0.5777      0.380      1.520      0.129      -0.167       1.323
ar.L2         -0.7525      0.350     -2.152      0.031      -1.438      -0.067
ar.L3          0.2287      0.226      1.013      0.311      -0.214       0.671
ma.L1         -0.8627      0.389     -2.218      0.027      -1.625      -0.100
ma.L2          1.3958      0.391      3.572      0.000       0.630       2.162
ma.L3         -0.6874      0.306     -2.243      0.025      -1.288      -0.087
ma.L4          0.4056      0.206      1.965      0.049       0.001       0.810
sigma2         0.0511      0.005      9.984      0.000       0.041       0.061
===================================================================================
Ljung-Box (L1) (Q):                   0.03   Jarque-Bera (JB):              1240.23
Prob(Q):                              0.85   Prob(JB):                         0.00
Heteroskedasticity (H):               0.19   Skew:                            -1.82
Prob(H) (two-sided):                  0.00   Kurtosis:                        17.93
===================================================================================

Warnings:
[1] Covariance matrix calculated using the outer product of gradients (complex-step).
