---------- start lag selection 2020-09-13 22:58 ----------
---------- start lag selection 2020-09-13 22:58 ----------
---------- start lag selection 2020-09-13 22:59 ----------
---------- start lag selection 2020-09-13 23:00 ----------
CS-Aaa-3MO-TB-3MO-TY aic: 4 bic: 3
CS-Aaa-1YR-TB-1YR-TY aic: 4 bic: 4
CS-Aaa-5YR-TB-5YR-TY aic: 5 bic: 3
CS-Aa-3MO-TB-3MO-TY aic: 8 bic: 1
CS-Aa-1YR-TB-1YR-TY aic: 4 bic: 4
CS-Aa-5YR-TB-5YR-TY aic: 5 bic: 3
CS-A-3MO-TB-3MO-TY aic: 8 bic: 2
CS-A-1YR-TB-1YR-TY aic: 5 bic: 4
CS-A-5YR-TB-5YR-TY aic: 5 bic: 3
CS-Baa-3MO-TB-3MO-TY aic: 8 bic: 3
CS-Baa-1YR-TB-1YR-TY aic: 5 bic: 4
CS-Baa-5YR-TB-5YR-TY aic: 6 bic: 3
---------- start lag selection 2020-09-13 23:03 ----------
CS-Aaa-3MO-TB-3MO-TY aic: 4 bic: 3
CS-Aaa-1YR-TB-1YR-TY aic: 4 bic: 4
CS-Aaa-5YR-TB-5YR-TY aic: 5 bic: 3
CS-Aa-3MO-TB-3MO-TY aic: 8 bic: 1
CS-Aa-1YR-TB-1YR-TY aic: 4 bic: 4
CS-Aa-5YR-TB-5YR-TY aic: 5 bic: 3
CS-A-3MO-TB-3MO-TY aic: 8 bic: 2
CS-A-1YR-TB-1YR-TY aic: 5 bic: 4
CS-A-5YR-TB-5YR-TY aic: 5 bic: 3
CS-Baa-3MO-TB-3MO-TY aic: 8 bic: 3
CS-Baa-1YR-TB-1YR-TY aic: 5 bic: 4
CS-Baa-5YR-TB-5YR-TY aic: 6 bic: 3
---------- start lag selection 2020-09-13 23:05 ----------
CS-Aaa-3MO-TB-3MO-TY aic: 4 bic: 3
CS-Aaa-1YR-TB-1YR-TY aic: 4 bic: 4
CS-Aaa-5YR-TB-5YR-TY aic: 5 bic: 3
CS-Aa-3MO-TB-3MO-TY aic: 8 bic: 1
CS-Aa-1YR-TB-1YR-TY aic: 4 bic: 4
CS-Aa-5YR-TB-5YR-TY aic: 5 bic: 3
CS-A-3MO-TB-3MO-TY aic: 8 bic: 2
CS-A-1YR-TB-1YR-TY aic: 5 bic: 4
CS-A-5YR-TB-5YR-TY aic: 5 bic: 3
CS-Baa-3MO-TB-3MO-TY aic: 8 bic: 3
CS-Baa-1YR-TB-1YR-TY aic: 5 bic: 4
CS-Baa-5YR-TB-5YR-TY aic: 6 bic: 3
CS-Price-Aaa-3MO-TB-3MO-TY aic: 4 bic: 3
CS-Price-Aaa-1YR-TB-1YR-TY aic: 4 bic: 4
CS-Price-Aaa-5YR-TB-5YR-TY aic: 5 bic: 3
CS-Price-Aa-3MO-TB-3MO-TY aic: 8 bic: 1
CS-Price-Aa-1YR-TB-1YR-TY aic: 4 bic: 4
CS-Price-Aa-5YR-TB-5YR-TY aic: 5 bic: 3
CS-Price-A-3MO-TB-3MO-TY aic: 8 bic: 2
CS-Price-A-1YR-TB-1YR-TY aic: 5 bic: 4
CS-Price-A-5YR-TB-5YR-TY aic: 5 bic: 3
CS-Price-Baa-3MO-TB-3MO-TY aic: 8 bic: 3
CS-Price-Baa-1YR-TB-1YR-TY aic: 5 bic: 4
CS-Price-Baa-5YR-TB-5YR-TY aic: 6 bic: 3
---------- start lag selection 2020-09-13 23:08 ----------
CS-Aaa-3MO-TB-3MO-TY aic: 4 bic: 3
CS-Aaa-1YR-TB-1YR-TY aic: 4 bic: 4
CS-Aaa-5YR-TB-5YR-TY aic: 5 bic: 3
CS-Aa-3MO-TB-3MO-TY aic: 8 bic: 1
CS-Aa-1YR-TB-1YR-TY aic: 4 bic: 4
CS-Aa-5YR-TB-5YR-TY aic: 5 bic: 3
CS-A-3MO-TB-3MO-TY aic: 8 bic: 2
CS-A-1YR-TB-1YR-TY aic: 5 bic: 4
CS-A-5YR-TB-5YR-TY aic: 5 bic: 3
CS-Baa-3MO-TB-3MO-TY aic: 8 bic: 3
CS-Baa-1YR-TB-1YR-TY aic: 5 bic: 4
CS-Baa-5YR-TB-5YR-TY aic: 6 bic: 3
CS-Price-Aaa-3MO-TB-3MO-TY aic: 4 bic: 3
CS-Price-Aaa-1YR-TB-1YR-TY aic: 4 bic: 4
CS-Price-Aaa-5YR-TB-5YR-TY aic: 5 bic: 3
CS-Price-Aa-3MO-TB-3MO-TY aic: 8 bic: 1
CS-Price-Aa-1YR-TB-1YR-TY aic: 4 bic: 4
CS-Price-Aa-5YR-TB-5YR-TY aic: 5 bic: 3
CS-Price-A-3MO-TB-3MO-TY aic: 8 bic: 2
CS-Price-A-1YR-TB-1YR-TY aic: 5 bic: 4
CS-Price-A-5YR-TB-5YR-TY aic: 5 bic: 3
CS-Price-Baa-3MO-TB-3MO-TY aic: 8 bic: 3
CS-Price-Baa-1YR-TB-1YR-TY aic: 5 bic: 4
CS-Price-Baa-5YR-TB-5YR-TY aic: 6 bic: 3
---------- start lag selection 2020-09-13 23:09 ----------
CS-Aaa-3MO-TB-3MO-TY aic: 4 bic: 3
CS-Aaa-3MO-diff-TB-3MO-TY aic: 8 bic: 1
CS-Aaa-1YR-TB-1YR-TY aic: 4 bic: 4
---------- start lag selection 2020-09-13 23:10 ----------
CS-Aaa-3MO-TB-3MO-TY aic: 4 bic: 3
CS-Aaa-3MO-diff-TB-3MO-TY aic: 8 bic: 1
CS-Aaa-1YR-TB-1YR-TY aic: 4 bic: 4
---------- start lag selection 2020-09-13 23:15 ----------
CS-Aaa-3MO-TB-3MO-TY aic: 4 bic: 3
CS-Aaa-3MO-diff-TB-3MO-TY aic: 8 bic: 1
CS-Aaa-1YR-TB-1YR-TY aic: 4 bic: 4
CS-Aaa-1YR-diff-TB-1YR-TY aic: 5 bic: 1
CS-Aaa-5YR-TB-5YR-TY aic: 5 bic: 3
CS-Aaa-5YR-diff-TB-5YR-TY aic: 9 bic: 5
CS-Aa-3MO-TB-3MO-TY aic: 8 bic: 1
CS-Aa-3MO-diff-TB-3MO-TY aic: 8 bic: 1
CS-Aa-1YR-TB-1YR-TY aic: 4 bic: 4
CS-Aa-1YR-diff-TB-1YR-TY aic: 5 bic: 1
CS-Aa-5YR-TB-5YR-TY aic: 5 bic: 3
CS-Aa-5YR-diff-TB-5YR-TY aic: 9 bic: 5
CS-A-3MO-TB-3MO-TY aic: 8 bic: 2
CS-A-3MO-diff-TB-3MO-TY aic: 7 bic: 1
CS-A-1YR-TB-1YR-TY aic: 5 bic: 4
CS-A-1YR-diff-TB-1YR-TY aic: 5 bic: 4
CS-A-5YR-TB-5YR-TY aic: 5 bic: 3
CS-A-5YR-diff-TB-5YR-TY aic: 7 bic: 5
CS-Baa-3MO-TB-3MO-TY aic: 8 bic: 3
CS-Baa-3MO-diff-TB-3MO-TY aic: 9 bic: 1
CS-Baa-1YR-TB-1YR-TY aic: 5 bic: 4
CS-Baa-1YR-diff-TB-1YR-TY aic: 8 bic: 5
CS-Baa-5YR-TB-5YR-TY aic: 6 bic: 3
CS-Baa-5YR-diff-TB-5YR-TY aic: 7 bic: 5
CS-Price-Aaa-3MO-TB-3MO-TY aic: 4 bic: 3
CS-Price-Aaa-3MO-diff-TB-3MO-TY aic: 3 bic: 3
CS-Price-Aaa-1YR-TB-1YR-TY aic: 4 bic: 4
CS-Price-Aaa-1YR-diff-TB-1YR-TY aic: 4 bic: 4
CS-Price-Aaa-5YR-TB-5YR-TY aic: 5 bic: 3
CS-Price-Aaa-5YR-diff-TB-5YR-TY aic: 5 bic: 3
CS-Price-Aa-3MO-TB-3MO-TY aic: 8 bic: 1
CS-Price-Aa-3MO-diff-TB-3MO-TY aic: 8 bic: 1
CS-Price-Aa-1YR-TB-1YR-TY aic: 4 bic: 4
CS-Price-Aa-1YR-diff-TB-1YR-TY aic: 5 bic: 1
CS-Price-Aa-5YR-TB-5YR-TY aic: 5 bic: 3
CS-Price-Aa-5YR-diff-TB-5YR-TY aic: 9 bic: 5
CS-Price-A-3MO-TB-3MO-TY aic: 8 bic: 2
CS-Price-A-3MO-diff-TB-3MO-TY aic: 7 bic: 1
CS-Price-A-1YR-TB-1YR-TY aic: 5 bic: 4
CS-Price-A-1YR-diff-TB-1YR-TY aic: 5 bic: 4
CS-Price-A-5YR-TB-5YR-TY aic: 5 bic: 3
CS-Price-A-5YR-diff-TB-5YR-TY aic: 7 bic: 5
CS-Price-Baa-3MO-TB-3MO-TY aic: 8 bic: 3
CS-Price-Baa-3MO-diff-TB-3MO-TY aic: 9 bic: 1
CS-Price-Baa-1YR-TB-1YR-TY aic: 5 bic: 4
CS-Price-Baa-1YR-diff-TB-1YR-TY aic: 8 bic: 4
CS-Price-Baa-5YR-TB-5YR-TY aic: 6 bic: 3
CS-Price-Baa-5YR-diff-TB-5YR-TY aic: 7 bic: 1
