                               SARIMAX Results                                
==============================================================================
Dep. Variable:             CS-Aaa-3MO   No. Observations:                  127
Model:                 ARIMA(3, 1, 3)   Log Likelihood                   7.352
Date:                Wed, 07 Oct 2020   AIC                             -0.704
Time:                        18:39:11   BIC                             19.150
Sample:                    01-31-2009   HQIC                             7.362
                         - 07-31-2019                                         
Covariance Type:                  opg                                         
==============================================================================
                 coef    std err          z      P>|z|      [0.025      0.975]
------------------------------------------------------------------------------
ar.L1          0.0172      1.253      0.014      0.989      -2.439       2.474
ar.L2          0.0967      0.236      0.409      0.682      -0.367       0.560
ar.L3          0.1939      0.262      0.741      0.459      -0.319       0.706
ma.L1         -0.2978      1.253     -0.238      0.812      -2.754       2.159
ma.L2          0.3694      0.499      0.740      0.459      -0.608       1.347
ma.L3         -0.1464      0.686     -0.213      0.831      -1.491       1.199
sigma2         0.0519      0.005      9.612      0.000       0.041       0.062
===================================================================================
Ljung-Box (Q):                       22.51   Jarque-Bera (JB):              1255.53
Prob(Q):                              0.99   Prob(JB):                         0.00
Heteroskedasticity (H):               0.19   Skew:                            -1.82
Prob(H) (two-sided):                  0.00   Kurtosis:                        18.03