                                      mean               stddev                  min                  max
Corp-Aaa_Corp                     2.968338             0.703585             1.822678             6.426049
Corp-Aa_Corp                      2.821986             0.776065             1.776138             5.894147
Corp-A_Corp                       3.385632             0.930743             2.335005             7.290118
Corp-Baa_Corp                     4.158938             1.116861             3.076685             9.229486
TB-3MO-TY                         0.494606             0.743960             0.000000             2.450000
TB-1YR-TY                         0.687717             0.770334             0.090000             2.700000
TB-5YR-TY                         1.684606             0.603073             0.590000             2.980000
Econ-UNRATE                       6.581102             2.130644             3.600000            10.000000
Econ-DSPIC96                 13,012.776378         1,032.868518        11,512.600000        15,021.200000
Econ-CPIAUCSL                   234.536614            11.767036           212.495000           256.294000
Econ-CPILFESL                   238.420898            13.563196           217.792000           264.180000
Econ-INDPRO                     101.314048             5.751069            87.074200           110.551600
Econ-PCE                     11,903.844882         1,421.115442         9,718.500000        14,682.400000
Market-SP500                  1,845.945754           603.754635           735.090000         2,980.379900
Market-SP500-change               1.076302             3.874854           -10.993100            10.772300
Market-RMRF                       0.581695             3.975799           -11.547700            10.752300
CS-Aaa-3MO                        2.473740             0.877177             0.653000             6.166000
CS-Aa-3MO                         2.327339             0.955334             0.468000             5.684000
CS-A-3MO                          2.891016             1.158063             0.762000             7.080000
CS-Baa-3MO                        3.664362             1.369402             1.359000             9.019000
CS-Aaa-1YR                        2.280630             0.845628             0.781000             5.706000
CS-Aa-1YR                         2.134228             0.929098             0.608000             5.324000
CS-A-1YR                          2.697906             1.134176             0.896000             6.720000
CS-Baa-1YR                        3.471252             1.344800             1.463000             8.659000
CS-Aaa-5YR                        1.283740             0.471294             0.664000             4.436000
CS-Aa-5YR                         1.137339             0.615666             0.430000             4.224000
CS-A-5YR                          1.701016             0.812781             0.742000             5.620000
CS-Baa-5YR                        2.474362             1.053218             1.188000             7.559000
CS-Price-Aaa-3MO                992.629335             2.565941           982.014149           998.027620
CS-Price-Aa-3MO                 993.062584             2.794989           983.370547           998.584714
CS-Price-A-3MO                  991.416796             3.356259           979.463967           997.700011
CS-Price-Baa-3MO                989.176539             3.912019           974.146635           995.913831
CS-Price-Aaa-1YR                973.389966             9.595172           935.578931           990.707850
CS-Price-Aa-1YR                 975.082683            10.547556           939.652312           992.752481
CS-Price-A-1YR                  968.713057            12.676293           924.921809           989.352968
CS-Price-Baa-1YR                960.088583            14.676911           905.151250           982.722186
CS-Price-Aaa-5YR                926.723425            24.372275           770.723538           961.069729
CS-Price-Aa-5YR                 935.093614            32.369323           780.177783           974.583880
CS-Price-A-5YR                  904.904388            40.724566           720.315933           956.613684
CS-Price-Baa-5YR                865.381664            48.864040           645.831859           931.592380
CS-Aaa-3MO-diff                  -0.037606             0.171901            -0.508000             0.340000
CS-Aa-3MO-diff                   -0.037606             0.171901            -0.508000             0.340000
CS-A-3MO-diff                    -0.048047             0.190533            -0.611000             0.519000
CS-Baa-3MO-diff                  -0.061874             0.214903            -0.899000             0.509000
CS-Price-Aaa-3MO-diff             0.095648             0.719835            -2.204706             5.434227
CS-Price-Aa-3MO-diff              0.109908             0.501722            -0.985209             1.446000
CS-Price-A-3MO-diff               0.138772             0.548362            -1.447054             1.714387
CS-Price-Baa-3MO-diff             0.175564             0.608621            -1.474612             2.449877
CS-Price-Aaa-1YR-diff             0.339643             2.476651            -6.326551            19.636813
CS-Price-Aa-1YR-diff              0.394439             1.684502            -3.437858             5.297686
CS-Price-A-1YR-diff               0.502251             1.856390            -4.547356             6.289456
CS-Price-Baa-1YR-diff             0.636057             2.143827            -5.553402             8.967339
CS-Price-Aaa-5YR-diff             1.004102             9.634562           -29.974303            76.980210
CS-Price-Aa-5YR-diff              1.248738             9.326676           -29.404763            40.510480
CS-Price-A-5YR-diff               1.675303            10.114955           -25.852472            43.667492
CS-Price-Baa-5YR-diff             2.131804            11.105743           -27.584155            49.627295
TB-3MO-TY-diff                    0.015512             0.063469            -0.230000             0.230000
TB-1YR-TY-diff                    0.012835             0.083027            -0.290000             0.210000
TB-5YR-TY-diff                    0.002283             0.207814            -0.470000             0.680000
Market-RMRF-diff                  0.037689             5.745197           -11.592700            19.513600
Market-SP500-diff                16.540000            68.494802          -253.319800           197.250000
Econ-UNRATE-diff                 -0.032283             0.159666            -0.500000             0.500000
Econ-DSPIC96-diff                26.570079            88.704103          -749.500000           323.200000
Econ-CPIAUCSL-diff                0.349299             0.455228            -1.505000             1.768000
Econ-CPILFESL-diff                0.368772             0.162796            -0.248000             0.726000
Econ-INDPRO-diff                  0.148687             0.520943            -1.434200             1.578500
Econ-PCE-diff                    38.571654            36.056958          -117.400000           138.000000
Market-SP500-pc-delta             0.010763             0.038749            -0.109931             0.107723
**** cs stats ****
                                     count                 mean                  std                  min                  25%                  50%                  75%                  max
Corp-Aaa_Corp                   127.000000             2.968338             0.706371             1.822678             2.555323             2.896564             3.247381             6.426049
Corp-Aa_Corp                    127.000000             2.821986             0.779138             1.776138             2.303687             2.628155             3.187804             5.894147
Corp-A_Corp                     127.000000             3.385632             0.934429             2.335005             2.794241             3.067209             3.698918             7.290118
Corp-Baa_Corp                   127.000000             4.158938             1.121284             3.076685             3.477470             3.884088             4.331868             9.229486
TB-3MO-TY                       127.000000             0.494606             0.746906             0.000000             0.050000             0.140000             0.495000             2.450000
TB-1YR-TY                       127.000000             0.687717             0.773385             0.090000             0.170000             0.320000             0.820000             2.700000
TB-5YR-TY                       127.000000             1.684606             0.605461             0.590000             1.295000             1.670000             2.057500             2.980000
Econ-UNRATE                     127.000000             6.581102             2.139082             3.600000             4.700000             6.200000             8.650000            10.000000
Econ-DSPIC96                    127.000000        13,012.776378         1,036.959103        11,512.600000        12,112.950000        12,825.300000        13,760.600000        15,021.200000
Econ-CPIAUCSL                   127.000000           234.536614            11.813638           212.495000           226.673500           235.976000           243.214500           256.294000
Econ-CPILFESL                   127.000000           238.420898            13.616911           217.792000           226.312000           237.529000           250.239000           264.180000
Econ-INDPRO                     127.000000           101.314048             5.773846            87.074200            97.958200           102.190700           105.277250           110.551600
Econ-PCE                        127.000000        11,903.844882         1,426.743644         9,718.500000        10,745.600000        11,750.900000        13,051.950000        14,682.400000
Market-SP500                    127.000000         1,845.945754           606.145752           735.090000         1,316.525000         1,920.030000         2,258.850100         2,980.379900
Market-SP500-change             127.000000             1.076302             3.890200           -10.993100            -1.049900             1.475900             3.425900            10.772300
Market-RMRF                     127.000000             0.581695             3.991545           -11.547700            -1.509000             0.843300             3.049450            10.752300
CS-Aaa-3MO                      127.000000             2.473740             0.880651             0.653000             1.931500             2.460000             2.862500             6.166000
CS-Aa-3MO                       127.000000             2.327339             0.959118             0.468000             1.755000             2.220000             2.742000             5.684000
CS-A-3MO                        127.000000             2.891016             1.162650             0.762000             2.279000             2.742000             3.453500             7.080000
CS-Baa-3MO                      127.000000             3.664362             1.374826             1.359000             2.953500             3.484000             4.147500             9.019000
CS-Aaa-1YR                      127.000000             2.280630             0.848977             0.781000             1.801000             2.295000             2.705500             5.706000
CS-Aa-1YR                       127.000000             2.134228             0.932777             0.608000             1.609000             2.071000             2.641000             5.324000
CS-A-1YR                        127.000000             2.697906             1.138668             0.896000             2.056500             2.593000             3.338500             6.720000
CS-Baa-1YR                      127.000000             3.471252             1.350126             1.463000             2.674500             3.342000             4.037500             8.659000
CS-Aaa-5YR                      127.000000             1.283740             0.473160             0.664000             1.044000             1.256000             1.383500             4.436000
CS-Aa-5YR                       127.000000             1.137339             0.618104             0.430000             0.755000             0.987000             1.295500             4.224000
CS-A-5YR                        127.000000             1.701016             0.816000             0.742000             1.163000             1.484000             2.034500             5.620000
CS-Baa-5YR                      127.000000             2.474362             1.057389             1.188000             1.767000             2.357000             2.865000             7.559000
CS-Price-Aaa-3MO                127.000000           992.629335             2.576103           982.014149           991.475578           992.655409           994.213786           998.027620
CS-Price-Aa-3MO                 127.000000           993.062584             2.806058           983.370547           991.828170           993.361790           994.736578           998.584714
CS-Price-A-3MO                  127.000000           991.416796             3.369552           979.463967           989.754062           991.828162           993.187939           997.700011
CS-Price-Baa-3MO                127.000000           989.176539             3.927513           974.146635           987.748814           989.665567           991.209675           995.913831
CS-Price-Aaa-1YR                127.000000           973.389966             9.633173           935.578931           968.473097           973.138628           978.808128           990.707850
CS-Price-Aa-1YR                 127.000000           975.082683            10.589329           939.652312           969.203502           975.701913           981.027986           992.752481
CS-Price-A-1YR                  127.000000           968.713057            12.726496           924.921809           961.358602           969.747625           975.868324           989.352968
CS-Price-Baa-1YR                127.000000           960.088583            14.735038           905.151250           953.612945           961.319530           968.824031           982.722186
CS-Price-Aaa-5YR                127.000000           926.723425            24.468799           770.723538           920.865753           927.844927           939.586658           961.069729
CS-Price-Aa-5YR                 127.000000           935.093614            32.497518           780.177783           925.676196           942.773083           955.873363           974.583880
CS-Price-A-5YR                  127.000000           904.904388            40.885852           720.315933           886.171530           915.407656           932.974588           956.613684
CS-Price-Baa-5YR                127.000000           865.381664            49.057561           645.831859           844.100658           869.550298           900.239934           931.592380
CS-Aaa-3MO-diff                 127.000000            -0.037606             0.172581            -0.508000            -0.134000            -0.039000             0.081500             0.340000
CS-Aa-3MO-diff                  127.000000            -0.037606             0.172581            -0.508000            -0.134000            -0.039000             0.081500             0.340000
CS-A-3MO-diff                   127.000000            -0.048047             0.191287            -0.611000            -0.141000            -0.049000             0.078000             0.519000
CS-Baa-3MO-diff                 127.000000            -0.061874             0.215754            -0.899000            -0.168000            -0.050000             0.068500             0.509000
CS-Price-Aaa-3MO-diff           127.000000             0.095648             0.722686            -2.204706            -0.211684             0.118593             0.404020             5.434227
CS-Price-Aa-3MO-diff            127.000000             0.109908             0.503709            -0.985209            -0.240786             0.114874             0.393750             1.446000
CS-Price-A-3MO-diff             127.000000             0.138772             0.550534            -1.447054            -0.228988             0.143991             0.414333             1.714387
CS-Price-Baa-3MO-diff           127.000000             0.175564             0.611031            -1.474612            -0.201012             0.144394             0.486882             2.449877
CS-Price-Aaa-1YR-diff           127.000000             0.339643             2.486459            -6.326551            -0.624672             0.530125             1.272039            19.636813
CS-Price-Aa-1YR-diff            127.000000             0.394439             1.691173            -3.437858            -0.691894             0.411371             1.318272             5.297686
CS-Price-A-1YR-diff             127.000000             0.502251             1.863742            -4.547356            -0.647612             0.568971             1.404433             6.289456
CS-Price-Baa-1YR-diff           127.000000             0.636057             2.152317            -5.553402            -0.397524             0.457562             1.666908             8.967339
CS-Price-Aaa-5YR-diff           127.000000             1.004102             9.672719           -29.974303            -3.222680             0.110326             4.457966            76.980210
CS-Price-Aa-5YR-diff            127.000000             1.248738             9.363613           -29.404763            -3.757163             1.082470             4.783012            40.510480
CS-Price-A-5YR-diff             127.000000             1.675303            10.155014           -25.852472            -4.072037             2.067995             5.217888            43.667492
CS-Price-Baa-5YR-diff           127.000000             2.131804            11.149726           -27.584155            -4.755866             1.618427             6.436761            49.627295
TB-3MO-TY-diff                  127.000000             0.015512             0.063720            -0.230000            -0.015000             0.010000             0.040000             0.230000
TB-1YR-TY-diff                  127.000000             0.012835             0.083356            -0.290000            -0.030000             0.010000             0.050000             0.210000
TB-5YR-TY-diff                  127.000000             0.002283             0.208637            -0.470000            -0.125000             0.000000             0.135000             0.680000
Market-RMRF-diff                127.000000             0.037689             5.767951           -11.592700            -3.735800            -0.291600             2.834900            19.513600
Market-SP500-diff               127.000000            16.540000            68.766069          -253.319800           -14.485000            27.260100            53.889950           197.250000
Econ-UNRATE-diff                127.000000            -0.032283             0.160298            -0.500000            -0.100000             0.000000             0.100000             0.500000
Econ-DSPIC96-diff               127.000000            26.570079            89.055408          -749.500000             9.150000            33.100000            56.400000           323.200000
Econ-CPIAUCSL-diff              127.000000             0.349299             0.457031            -1.505000             0.066000             0.406000             0.632500             1.768000
Econ-CPILFESL-diff              127.000000             0.368772             0.163441            -0.248000             0.247500             0.387000             0.476500             0.726000
Econ-INDPRO-diff                127.000000             0.148687             0.523006            -1.434200            -0.188850             0.200800             0.520050             1.578500
Econ-PCE-diff                   127.000000            38.571654            36.199759          -117.400000            21.950000            37.700000            60.000000           138.000000
Market-SP500-pc-delta           127.000000             0.010763             0.038902            -0.109931            -0.010499             0.014759             0.034259             0.107723
**** cs stats p1 diff ****
                                     count                 mean                  std                  min                  25%                  50%                  75%                  max
Corp-Aaa_Corp                   126.000000            -0.022453             0.251170            -1.964417            -0.132505            -0.017662             0.073867             0.801853
Corp-Aa_Corp                    126.000000            -0.022949             0.178959            -0.512214            -0.122844             0.001607             0.106369             0.396549
Corp-A_Corp                     126.000000            -0.029874             0.193141            -0.681194            -0.132173            -0.022968             0.089782             0.539761
Corp-Baa_Corp                   126.000000            -0.043460             0.220523            -0.969348            -0.159431            -0.024379             0.094565             0.508876
TB-3MO-TY                       126.000000             0.014603             0.063143            -0.230000            -0.017500             0.010000             0.040000             0.230000
TB-1YR-TY                       126.000000             0.011825             0.082906            -0.290000            -0.030000             0.010000             0.050000             0.210000
TB-5YR-TY                       126.000000            -0.000079             0.207757            -0.470000            -0.127500            -0.002500             0.130000             0.680000
Econ-UNRATE                     126.000000            -0.036508             0.153677            -0.500000            -0.100000             0.000000             0.100000             0.400000
Econ-DSPIC96                    126.000000            27.734921            88.434231          -749.500000             9.500000            33.800000            56.400000           323.200000
Econ-CPIAUCSL                   126.000000             0.345944             0.457283            -1.505000             0.066000             0.393000             0.629000             1.768000
Econ-CPILFESL                   126.000000             0.368159             0.163946            -0.248000             0.245250             0.384000             0.478250             0.726000
Econ-INDPRO                     126.000000             0.154527             0.520920            -1.434200            -0.178675             0.204050             0.523175             1.578500
Econ-PCE                        126.000000            39.019048            35.990027          -117.400000            23.150000            37.850000            60.750000           138.000000
Market-SP500                    126.000000            17.391825            68.364561          -253.319800           -10.085050            27.430050            54.199875           197.250000
Market-SP500-change             126.000000             0.072888             5.787180           -11.622700            -3.739750            -0.248250             2.918000            19.533600
Market-RMRF                     126.000000             0.058285             5.786286           -11.592700            -3.752250            -0.249400             2.847650            19.513600
CS-Aaa-3MO                      126.000000            -0.037056             0.247240            -1.914000            -0.137000            -0.040500             0.070750             0.782000
CS-Aa-3MO                       126.000000            -0.037548             0.173269            -0.508000            -0.136000            -0.035500             0.081750             0.340000
CS-A-3MO                        126.000000            -0.044484             0.187772            -0.611000            -0.139500            -0.046500             0.078500             0.519000
CS-Baa-3MO                      126.000000            -0.058063             0.212281            -0.899000            -0.166000            -0.048500             0.070250             0.509000
CS-Aaa-1YR                      126.000000            -0.034278             0.221001            -1.814000            -0.110000            -0.047000             0.048000             0.592000
CS-Aa-1YR                       126.000000            -0.034770             0.150700            -0.488000            -0.116000            -0.035500             0.061000             0.302000
CS-A-1YR                        126.000000            -0.041706             0.164951            -0.601000            -0.123000            -0.049500             0.057000             0.402000
CS-Baa-1YR                      126.000000            -0.055286             0.196875            -0.889000            -0.149000            -0.040500             0.037750             0.499000
CS-Aaa-5YR                      126.000000            -0.022373             0.194522            -1.644000            -0.080000            -0.002000             0.056500             0.662000
CS-Aa-5YR                       126.000000            -0.022865             0.180990            -0.850000            -0.083500            -0.018500             0.068750             0.533000
CS-A-5YR                        126.000000            -0.029802             0.204501            -1.031000            -0.094500            -0.037000             0.075750             0.498000
CS-Baa-5YR                      126.000000            -0.043381             0.243715            -1.319000            -0.124250            -0.031500             0.096750             0.563000
CS-Price-Aaa-3MO                126.000000             0.108114             0.711730            -2.204706            -0.206447             0.119933             0.406022             5.434227
CS-Price-Aa-3MO                 126.000000             0.109767             0.505718            -0.985209            -0.241690             0.104418             0.400081             1.446000
CS-Price-A-3MO                  126.000000             0.128874             0.541268            -1.447054            -0.230691             0.135200             0.409329             1.714387
CS-Price-Baa-3MO                126.000000             0.165291             0.602359            -1.474612            -0.206539             0.140883             0.480693             2.449877
CS-Price-Aaa-1YR                126.000000             0.386010             2.440639            -6.326551            -0.560672             0.535943             1.275403            19.636813
CS-Price-Aa-1YR                 126.000000             0.392866             1.697831            -3.437858            -0.704979             0.401424             1.333705             5.297686
CS-Price-A-1YR                  126.000000             0.464116             1.820753            -4.547356            -0.647970             0.565198             1.395954             6.289456
CS-Price-Baa-1YR                126.000000             0.597353             2.116071            -5.553402            -0.423205             0.452022             1.659655             8.967339
CS-Price-Aaa-5YR                126.000000             1.141823             9.585505           -29.974303            -3.130133             0.111309             4.509058            76.980210
CS-Price-Aa-5YR                 126.000000             1.179560             9.368353           -29.404763            -3.869078             1.038457             4.740259            40.510480
CS-Price-A-5YR                  126.000000             1.465015             9.914045           -25.852472            -4.104867             2.034379             5.149637            43.667492
CS-Price-Baa-5YR                126.000000             1.943606            10.989850           -27.584155            -4.963787             1.615289             6.269017            49.627295
CS-Aaa-3MO-diff                 126.000000             0.000833             0.241740            -0.613000            -0.125500             0.018500             0.150250             0.586000
CS-Aa-3MO-diff                  126.000000             0.000833             0.241740            -0.613000            -0.125500             0.018500             0.150250             0.586000
CS-A-3MO-diff                   126.000000             0.004373             0.259340            -0.751000            -0.151250             0.012500             0.177500             1.016000
CS-Baa-3MO-diff                 126.000000             0.004492             0.270612            -0.998000            -0.148500             0.032500             0.169750             0.763000
CS-Price-Aaa-3MO-diff           126.000000             0.010227             1.118715            -6.311717            -0.418726            -0.085313             0.397371             7.638933
CS-Price-Aa-3MO-diff            126.000000            -0.002448             0.707454            -1.729470            -0.442595            -0.052740             0.369920             1.790960
CS-Price-A-3MO-diff             126.000000            -0.012286             0.748763            -2.832954            -0.521492            -0.034541             0.447676             2.090387
CS-Price-Baa-3MO-diff           126.000000            -0.012234             0.772883            -2.070447            -0.492441            -0.094069             0.430025             2.718371
CS-Price-Aaa-1YR-diff           126.000000             0.049096             3.779536           -23.111669            -1.278066            -0.227481             1.134632            25.963363
CS-Price-Aa-1YR-diff            126.000000             0.000932             2.282774            -6.199603            -1.307848            -0.047292             1.311258             7.511924
CS-Price-A-1YR-diff             126.000000            -0.035963             2.393491            -8.757751            -1.441322            -0.041804             1.380470             8.791687
CS-Price-Baa-1YR-diff           126.000000            -0.034906             2.590366            -6.668179            -1.690981            -0.237157             1.505797            10.960606
CS-Price-Aaa-5YR-diff           126.000000             0.155541            14.224581           -71.317447            -5.119663            -0.407875             4.998496           106.954513
CS-Price-Aa-5YR-diff            126.000000            -0.052064            11.912718           -36.064161            -5.576777            -0.607064             5.057885            59.764119
CS-Price-A-5YR-diff             126.000000            -0.194451            12.704972           -45.174007            -6.082782            -0.802153             6.927299            60.674720
CS-Price-Baa-5YR-diff           126.000000            -0.164410            12.989459           -33.792516            -6.343690            -1.188058             6.718529            63.082227
TB-3MO-TY-diff                  126.000000            -0.001349             0.079343            -0.200000            -0.050000             0.000000             0.037500             0.230000
TB-1YR-TY-diff                  126.000000            -0.000476             0.113602            -0.370000            -0.050000             0.000000             0.060000             0.370000
TB-5YR-TY-diff                  126.000000            -0.001746             0.298268            -1.030000            -0.190000             0.025000             0.207500             0.980000
Market-RMRF-diff                126.000000            -0.004163            10.017604           -29.216700            -4.734600            -0.742600             6.015075            27.959700
Market-SP500-diff               126.000000             0.292620           107.043474          -305.200200           -55.324925            -2.249850            53.182675           450.569800
Econ-UNRATE-diff                126.000000            -0.003968             0.211812            -0.900000            -0.100000             0.000000             0.100000             0.600000
Econ-DSPIC96-diff               126.000000             1.534921           129.789112        -1,072.700000           -23.400000             6.300000            32.600000           687.900000
Econ-CPIAUCSL-diff              126.000000            -0.004484             0.539995            -1.913000            -0.304500            -0.006500             0.301000             2.100000
Econ-CPILFESL-diff              126.000000             0.001167             0.177418            -0.561000            -0.104250             0.010000             0.114500             0.378000
Econ-INDPRO-diff                126.000000             0.010265             0.663901            -1.828800            -0.395575            -0.002050             0.383575             1.665200
Econ-PCE-diff                   126.000000             0.442857            50.757728          -196.900000           -29.175000            -4.150000            29.400000           196.400000
Market-SP500-pc-delta           126.000000             0.000729             0.057872            -0.116227            -0.037398            -0.002483             0.029180             0.195336
                                      mean               stddev                  min                  max
Corp-Aaa_Corp                     2.943378             0.362374             2.197085             3.832769
Corp-Aa_Corp                      2.641910             0.438673             1.981135             3.705818
Corp-A_Corp                       3.052472             0.403544             2.442585             4.090514
Corp-Baa_Corp                     3.738058             0.391305             3.193037             4.722313
TB-3MO-TY                         0.849403             0.882948             0.000000             2.450000
TB-1YR-TY                         1.075448             0.888155             0.090000             2.700000
TB-5YR-TY                         1.852164             0.514275             1.010000             2.980000
Econ-UNRATE                       4.744776             0.827743             3.600000             6.700000
Econ-DSPIC96                 13,843.270149           672.378501        12,601.100000        15,021.200000
Econ-CPIAUCSL                   243.605597             6.672916           234.747000           256.294000
Econ-CPILFESL                   249.419179             8.089439           236.185000           264.180000
Econ-INDPRO                     105.455203             2.686889           101.415500           110.551600
Econ-PCE                     13,047.016418           891.865894        11,574.500000        14,682.400000
Market-SP500                  2,338.706728           346.217549         1,859.450000         2,980.379900
Market-SP500-change               0.797736             3.313255            -9.177700             8.298300
Market-RMRF                      -0.051667             3.438628           -11.547700             8.298300
CS-Aaa-3MO                        2.093955             0.636480             0.653000             2.959000
CS-Aa-3MO                         1.792493             0.553504             0.468000             2.542000
CS-A-3MO                          2.203075             0.611432             0.762000             3.026000
CS-Baa-3MO                        2.888672             0.735119             1.359000             4.130000
CS-Aaa-1YR                        1.867910             0.616996             0.781000             2.775000
CS-Aa-1YR                         1.566448             0.528147             0.608000             2.256000
CS-A-1YR                          1.977030             0.588617             0.896000             2.756000
CS-Baa-1YR                        2.662627             0.715054             1.463000             3.857000
CS-Aaa-5YR                        1.091194             0.221195             0.664000             1.465000
CS-Aa-5YR                         0.789731             0.176041             0.430000             1.299000
CS-A-5YR                          1.200313             0.211480             0.742000             1.814000
CS-Baa-5YR                        1.885910             0.392368             1.188000             3.033000
CS-Aaa-3MO-diff                  -0.027343             0.126484            -0.396000             0.257000
CS-Aa-3MO-diff                   -0.027343             0.126484            -0.396000             0.257000
CS-A-3MO-diff                    -0.030657             0.128358            -0.312000             0.285000
CS-Baa-3MO-diff                  -0.034821             0.139154            -0.341000             0.291000
CS-Aaa-1YR-diff                  -0.025254             0.100196            -0.346000             0.257000
CS-Aa-1YR-diff                   -0.025254             0.100196            -0.346000             0.257000
CS-A-1YR-diff                    -0.028567             0.103500            -0.262000             0.285000
CS-Baa-1YR-diff                  -0.032731             0.126322            -0.431000             0.287000
CS-Aaa-5YR-diff                   0.001313             0.092546            -0.217000             0.308000
CS-Aa-5YR-diff                    0.001313             0.092546            -0.217000             0.308000
CS-A-5YR-diff                    -0.002000             0.103769            -0.230000             0.310000
CS-Baa-5YR-diff                  -0.006164             0.145892            -0.451000             0.467000
TB-3MO-TY-diff                    0.030000             0.077383            -0.230000             0.230000
TB-1YR-TY-diff                    0.027910             0.094226            -0.290000             0.190000
TB-5YR-TY-diff                    0.001343             0.181200            -0.470000             0.520000
Market-RMRF-diff                 -0.003894             5.278386           -10.993600            16.966100
Market-SP500-diff                17.072687            81.418047          -253.319800           197.250000
Econ-UNRATE-diff                 -0.043284             0.131834            -0.500000             0.200000
Econ-DSPIC96-diff                37.274627            32.332934           -39.500000           140.100000
Econ-CPIAUCSL-diff                0.313522             0.445850            -1.505000             1.141000
Econ-CPILFESL-diff                0.421179             0.145318            -0.093000             0.726000
Econ-INDPRO-diff                  0.107448             0.529216            -0.858400             1.578500
Econ-PCE-diff                    47.443284            37.018689          -117.400000           138.000000
Market-SP500-pc-delta             0.007977             0.033133            -0.091777             0.082983


                                      mean               stddev                  min                  max
Corp-Aaa_Corp                     2.943378             0.362374             2.197085             3.832769
Corp-Aa_Corp                      2.641910             0.438673             1.981135             3.705818
Corp-A_Corp                       3.052472             0.403544             2.442585             4.090514
Corp-Baa_Corp                     3.738058             0.391305             3.193037             4.722313
TB-3MO-TY                         0.849403             0.882948             0.000000             2.450000
TB-1YR-TY                         1.075448             0.888155             0.090000             2.700000
TB-5YR-TY                         1.852164             0.514275             1.010000             2.980000
Econ-UNRATE                       4.744776             0.827743             3.600000             6.700000
Econ-DSPIC96                 13,843.270149           672.378501        12,601.100000        15,021.200000
Econ-CPIAUCSL                   243.605597             6.672916           234.747000           256.294000
Econ-CPILFESL                   249.419179             8.089439           236.185000           264.180000
Econ-INDPRO                     105.455203             2.686889           101.415500           110.551600
Econ-PCE                     13,047.016418           891.865894        11,574.500000        14,682.400000
Market-SP500                  2,338.706728           346.217549         1,859.450000         2,980.379900
Market-SP500-change               0.797736             3.313255            -9.177700             8.298300
Market-RMRF                      -0.051667             3.438628           -11.547700             8.298300
CS-Aaa-3MO                        2.093955             0.636480             0.653000             2.959000
CS-Aa-3MO                         1.792493             0.553504             0.468000             2.542000
CS-A-3MO                          2.203075             0.611432             0.762000             3.026000
CS-Baa-3MO                        2.888672             0.735119             1.359000             4.130000
CS-Aaa-1YR                        1.867910             0.616996             0.781000             2.775000
CS-Aa-1YR                         1.566448             0.528147             0.608000             2.256000
CS-A-1YR                          1.977030             0.588617             0.896000             2.756000
CS-Baa-1YR                        2.662627             0.715054             1.463000             3.857000
CS-Aaa-5YR                        1.091194             0.221195             0.664000             1.465000
CS-Aa-5YR                         0.789731             0.176041             0.430000             1.299000
CS-A-5YR                          1.200313             0.211480             0.742000             1.814000
CS-Baa-5YR                        1.885910             0.392368             1.188000             3.033000
CS-Aaa-3MO-diff                  -0.027343             0.126484            -0.396000             0.257000
CS-Aa-3MO-diff                   -0.027343             0.126484            -0.396000             0.257000
CS-A-3MO-diff                    -0.030657             0.128358            -0.312000             0.285000
CS-Baa-3MO-diff                  -0.034821             0.139154            -0.341000             0.291000
CS-Aaa-1YR-diff                  -0.025254             0.100196            -0.346000             0.257000
CS-Aa-1YR-diff                   -0.025254             0.100196            -0.346000             0.257000
CS-A-1YR-diff                    -0.028567             0.103500            -0.262000             0.285000
CS-Baa-1YR-diff                  -0.032731             0.126322            -0.431000             0.287000
CS-Aaa-5YR-diff                   0.001313             0.092546            -0.217000             0.308000
CS-Aa-5YR-diff                    0.001313             0.092546            -0.217000             0.308000
CS-A-5YR-diff                    -0.002000             0.103769            -0.230000             0.310000
CS-Baa-5YR-diff                  -0.006164             0.145892            -0.451000             0.467000
TB-3MO-TY-diff                    0.030000             0.077383            -0.230000             0.230000
TB-1YR-TY-diff                    0.027910             0.094226            -0.290000             0.190000
TB-5YR-TY-diff                    0.001343             0.181200            -0.470000             0.520000
Market-RMRF-diff                 -0.003894             5.278386           -10.993600            16.966100
Market-SP500-diff                17.072687            81.418047          -253.319800           197.250000
Econ-UNRATE-diff                 -0.043284             0.131834            -0.500000             0.200000
Econ-DSPIC96-diff                37.274627            32.332934           -39.500000           140.100000
Econ-CPIAUCSL-diff                0.313522             0.445850            -1.505000             1.141000
Econ-CPILFESL-diff                0.421179             0.145318            -0.093000             0.726000
Econ-INDPRO-diff                  0.107448             0.529216            -0.858400             1.578500
Econ-PCE-diff                    47.443284            37.018689          -117.400000           138.000000
Market-SP500-pc-delta             0.007977             0.033133            -0.091777             0.082983
                                      mean               stddev                  min                  max
Corp-Aaa_Corp                     2.943378             0.362374             2.197085             3.832769
Corp-Aa_Corp                      2.641910             0.438673             1.981135             3.705818
Corp-A_Corp                       3.052472             0.403544             2.442585             4.090514
Corp-Baa_Corp                     3.738058             0.391305             3.193037             4.722313
TB-3MO-TY                         0.849403             0.882948             0.000000             2.450000
TB-1YR-TY                         1.075448             0.888155             0.090000             2.700000
TB-5YR-TY                         1.852164             0.514275             1.010000             2.980000
Econ-UNRATE                       4.744776             0.827743             3.600000             6.700000
Econ-DSPIC96                 13,843.270149           672.378501        12,601.100000        15,021.200000
Econ-CPIAUCSL                   243.605597             6.672916           234.747000           256.294000
Econ-CPILFESL                   249.419179             8.089439           236.185000           264.180000
Econ-INDPRO                     105.455203             2.686889           101.415500           110.551600
Econ-PCE                     13,047.016418           891.865894        11,574.500000        14,682.400000
Market-SP500                  2,338.706728           346.217549         1,859.450000         2,980.379900
Market-SP500-change               0.797736             3.313255            -9.177700             8.298300
Market-RMRF                      -0.051667             3.438628           -11.547700             8.298300
CS-Aaa-3MO                        2.093955             0.636480             0.653000             2.959000
CS-Aa-3MO                         1.792493             0.553504             0.468000             2.542000
CS-A-3MO                          2.203075             0.611432             0.762000             3.026000
CS-Baa-3MO                        2.888672             0.735119             1.359000             4.130000
CS-Aaa-1YR                        1.867910             0.616996             0.781000             2.775000
CS-Aa-1YR                         1.566448             0.528147             0.608000             2.256000
CS-A-1YR                          1.977030             0.588617             0.896000             2.756000
CS-Baa-1YR                        2.662627             0.715054             1.463000             3.857000
CS-Aaa-5YR                        1.091194             0.221195             0.664000             1.465000
CS-Aa-5YR                         0.789731             0.176041             0.430000             1.299000
CS-A-5YR                          1.200313             0.211480             0.742000             1.814000
CS-Baa-5YR                        1.885910             0.392368             1.188000             3.033000
CS-Aaa-3MO-diff                  -0.027343             0.126484            -0.396000             0.257000
CS-Aa-3MO-diff                   -0.027343             0.126484            -0.396000             0.257000
CS-A-3MO-diff                    -0.030657             0.128358            -0.312000             0.285000
CS-Baa-3MO-diff                  -0.034821             0.139154            -0.341000             0.291000
CS-Aaa-1YR-diff                  -0.025254             0.100196            -0.346000             0.257000
CS-Aa-1YR-diff                   -0.025254             0.100196            -0.346000             0.257000
CS-A-1YR-diff                    -0.028567             0.103500            -0.262000             0.285000
CS-Baa-1YR-diff                  -0.032731             0.126322            -0.431000             0.287000
CS-Aaa-5YR-diff                   0.001313             0.092546            -0.217000             0.308000
CS-Aa-5YR-diff                    0.001313             0.092546            -0.217000             0.308000
CS-A-5YR-diff                    -0.002000             0.103769            -0.230000             0.310000
CS-Baa-5YR-diff                  -0.006164             0.145892            -0.451000             0.467000
TB-3MO-TY-diff                    0.030000             0.077383            -0.230000             0.230000
TB-1YR-TY-diff                    0.027910             0.094226            -0.290000             0.190000
TB-5YR-TY-diff                    0.001343             0.181200            -0.470000             0.520000
Market-RMRF-diff                 -0.003894             5.278386           -10.993600            16.966100
Market-SP500-diff                17.072687            81.418047          -253.319800           197.250000
Econ-UNRATE-diff                 -0.043284             0.131834            -0.500000             0.200000
Econ-DSPIC96-diff                37.274627            32.332934           -39.500000           140.100000
Econ-CPIAUCSL-diff                0.313522             0.445850            -1.505000             1.141000
Econ-CPILFESL-diff                0.421179             0.145318            -0.093000             0.726000
Econ-INDPRO-diff                  0.107448             0.529216            -0.858400             1.578500
Econ-PCE-diff                    47.443284            37.018689          -117.400000           138.000000
Market-SP500-pc-delta             0.007977             0.033133            -0.091777             0.082983
